[ 25%] Built target velocity_listener
[ 75%] Built target pose_listener
[ 87%] Built target pose_talker
[100%] Built target velocity_talker
-- Install configuration: ""
-- Up-to-date: /home/mbsaloka/Desktop/ros2_ichiro_task/install/soccer_pubsub/lib/soccer_pubsub/pose_talker
-- Up-to-date: /home/mbsaloka/Desktop/ros2_ichiro_task/install/soccer_pubsub/lib/soccer_pubsub/pose_listener
-- Up-to-date: /home/mbsaloka/Desktop/ros2_ichiro_task/install/soccer_pubsub/lib/soccer_pubsub/velocity_talker
-- Up-to-date: /home/mbsaloka/Desktop/ros2_ichiro_task/install/soccer_pubsub/lib/soccer_pubsub/velocity_listener
-- Up-to-date: /home/mbsaloka/Desktop/ros2_ichiro_task/install/soccer_pubsub/share/ament_index/resource_index/package_run_dependencies/soccer_pubsub
-- Up-to-date: /home/mbsaloka/Desktop/ros2_ichiro_task/install/soccer_pubsub/share/ament_index/resource_index/parent_prefix_path/soccer_pubsub
-- Up-to-date: /home/mbsaloka/Desktop/ros2_ichiro_task/install/soccer_pubsub/share/soccer_pubsub/environment/ament_prefix_path.sh
-- Up-to-date: /home/mbsaloka/Desktop/ros2_ichiro_task/install/soccer_pubsub/share/soccer_pubsub/environment/ament_prefix_path.dsv
-- Up-to-date: /home/mbsaloka/Desktop/ros2_ichiro_task/install/soccer_pubsub/share/soccer_pubsub/environment/path.sh
-- Up-to-date: /home/mbsaloka/Desktop/ros2_ichiro_task/install/soccer_pubsub/share/soccer_pubsub/environment/path.dsv
-- Up-to-date: /home/mbsaloka/Desktop/ros2_ichiro_task/install/soccer_pubsub/share/soccer_pubsub/local_setup.bash
-- Up-to-date: /home/mbsaloka/Desktop/ros2_ichiro_task/install/soccer_pubsub/share/soccer_pubsub/local_setup.sh
-- Up-to-date: /home/mbsaloka/Desktop/ros2_ichiro_task/install/soccer_pubsub/share/soccer_pubsub/local_setup.zsh
-- Up-to-date: /home/mbsaloka/Desktop/ros2_ichiro_task/install/soccer_pubsub/share/soccer_pubsub/local_setup.dsv
-- Installing: /home/mbsaloka/Desktop/ros2_ichiro_task/install/soccer_pubsub/share/soccer_pubsub/package.dsv
-- Up-to-date: /home/mbsaloka/Desktop/ros2_ichiro_task/install/soccer_pubsub/share/ament_index/resource_index/packages/soccer_pubsub
-- Up-to-date: /home/mbsaloka/Desktop/ros2_ichiro_task/install/soccer_pubsub/share/soccer_pubsub/cmake/soccer_pubsubConfig.cmake
-- Up-to-date: /home/mbsaloka/Desktop/ros2_ichiro_task/install/soccer_pubsub/share/soccer_pubsub/cmake/soccer_pubsubConfig-version.cmake
-- Up-to-date: /home/mbsaloka/Desktop/ros2_ichiro_task/install/soccer_pubsub/share/soccer_pubsub/package.xml
