[0.668s] DEBUG:colcon:Command line arguments: ['/usr/bin/colcon', 'list', '-p', '--base-paths', '/home/mbsaloka/Desktop/ros2_ichiro_task']
[0.668s] DEBUG:colcon:Parsed command line arguments: Namespace(log_base=None, log_level=None, verb_name='list', build_base='build', ignore_user_meta=False, metas=['./colcon.meta'], base_paths=['/home/mbsaloka/Desktop/ros2_ichiro_task'], packages_ignore=None, packages_ignore_regex=None, paths=None, packages_up_to=None, packages_up_to_regex=None, packages_above=None, packages_above_and_dependencies=None, packages_above_depth=None, packages_select_by_dep=None, packages_skip_by_dep=None, packages_skip_up_to=None, packages_select_build_failed=False, packages_skip_build_finished=False, packages_select_test_failures=False, packages_skip_test_passed=False, packages_select=None, packages_skip=None, packages_select_regex=None, packages_skip_regex=None, packages_start=None, packages_end=None, allow_overriding=[], topological_order=False, names_only=False, paths_only=True, topological_graph=False, topological_graph_dot=False, topological_graph_density=False, topological_graph_legend=False, topological_graph_dot_cluster=False, topological_graph_dot_include_skipped=False, verb_parser=<colcon_defaults.argument_parser.defaults.DefaultArgumentsDecorator object at 0x7f7d58bc9840>, verb_extension=<colcon_package_information.verb.list.ListVerb object at 0x7f7d58bd9000>, main=<bound method ListVerb.main of <colcon_package_information.verb.list.ListVerb object at 0x7f7d58bd9000>>)
[0.716s] Level 1:colcon.colcon_core.package_discovery:discover_packages(colcon_meta) check parameters
[0.716s] Level 1:colcon.colcon_core.package_discovery:discover_packages(recursive) check parameters
[0.716s] Level 1:colcon.colcon_core.package_discovery:discover_packages(ignore) check parameters
[0.716s] Level 1:colcon.colcon_core.package_discovery:discover_packages(path) check parameters
[0.716s] Level 1:colcon.colcon_core.package_discovery:discover_packages(recursive) discover
[0.716s] INFO:colcon.colcon_core.package_discovery:Crawling recursively for packages in '/home/mbsaloka/Desktop/ros2_ichiro_task'
[0.716s] Level 1:colcon.colcon_core.package_identification:_identify(/home/mbsaloka/Desktop/ros2_ichiro_task) by extensions ['ignore', 'ignore_ament_install']
[0.716s] Level 1:colcon.colcon_core.package_identification:_identify(/home/mbsaloka/Desktop/ros2_ichiro_task) by extension 'ignore'
[0.716s] Level 1:colcon.colcon_core.package_identification:_identify(/home/mbsaloka/Desktop/ros2_ichiro_task) by extension 'ignore_ament_install'
[0.716s] Level 1:colcon.colcon_core.package_identification:_identify(/home/mbsaloka/Desktop/ros2_ichiro_task) by extensions ['colcon_pkg']
[0.716s] Level 1:colcon.colcon_core.package_identification:_identify(/home/mbsaloka/Desktop/ros2_ichiro_task) by extension 'colcon_pkg'
[0.716s] Level 1:colcon.colcon_core.package_identification:_identify(/home/mbsaloka/Desktop/ros2_ichiro_task) by extensions ['colcon_meta']
[0.716s] Level 1:colcon.colcon_core.package_identification:_identify(/home/mbsaloka/Desktop/ros2_ichiro_task) by extension 'colcon_meta'
[0.716s] Level 1:colcon.colcon_core.package_identification:_identify(/home/mbsaloka/Desktop/ros2_ichiro_task) by extensions ['ros']
[0.717s] Level 1:colcon.colcon_core.package_identification:_identify(/home/mbsaloka/Desktop/ros2_ichiro_task) by extension 'ros'
[0.723s] Level 1:colcon.colcon_core.package_identification:_identify(/home/mbsaloka/Desktop/ros2_ichiro_task) by extensions ['cmake', 'python']
[0.723s] Level 1:colcon.colcon_core.package_identification:_identify(/home/mbsaloka/Desktop/ros2_ichiro_task) by extension 'cmake'
[0.723s] Level 1:colcon.colcon_core.package_identification:_identify(/home/mbsaloka/Desktop/ros2_ichiro_task) by extension 'python'
[0.724s] Level 1:colcon.colcon_core.package_identification:_identify(/home/mbsaloka/Desktop/ros2_ichiro_task) by extensions ['python_setup_py']
[0.724s] Level 1:colcon.colcon_core.package_identification:_identify(/home/mbsaloka/Desktop/ros2_ichiro_task) by extension 'python_setup_py'
[0.724s] Level 1:colcon.colcon_core.package_identification:_identify(/home/mbsaloka/Desktop/ros2_ichiro_task/build) by extensions ['ignore', 'ignore_ament_install']
[0.724s] Level 1:colcon.colcon_core.package_identification:_identify(/home/mbsaloka/Desktop/ros2_ichiro_task/build) by extension 'ignore'
[0.724s] Level 1:colcon.colcon_core.package_identification:_identify(/home/mbsaloka/Desktop/ros2_ichiro_task/build) ignored
[0.724s] Level 1:colcon.colcon_core.package_identification:_identify(/home/mbsaloka/Desktop/ros2_ichiro_task/install) by extensions ['ignore', 'ignore_ament_install']
[0.724s] Level 1:colcon.colcon_core.package_identification:_identify(/home/mbsaloka/Desktop/ros2_ichiro_task/install) by extension 'ignore'
[0.724s] Level 1:colcon.colcon_core.package_identification:_identify(/home/mbsaloka/Desktop/ros2_ichiro_task/install) ignored
[0.724s] Level 1:colcon.colcon_core.package_identification:_identify(/home/mbsaloka/Desktop/ros2_ichiro_task/launch) by extensions ['ignore', 'ignore_ament_install']
[0.724s] Level 1:colcon.colcon_core.package_identification:_identify(/home/mbsaloka/Desktop/ros2_ichiro_task/launch) by extension 'ignore'
[0.724s] Level 1:colcon.colcon_core.package_identification:_identify(/home/mbsaloka/Desktop/ros2_ichiro_task/launch) by extension 'ignore_ament_install'
[0.724s] Level 1:colcon.colcon_core.package_identification:_identify(/home/mbsaloka/Desktop/ros2_ichiro_task/launch) by extensions ['colcon_pkg']
[0.724s] Level 1:colcon.colcon_core.package_identification:_identify(/home/mbsaloka/Desktop/ros2_ichiro_task/launch) by extension 'colcon_pkg'
[0.724s] Level 1:colcon.colcon_core.package_identification:_identify(/home/mbsaloka/Desktop/ros2_ichiro_task/launch) by extensions ['colcon_meta']
[0.724s] Level 1:colcon.colcon_core.package_identification:_identify(/home/mbsaloka/Desktop/ros2_ichiro_task/launch) by extension 'colcon_meta'
[0.724s] Level 1:colcon.colcon_core.package_identification:_identify(/home/mbsaloka/Desktop/ros2_ichiro_task/launch) by extensions ['ros']
[0.724s] Level 1:colcon.colcon_core.package_identification:_identify(/home/mbsaloka/Desktop/ros2_ichiro_task/launch) by extension 'ros'
[0.724s] Level 1:colcon.colcon_core.package_identification:_identify(/home/mbsaloka/Desktop/ros2_ichiro_task/launch) by extensions ['cmake', 'python']
[0.724s] Level 1:colcon.colcon_core.package_identification:_identify(/home/mbsaloka/Desktop/ros2_ichiro_task/launch) by extension 'cmake'
[0.724s] Level 1:colcon.colcon_core.package_identification:_identify(/home/mbsaloka/Desktop/ros2_ichiro_task/launch) by extension 'python'
[0.724s] Level 1:colcon.colcon_core.package_identification:_identify(/home/mbsaloka/Desktop/ros2_ichiro_task/launch) by extensions ['python_setup_py']
[0.724s] Level 1:colcon.colcon_core.package_identification:_identify(/home/mbsaloka/Desktop/ros2_ichiro_task/launch) by extension 'python_setup_py'
[0.725s] Level 1:colcon.colcon_core.package_identification:_identify(/home/mbsaloka/Desktop/ros2_ichiro_task/launch/__pycache__) by extensions ['ignore', 'ignore_ament_install']
[0.725s] Level 1:colcon.colcon_core.package_identification:_identify(/home/mbsaloka/Desktop/ros2_ichiro_task/launch/__pycache__) by extension 'ignore'
[0.725s] Level 1:colcon.colcon_core.package_identification:_identify(/home/mbsaloka/Desktop/ros2_ichiro_task/launch/__pycache__) by extension 'ignore_ament_install'
[0.725s] Level 1:colcon.colcon_core.package_identification:_identify(/home/mbsaloka/Desktop/ros2_ichiro_task/launch/__pycache__) by extensions ['colcon_pkg']
[0.725s] Level 1:colcon.colcon_core.package_identification:_identify(/home/mbsaloka/Desktop/ros2_ichiro_task/launch/__pycache__) by extension 'colcon_pkg'
[0.725s] Level 1:colcon.colcon_core.package_identification:_identify(/home/mbsaloka/Desktop/ros2_ichiro_task/launch/__pycache__) by extensions ['colcon_meta']
[0.725s] Level 1:colcon.colcon_core.package_identification:_identify(/home/mbsaloka/Desktop/ros2_ichiro_task/launch/__pycache__) by extension 'colcon_meta'
[0.725s] Level 1:colcon.colcon_core.package_identification:_identify(/home/mbsaloka/Desktop/ros2_ichiro_task/launch/__pycache__) by extensions ['ros']
[0.725s] Level 1:colcon.colcon_core.package_identification:_identify(/home/mbsaloka/Desktop/ros2_ichiro_task/launch/__pycache__) by extension 'ros'
[0.725s] Level 1:colcon.colcon_core.package_identification:_identify(/home/mbsaloka/Desktop/ros2_ichiro_task/launch/__pycache__) by extensions ['cmake', 'python']
[0.725s] Level 1:colcon.colcon_core.package_identification:_identify(/home/mbsaloka/Desktop/ros2_ichiro_task/launch/__pycache__) by extension 'cmake'
[0.725s] Level 1:colcon.colcon_core.package_identification:_identify(/home/mbsaloka/Desktop/ros2_ichiro_task/launch/__pycache__) by extension 'python'
[0.725s] Level 1:colcon.colcon_core.package_identification:_identify(/home/mbsaloka/Desktop/ros2_ichiro_task/launch/__pycache__) by extensions ['python_setup_py']
[0.725s] Level 1:colcon.colcon_core.package_identification:_identify(/home/mbsaloka/Desktop/ros2_ichiro_task/launch/__pycache__) by extension 'python_setup_py'
[0.725s] Level 1:colcon.colcon_core.package_identification:_identify(/home/mbsaloka/Desktop/ros2_ichiro_task/log) by extensions ['ignore', 'ignore_ament_install']
[0.725s] Level 1:colcon.colcon_core.package_identification:_identify(/home/mbsaloka/Desktop/ros2_ichiro_task/log) by extension 'ignore'
[0.725s] Level 1:colcon.colcon_core.package_identification:_identify(/home/mbsaloka/Desktop/ros2_ichiro_task/log) ignored
[0.725s] Level 1:colcon.colcon_core.package_identification:_identify(/home/mbsaloka/Desktop/ros2_ichiro_task/src) by extensions ['ignore', 'ignore_ament_install']
[0.725s] Level 1:colcon.colcon_core.package_identification:_identify(/home/mbsaloka/Desktop/ros2_ichiro_task/src) by extension 'ignore'
[0.725s] Level 1:colcon.colcon_core.package_identification:_identify(/home/mbsaloka/Desktop/ros2_ichiro_task/src) by extension 'ignore_ament_install'
[0.725s] Level 1:colcon.colcon_core.package_identification:_identify(/home/mbsaloka/Desktop/ros2_ichiro_task/src) by extensions ['colcon_pkg']
[0.725s] Level 1:colcon.colcon_core.package_identification:_identify(/home/mbsaloka/Desktop/ros2_ichiro_task/src) by extension 'colcon_pkg'
[0.725s] Level 1:colcon.colcon_core.package_identification:_identify(/home/mbsaloka/Desktop/ros2_ichiro_task/src) by extensions ['colcon_meta']
[0.725s] Level 1:colcon.colcon_core.package_identification:_identify(/home/mbsaloka/Desktop/ros2_ichiro_task/src) by extension 'colcon_meta'
[0.725s] Level 1:colcon.colcon_core.package_identification:_identify(/home/mbsaloka/Desktop/ros2_ichiro_task/src) by extensions ['ros']
[0.725s] Level 1:colcon.colcon_core.package_identification:_identify(/home/mbsaloka/Desktop/ros2_ichiro_task/src) by extension 'ros'
[0.725s] Level 1:colcon.colcon_core.package_identification:_identify(/home/mbsaloka/Desktop/ros2_ichiro_task/src) by extensions ['cmake', 'python']
[0.725s] Level 1:colcon.colcon_core.package_identification:_identify(/home/mbsaloka/Desktop/ros2_ichiro_task/src) by extension 'cmake'
[0.725s] Level 1:colcon.colcon_core.package_identification:_identify(/home/mbsaloka/Desktop/ros2_ichiro_task/src) by extension 'python'
[0.726s] Level 1:colcon.colcon_core.package_identification:_identify(/home/mbsaloka/Desktop/ros2_ichiro_task/src) by extensions ['python_setup_py']
[0.726s] Level 1:colcon.colcon_core.package_identification:_identify(/home/mbsaloka/Desktop/ros2_ichiro_task/src) by extension 'python_setup_py'
[0.726s] Level 1:colcon.colcon_core.package_identification:_identify(/home/mbsaloka/Desktop/ros2_ichiro_task/src/cpp_parameters) by extensions ['ignore', 'ignore_ament_install']
[0.726s] Level 1:colcon.colcon_core.package_identification:_identify(/home/mbsaloka/Desktop/ros2_ichiro_task/src/cpp_parameters) by extension 'ignore'
[0.726s] Level 1:colcon.colcon_core.package_identification:_identify(/home/mbsaloka/Desktop/ros2_ichiro_task/src/cpp_parameters) by extension 'ignore_ament_install'
[0.726s] Level 1:colcon.colcon_core.package_identification:_identify(/home/mbsaloka/Desktop/ros2_ichiro_task/src/cpp_parameters) by extensions ['colcon_pkg']
[0.726s] Level 1:colcon.colcon_core.package_identification:_identify(/home/mbsaloka/Desktop/ros2_ichiro_task/src/cpp_parameters) by extension 'colcon_pkg'
[0.726s] Level 1:colcon.colcon_core.package_identification:_identify(/home/mbsaloka/Desktop/ros2_ichiro_task/src/cpp_parameters) by extensions ['colcon_meta']
[0.726s] Level 1:colcon.colcon_core.package_identification:_identify(/home/mbsaloka/Desktop/ros2_ichiro_task/src/cpp_parameters) by extension 'colcon_meta'
[0.726s] Level 1:colcon.colcon_core.package_identification:_identify(/home/mbsaloka/Desktop/ros2_ichiro_task/src/cpp_parameters) by extensions ['ros']
[0.726s] Level 1:colcon.colcon_core.package_identification:_identify(/home/mbsaloka/Desktop/ros2_ichiro_task/src/cpp_parameters) by extension 'ros'
[0.728s] DEBUG:colcon.colcon_core.package_identification:Package '/home/mbsaloka/Desktop/ros2_ichiro_task/src/cpp_parameters' with type 'ros.ament_cmake' and name 'cpp_parameters'
[0.728s] Level 1:colcon.colcon_core.package_identification:_identify(/home/mbsaloka/Desktop/ros2_ichiro_task/src/my_interfaces) by extensions ['ignore', 'ignore_ament_install']
[0.728s] Level 1:colcon.colcon_core.package_identification:_identify(/home/mbsaloka/Desktop/ros2_ichiro_task/src/my_interfaces) by extension 'ignore'
[0.728s] Level 1:colcon.colcon_core.package_identification:_identify(/home/mbsaloka/Desktop/ros2_ichiro_task/src/my_interfaces) by extension 'ignore_ament_install'
[0.728s] Level 1:colcon.colcon_core.package_identification:_identify(/home/mbsaloka/Desktop/ros2_ichiro_task/src/my_interfaces) by extensions ['colcon_pkg']
[0.728s] Level 1:colcon.colcon_core.package_identification:_identify(/home/mbsaloka/Desktop/ros2_ichiro_task/src/my_interfaces) by extension 'colcon_pkg'
[0.728s] Level 1:colcon.colcon_core.package_identification:_identify(/home/mbsaloka/Desktop/ros2_ichiro_task/src/my_interfaces) by extensions ['colcon_meta']
[0.728s] Level 1:colcon.colcon_core.package_identification:_identify(/home/mbsaloka/Desktop/ros2_ichiro_task/src/my_interfaces) by extension 'colcon_meta'
[0.728s] Level 1:colcon.colcon_core.package_identification:_identify(/home/mbsaloka/Desktop/ros2_ichiro_task/src/my_interfaces) by extensions ['ros']
[0.728s] Level 1:colcon.colcon_core.package_identification:_identify(/home/mbsaloka/Desktop/ros2_ichiro_task/src/my_interfaces) by extension 'ros'
[0.728s] DEBUG:colcon.colcon_core.package_identification:Package '/home/mbsaloka/Desktop/ros2_ichiro_task/src/my_interfaces' with type 'ros.ament_cmake' and name 'my_interfaces'
[0.729s] Level 1:colcon.colcon_core.package_identification:_identify(/home/mbsaloka/Desktop/ros2_ichiro_task/src/odd_num_pubsub) by extensions ['ignore', 'ignore_ament_install']
[0.729s] Level 1:colcon.colcon_core.package_identification:_identify(/home/mbsaloka/Desktop/ros2_ichiro_task/src/odd_num_pubsub) by extension 'ignore'
[0.729s] Level 1:colcon.colcon_core.package_identification:_identify(/home/mbsaloka/Desktop/ros2_ichiro_task/src/odd_num_pubsub) by extension 'ignore_ament_install'
[0.729s] Level 1:colcon.colcon_core.package_identification:_identify(/home/mbsaloka/Desktop/ros2_ichiro_task/src/odd_num_pubsub) by extensions ['colcon_pkg']
[0.729s] Level 1:colcon.colcon_core.package_identification:_identify(/home/mbsaloka/Desktop/ros2_ichiro_task/src/odd_num_pubsub) by extension 'colcon_pkg'
[0.729s] Level 1:colcon.colcon_core.package_identification:_identify(/home/mbsaloka/Desktop/ros2_ichiro_task/src/odd_num_pubsub) by extensions ['colcon_meta']
[0.729s] Level 1:colcon.colcon_core.package_identification:_identify(/home/mbsaloka/Desktop/ros2_ichiro_task/src/odd_num_pubsub) by extension 'colcon_meta'
[0.729s] Level 1:colcon.colcon_core.package_identification:_identify(/home/mbsaloka/Desktop/ros2_ichiro_task/src/odd_num_pubsub) by extensions ['ros']
[0.729s] Level 1:colcon.colcon_core.package_identification:_identify(/home/mbsaloka/Desktop/ros2_ichiro_task/src/odd_num_pubsub) by extension 'ros'
[0.729s] DEBUG:colcon.colcon_core.package_identification:Package '/home/mbsaloka/Desktop/ros2_ichiro_task/src/odd_num_pubsub' with type 'ros.ament_cmake' and name 'odd_num_pubsub'
[0.729s] Level 1:colcon.colcon_core.package_identification:_identify(/home/mbsaloka/Desktop/ros2_ichiro_task/src/robot_localization) by extensions ['ignore', 'ignore_ament_install']
[0.729s] Level 1:colcon.colcon_core.package_identification:_identify(/home/mbsaloka/Desktop/ros2_ichiro_task/src/robot_localization) by extension 'ignore'
[0.729s] Level 1:colcon.colcon_core.package_identification:_identify(/home/mbsaloka/Desktop/ros2_ichiro_task/src/robot_localization) by extension 'ignore_ament_install'
[0.729s] Level 1:colcon.colcon_core.package_identification:_identify(/home/mbsaloka/Desktop/ros2_ichiro_task/src/robot_localization) by extensions ['colcon_pkg']
[0.729s] Level 1:colcon.colcon_core.package_identification:_identify(/home/mbsaloka/Desktop/ros2_ichiro_task/src/robot_localization) by extension 'colcon_pkg'
[0.729s] Level 1:colcon.colcon_core.package_identification:_identify(/home/mbsaloka/Desktop/ros2_ichiro_task/src/robot_localization) by extensions ['colcon_meta']
[0.729s] Level 1:colcon.colcon_core.package_identification:_identify(/home/mbsaloka/Desktop/ros2_ichiro_task/src/robot_localization) by extension 'colcon_meta'
[0.729s] Level 1:colcon.colcon_core.package_identification:_identify(/home/mbsaloka/Desktop/ros2_ichiro_task/src/robot_localization) by extensions ['ros']
[0.729s] Level 1:colcon.colcon_core.package_identification:_identify(/home/mbsaloka/Desktop/ros2_ichiro_task/src/robot_localization) by extension 'ros'
[0.730s] DEBUG:colcon.colcon_core.package_identification:Package '/home/mbsaloka/Desktop/ros2_ichiro_task/src/robot_localization' with type 'ros.ament_cmake' and name 'robot_localization'
[0.730s] Level 1:colcon.colcon_core.package_identification:_identify(/home/mbsaloka/Desktop/ros2_ichiro_task/src/soccer_pubsub) by extensions ['ignore', 'ignore_ament_install']
[0.730s] Level 1:colcon.colcon_core.package_identification:_identify(/home/mbsaloka/Desktop/ros2_ichiro_task/src/soccer_pubsub) by extension 'ignore'
[0.730s] Level 1:colcon.colcon_core.package_identification:_identify(/home/mbsaloka/Desktop/ros2_ichiro_task/src/soccer_pubsub) by extension 'ignore_ament_install'
[0.730s] Level 1:colcon.colcon_core.package_identification:_identify(/home/mbsaloka/Desktop/ros2_ichiro_task/src/soccer_pubsub) by extensions ['colcon_pkg']
[0.730s] Level 1:colcon.colcon_core.package_identification:_identify(/home/mbsaloka/Desktop/ros2_ichiro_task/src/soccer_pubsub) by extension 'colcon_pkg'
[0.730s] Level 1:colcon.colcon_core.package_identification:_identify(/home/mbsaloka/Desktop/ros2_ichiro_task/src/soccer_pubsub) by extensions ['colcon_meta']
[0.730s] Level 1:colcon.colcon_core.package_identification:_identify(/home/mbsaloka/Desktop/ros2_ichiro_task/src/soccer_pubsub) by extension 'colcon_meta'
[0.730s] Level 1:colcon.colcon_core.package_identification:_identify(/home/mbsaloka/Desktop/ros2_ichiro_task/src/soccer_pubsub) by extensions ['ros']
[0.730s] Level 1:colcon.colcon_core.package_identification:_identify(/home/mbsaloka/Desktop/ros2_ichiro_task/src/soccer_pubsub) by extension 'ros'
[0.730s] DEBUG:colcon.colcon_core.package_identification:Package '/home/mbsaloka/Desktop/ros2_ichiro_task/src/soccer_pubsub' with type 'ros.ament_cmake' and name 'soccer_pubsub'
[0.730s] Level 1:colcon.colcon_core.package_identification:_identify(/home/mbsaloka/Desktop/ros2_ichiro_task/src/sum_two_num_srvcli) by extensions ['ignore', 'ignore_ament_install']
[0.730s] Level 1:colcon.colcon_core.package_identification:_identify(/home/mbsaloka/Desktop/ros2_ichiro_task/src/sum_two_num_srvcli) by extension 'ignore'
[0.730s] Level 1:colcon.colcon_core.package_identification:_identify(/home/mbsaloka/Desktop/ros2_ichiro_task/src/sum_two_num_srvcli) by extension 'ignore_ament_install'
[0.730s] Level 1:colcon.colcon_core.package_identification:_identify(/home/mbsaloka/Desktop/ros2_ichiro_task/src/sum_two_num_srvcli) by extensions ['colcon_pkg']
[0.730s] Level 1:colcon.colcon_core.package_identification:_identify(/home/mbsaloka/Desktop/ros2_ichiro_task/src/sum_two_num_srvcli) by extension 'colcon_pkg'
[0.730s] Level 1:colcon.colcon_core.package_identification:_identify(/home/mbsaloka/Desktop/ros2_ichiro_task/src/sum_two_num_srvcli) by extensions ['colcon_meta']
[0.730s] Level 1:colcon.colcon_core.package_identification:_identify(/home/mbsaloka/Desktop/ros2_ichiro_task/src/sum_two_num_srvcli) by extension 'colcon_meta'
[0.730s] Level 1:colcon.colcon_core.package_identification:_identify(/home/mbsaloka/Desktop/ros2_ichiro_task/src/sum_two_num_srvcli) by extensions ['ros']
[0.730s] Level 1:colcon.colcon_core.package_identification:_identify(/home/mbsaloka/Desktop/ros2_ichiro_task/src/sum_two_num_srvcli) by extension 'ros'
[0.731s] DEBUG:colcon.colcon_core.package_identification:Package '/home/mbsaloka/Desktop/ros2_ichiro_task/src/sum_two_num_srvcli' with type 'ros.ament_cmake' and name 'sum_two_num_srvcli'
[0.731s] Level 1:colcon.colcon_core.package_discovery:discover_packages(recursive) using defaults
