[0.298s] Invoking command in '/home/mbsaloka/Desktop/ros2_ichiro_task/build/odd_num_pubsub': CMAKE_PREFIX_PATH=${CMAKE_PREFIX_PATH}:/opt/ros/iron /usr/bin/cmake /home/mbsaloka/Desktop/ros2_ichiro_task/src/odd_num_pubsub -DCMAKE_INSTALL_PREFIX=/home/mbsaloka/Desktop/ros2_ichiro_task/install/odd_num_pubsub
[0.525s] -- The C compiler identification is GNU 11.4.0
[0.706s] -- The CXX compiler identification is GNU 11.4.0
[0.731s] -- Detecting C compiler ABI info
[0.924s] -- Detecting C compiler ABI info - done
[0.945s] -- Check for working C compiler: /usr/bin/cc - skipped
[0.946s] -- Detecting C compile features
[0.947s] -- Detecting C compile features - done
[0.955s] -- Detecting CXX compiler ABI info
[1.183s] -- Detecting CXX compiler ABI info - done
[1.206s] -- Check for working CXX compiler: /usr/bin/c++ - skipped
[1.207s] -- Detecting CXX compile features
[1.209s] -- Detecting CXX compile features - done
[1.233s] -- Found ament_cmake: 2.0.3 (/opt/ros/iron/share/ament_cmake/cmake)
[1.842s] -- Found Python3: /usr/bin/python3.10 (found version "3.10.12") found components: Interpreter 
[2.093s] -- Found rclcpp: 21.0.4 (/opt/ros/iron/share/rclcpp/cmake)
[2.197s] -- Found rosidl_generator_c: 4.0.1 (/opt/ros/iron/share/rosidl_generator_c/cmake)
[2.223s] -- Found rosidl_generator_cpp: 4.0.1 (/opt/ros/iron/share/rosidl_generator_cpp/cmake)
[2.272s] -- Using all available rosidl_typesupport_c: rosidl_typesupport_fastrtps_c;rosidl_typesupport_introspection_c
[2.325s] -- Using all available rosidl_typesupport_cpp: rosidl_typesupport_fastrtps_cpp;rosidl_typesupport_introspection_cpp
[2.777s] -- Found rmw_implementation_cmake: 7.1.0 (/opt/ros/iron/share/rmw_implementation_cmake/cmake)
[2.784s] -- Found rmw_fastrtps_cpp: 7.1.2 (/opt/ros/iron/share/rmw_fastrtps_cpp/cmake)
[3.095s] -- Found OpenSSL: /usr/lib/x86_64-linux-gnu/libcrypto.so (found version "3.0.2")  
[3.177s] -- Found FastRTPS: /opt/ros/iron/include  
[3.314s] -- Using RMW implementation 'rmw_fastrtps_cpp' as default
[3.793s] -- Found std_msgs: 5.0.0 (/opt/ros/iron/share/std_msgs/cmake)
[3.889s] -- Found ament_lint_auto: 0.14.2 (/opt/ros/iron/share/ament_lint_auto/cmake)
[4.101s] -- Added test 'cppcheck' to perform static code analysis on C / C++ code
[4.102s] -- Configured cppcheck include dirs: 
[4.102s] -- Configured cppcheck exclude dirs and/or files: 
[4.103s] -- Added test 'lint_cmake' to check CMake code style
[4.106s] -- Added test 'uncrustify' to check C / C++ code style
[4.107s] -- Configured uncrustify additional arguments: 
[4.108s] -- Added test 'xmllint' to check XML markup files
[4.112s] -- Configuring done
[4.152s] -- Generating done
[4.157s] -- Build files have been written to: /home/mbsaloka/Desktop/ros2_ichiro_task/build/odd_num_pubsub
[4.182s] Invoked command in '/home/mbsaloka/Desktop/ros2_ichiro_task/build/odd_num_pubsub' returned '0': CMAKE_PREFIX_PATH=${CMAKE_PREFIX_PATH}:/opt/ros/iron /usr/bin/cmake /home/mbsaloka/Desktop/ros2_ichiro_task/src/odd_num_pubsub -DCMAKE_INSTALL_PREFIX=/home/mbsaloka/Desktop/ros2_ichiro_task/install/odd_num_pubsub
[4.190s] Invoking command in '/home/mbsaloka/Desktop/ros2_ichiro_task/build/odd_num_pubsub': CMAKE_PREFIX_PATH=${CMAKE_PREFIX_PATH}:/opt/ros/iron /usr/bin/cmake --build /home/mbsaloka/Desktop/ros2_ichiro_task/build/odd_num_pubsub -- -j16 -l16
[4.331s] [ 50%] [32mBuilding CXX object CMakeFiles/listener.dir/src/odd_num_subscriber.cpp.o[0m
[4.331s] [ 50%] [32mBuilding CXX object CMakeFiles/talker.dir/src/odd_num_publisher.cpp.o[0m
[21.055s] [ 75%] [32m[1mLinking CXX executable talker[0m
[21.712s] [ 75%] Built target talker
[29.955s] [100%] [32m[1mLinking CXX executable listener[0m
[31.266s] [100%] Built target listener
[31.333s] Invoked command in '/home/mbsaloka/Desktop/ros2_ichiro_task/build/odd_num_pubsub' returned '0': CMAKE_PREFIX_PATH=${CMAKE_PREFIX_PATH}:/opt/ros/iron /usr/bin/cmake --build /home/mbsaloka/Desktop/ros2_ichiro_task/build/odd_num_pubsub -- -j16 -l16
[31.472s] Invoking command in '/home/mbsaloka/Desktop/ros2_ichiro_task/build/odd_num_pubsub': CMAKE_PREFIX_PATH=${CMAKE_PREFIX_PATH}:/opt/ros/iron /usr/bin/cmake --install /home/mbsaloka/Desktop/ros2_ichiro_task/build/odd_num_pubsub
[31.497s] -- Install configuration: ""
[31.498s] -- Installing: /home/mbsaloka/Desktop/ros2_ichiro_task/install/odd_num_pubsub/lib/odd_num_pubsub/talker
[31.502s] -- Set runtime path of "/home/mbsaloka/Desktop/ros2_ichiro_task/install/odd_num_pubsub/lib/odd_num_pubsub/talker" to ""
[31.502s] -- Installing: /home/mbsaloka/Desktop/ros2_ichiro_task/install/odd_num_pubsub/lib/odd_num_pubsub/listener
[31.512s] -- Set runtime path of "/home/mbsaloka/Desktop/ros2_ichiro_task/install/odd_num_pubsub/lib/odd_num_pubsub/listener" to ""
[31.513s] -- Installing: /home/mbsaloka/Desktop/ros2_ichiro_task/install/odd_num_pubsub/share/ament_index/resource_index/package_run_dependencies/odd_num_pubsub
[31.514s] -- Installing: /home/mbsaloka/Desktop/ros2_ichiro_task/install/odd_num_pubsub/share/ament_index/resource_index/parent_prefix_path/odd_num_pubsub
[31.515s] -- Installing: /home/mbsaloka/Desktop/ros2_ichiro_task/install/odd_num_pubsub/share/odd_num_pubsub/environment/ament_prefix_path.sh
[31.515s] -- Installing: /home/mbsaloka/Desktop/ros2_ichiro_task/install/odd_num_pubsub/share/odd_num_pubsub/environment/ament_prefix_path.dsv
[31.515s] -- Installing: /home/mbsaloka/Desktop/ros2_ichiro_task/install/odd_num_pubsub/share/odd_num_pubsub/environment/path.sh
[31.516s] -- Installing: /home/mbsaloka/Desktop/ros2_ichiro_task/install/odd_num_pubsub/share/odd_num_pubsub/environment/path.dsv
[31.516s] -- Installing: /home/mbsaloka/Desktop/ros2_ichiro_task/install/odd_num_pubsub/share/odd_num_pubsub/local_setup.bash
[31.516s] -- Installing: /home/mbsaloka/Desktop/ros2_ichiro_task/install/odd_num_pubsub/share/odd_num_pubsub/local_setup.sh
[31.517s] -- Installing: /home/mbsaloka/Desktop/ros2_ichiro_task/install/odd_num_pubsub/share/odd_num_pubsub/local_setup.zsh
[31.517s] -- Installing: /home/mbsaloka/Desktop/ros2_ichiro_task/install/odd_num_pubsub/share/odd_num_pubsub/local_setup.dsv
[31.517s] -- Installing: /home/mbsaloka/Desktop/ros2_ichiro_task/install/odd_num_pubsub/share/odd_num_pubsub/package.dsv
[31.518s] -- Installing: /home/mbsaloka/Desktop/ros2_ichiro_task/install/odd_num_pubsub/share/ament_index/resource_index/packages/odd_num_pubsub
[31.519s] -- Installing: /home/mbsaloka/Desktop/ros2_ichiro_task/install/odd_num_pubsub/share/odd_num_pubsub/cmake/odd_num_pubsubConfig.cmake
[31.519s] -- Installing: /home/mbsaloka/Desktop/ros2_ichiro_task/install/odd_num_pubsub/share/odd_num_pubsub/cmake/odd_num_pubsubConfig-version.cmake
[31.520s] -- Installing: /home/mbsaloka/Desktop/ros2_ichiro_task/install/odd_num_pubsub/share/odd_num_pubsub/package.xml
[31.529s] Invoked command in '/home/mbsaloka/Desktop/ros2_ichiro_task/build/odd_num_pubsub' returned '0': CMAKE_PREFIX_PATH=${CMAKE_PREFIX_PATH}:/opt/ros/iron /usr/bin/cmake --install /home/mbsaloka/Desktop/ros2_ichiro_task/build/odd_num_pubsub
