[0.039s] Invoking command in '/home/mbsaloka/Desktop/ros2_ichiro_task/build/robot_localization': CMAKE_PREFIX_PATH=/home/mbsaloka/Desktop/ros2_ichiro_task/install/my_interfaces:/home/mbsaloka/Desktop/ros2_ichiro_task/install/sum_two_num_srvcli:/home/mbsaloka/Desktop/ros2_ichiro_task/install/soccer_pubsub:/home/mbsaloka/Desktop/ros2_ichiro_task/install/robot_localization:/home/mbsaloka/Desktop/ros2_ichiro_task/install/robot_controller:/home/mbsaloka/Desktop/ros2_ichiro_task/install/odd_num_pubsub:/opt/ros/iron LD_LIBRARY_PATH=/home/mbsaloka/Desktop/ros2_ichiro_task/install/my_interfaces/lib:/home/mbsaloka/Desktop/ros2_ichiro_task/install/robot_localization/lib:/opt/ros/iron/opt/rviz_ogre_vendor/lib:/opt/ros/iron/lib/x86_64-linux-gnu:/opt/ros/iron/lib /usr/bin/cmake --build /home/mbsaloka/Desktop/ros2_ichiro_task/build/robot_localization -- -j16 -l16
[0.083s] [35m[1mConsolidate compiler generated dependencies of target object_recognizer[0m
[0.083s] [35m[1mConsolidate compiler generated dependencies of target robot_controller[0m
[0.083s] [35m[1mConsolidate compiler generated dependencies of target robot_localization[0m
[0.098s] [ 37%] [32mBuilding CXX object CMakeFiles/localization.dir/src/RobotLocalization.cpp.o[0m
[0.098s] [ 62%] Built target robot_localization
[0.099s] [ 62%] Built target robot_controller
[0.100s] [ 87%] Built target object_recognizer
[6.524s] [100%] [32m[1mLinking CXX executable localization[0m
[6.876s] [100%] Built target localization
[6.883s] Invoked command in '/home/mbsaloka/Desktop/ros2_ichiro_task/build/robot_localization' returned '0': CMAKE_PREFIX_PATH=/home/mbsaloka/Desktop/ros2_ichiro_task/install/my_interfaces:/home/mbsaloka/Desktop/ros2_ichiro_task/install/sum_two_num_srvcli:/home/mbsaloka/Desktop/ros2_ichiro_task/install/soccer_pubsub:/home/mbsaloka/Desktop/ros2_ichiro_task/install/robot_localization:/home/mbsaloka/Desktop/ros2_ichiro_task/install/robot_controller:/home/mbsaloka/Desktop/ros2_ichiro_task/install/odd_num_pubsub:/opt/ros/iron LD_LIBRARY_PATH=/home/mbsaloka/Desktop/ros2_ichiro_task/install/my_interfaces/lib:/home/mbsaloka/Desktop/ros2_ichiro_task/install/robot_localization/lib:/opt/ros/iron/opt/rviz_ogre_vendor/lib:/opt/ros/iron/lib/x86_64-linux-gnu:/opt/ros/iron/lib /usr/bin/cmake --build /home/mbsaloka/Desktop/ros2_ichiro_task/build/robot_localization -- -j16 -l16
[6.908s] Invoking command in '/home/mbsaloka/Desktop/ros2_ichiro_task/build/robot_localization': CMAKE_PREFIX_PATH=/home/mbsaloka/Desktop/ros2_ichiro_task/install/my_interfaces:/home/mbsaloka/Desktop/ros2_ichiro_task/install/sum_two_num_srvcli:/home/mbsaloka/Desktop/ros2_ichiro_task/install/soccer_pubsub:/home/mbsaloka/Desktop/ros2_ichiro_task/install/robot_localization:/home/mbsaloka/Desktop/ros2_ichiro_task/install/robot_controller:/home/mbsaloka/Desktop/ros2_ichiro_task/install/odd_num_pubsub:/opt/ros/iron LD_LIBRARY_PATH=/home/mbsaloka/Desktop/ros2_ichiro_task/install/my_interfaces/lib:/home/mbsaloka/Desktop/ros2_ichiro_task/install/robot_localization/lib:/opt/ros/iron/opt/rviz_ogre_vendor/lib:/opt/ros/iron/lib/x86_64-linux-gnu:/opt/ros/iron/lib /usr/bin/cmake --install /home/mbsaloka/Desktop/ros2_ichiro_task/build/robot_localization
[6.911s] -- Install configuration: ""
[6.911s] -- Up-to-date: /home/mbsaloka/Desktop/ros2_ichiro_task/install/robot_localization/share/robot_localization/my_robot_driver.xml
[6.912s] -- Installing: /home/mbsaloka/Desktop/ros2_ichiro_task/install/robot_localization/lib/robot_localization/object_recognizer
[6.915s] -- Set runtime path of "/home/mbsaloka/Desktop/ros2_ichiro_task/install/robot_localization/lib/robot_localization/object_recognizer" to ""
[6.915s] -- Up-to-date: /home/mbsaloka/Desktop/ros2_ichiro_task/install/robot_localization/include
[6.915s] -- Up-to-date: /home/mbsaloka/Desktop/ros2_ichiro_task/install/robot_localization/include/robot_localization
[6.915s] -- Up-to-date: /home/mbsaloka/Desktop/ros2_ichiro_task/install/robot_localization/include/robot_localization/ObjectRecognizer.hpp
[6.915s] -- Installing: /home/mbsaloka/Desktop/ros2_ichiro_task/install/robot_localization/include/robot_localization/RobotLocalization.hpp
[6.915s] -- Up-to-date: /home/mbsaloka/Desktop/ros2_ichiro_task/install/robot_localization/include/robot_localization/MyRobotDriver.hpp
[6.916s] -- Installing: /home/mbsaloka/Desktop/ros2_ichiro_task/install/robot_localization/lib/robot_localization/localization
[6.921s] -- Set runtime path of "/home/mbsaloka/Desktop/ros2_ichiro_task/install/robot_localization/lib/robot_localization/localization" to ""
[6.921s] -- Up-to-date: /home/mbsaloka/Desktop/ros2_ichiro_task/install/robot_localization/include
[6.921s] -- Up-to-date: /home/mbsaloka/Desktop/ros2_ichiro_task/install/robot_localization/include/robot_localization
[6.921s] -- Up-to-date: /home/mbsaloka/Desktop/ros2_ichiro_task/install/robot_localization/include/robot_localization/ObjectRecognizer.hpp
[6.922s] -- Up-to-date: /home/mbsaloka/Desktop/ros2_ichiro_task/install/robot_localization/include/robot_localization/RobotLocalization.hpp
[6.922s] -- Up-to-date: /home/mbsaloka/Desktop/ros2_ichiro_task/install/robot_localization/include/robot_localization/MyRobotDriver.hpp
[6.922s] -- Installing: /home/mbsaloka/Desktop/ros2_ichiro_task/install/robot_localization/lib/librobot_localization.so
[6.925s] -- Set runtime path of "/home/mbsaloka/Desktop/ros2_ichiro_task/install/robot_localization/lib/librobot_localization.so" to ""
[6.925s] -- Installing: /home/mbsaloka/Desktop/ros2_ichiro_task/install/robot_localization/lib/robot_localization/robot_controller
[6.926s] -- Set runtime path of "/home/mbsaloka/Desktop/ros2_ichiro_task/install/robot_localization/lib/robot_localization/robot_controller" to ""
[6.926s] -- Up-to-date: /home/mbsaloka/Desktop/ros2_ichiro_task/install/robot_localization/lib/robot_localization/object_recognizer
[6.926s] -- Up-to-date: /home/mbsaloka/Desktop/ros2_ichiro_task/install/robot_localization/share/robot_localization//launch
[6.926s] -- Up-to-date: /home/mbsaloka/Desktop/ros2_ichiro_task/install/robot_localization/share/robot_localization//launch/robot_launch.py
[6.926s] -- Up-to-date: /home/mbsaloka/Desktop/ros2_ichiro_task/install/robot_localization/share/robot_localization//resource
[6.926s] -- Up-to-date: /home/mbsaloka/Desktop/ros2_ichiro_task/install/robot_localization/share/robot_localization//resource/my_robot.urdf
[6.926s] -- Up-to-date: /home/mbsaloka/Desktop/ros2_ichiro_task/install/robot_localization/share/robot_localization//worlds
[6.926s] -- Up-to-date: /home/mbsaloka/Desktop/ros2_ichiro_task/install/robot_localization/share/robot_localization//worlds/soccer_field.wbt
[6.926s] -- Up-to-date: /home/mbsaloka/Desktop/ros2_ichiro_task/install/robot_localization/share/robot_localization/environment/library_path.sh
[6.926s] -- Up-to-date: /home/mbsaloka/Desktop/ros2_ichiro_task/install/robot_localization/share/robot_localization/environment/library_path.dsv
[6.926s] -- Up-to-date: /home/mbsaloka/Desktop/ros2_ichiro_task/install/robot_localization/share/ament_index/resource_index/package_run_dependencies/robot_localization
[6.926s] -- Up-to-date: /home/mbsaloka/Desktop/ros2_ichiro_task/install/robot_localization/share/ament_index/resource_index/parent_prefix_path/robot_localization
[6.926s] -- Up-to-date: /home/mbsaloka/Desktop/ros2_ichiro_task/install/robot_localization/share/robot_localization/environment/ament_prefix_path.sh
[6.926s] -- Up-to-date: /home/mbsaloka/Desktop/ros2_ichiro_task/install/robot_localization/share/robot_localization/environment/ament_prefix_path.dsv
[6.926s] -- Up-to-date: /home/mbsaloka/Desktop/ros2_ichiro_task/install/robot_localization/share/robot_localization/environment/path.sh
[6.926s] -- Up-to-date: /home/mbsaloka/Desktop/ros2_ichiro_task/install/robot_localization/share/robot_localization/environment/path.dsv
[6.927s] -- Up-to-date: /home/mbsaloka/Desktop/ros2_ichiro_task/install/robot_localization/share/robot_localization/local_setup.bash
[6.927s] -- Up-to-date: /home/mbsaloka/Desktop/ros2_ichiro_task/install/robot_localization/share/robot_localization/local_setup.sh
[6.927s] -- Up-to-date: /home/mbsaloka/Desktop/ros2_ichiro_task/install/robot_localization/share/robot_localization/local_setup.zsh
[6.927s] -- Up-to-date: /home/mbsaloka/Desktop/ros2_ichiro_task/install/robot_localization/share/robot_localization/local_setup.dsv
[6.927s] -- Installing: /home/mbsaloka/Desktop/ros2_ichiro_task/install/robot_localization/share/robot_localization/package.dsv
[6.927s] -- Up-to-date: /home/mbsaloka/Desktop/ros2_ichiro_task/install/robot_localization/share/ament_index/resource_index/packages/robot_localization
[6.927s] -- Up-to-date: /home/mbsaloka/Desktop/ros2_ichiro_task/install/robot_localization/share/ament_index/resource_index/webots_ros2_driver__pluginlib__plugin/robot_localization
[6.927s] -- Up-to-date: /home/mbsaloka/Desktop/ros2_ichiro_task/install/robot_localization/share/robot_localization/cmake/ament_cmake_export_include_directories-extras.cmake
[6.927s] -- Up-to-date: /home/mbsaloka/Desktop/ros2_ichiro_task/install/robot_localization/share/robot_localization/cmake/ament_cmake_export_libraries-extras.cmake
[6.927s] -- Up-to-date: /home/mbsaloka/Desktop/ros2_ichiro_task/install/robot_localization/share/robot_localization/cmake/robot_localizationConfig.cmake
[6.927s] -- Up-to-date: /home/mbsaloka/Desktop/ros2_ichiro_task/install/robot_localization/share/robot_localization/cmake/robot_localizationConfig-version.cmake
[6.927s] -- Up-to-date: /home/mbsaloka/Desktop/ros2_ichiro_task/install/robot_localization/share/robot_localization/package.xml
[6.930s] Invoked command in '/home/mbsaloka/Desktop/ros2_ichiro_task/build/robot_localization' returned '0': CMAKE_PREFIX_PATH=/home/mbsaloka/Desktop/ros2_ichiro_task/install/my_interfaces:/home/mbsaloka/Desktop/ros2_ichiro_task/install/sum_two_num_srvcli:/home/mbsaloka/Desktop/ros2_ichiro_task/install/soccer_pubsub:/home/mbsaloka/Desktop/ros2_ichiro_task/install/robot_localization:/home/mbsaloka/Desktop/ros2_ichiro_task/install/robot_controller:/home/mbsaloka/Desktop/ros2_ichiro_task/install/odd_num_pubsub:/opt/ros/iron LD_LIBRARY_PATH=/home/mbsaloka/Desktop/ros2_ichiro_task/install/my_interfaces/lib:/home/mbsaloka/Desktop/ros2_ichiro_task/install/robot_localization/lib:/opt/ros/iron/opt/rviz_ogre_vendor/lib:/opt/ros/iron/lib/x86_64-linux-gnu:/opt/ros/iron/lib /usr/bin/cmake --install /home/mbsaloka/Desktop/ros2_ichiro_task/build/robot_localization
