[0.106s] Invoking command in '/home/mbsaloka/Desktop/ros2_ichiro_task/build/robot_localization': CMAKE_PREFIX_PATH=/home/mbsaloka/Desktop/ros2_ichiro_task/install/my_interfaces:/home/mbsaloka/Desktop/ros2_ichiro_task/install/sum_two_num_srvcli:/home/mbsaloka/Desktop/ros2_ichiro_task/install/soccer_pubsub:/home/mbsaloka/Desktop/ros2_ichiro_task/install/robot_localization:/home/mbsaloka/Desktop/ros2_ichiro_task/install/robot_controller:/home/mbsaloka/Desktop/ros2_ichiro_task/install/odd_num_pubsub:/opt/ros/iron LD_LIBRARY_PATH=/home/mbsaloka/Desktop/ros2_ichiro_task/install/my_interfaces/lib:/home/mbsaloka/Desktop/ros2_ichiro_task/install/robot_localization/lib:/opt/ros/iron/opt/rviz_ogre_vendor/lib:/opt/ros/iron/lib/x86_64-linux-gnu:/opt/ros/iron/lib /usr/bin/cmake --build /home/mbsaloka/Desktop/ros2_ichiro_task/build/robot_localization -- -j16 -l16
[0.197s] [ 16%] Built target localization
[0.198s] [ 33%] Built target odometry
[0.198s] [ 50%] Built target robot_controller
[0.199s] [ 66%] Built target robot_localization
[0.200s] [ 83%] Built target object_recognizer
[0.203s] [100%] Built target inertial_unit
[0.224s] Invoked command in '/home/mbsaloka/Desktop/ros2_ichiro_task/build/robot_localization' returned '0': CMAKE_PREFIX_PATH=/home/mbsaloka/Desktop/ros2_ichiro_task/install/my_interfaces:/home/mbsaloka/Desktop/ros2_ichiro_task/install/sum_two_num_srvcli:/home/mbsaloka/Desktop/ros2_ichiro_task/install/soccer_pubsub:/home/mbsaloka/Desktop/ros2_ichiro_task/install/robot_localization:/home/mbsaloka/Desktop/ros2_ichiro_task/install/robot_controller:/home/mbsaloka/Desktop/ros2_ichiro_task/install/odd_num_pubsub:/opt/ros/iron LD_LIBRARY_PATH=/home/mbsaloka/Desktop/ros2_ichiro_task/install/my_interfaces/lib:/home/mbsaloka/Desktop/ros2_ichiro_task/install/robot_localization/lib:/opt/ros/iron/opt/rviz_ogre_vendor/lib:/opt/ros/iron/lib/x86_64-linux-gnu:/opt/ros/iron/lib /usr/bin/cmake --build /home/mbsaloka/Desktop/ros2_ichiro_task/build/robot_localization -- -j16 -l16
[0.311s] Invoking command in '/home/mbsaloka/Desktop/ros2_ichiro_task/build/robot_localization': CMAKE_PREFIX_PATH=/home/mbsaloka/Desktop/ros2_ichiro_task/install/my_interfaces:/home/mbsaloka/Desktop/ros2_ichiro_task/install/sum_two_num_srvcli:/home/mbsaloka/Desktop/ros2_ichiro_task/install/soccer_pubsub:/home/mbsaloka/Desktop/ros2_ichiro_task/install/robot_localization:/home/mbsaloka/Desktop/ros2_ichiro_task/install/robot_controller:/home/mbsaloka/Desktop/ros2_ichiro_task/install/odd_num_pubsub:/opt/ros/iron LD_LIBRARY_PATH=/home/mbsaloka/Desktop/ros2_ichiro_task/install/my_interfaces/lib:/home/mbsaloka/Desktop/ros2_ichiro_task/install/robot_localization/lib:/opt/ros/iron/opt/rviz_ogre_vendor/lib:/opt/ros/iron/lib/x86_64-linux-gnu:/opt/ros/iron/lib /usr/bin/cmake --install /home/mbsaloka/Desktop/ros2_ichiro_task/build/robot_localization
[0.330s] -- Install configuration: ""
[0.330s] -- Up-to-date: /home/mbsaloka/Desktop/ros2_ichiro_task/install/robot_localization/share/robot_localization/my_robot_driver.xml
[0.330s] -- Up-to-date: /home/mbsaloka/Desktop/ros2_ichiro_task/install/robot_localization/lib/robot_localization/object_recognizer
[0.331s] -- Up-to-date: /home/mbsaloka/Desktop/ros2_ichiro_task/install/robot_localization/include
[0.331s] -- Up-to-date: /home/mbsaloka/Desktop/ros2_ichiro_task/install/robot_localization/include/robot_localization
[0.331s] -- Up-to-date: /home/mbsaloka/Desktop/ros2_ichiro_task/install/robot_localization/include/robot_localization/ObjectRecognizer.hpp
[0.331s] -- Up-to-date: /home/mbsaloka/Desktop/ros2_ichiro_task/install/robot_localization/include/robot_localization/RobotLocalization.hpp
[0.331s] -- Up-to-date: /home/mbsaloka/Desktop/ros2_ichiro_task/install/robot_localization/include/robot_localization/InertialUnit.hpp
[0.332s] -- Up-to-date: /home/mbsaloka/Desktop/ros2_ichiro_task/install/robot_localization/include/robot_localization/MyRobotDriver.hpp
[0.332s] -- Up-to-date: /home/mbsaloka/Desktop/ros2_ichiro_task/install/robot_localization/include/robot_localization/Odometry.hpp
[0.332s] -- Up-to-date: /home/mbsaloka/Desktop/ros2_ichiro_task/install/robot_localization/lib/robot_localization/inertial_unit
[0.332s] -- Up-to-date: /home/mbsaloka/Desktop/ros2_ichiro_task/install/robot_localization/include
[0.332s] -- Up-to-date: /home/mbsaloka/Desktop/ros2_ichiro_task/install/robot_localization/include/robot_localization
[0.333s] -- Up-to-date: /home/mbsaloka/Desktop/ros2_ichiro_task/install/robot_localization/include/robot_localization/ObjectRecognizer.hpp
[0.333s] -- Up-to-date: /home/mbsaloka/Desktop/ros2_ichiro_task/install/robot_localization/include/robot_localization/RobotLocalization.hpp
[0.333s] -- Up-to-date: /home/mbsaloka/Desktop/ros2_ichiro_task/install/robot_localization/include/robot_localization/InertialUnit.hpp
[0.333s] -- Up-to-date: /home/mbsaloka/Desktop/ros2_ichiro_task/install/robot_localization/include/robot_localization/MyRobotDriver.hpp
[0.333s] -- Up-to-date: /home/mbsaloka/Desktop/ros2_ichiro_task/install/robot_localization/include/robot_localization/Odometry.hpp
[0.334s] -- Up-to-date: /home/mbsaloka/Desktop/ros2_ichiro_task/install/robot_localization/lib/robot_localization/localization
[0.334s] -- Up-to-date: /home/mbsaloka/Desktop/ros2_ichiro_task/install/robot_localization/include
[0.334s] -- Up-to-date: /home/mbsaloka/Desktop/ros2_ichiro_task/install/robot_localization/include/robot_localization
[0.334s] -- Up-to-date: /home/mbsaloka/Desktop/ros2_ichiro_task/install/robot_localization/include/robot_localization/ObjectRecognizer.hpp
[0.334s] -- Up-to-date: /home/mbsaloka/Desktop/ros2_ichiro_task/install/robot_localization/include/robot_localization/RobotLocalization.hpp
[0.334s] -- Up-to-date: /home/mbsaloka/Desktop/ros2_ichiro_task/install/robot_localization/include/robot_localization/InertialUnit.hpp
[0.335s] -- Up-to-date: /home/mbsaloka/Desktop/ros2_ichiro_task/install/robot_localization/include/robot_localization/MyRobotDriver.hpp
[0.335s] -- Up-to-date: /home/mbsaloka/Desktop/ros2_ichiro_task/install/robot_localization/include/robot_localization/Odometry.hpp
[0.336s] -- Up-to-date: /home/mbsaloka/Desktop/ros2_ichiro_task/install/robot_localization/lib/robot_localization/odometry
[0.336s] -- Up-to-date: /home/mbsaloka/Desktop/ros2_ichiro_task/install/robot_localization/include
[0.336s] -- Up-to-date: /home/mbsaloka/Desktop/ros2_ichiro_task/install/robot_localization/include/robot_localization
[0.336s] -- Up-to-date: /home/mbsaloka/Desktop/ros2_ichiro_task/install/robot_localization/include/robot_localization/ObjectRecognizer.hpp
[0.336s] -- Up-to-date: /home/mbsaloka/Desktop/ros2_ichiro_task/install/robot_localization/include/robot_localization/RobotLocalization.hpp
[0.337s] -- Up-to-date: /home/mbsaloka/Desktop/ros2_ichiro_task/install/robot_localization/include/robot_localization/InertialUnit.hpp
[0.337s] -- Up-to-date: /home/mbsaloka/Desktop/ros2_ichiro_task/install/robot_localization/include/robot_localization/MyRobotDriver.hpp
[0.337s] -- Up-to-date: /home/mbsaloka/Desktop/ros2_ichiro_task/install/robot_localization/include/robot_localization/Odometry.hpp
[0.337s] -- Up-to-date: /home/mbsaloka/Desktop/ros2_ichiro_task/install/robot_localization/lib/librobot_localization.so
[0.338s] -- Up-to-date: /home/mbsaloka/Desktop/ros2_ichiro_task/install/robot_localization/lib/robot_localization/robot_controller
[0.338s] -- Up-to-date: /home/mbsaloka/Desktop/ros2_ichiro_task/install/robot_localization/lib/robot_localization/object_recognizer
[0.338s] -- Up-to-date: /home/mbsaloka/Desktop/ros2_ichiro_task/install/robot_localization/share/robot_localization//launch
[0.338s] -- Installing: /home/mbsaloka/Desktop/ros2_ichiro_task/install/robot_localization/share/robot_localization//launch/robot_launch.py
[0.339s] -- Up-to-date: /home/mbsaloka/Desktop/ros2_ichiro_task/install/robot_localization/share/robot_localization//resource
[0.339s] -- Up-to-date: /home/mbsaloka/Desktop/ros2_ichiro_task/install/robot_localization/share/robot_localization//resource/my_robot.urdf
[0.339s] -- Up-to-date: /home/mbsaloka/Desktop/ros2_ichiro_task/install/robot_localization/share/robot_localization//worlds
[0.339s] -- Up-to-date: /home/mbsaloka/Desktop/ros2_ichiro_task/install/robot_localization/share/robot_localization//worlds/soccer_field.wbt
[0.339s] -- Up-to-date: /home/mbsaloka/Desktop/ros2_ichiro_task/install/robot_localization/share/robot_localization/environment/library_path.sh
[0.340s] -- Up-to-date: /home/mbsaloka/Desktop/ros2_ichiro_task/install/robot_localization/share/robot_localization/environment/library_path.dsv
[0.340s] -- Up-to-date: /home/mbsaloka/Desktop/ros2_ichiro_task/install/robot_localization/share/ament_index/resource_index/package_run_dependencies/robot_localization
[0.340s] -- Up-to-date: /home/mbsaloka/Desktop/ros2_ichiro_task/install/robot_localization/share/ament_index/resource_index/parent_prefix_path/robot_localization
[0.340s] -- Up-to-date: /home/mbsaloka/Desktop/ros2_ichiro_task/install/robot_localization/share/robot_localization/environment/ament_prefix_path.sh
[0.340s] -- Up-to-date: /home/mbsaloka/Desktop/ros2_ichiro_task/install/robot_localization/share/robot_localization/environment/ament_prefix_path.dsv
[0.341s] -- Up-to-date: /home/mbsaloka/Desktop/ros2_ichiro_task/install/robot_localization/share/robot_localization/environment/path.sh
[0.341s] -- Up-to-date: /home/mbsaloka/Desktop/ros2_ichiro_task/install/robot_localization/share/robot_localization/environment/path.dsv
[0.341s] -- Up-to-date: /home/mbsaloka/Desktop/ros2_ichiro_task/install/robot_localization/share/robot_localization/local_setup.bash
[0.341s] -- Up-to-date: /home/mbsaloka/Desktop/ros2_ichiro_task/install/robot_localization/share/robot_localization/local_setup.sh
[0.342s] -- Up-to-date: /home/mbsaloka/Desktop/ros2_ichiro_task/install/robot_localization/share/robot_localization/local_setup.zsh
[0.342s] -- Up-to-date: /home/mbsaloka/Desktop/ros2_ichiro_task/install/robot_localization/share/robot_localization/local_setup.dsv
[0.342s] -- Installing: /home/mbsaloka/Desktop/ros2_ichiro_task/install/robot_localization/share/robot_localization/package.dsv
[0.342s] -- Up-to-date: /home/mbsaloka/Desktop/ros2_ichiro_task/install/robot_localization/share/ament_index/resource_index/packages/robot_localization
[0.342s] -- Up-to-date: /home/mbsaloka/Desktop/ros2_ichiro_task/install/robot_localization/share/ament_index/resource_index/webots_ros2_driver__pluginlib__plugin/robot_localization
[0.343s] -- Up-to-date: /home/mbsaloka/Desktop/ros2_ichiro_task/install/robot_localization/share/robot_localization/cmake/ament_cmake_export_include_directories-extras.cmake
[0.343s] -- Up-to-date: /home/mbsaloka/Desktop/ros2_ichiro_task/install/robot_localization/share/robot_localization/cmake/ament_cmake_export_libraries-extras.cmake
[0.343s] -- Up-to-date: /home/mbsaloka/Desktop/ros2_ichiro_task/install/robot_localization/share/robot_localization/cmake/robot_localizationConfig.cmake
[0.343s] -- Up-to-date: /home/mbsaloka/Desktop/ros2_ichiro_task/install/robot_localization/share/robot_localization/cmake/robot_localizationConfig-version.cmake
[0.343s] -- Up-to-date: /home/mbsaloka/Desktop/ros2_ichiro_task/install/robot_localization/share/robot_localization/package.xml
[0.345s] Invoked command in '/home/mbsaloka/Desktop/ros2_ichiro_task/build/robot_localization' returned '0': CMAKE_PREFIX_PATH=/home/mbsaloka/Desktop/ros2_ichiro_task/install/my_interfaces:/home/mbsaloka/Desktop/ros2_ichiro_task/install/sum_two_num_srvcli:/home/mbsaloka/Desktop/ros2_ichiro_task/install/soccer_pubsub:/home/mbsaloka/Desktop/ros2_ichiro_task/install/robot_localization:/home/mbsaloka/Desktop/ros2_ichiro_task/install/robot_controller:/home/mbsaloka/Desktop/ros2_ichiro_task/install/odd_num_pubsub:/opt/ros/iron LD_LIBRARY_PATH=/home/mbsaloka/Desktop/ros2_ichiro_task/install/my_interfaces/lib:/home/mbsaloka/Desktop/ros2_ichiro_task/install/robot_localization/lib:/opt/ros/iron/opt/rviz_ogre_vendor/lib:/opt/ros/iron/lib/x86_64-linux-gnu:/opt/ros/iron/lib /usr/bin/cmake --install /home/mbsaloka/Desktop/ros2_ichiro_task/build/robot_localization
