[0.041s] Invoking command in '/home/mbsaloka/Desktop/ros2_ichiro_task/build/my_interfaces': CMAKE_PREFIX_PATH=${CMAKE_PREFIX_PATH}:/opt/ros/iron /usr/bin/cmake --build /home/mbsaloka/Desktop/ros2_ichiro_task/build/my_interfaces -- -j16 -l16
[0.065s] -- Found ament_cmake: 2.0.3 (/opt/ros/iron/share/ament_cmake/cmake)
[0.152s] -- Found rosidl_default_generators: 1.5.0 (/opt/ros/iron/share/rosidl_default_generators/cmake)
[0.154s] -- Using all available rosidl_typesupport_c: rosidl_typesupport_fastrtps_c;rosidl_typesupport_introspection_c
[0.177s] -- Using all available rosidl_typesupport_cpp: rosidl_typesupport_fastrtps_cpp;rosidl_typesupport_introspection_cpp
[0.196s] -- Found rosidl_adapter: 4.0.1 (/opt/ros/iron/share/rosidl_adapter/cmake)
[0.373s] -- Found ament_cmake_ros: 0.11.2 (/opt/ros/iron/share/ament_cmake_ros/cmake)
[0.479s] -- Using all available rosidl_typesupport_c: rosidl_typesupport_fastrtps_c;rosidl_typesupport_introspection_c
[0.631s] -- Using all available rosidl_typesupport_cpp: rosidl_typesupport_fastrtps_cpp;rosidl_typesupport_introspection_cpp
[0.644s] -- Found python_cmake_module: 0.10.2 (/opt/ros/iron/share/python_cmake_module/cmake)
[0.657s] -- Using PYTHON_EXECUTABLE: /usr/bin/python3
[0.657s] -- Using PYTHON_INCLUDE_DIRS: /usr/include/python3.10
[0.657s] -- Using PYTHON_LIBRARIES: /usr/lib/x86_64-linux-gnu/libpython3.10.so
[0.663s] -- Found ament_lint_auto: 0.14.2 (/opt/ros/iron/share/ament_lint_auto/cmake)
[0.672s] -- Added test 'lint_cmake' to check CMake code style
[0.673s] -- Added test 'xmllint' to check XML markup files
[0.674s] -- Configuring done
[0.695s] -- Generating done
[0.696s] -- Build files have been written to: /home/mbsaloka/Desktop/ros2_ichiro_task/build/my_interfaces
[0.714s] [  1%] [34m[1mGenerating type hashes for ROS interfaces[0m
[0.721s] [  1%] Built target ament_cmake_python_copy_my_interfaces
[0.831s] [  1%] Built target my_interfaces__rosidl_generator_type_description
[0.837s] [  3%] [34m[1mGenerating C code for ROS interfaces[0m
[0.842s] [  4%] [34m[1mGenerating C++ code for ROS interfaces[0m
[0.849s] running egg_info
[0.849s] writing my_interfaces.egg-info/PKG-INFO
[0.849s] writing dependency_links to my_interfaces.egg-info/dependency_links.txt
[0.849s] writing top-level names to my_interfaces.egg-info/top_level.txt
[0.851s] reading manifest file 'my_interfaces.egg-info/SOURCES.txt'
[0.851s] writing manifest file 'my_interfaces.egg-info/SOURCES.txt'
[0.868s] [  4%] Built target ament_cmake_python_build_my_interfaces_egg
[1.025s] [  4%] Built target my_interfaces__cpp
[1.069s] [35m[1mConsolidate compiler generated dependencies of target my_interfaces__rosidl_generator_c[0m
[1.078s] [  7%] [32mBuilding C object CMakeFiles/my_interfaces__rosidl_generator_c.dir/rosidl_generator_c/my_interfaces/msg/detail/velocity__type_support.c.o[0m
[1.078s] [  7%] [32mBuilding C object CMakeFiles/my_interfaces__rosidl_generator_c.dir/rosidl_generator_c/my_interfaces/msg/detail/velocity__description.c.o[0m
[1.078s] [ 10%] [32mBuilding C object CMakeFiles/my_interfaces__rosidl_generator_c.dir/rosidl_generator_c/my_interfaces/msg/detail/pose__functions.c.o[0m
[1.078s] [ 12%] [32mBuilding C object CMakeFiles/my_interfaces__rosidl_generator_c.dir/rosidl_generator_c/my_interfaces/msg/detail/pose__type_support.c.o[0m
[1.079s] [ 12%] [32mBuilding C object CMakeFiles/my_interfaces__rosidl_generator_c.dir/rosidl_generator_c/my_interfaces/msg/detail/pose__description.c.o[0m
[1.079s] [ 14%] [32mBuilding C object CMakeFiles/my_interfaces__rosidl_generator_c.dir/rosidl_generator_c/my_interfaces/msg/detail/velocity__functions.c.o[0m
[1.080s] [ 15%] [32mBuilding C object CMakeFiles/my_interfaces__rosidl_generator_c.dir/rosidl_generator_c/my_interfaces/msg/detail/object__description.c.o[0m
[1.080s] [ 17%] [32mBuilding C object CMakeFiles/my_interfaces__rosidl_generator_c.dir/rosidl_generator_c/my_interfaces/msg/detail/object__functions.c.o[0m
[1.081s] [ 20%] [32mBuilding C object CMakeFiles/my_interfaces__rosidl_generator_c.dir/rosidl_generator_c/my_interfaces/msg/detail/object__type_support.c.o[0m
[1.081s] [ 20%] [32mBuilding C object CMakeFiles/my_interfaces__rosidl_generator_c.dir/rosidl_generator_c/my_interfaces/msg/detail/objects__type_support.c.o[0m
[1.081s] [ 21%] [32mBuilding C object CMakeFiles/my_interfaces__rosidl_generator_c.dir/rosidl_generator_c/my_interfaces/msg/detail/objects__description.c.o[0m
[1.082s] [ 23%] [32mBuilding C object CMakeFiles/my_interfaces__rosidl_generator_c.dir/rosidl_generator_c/my_interfaces/msg/detail/objects__functions.c.o[0m
[1.118s] [ 25%] [32m[1mLinking C shared library libmy_interfaces__rosidl_generator_c.so[0m
[1.142s] [ 25%] Built target my_interfaces__rosidl_generator_c
[1.149s] [ 31%] [34m[1mGenerating C++ introspection for ROS interfaces[0m
[1.149s] [ 31%] [34m[1mGenerating C type support dispatch for ROS interfaces[0m
[1.149s] [ 31%] [34m[1mGenerating C introspection for ROS interfaces[0m
[1.149s] [ 31%] [34m[1mGenerating C++ type support for eProsima Fast-RTPS[0m
[1.149s] [ 32%] [34m[1mGenerating C type support for eProsima Fast-RTPS[0m
[1.149s] [ 34%] [34m[1mGenerating C++ type support dispatch for ROS interfaces[0m
[1.289s] [35m[1mConsolidate compiler generated dependencies of target my_interfaces__rosidl_typesupport_c[0m
[1.298s] [ 35%] [32mBuilding CXX object CMakeFiles/my_interfaces__rosidl_typesupport_c.dir/rosidl_typesupport_c/my_interfaces/msg/pose__type_support.cpp.o[0m
[1.298s] [ 37%] [32mBuilding CXX object CMakeFiles/my_interfaces__rosidl_typesupport_c.dir/rosidl_typesupport_c/my_interfaces/msg/velocity__type_support.cpp.o[0m
[1.298s] [35m[1mConsolidate compiler generated dependencies of target my_interfaces__rosidl_typesupport_cpp[0m
[1.299s] [ 40%] [32mBuilding CXX object CMakeFiles/my_interfaces__rosidl_typesupport_c.dir/rosidl_typesupport_c/my_interfaces/msg/objects__type_support.cpp.o[0m
[1.299s] [ 40%] [32mBuilding CXX object CMakeFiles/my_interfaces__rosidl_typesupport_c.dir/rosidl_typesupport_c/my_interfaces/msg/object__type_support.cpp.o[0m
[1.310s] [ 43%] [32mBuilding CXX object CMakeFiles/my_interfaces__rosidl_typesupport_cpp.dir/rosidl_typesupport_cpp/my_interfaces/msg/pose__type_support.cpp.o[0m
[1.310s] [ 43%] [32mBuilding CXX object CMakeFiles/my_interfaces__rosidl_typesupport_cpp.dir/rosidl_typesupport_cpp/my_interfaces/msg/object__type_support.cpp.o[0m
[1.310s] [ 45%] [32mBuilding CXX object CMakeFiles/my_interfaces__rosidl_typesupport_cpp.dir/rosidl_typesupport_cpp/my_interfaces/msg/objects__type_support.cpp.o[0m
[1.314s] [ 46%] [32mBuilding CXX object CMakeFiles/my_interfaces__rosidl_typesupport_cpp.dir/rosidl_typesupport_cpp/my_interfaces/msg/velocity__type_support.cpp.o[0m
[1.332s] [35m[1mConsolidate compiler generated dependencies of target my_interfaces__rosidl_typesupport_introspection_cpp[0m
[1.341s] [35m[1mConsolidate compiler generated dependencies of target my_interfaces__rosidl_typesupport_fastrtps_c[0m
[1.344s] [35m[1mConsolidate compiler generated dependencies of target my_interfaces__rosidl_typesupport_introspection_c[0m
[1.344s] [ 48%] [32mBuilding CXX object CMakeFiles/my_interfaces__rosidl_typesupport_introspection_cpp.dir/rosidl_typesupport_introspection_cpp/my_interfaces/msg/detail/pose__type_support.cpp.o[0m
[1.344s] [ 51%] [32mBuilding CXX object CMakeFiles/my_interfaces__rosidl_typesupport_introspection_cpp.dir/rosidl_typesupport_introspection_cpp/my_interfaces/msg/detail/objects__type_support.cpp.o[0m
[1.344s] [ 51%] [32mBuilding CXX object CMakeFiles/my_interfaces__rosidl_typesupport_introspection_cpp.dir/rosidl_typesupport_introspection_cpp/my_interfaces/msg/detail/object__type_support.cpp.o[0m
[1.344s] [ 53%] [32mBuilding CXX object CMakeFiles/my_interfaces__rosidl_typesupport_introspection_cpp.dir/rosidl_typesupport_introspection_cpp/my_interfaces/msg/detail/velocity__type_support.cpp.o[0m
[1.347s] [ 54%] [32m[1mLinking CXX shared library libmy_interfaces__rosidl_typesupport_c.so[0m
[1.353s] [ 59%] [32mBuilding CXX object CMakeFiles/my_interfaces__rosidl_typesupport_fastrtps_c.dir/rosidl_typesupport_fastrtps_c/my_interfaces/msg/detail/object__type_support_c.cpp.o[0m
[1.353s] [ 59%] [32mBuilding CXX object CMakeFiles/my_interfaces__rosidl_typesupport_fastrtps_c.dir/rosidl_typesupport_fastrtps_c/my_interfaces/msg/detail/velocity__type_support_c.cpp.o[0m
[1.353s] [ 59%] [32mBuilding CXX object CMakeFiles/my_interfaces__rosidl_typesupport_fastrtps_c.dir/rosidl_typesupport_fastrtps_c/my_interfaces/msg/detail/objects__type_support_c.cpp.o[0m
[1.354s] [ 62%] [32mBuilding C object CMakeFiles/my_interfaces__rosidl_typesupport_introspection_c.dir/rosidl_typesupport_introspection_c/my_interfaces/msg/detail/velocity__type_support.c.o[0m
[1.354s] [ 62%] [32mBuilding C object CMakeFiles/my_interfaces__rosidl_typesupport_introspection_c.dir/rosidl_typesupport_introspection_c/my_interfaces/msg/detail/pose__type_support.c.o[0m
[1.376s] [ 64%] [32mBuilding CXX object CMakeFiles/my_interfaces__rosidl_typesupport_fastrtps_c.dir/rosidl_typesupport_fastrtps_c/my_interfaces/msg/detail/pose__type_support_c.cpp.o[0m
[1.377s] [ 65%] [32mBuilding C object CMakeFiles/my_interfaces__rosidl_typesupport_introspection_c.dir/rosidl_typesupport_introspection_c/my_interfaces/msg/detail/object__type_support.c.o[0m
[1.384s] [ 67%] [32mBuilding C object CMakeFiles/my_interfaces__rosidl_typesupport_introspection_c.dir/rosidl_typesupport_introspection_c/my_interfaces/msg/detail/objects__type_support.c.o[0m
[1.419s] [35m[1mConsolidate compiler generated dependencies of target my_interfaces__rosidl_typesupport_fastrtps_cpp[0m
[1.460s] [ 68%] [32mBuilding CXX object CMakeFiles/my_interfaces__rosidl_typesupport_fastrtps_cpp.dir/rosidl_typesupport_fastrtps_cpp/my_interfaces/msg/detail/dds_fastrtps/pose__type_support.cpp.o[0m
[1.460s] [ 68%] Built target my_interfaces__rosidl_typesupport_c
[1.460s] [ 70%] [32mBuilding CXX object CMakeFiles/my_interfaces__rosidl_typesupport_fastrtps_cpp.dir/rosidl_typesupport_fastrtps_cpp/my_interfaces/msg/detail/dds_fastrtps/velocity__type_support.cpp.o[0m
[1.486s] [ 71%] [32m[1mLinking C shared library libmy_interfaces__rosidl_typesupport_introspection_c.so[0m
[1.488s] [ 73%] [32mBuilding CXX object CMakeFiles/my_interfaces__rosidl_typesupport_fastrtps_cpp.dir/rosidl_typesupport_fastrtps_cpp/my_interfaces/msg/detail/dds_fastrtps/object__type_support.cpp.o[0m
[1.601s] [ 73%] Built target my_interfaces__rosidl_typesupport_introspection_c
[1.612s] [ 75%] [32mBuilding CXX object CMakeFiles/my_interfaces__rosidl_typesupport_fastrtps_cpp.dir/rosidl_typesupport_fastrtps_cpp/my_interfaces/msg/detail/dds_fastrtps/objects__type_support.cpp.o[0m
[1.710s] [ 76%] [32m[1mLinking CXX shared library libmy_interfaces__rosidl_typesupport_fastrtps_c.so[0m
[1.720s] [ 78%] [32m[1mLinking CXX shared library libmy_interfaces__rosidl_typesupport_cpp.so[0m
[1.761s] [ 78%] Built target my_interfaces__rosidl_typesupport_cpp
[1.774s] [ 78%] Built target my_interfaces__rosidl_typesupport_fastrtps_c
[1.783s] [ 79%] [32m[1mLinking CXX shared library libmy_interfaces__rosidl_typesupport_introspection_cpp.so[0m
[1.840s] [ 79%] Built target my_interfaces__rosidl_typesupport_introspection_cpp
[1.955s] [ 81%] [32m[1mLinking CXX shared library libmy_interfaces__rosidl_typesupport_fastrtps_cpp.so[0m
[1.995s] [ 81%] Built target my_interfaces__rosidl_typesupport_fastrtps_cpp
[2.006s] [ 81%] Built target my_interfaces
[2.019s] [ 82%] [34m[1mGenerating Python code for ROS interfaces[0m
[2.271s] [ 82%] Built target my_interfaces__py
[2.278s] [35m[1mConsolidate compiler generated dependencies of target my_interfaces__rosidl_generator_py[0m
[2.288s] [ 89%] [32mBuilding C object CMakeFiles/my_interfaces__rosidl_generator_py.dir/rosidl_generator_py/my_interfaces/msg/_pose_s.c.o[0m
[2.288s] [ 89%] [32mBuilding C object CMakeFiles/my_interfaces__rosidl_generator_py.dir/rosidl_generator_py/my_interfaces/msg/_objects_s.c.o[0m
[2.288s] [ 89%] [32mBuilding C object CMakeFiles/my_interfaces__rosidl_generator_py.dir/rosidl_generator_py/my_interfaces/msg/_velocity_s.c.o[0m
[2.288s] [ 89%] [32mBuilding C object CMakeFiles/my_interfaces__rosidl_generator_py.dir/rosidl_generator_py/my_interfaces/msg/_object_s.c.o[0m
[2.371s] [ 90%] [32m[1mLinking C shared library rosidl_generator_py/my_interfaces/libmy_interfaces__rosidl_generator_py.so[0m
[2.392s] [ 90%] Built target my_interfaces__rosidl_generator_py
[2.398s] [35m[1mConsolidate compiler generated dependencies of target my_interfaces__rosidl_typesupport_fastrtps_c__pyext[0m
[2.398s] [35m[1mConsolidate compiler generated dependencies of target my_interfaces__rosidl_typesupport_c__pyext[0m
[2.398s] [35m[1mConsolidate compiler generated dependencies of target my_interfaces__rosidl_typesupport_introspection_c__pyext[0m
[2.406s] [ 95%] [32mBuilding C object CMakeFiles/my_interfaces__rosidl_typesupport_c__pyext.dir/rosidl_generator_py/my_interfaces/_my_interfaces_s.ep.rosidl_typesupport_c.c.o[0m
[2.406s] [ 95%] [32mBuilding C object CMakeFiles/my_interfaces__rosidl_typesupport_introspection_c__pyext.dir/rosidl_generator_py/my_interfaces/_my_interfaces_s.ep.rosidl_typesupport_introspection_c.c.o[0m
[2.406s] [ 95%] [32mBuilding C object CMakeFiles/my_interfaces__rosidl_typesupport_fastrtps_c__pyext.dir/rosidl_generator_py/my_interfaces/_my_interfaces_s.ep.rosidl_typesupport_fastrtps_c.c.o[0m
[2.459s] [ 98%] [32m[1mLinking C shared library rosidl_generator_py/my_interfaces/my_interfaces_s__rosidl_typesupport_introspection_c.cpython-310-x86_64-linux-gnu.so[0m
[2.459s] [ 98%] [32m[1mLinking C shared library rosidl_generator_py/my_interfaces/my_interfaces_s__rosidl_typesupport_c.cpython-310-x86_64-linux-gnu.so[0m
[2.460s] [100%] [32m[1mLinking C shared library rosidl_generator_py/my_interfaces/my_interfaces_s__rosidl_typesupport_fastrtps_c.cpython-310-x86_64-linux-gnu.so[0m
[2.477s] [100%] Built target my_interfaces__rosidl_typesupport_c__pyext
[2.477s] [100%] Built target my_interfaces__rosidl_typesupport_fastrtps_c__pyext
[2.477s] [100%] Built target my_interfaces__rosidl_typesupport_introspection_c__pyext
[2.483s] Invoked command in '/home/mbsaloka/Desktop/ros2_ichiro_task/build/my_interfaces' returned '0': CMAKE_PREFIX_PATH=${CMAKE_PREFIX_PATH}:/opt/ros/iron /usr/bin/cmake --build /home/mbsaloka/Desktop/ros2_ichiro_task/build/my_interfaces -- -j16 -l16
[2.550s] Invoking command in '/home/mbsaloka/Desktop/ros2_ichiro_task/build/my_interfaces': CMAKE_PREFIX_PATH=${CMAKE_PREFIX_PATH}:/opt/ros/iron /usr/bin/cmake --install /home/mbsaloka/Desktop/ros2_ichiro_task/build/my_interfaces
[2.554s] -- Install configuration: ""
[2.554s] -- Installing: /home/mbsaloka/Desktop/ros2_ichiro_task/install/my_interfaces/share/ament_index/resource_index/rosidl_interfaces/my_interfaces
[2.555s] -- Installing: /home/mbsaloka/Desktop/ros2_ichiro_task/install/my_interfaces/share/my_interfaces/msg/Pose.json
[2.555s] -- Installing: /home/mbsaloka/Desktop/ros2_ichiro_task/install/my_interfaces/share/my_interfaces/msg/Velocity.json
[2.555s] -- Installing: /home/mbsaloka/Desktop/ros2_ichiro_task/install/my_interfaces/share/my_interfaces/msg/Object.json
[2.555s] -- Installing: /home/mbsaloka/Desktop/ros2_ichiro_task/install/my_interfaces/share/my_interfaces/msg/Objects.json
[2.555s] -- Up-to-date: /home/mbsaloka/Desktop/ros2_ichiro_task/install/my_interfaces/include/my_interfaces/my_interfaces
[2.555s] -- Up-to-date: /home/mbsaloka/Desktop/ros2_ichiro_task/install/my_interfaces/include/my_interfaces/my_interfaces/msg
[2.555s] -- Installing: /home/mbsaloka/Desktop/ros2_ichiro_task/install/my_interfaces/include/my_interfaces/my_interfaces/msg/pose.h
[2.555s] -- Up-to-date: /home/mbsaloka/Desktop/ros2_ichiro_task/install/my_interfaces/include/my_interfaces/my_interfaces/msg/rosidl_generator_c__visibility_control.h
[2.555s] -- Installing: /home/mbsaloka/Desktop/ros2_ichiro_task/install/my_interfaces/include/my_interfaces/my_interfaces/msg/object.h
[2.555s] -- Installing: /home/mbsaloka/Desktop/ros2_ichiro_task/install/my_interfaces/include/my_interfaces/my_interfaces/msg/objects.h
[2.555s] -- Installing: /home/mbsaloka/Desktop/ros2_ichiro_task/install/my_interfaces/include/my_interfaces/my_interfaces/msg/velocity.h
[2.555s] -- Up-to-date: /home/mbsaloka/Desktop/ros2_ichiro_task/install/my_interfaces/include/my_interfaces/my_interfaces/msg/detail
[2.555s] -- Installing: /home/mbsaloka/Desktop/ros2_ichiro_task/install/my_interfaces/include/my_interfaces/my_interfaces/msg/detail/object__type_support.c
[2.555s] -- Installing: /home/mbsaloka/Desktop/ros2_ichiro_task/install/my_interfaces/include/my_interfaces/my_interfaces/msg/detail/pose__type_support.h
[2.555s] -- Installing: /home/mbsaloka/Desktop/ros2_ichiro_task/install/my_interfaces/include/my_interfaces/my_interfaces/msg/detail/velocity__description.c
[2.555s] -- Installing: /home/mbsaloka/Desktop/ros2_ichiro_task/install/my_interfaces/include/my_interfaces/my_interfaces/msg/detail/velocity__type_support.h
[2.555s] -- Installing: /home/mbsaloka/Desktop/ros2_ichiro_task/install/my_interfaces/include/my_interfaces/my_interfaces/msg/detail/pose__functions.h
[2.555s] -- Installing: /home/mbsaloka/Desktop/ros2_ichiro_task/install/my_interfaces/include/my_interfaces/my_interfaces/msg/detail/objects__functions.c
[2.556s] -- Installing: /home/mbsaloka/Desktop/ros2_ichiro_task/install/my_interfaces/include/my_interfaces/my_interfaces/msg/detail/objects__functions.h
[2.556s] -- Installing: /home/mbsaloka/Desktop/ros2_ichiro_task/install/my_interfaces/include/my_interfaces/my_interfaces/msg/detail/objects__type_support.h
[2.556s] -- Installing: /home/mbsaloka/Desktop/ros2_ichiro_task/install/my_interfaces/include/my_interfaces/my_interfaces/msg/detail/pose__description.c
[2.556s] -- Installing: /home/mbsaloka/Desktop/ros2_ichiro_task/install/my_interfaces/include/my_interfaces/my_interfaces/msg/detail/velocity__type_support.c
[2.556s] -- Installing: /home/mbsaloka/Desktop/ros2_ichiro_task/install/my_interfaces/include/my_interfaces/my_interfaces/msg/detail/pose__struct.h
[2.556s] -- Installing: /home/mbsaloka/Desktop/ros2_ichiro_task/install/my_interfaces/include/my_interfaces/my_interfaces/msg/detail/object__description.c
[2.556s] -- Installing: /home/mbsaloka/Desktop/ros2_ichiro_task/install/my_interfaces/include/my_interfaces/my_interfaces/msg/detail/objects__struct.h
[2.556s] -- Installing: /home/mbsaloka/Desktop/ros2_ichiro_task/install/my_interfaces/include/my_interfaces/my_interfaces/msg/detail/object__functions.h
[2.556s] -- Installing: /home/mbsaloka/Desktop/ros2_ichiro_task/install/my_interfaces/include/my_interfaces/my_interfaces/msg/detail/pose__functions.c
[2.556s] -- Installing: /home/mbsaloka/Desktop/ros2_ichiro_task/install/my_interfaces/include/my_interfaces/my_interfaces/msg/detail/object__functions.c
[2.556s] -- Installing: /home/mbsaloka/Desktop/ros2_ichiro_task/install/my_interfaces/include/my_interfaces/my_interfaces/msg/detail/objects__type_support.c
[2.556s] -- Installing: /home/mbsaloka/Desktop/ros2_ichiro_task/install/my_interfaces/include/my_interfaces/my_interfaces/msg/detail/velocity__functions.c
[2.556s] -- Installing: /home/mbsaloka/Desktop/ros2_ichiro_task/install/my_interfaces/include/my_interfaces/my_interfaces/msg/detail/objects__description.c
[2.556s] -- Installing: /home/mbsaloka/Desktop/ros2_ichiro_task/install/my_interfaces/include/my_interfaces/my_interfaces/msg/detail/object__type_support.h
[2.556s] -- Installing: /home/mbsaloka/Desktop/ros2_ichiro_task/install/my_interfaces/include/my_interfaces/my_interfaces/msg/detail/pose__type_support.c
[2.556s] -- Installing: /home/mbsaloka/Desktop/ros2_ichiro_task/install/my_interfaces/include/my_interfaces/my_interfaces/msg/detail/velocity__functions.h
[2.557s] -- Installing: /home/mbsaloka/Desktop/ros2_ichiro_task/install/my_interfaces/include/my_interfaces/my_interfaces/msg/detail/object__struct.h
[2.557s] -- Installing: /home/mbsaloka/Desktop/ros2_ichiro_task/install/my_interfaces/include/my_interfaces/my_interfaces/msg/detail/velocity__struct.h
[2.557s] -- Up-to-date: /home/mbsaloka/Desktop/ros2_ichiro_task/install/my_interfaces/share/my_interfaces/environment/library_path.sh
[2.557s] -- Up-to-date: /home/mbsaloka/Desktop/ros2_ichiro_task/install/my_interfaces/share/my_interfaces/environment/library_path.dsv
[2.557s] -- Installing: /home/mbsaloka/Desktop/ros2_ichiro_task/install/my_interfaces/lib/libmy_interfaces__rosidl_generator_c.so
[2.557s] -- Set runtime path of "/home/mbsaloka/Desktop/ros2_ichiro_task/install/my_interfaces/lib/libmy_interfaces__rosidl_generator_c.so" to ""
[2.557s] -- Up-to-date: /home/mbsaloka/Desktop/ros2_ichiro_task/install/my_interfaces/include/my_interfaces/my_interfaces
[2.557s] -- Up-to-date: /home/mbsaloka/Desktop/ros2_ichiro_task/install/my_interfaces/include/my_interfaces/my_interfaces/msg
[2.557s] -- Up-to-date: /home/mbsaloka/Desktop/ros2_ichiro_task/install/my_interfaces/include/my_interfaces/my_interfaces/msg/rosidl_typesupport_fastrtps_c__visibility_control.h
[2.557s] -- Up-to-date: /home/mbsaloka/Desktop/ros2_ichiro_task/install/my_interfaces/include/my_interfaces/my_interfaces/msg/detail
[2.557s] -- Installing: /home/mbsaloka/Desktop/ros2_ichiro_task/install/my_interfaces/include/my_interfaces/my_interfaces/msg/detail/pose__rosidl_typesupport_fastrtps_c.h
[2.557s] -- Installing: /home/mbsaloka/Desktop/ros2_ichiro_task/install/my_interfaces/include/my_interfaces/my_interfaces/msg/detail/objects__rosidl_typesupport_fastrtps_c.h
[2.557s] -- Installing: /home/mbsaloka/Desktop/ros2_ichiro_task/install/my_interfaces/include/my_interfaces/my_interfaces/msg/detail/object__rosidl_typesupport_fastrtps_c.h
[2.557s] -- Installing: /home/mbsaloka/Desktop/ros2_ichiro_task/install/my_interfaces/include/my_interfaces/my_interfaces/msg/detail/velocity__rosidl_typesupport_fastrtps_c.h
[2.557s] -- Installing: /home/mbsaloka/Desktop/ros2_ichiro_task/install/my_interfaces/lib/libmy_interfaces__rosidl_typesupport_fastrtps_c.so
[2.558s] -- Set runtime path of "/home/mbsaloka/Desktop/ros2_ichiro_task/install/my_interfaces/lib/libmy_interfaces__rosidl_typesupport_fastrtps_c.so" to ""
[2.558s] -- Up-to-date: /home/mbsaloka/Desktop/ros2_ichiro_task/install/my_interfaces/include/my_interfaces/my_interfaces
[2.558s] -- Up-to-date: /home/mbsaloka/Desktop/ros2_ichiro_task/install/my_interfaces/include/my_interfaces/my_interfaces/msg
[2.558s] -- Up-to-date: /home/mbsaloka/Desktop/ros2_ichiro_task/install/my_interfaces/include/my_interfaces/my_interfaces/msg/rosidl_typesupport_introspection_c__visibility_control.h
[2.558s] -- Up-to-date: /home/mbsaloka/Desktop/ros2_ichiro_task/install/my_interfaces/include/my_interfaces/my_interfaces/msg/detail
[2.558s] -- Up-to-date: /home/mbsaloka/Desktop/ros2_ichiro_task/install/my_interfaces/include/my_interfaces/my_interfaces/msg/detail/object__type_support.c
[2.558s] -- Installing: /home/mbsaloka/Desktop/ros2_ichiro_task/install/my_interfaces/include/my_interfaces/my_interfaces/msg/detail/velocity__rosidl_typesupport_introspection_c.h
[2.558s] -- Up-to-date: /home/mbsaloka/Desktop/ros2_ichiro_task/install/my_interfaces/include/my_interfaces/my_interfaces/msg/detail/velocity__type_support.c
[2.558s] -- Up-to-date: /home/mbsaloka/Desktop/ros2_ichiro_task/install/my_interfaces/include/my_interfaces/my_interfaces/msg/detail/objects__type_support.c
[2.558s] -- Up-to-date: /home/mbsaloka/Desktop/ros2_ichiro_task/install/my_interfaces/include/my_interfaces/my_interfaces/msg/detail/pose__type_support.c
[2.558s] -- Installing: /home/mbsaloka/Desktop/ros2_ichiro_task/install/my_interfaces/include/my_interfaces/my_interfaces/msg/detail/objects__rosidl_typesupport_introspection_c.h
[2.558s] -- Installing: /home/mbsaloka/Desktop/ros2_ichiro_task/install/my_interfaces/include/my_interfaces/my_interfaces/msg/detail/pose__rosidl_typesupport_introspection_c.h
[2.558s] -- Installing: /home/mbsaloka/Desktop/ros2_ichiro_task/install/my_interfaces/include/my_interfaces/my_interfaces/msg/detail/object__rosidl_typesupport_introspection_c.h
[2.558s] -- Installing: /home/mbsaloka/Desktop/ros2_ichiro_task/install/my_interfaces/lib/libmy_interfaces__rosidl_typesupport_introspection_c.so
[2.558s] -- Set runtime path of "/home/mbsaloka/Desktop/ros2_ichiro_task/install/my_interfaces/lib/libmy_interfaces__rosidl_typesupport_introspection_c.so" to ""
[2.558s] -- Installing: /home/mbsaloka/Desktop/ros2_ichiro_task/install/my_interfaces/lib/libmy_interfaces__rosidl_typesupport_c.so
[2.558s] -- Set runtime path of "/home/mbsaloka/Desktop/ros2_ichiro_task/install/my_interfaces/lib/libmy_interfaces__rosidl_typesupport_c.so" to ""
[2.558s] -- Up-to-date: /home/mbsaloka/Desktop/ros2_ichiro_task/install/my_interfaces/include/my_interfaces/my_interfaces
[2.559s] -- Up-to-date: /home/mbsaloka/Desktop/ros2_ichiro_task/install/my_interfaces/include/my_interfaces/my_interfaces/msg
[2.559s] -- Installing: /home/mbsaloka/Desktop/ros2_ichiro_task/install/my_interfaces/include/my_interfaces/my_interfaces/msg/objects.hpp
[2.559s] -- Installing: /home/mbsaloka/Desktop/ros2_ichiro_task/install/my_interfaces/include/my_interfaces/my_interfaces/msg/velocity.hpp
[2.559s] -- Installing: /home/mbsaloka/Desktop/ros2_ichiro_task/install/my_interfaces/include/my_interfaces/my_interfaces/msg/pose.hpp
[2.559s] -- Installing: /home/mbsaloka/Desktop/ros2_ichiro_task/install/my_interfaces/include/my_interfaces/my_interfaces/msg/object.hpp
[2.559s] -- Up-to-date: /home/mbsaloka/Desktop/ros2_ichiro_task/install/my_interfaces/include/my_interfaces/my_interfaces/msg/detail
[2.559s] -- Installing: /home/mbsaloka/Desktop/ros2_ichiro_task/install/my_interfaces/include/my_interfaces/my_interfaces/msg/detail/pose__builder.hpp
[2.559s] -- Installing: /home/mbsaloka/Desktop/ros2_ichiro_task/install/my_interfaces/include/my_interfaces/my_interfaces/msg/detail/object__traits.hpp
[2.559s] -- Installing: /home/mbsaloka/Desktop/ros2_ichiro_task/install/my_interfaces/include/my_interfaces/my_interfaces/msg/detail/objects__struct.hpp
[2.559s] -- Installing: /home/mbsaloka/Desktop/ros2_ichiro_task/install/my_interfaces/include/my_interfaces/my_interfaces/msg/detail/velocity__struct.hpp
[2.559s] -- Installing: /home/mbsaloka/Desktop/ros2_ichiro_task/install/my_interfaces/include/my_interfaces/my_interfaces/msg/detail/velocity__builder.hpp
[2.559s] -- Installing: /home/mbsaloka/Desktop/ros2_ichiro_task/install/my_interfaces/include/my_interfaces/my_interfaces/msg/detail/velocity__traits.hpp
[2.559s] -- Installing: /home/mbsaloka/Desktop/ros2_ichiro_task/install/my_interfaces/include/my_interfaces/my_interfaces/msg/detail/object__builder.hpp
[2.559s] -- Installing: /home/mbsaloka/Desktop/ros2_ichiro_task/install/my_interfaces/include/my_interfaces/my_interfaces/msg/detail/pose__struct.hpp
[2.559s] -- Installing: /home/mbsaloka/Desktop/ros2_ichiro_task/install/my_interfaces/include/my_interfaces/my_interfaces/msg/detail/pose__traits.hpp
[2.559s] -- Installing: /home/mbsaloka/Desktop/ros2_ichiro_task/install/my_interfaces/include/my_interfaces/my_interfaces/msg/detail/objects__builder.hpp
[2.559s] -- Installing: /home/mbsaloka/Desktop/ros2_ichiro_task/install/my_interfaces/include/my_interfaces/my_interfaces/msg/detail/objects__traits.hpp
[2.559s] -- Installing: /home/mbsaloka/Desktop/ros2_ichiro_task/install/my_interfaces/include/my_interfaces/my_interfaces/msg/detail/object__struct.hpp
[2.559s] -- Up-to-date: /home/mbsaloka/Desktop/ros2_ichiro_task/install/my_interfaces/include/my_interfaces/my_interfaces
[2.560s] -- Up-to-date: /home/mbsaloka/Desktop/ros2_ichiro_task/install/my_interfaces/include/my_interfaces/my_interfaces/msg
[2.560s] -- Up-to-date: /home/mbsaloka/Desktop/ros2_ichiro_task/install/my_interfaces/include/my_interfaces/my_interfaces/msg/rosidl_typesupport_fastrtps_cpp__visibility_control.h
[2.560s] -- Up-to-date: /home/mbsaloka/Desktop/ros2_ichiro_task/install/my_interfaces/include/my_interfaces/my_interfaces/msg/detail
[2.560s] -- Up-to-date: /home/mbsaloka/Desktop/ros2_ichiro_task/install/my_interfaces/include/my_interfaces/my_interfaces/msg/detail/dds_fastrtps
[2.560s] -- Installing: /home/mbsaloka/Desktop/ros2_ichiro_task/install/my_interfaces/include/my_interfaces/my_interfaces/msg/detail/velocity__rosidl_typesupport_fastrtps_cpp.hpp
[2.560s] -- Installing: /home/mbsaloka/Desktop/ros2_ichiro_task/install/my_interfaces/include/my_interfaces/my_interfaces/msg/detail/object__rosidl_typesupport_fastrtps_cpp.hpp
[2.560s] -- Installing: /home/mbsaloka/Desktop/ros2_ichiro_task/install/my_interfaces/include/my_interfaces/my_interfaces/msg/detail/pose__rosidl_typesupport_fastrtps_cpp.hpp
[2.560s] -- Installing: /home/mbsaloka/Desktop/ros2_ichiro_task/install/my_interfaces/include/my_interfaces/my_interfaces/msg/detail/objects__rosidl_typesupport_fastrtps_cpp.hpp
[2.560s] -- Installing: /home/mbsaloka/Desktop/ros2_ichiro_task/install/my_interfaces/lib/libmy_interfaces__rosidl_typesupport_fastrtps_cpp.so
[2.560s] -- Set runtime path of "/home/mbsaloka/Desktop/ros2_ichiro_task/install/my_interfaces/lib/libmy_interfaces__rosidl_typesupport_fastrtps_cpp.so" to ""
[2.560s] -- Up-to-date: /home/mbsaloka/Desktop/ros2_ichiro_task/install/my_interfaces/include/my_interfaces/my_interfaces
[2.560s] -- Up-to-date: /home/mbsaloka/Desktop/ros2_ichiro_task/install/my_interfaces/include/my_interfaces/my_interfaces/msg
[2.560s] -- Up-to-date: /home/mbsaloka/Desktop/ros2_ichiro_task/install/my_interfaces/include/my_interfaces/my_interfaces/msg/detail
[2.560s] -- Installing: /home/mbsaloka/Desktop/ros2_ichiro_task/install/my_interfaces/include/my_interfaces/my_interfaces/msg/detail/pose__rosidl_typesupport_introspection_cpp.hpp
[2.560s] -- Installing: /home/mbsaloka/Desktop/ros2_ichiro_task/install/my_interfaces/include/my_interfaces/my_interfaces/msg/detail/object__type_support.cpp
[2.560s] -- Installing: /home/mbsaloka/Desktop/ros2_ichiro_task/install/my_interfaces/include/my_interfaces/my_interfaces/msg/detail/velocity__rosidl_typesupport_introspection_cpp.hpp
[2.560s] -- Installing: /home/mbsaloka/Desktop/ros2_ichiro_task/install/my_interfaces/include/my_interfaces/my_interfaces/msg/detail/pose__type_support.cpp
[2.561s] -- Installing: /home/mbsaloka/Desktop/ros2_ichiro_task/install/my_interfaces/include/my_interfaces/my_interfaces/msg/detail/objects__rosidl_typesupport_introspection_cpp.hpp
[2.561s] -- Installing: /home/mbsaloka/Desktop/ros2_ichiro_task/install/my_interfaces/include/my_interfaces/my_interfaces/msg/detail/object__rosidl_typesupport_introspection_cpp.hpp
[2.561s] -- Installing: /home/mbsaloka/Desktop/ros2_ichiro_task/install/my_interfaces/include/my_interfaces/my_interfaces/msg/detail/velocity__type_support.cpp
[2.561s] -- Installing: /home/mbsaloka/Desktop/ros2_ichiro_task/install/my_interfaces/include/my_interfaces/my_interfaces/msg/detail/objects__type_support.cpp
[2.561s] -- Installing: /home/mbsaloka/Desktop/ros2_ichiro_task/install/my_interfaces/lib/libmy_interfaces__rosidl_typesupport_introspection_cpp.so
[2.561s] -- Set runtime path of "/home/mbsaloka/Desktop/ros2_ichiro_task/install/my_interfaces/lib/libmy_interfaces__rosidl_typesupport_introspection_cpp.so" to ""
[2.561s] -- Installing: /home/mbsaloka/Desktop/ros2_ichiro_task/install/my_interfaces/lib/libmy_interfaces__rosidl_typesupport_cpp.so
[2.562s] -- Set runtime path of "/home/mbsaloka/Desktop/ros2_ichiro_task/install/my_interfaces/lib/libmy_interfaces__rosidl_typesupport_cpp.so" to ""
[2.562s] -- Up-to-date: /home/mbsaloka/Desktop/ros2_ichiro_task/install/my_interfaces/share/my_interfaces/environment/pythonpath.sh
[2.562s] -- Up-to-date: /home/mbsaloka/Desktop/ros2_ichiro_task/install/my_interfaces/share/my_interfaces/environment/pythonpath.dsv
[2.562s] -- Up-to-date: /home/mbsaloka/Desktop/ros2_ichiro_task/install/my_interfaces/lib/python3.10/site-packages/my_interfaces-0.0.0-py3.10.egg-info
[2.562s] -- Installing: /home/mbsaloka/Desktop/ros2_ichiro_task/install/my_interfaces/lib/python3.10/site-packages/my_interfaces-0.0.0-py3.10.egg-info/top_level.txt
[2.562s] -- Installing: /home/mbsaloka/Desktop/ros2_ichiro_task/install/my_interfaces/lib/python3.10/site-packages/my_interfaces-0.0.0-py3.10.egg-info/PKG-INFO
[2.562s] -- Installing: /home/mbsaloka/Desktop/ros2_ichiro_task/install/my_interfaces/lib/python3.10/site-packages/my_interfaces-0.0.0-py3.10.egg-info/dependency_links.txt
[2.562s] -- Installing: /home/mbsaloka/Desktop/ros2_ichiro_task/install/my_interfaces/lib/python3.10/site-packages/my_interfaces-0.0.0-py3.10.egg-info/SOURCES.txt
[2.562s] -- Up-to-date: /home/mbsaloka/Desktop/ros2_ichiro_task/install/my_interfaces/lib/python3.10/site-packages/my_interfaces
[2.562s] -- Installing: /home/mbsaloka/Desktop/ros2_ichiro_task/install/my_interfaces/lib/python3.10/site-packages/my_interfaces/my_interfaces_s__rosidl_typesupport_fastrtps_c.cpython-310-x86_64-linux-gnu.so
[2.562s] -- Installing: /home/mbsaloka/Desktop/ros2_ichiro_task/install/my_interfaces/lib/python3.10/site-packages/my_interfaces/my_interfaces_s__rosidl_typesupport_introspection_c.cpython-310-x86_64-linux-gnu.so
[2.562s] -- Installing: /home/mbsaloka/Desktop/ros2_ichiro_task/install/my_interfaces/lib/python3.10/site-packages/my_interfaces/_my_interfaces_s.ep.rosidl_typesupport_introspection_c.c
[2.562s] -- Installing: /home/mbsaloka/Desktop/ros2_ichiro_task/install/my_interfaces/lib/python3.10/site-packages/my_interfaces/_my_interfaces_s.ep.rosidl_typesupport_c.c
[2.562s] -- Installing: /home/mbsaloka/Desktop/ros2_ichiro_task/install/my_interfaces/lib/python3.10/site-packages/my_interfaces/__init__.py
[2.563s] -- Up-to-date: /home/mbsaloka/Desktop/ros2_ichiro_task/install/my_interfaces/lib/python3.10/site-packages/my_interfaces/msg
[2.563s] -- Installing: /home/mbsaloka/Desktop/ros2_ichiro_task/install/my_interfaces/lib/python3.10/site-packages/my_interfaces/msg/_pose_s.c
[2.563s] -- Installing: /home/mbsaloka/Desktop/ros2_ichiro_task/install/my_interfaces/lib/python3.10/site-packages/my_interfaces/msg/_object_s.c
[2.563s] -- Installing: /home/mbsaloka/Desktop/ros2_ichiro_task/install/my_interfaces/lib/python3.10/site-packages/my_interfaces/msg/_velocity_s.c
[2.563s] -- Installing: /home/mbsaloka/Desktop/ros2_ichiro_task/install/my_interfaces/lib/python3.10/site-packages/my_interfaces/msg/_objects_s.c
[2.563s] -- Installing: /home/mbsaloka/Desktop/ros2_ichiro_task/install/my_interfaces/lib/python3.10/site-packages/my_interfaces/msg/_velocity.py
[2.563s] -- Installing: /home/mbsaloka/Desktop/ros2_ichiro_task/install/my_interfaces/lib/python3.10/site-packages/my_interfaces/msg/_pose.py
[2.563s] -- Installing: /home/mbsaloka/Desktop/ros2_ichiro_task/install/my_interfaces/lib/python3.10/site-packages/my_interfaces/msg/__init__.py
[2.563s] -- Installing: /home/mbsaloka/Desktop/ros2_ichiro_task/install/my_interfaces/lib/python3.10/site-packages/my_interfaces/msg/_object.py
[2.563s] -- Installing: /home/mbsaloka/Desktop/ros2_ichiro_task/install/my_interfaces/lib/python3.10/site-packages/my_interfaces/msg/_objects.py
[2.563s] -- Installing: /home/mbsaloka/Desktop/ros2_ichiro_task/install/my_interfaces/lib/python3.10/site-packages/my_interfaces/libmy_interfaces__rosidl_generator_py.so
[2.563s] -- Installing: /home/mbsaloka/Desktop/ros2_ichiro_task/install/my_interfaces/lib/python3.10/site-packages/my_interfaces/_my_interfaces_s.ep.rosidl_typesupport_fastrtps_c.c
[2.563s] -- Installing: /home/mbsaloka/Desktop/ros2_ichiro_task/install/my_interfaces/lib/python3.10/site-packages/my_interfaces/my_interfaces_s__rosidl_typesupport_c.cpython-310-x86_64-linux-gnu.so
[2.584s] Listing '/home/mbsaloka/Desktop/ros2_ichiro_task/install/my_interfaces/lib/python3.10/site-packages/my_interfaces'...
[2.584s] Compiling '/home/mbsaloka/Desktop/ros2_ichiro_task/install/my_interfaces/lib/python3.10/site-packages/my_interfaces/__init__.py'...
[2.584s] Listing '/home/mbsaloka/Desktop/ros2_ichiro_task/install/my_interfaces/lib/python3.10/site-packages/my_interfaces/msg'...
[2.584s] Compiling '/home/mbsaloka/Desktop/ros2_ichiro_task/install/my_interfaces/lib/python3.10/site-packages/my_interfaces/msg/__init__.py'...
[2.584s] Compiling '/home/mbsaloka/Desktop/ros2_ichiro_task/install/my_interfaces/lib/python3.10/site-packages/my_interfaces/msg/_object.py'...
[2.584s] Compiling '/home/mbsaloka/Desktop/ros2_ichiro_task/install/my_interfaces/lib/python3.10/site-packages/my_interfaces/msg/_objects.py'...
[2.584s] Compiling '/home/mbsaloka/Desktop/ros2_ichiro_task/install/my_interfaces/lib/python3.10/site-packages/my_interfaces/msg/_pose.py'...
[2.584s] Compiling '/home/mbsaloka/Desktop/ros2_ichiro_task/install/my_interfaces/lib/python3.10/site-packages/my_interfaces/msg/_velocity.py'...
[2.586s] -- Installing: /home/mbsaloka/Desktop/ros2_ichiro_task/install/my_interfaces/lib/python3.10/site-packages/my_interfaces/my_interfaces_s__rosidl_typesupport_fastrtps_c.cpython-310-x86_64-linux-gnu.so
[2.586s] -- Set runtime path of "/home/mbsaloka/Desktop/ros2_ichiro_task/install/my_interfaces/lib/python3.10/site-packages/my_interfaces/my_interfaces_s__rosidl_typesupport_fastrtps_c.cpython-310-x86_64-linux-gnu.so" to ""
[2.586s] -- Installing: /home/mbsaloka/Desktop/ros2_ichiro_task/install/my_interfaces/lib/python3.10/site-packages/my_interfaces/my_interfaces_s__rosidl_typesupport_introspection_c.cpython-310-x86_64-linux-gnu.so
[2.586s] -- Set runtime path of "/home/mbsaloka/Desktop/ros2_ichiro_task/install/my_interfaces/lib/python3.10/site-packages/my_interfaces/my_interfaces_s__rosidl_typesupport_introspection_c.cpython-310-x86_64-linux-gnu.so" to ""
[2.586s] -- Installing: /home/mbsaloka/Desktop/ros2_ichiro_task/install/my_interfaces/lib/python3.10/site-packages/my_interfaces/my_interfaces_s__rosidl_typesupport_c.cpython-310-x86_64-linux-gnu.so
[2.587s] -- Set runtime path of "/home/mbsaloka/Desktop/ros2_ichiro_task/install/my_interfaces/lib/python3.10/site-packages/my_interfaces/my_interfaces_s__rosidl_typesupport_c.cpython-310-x86_64-linux-gnu.so" to ""
[2.587s] -- Installing: /home/mbsaloka/Desktop/ros2_ichiro_task/install/my_interfaces/lib/libmy_interfaces__rosidl_generator_py.so
[2.587s] -- Set runtime path of "/home/mbsaloka/Desktop/ros2_ichiro_task/install/my_interfaces/lib/libmy_interfaces__rosidl_generator_py.so" to ""
[2.587s] -- Up-to-date: /home/mbsaloka/Desktop/ros2_ichiro_task/install/my_interfaces/share/my_interfaces/msg/Pose.idl
[2.587s] -- Up-to-date: /home/mbsaloka/Desktop/ros2_ichiro_task/install/my_interfaces/share/my_interfaces/msg/Velocity.idl
[2.587s] -- Installing: /home/mbsaloka/Desktop/ros2_ichiro_task/install/my_interfaces/share/my_interfaces/msg/Object.idl
[2.587s] -- Installing: /home/mbsaloka/Desktop/ros2_ichiro_task/install/my_interfaces/share/my_interfaces/msg/Objects.idl
[2.587s] -- Up-to-date: /home/mbsaloka/Desktop/ros2_ichiro_task/install/my_interfaces/share/my_interfaces/msg/Pose.msg
[2.587s] -- Up-to-date: /home/mbsaloka/Desktop/ros2_ichiro_task/install/my_interfaces/share/my_interfaces/msg/Velocity.msg
[2.588s] -- Installing: /home/mbsaloka/Desktop/ros2_ichiro_task/install/my_interfaces/share/my_interfaces/msg/Object.msg
[2.588s] -- Installing: /home/mbsaloka/Desktop/ros2_ichiro_task/install/my_interfaces/share/my_interfaces/msg/Objects.msg
[2.588s] -- Up-to-date: /home/mbsaloka/Desktop/ros2_ichiro_task/install/my_interfaces/share/ament_index/resource_index/package_run_dependencies/my_interfaces
[2.588s] -- Installing: /home/mbsaloka/Desktop/ros2_ichiro_task/install/my_interfaces/share/ament_index/resource_index/parent_prefix_path/my_interfaces
[2.588s] -- Up-to-date: /home/mbsaloka/Desktop/ros2_ichiro_task/install/my_interfaces/share/my_interfaces/environment/ament_prefix_path.sh
[2.588s] -- Up-to-date: /home/mbsaloka/Desktop/ros2_ichiro_task/install/my_interfaces/share/my_interfaces/environment/ament_prefix_path.dsv
[2.588s] -- Up-to-date: /home/mbsaloka/Desktop/ros2_ichiro_task/install/my_interfaces/share/my_interfaces/environment/path.sh
[2.588s] -- Up-to-date: /home/mbsaloka/Desktop/ros2_ichiro_task/install/my_interfaces/share/my_interfaces/environment/path.dsv
[2.588s] -- Up-to-date: /home/mbsaloka/Desktop/ros2_ichiro_task/install/my_interfaces/share/my_interfaces/local_setup.bash
[2.588s] -- Up-to-date: /home/mbsaloka/Desktop/ros2_ichiro_task/install/my_interfaces/share/my_interfaces/local_setup.sh
[2.588s] -- Up-to-date: /home/mbsaloka/Desktop/ros2_ichiro_task/install/my_interfaces/share/my_interfaces/local_setup.zsh
[2.588s] -- Up-to-date: /home/mbsaloka/Desktop/ros2_ichiro_task/install/my_interfaces/share/my_interfaces/local_setup.dsv
[2.588s] -- Installing: /home/mbsaloka/Desktop/ros2_ichiro_task/install/my_interfaces/share/my_interfaces/package.dsv
[2.588s] -- Up-to-date: /home/mbsaloka/Desktop/ros2_ichiro_task/install/my_interfaces/share/ament_index/resource_index/packages/my_interfaces
[2.588s] -- Up-to-date: /home/mbsaloka/Desktop/ros2_ichiro_task/install/my_interfaces/share/my_interfaces/cmake/export_my_interfaces__rosidl_generator_cExport.cmake
[2.589s] -- Up-to-date: /home/mbsaloka/Desktop/ros2_ichiro_task/install/my_interfaces/share/my_interfaces/cmake/export_my_interfaces__rosidl_generator_cExport-noconfig.cmake
[2.589s] -- Up-to-date: /home/mbsaloka/Desktop/ros2_ichiro_task/install/my_interfaces/share/my_interfaces/cmake/export_my_interfaces__rosidl_typesupport_fastrtps_cExport.cmake
[2.589s] -- Up-to-date: /home/mbsaloka/Desktop/ros2_ichiro_task/install/my_interfaces/share/my_interfaces/cmake/export_my_interfaces__rosidl_typesupport_fastrtps_cExport-noconfig.cmake
[2.589s] -- Up-to-date: /home/mbsaloka/Desktop/ros2_ichiro_task/install/my_interfaces/share/my_interfaces/cmake/my_interfaces__rosidl_typesupport_introspection_cExport.cmake
[2.589s] -- Up-to-date: /home/mbsaloka/Desktop/ros2_ichiro_task/install/my_interfaces/share/my_interfaces/cmake/my_interfaces__rosidl_typesupport_introspection_cExport-noconfig.cmake
[2.589s] -- Up-to-date: /home/mbsaloka/Desktop/ros2_ichiro_task/install/my_interfaces/share/my_interfaces/cmake/my_interfaces__rosidl_typesupport_cExport.cmake
[2.589s] -- Up-to-date: /home/mbsaloka/Desktop/ros2_ichiro_task/install/my_interfaces/share/my_interfaces/cmake/my_interfaces__rosidl_typesupport_cExport-noconfig.cmake
[2.589s] -- Up-to-date: /home/mbsaloka/Desktop/ros2_ichiro_task/install/my_interfaces/share/my_interfaces/cmake/export_my_interfaces__rosidl_generator_cppExport.cmake
[2.589s] -- Up-to-date: /home/mbsaloka/Desktop/ros2_ichiro_task/install/my_interfaces/share/my_interfaces/cmake/export_my_interfaces__rosidl_typesupport_fastrtps_cppExport.cmake
[2.589s] -- Up-to-date: /home/mbsaloka/Desktop/ros2_ichiro_task/install/my_interfaces/share/my_interfaces/cmake/export_my_interfaces__rosidl_typesupport_fastrtps_cppExport-noconfig.cmake
[2.589s] -- Up-to-date: /home/mbsaloka/Desktop/ros2_ichiro_task/install/my_interfaces/share/my_interfaces/cmake/my_interfaces__rosidl_typesupport_introspection_cppExport.cmake
[2.589s] -- Up-to-date: /home/mbsaloka/Desktop/ros2_ichiro_task/install/my_interfaces/share/my_interfaces/cmake/my_interfaces__rosidl_typesupport_introspection_cppExport-noconfig.cmake
[2.589s] -- Up-to-date: /home/mbsaloka/Desktop/ros2_ichiro_task/install/my_interfaces/share/my_interfaces/cmake/my_interfaces__rosidl_typesupport_cppExport.cmake
[2.589s] -- Up-to-date: /home/mbsaloka/Desktop/ros2_ichiro_task/install/my_interfaces/share/my_interfaces/cmake/my_interfaces__rosidl_typesupport_cppExport-noconfig.cmake
[2.589s] -- Up-to-date: /home/mbsaloka/Desktop/ros2_ichiro_task/install/my_interfaces/share/my_interfaces/cmake/export_my_interfaces__rosidl_generator_pyExport.cmake
[2.589s] -- Up-to-date: /home/mbsaloka/Desktop/ros2_ichiro_task/install/my_interfaces/share/my_interfaces/cmake/export_my_interfaces__rosidl_generator_pyExport-noconfig.cmake
[2.589s] -- Installing: /home/mbsaloka/Desktop/ros2_ichiro_task/install/my_interfaces/share/my_interfaces/cmake/rosidl_cmake-extras.cmake
[2.590s] -- Up-to-date: /home/mbsaloka/Desktop/ros2_ichiro_task/install/my_interfaces/share/my_interfaces/cmake/ament_cmake_export_include_directories-extras.cmake
[2.590s] -- Up-to-date: /home/mbsaloka/Desktop/ros2_ichiro_task/install/my_interfaces/share/my_interfaces/cmake/ament_cmake_export_libraries-extras.cmake
[2.590s] -- Up-to-date: /home/mbsaloka/Desktop/ros2_ichiro_task/install/my_interfaces/share/my_interfaces/cmake/ament_cmake_export_targets-extras.cmake
[2.590s] -- Up-to-date: /home/mbsaloka/Desktop/ros2_ichiro_task/install/my_interfaces/share/my_interfaces/cmake/rosidl_cmake_export_typesupport_targets-extras.cmake
[2.590s] -- Up-to-date: /home/mbsaloka/Desktop/ros2_ichiro_task/install/my_interfaces/share/my_interfaces/cmake/ament_cmake_export_dependencies-extras.cmake
[2.590s] -- Up-to-date: /home/mbsaloka/Desktop/ros2_ichiro_task/install/my_interfaces/share/my_interfaces/cmake/rosidl_cmake_export_typesupport_libraries-extras.cmake
[2.590s] -- Up-to-date: /home/mbsaloka/Desktop/ros2_ichiro_task/install/my_interfaces/share/my_interfaces/cmake/my_interfacesConfig.cmake
[2.590s] -- Up-to-date: /home/mbsaloka/Desktop/ros2_ichiro_task/install/my_interfaces/share/my_interfaces/cmake/my_interfacesConfig-version.cmake
[2.590s] -- Up-to-date: /home/mbsaloka/Desktop/ros2_ichiro_task/install/my_interfaces/share/my_interfaces/package.xml
[2.591s] Invoked command in '/home/mbsaloka/Desktop/ros2_ichiro_task/build/my_interfaces' returned '0': CMAKE_PREFIX_PATH=${CMAKE_PREFIX_PATH}:/opt/ros/iron /usr/bin/cmake --install /home/mbsaloka/Desktop/ros2_ichiro_task/build/my_interfaces
