[0.043s] Invoking command in '/home/mbsaloka/Desktop/ros2_ichiro_task/build/soccer_pubsub': CMAKE_PREFIX_PATH=/home/mbsaloka/Desktop/ros2_ichiro_task/install/my_interfaces:/home/mbsaloka/Desktop/ros2_ichiro_task/install/sum_two_num_srvcli:/home/mbsaloka/Desktop/ros2_ichiro_task/install/odd_num_pubsub:/home/mbsaloka/Desktop/ros2_ichiro_task/install/my_package:/opt/ros/iron LD_LIBRARY_PATH=/home/mbsaloka/Desktop/ros2_ichiro_task/install/my_interfaces/lib:/home/mbsaloka/Desktop/ros2_ichiro_task/install/my_package/lib:/opt/ros/iron/opt/rviz_ogre_vendor/lib:/opt/ros/iron/lib/x86_64-linux-gnu:/opt/ros/iron/lib /usr/bin/cmake --build /home/mbsaloka/Desktop/ros2_ichiro_task/build/soccer_pubsub -- -j16 -l16
[0.060s] -- Found ament_cmake: 2.0.3 (/opt/ros/iron/share/ament_cmake/cmake)
[0.166s] -- Found rclcpp: 21.0.4 (/opt/ros/iron/share/rclcpp/cmake)
[0.185s] -- Found rosidl_generator_c: 4.0.1 (/opt/ros/iron/share/rosidl_generator_c/cmake)
[0.190s] -- Found rosidl_generator_cpp: 4.0.1 (/opt/ros/iron/share/rosidl_generator_cpp/cmake)
[0.199s] -- Using all available rosidl_typesupport_c: rosidl_typesupport_fastrtps_c;rosidl_typesupport_introspection_c
[0.209s] -- Using all available rosidl_typesupport_cpp: rosidl_typesupport_fastrtps_cpp;rosidl_typesupport_introspection_cpp
[0.314s] -- Found rmw_implementation_cmake: 7.1.0 (/opt/ros/iron/share/rmw_implementation_cmake/cmake)
[0.315s] -- Found rmw_fastrtps_cpp: 7.1.2 (/opt/ros/iron/share/rmw_fastrtps_cpp/cmake)
[0.397s] -- Using RMW implementation 'rmw_fastrtps_cpp' as default
[0.515s] -- Found my_interfaces: 0.0.0 (/home/mbsaloka/Desktop/ros2_ichiro_task/install/my_interfaces/share/my_interfaces/cmake)
[0.527s] -- Found ament_lint_auto: 0.14.2 (/opt/ros/iron/share/ament_lint_auto/cmake)
[0.573s] -- Added test 'cppcheck' to perform static code analysis on C / C++ code
[0.573s] -- Configured cppcheck include dirs: 
[0.573s] -- Configured cppcheck exclude dirs and/or files: 
[0.573s] -- Added test 'lint_cmake' to check CMake code style
[0.574s] -- Added test 'uncrustify' to check C / C++ code style
[0.574s] -- Configured uncrustify additional arguments: 
[0.574s] -- Added test 'xmllint' to check XML markup files
[0.574s] -- Configuring done
[0.582s] -- Generating done
[0.583s] -- Build files have been written to: /home/mbsaloka/Desktop/ros2_ichiro_task/build/soccer_pubsub
[0.600s] [35m[1mConsolidate compiler generated dependencies of target listener[0m
[0.605s] [ 25%] [32mBuilding CXX object CMakeFiles/talker.dir/src/pose_publisher.cpp.o[0m
[0.616s] [ 50%] [32mBuilding CXX object CMakeFiles/listener.dir/src/pose_subscriber.cpp.o[0m
[3.520s] [ 75%] [32m[1mLinking CXX executable talker[0m
[3.684s] [ 75%] Built target talker
[5.219s] [100%] [32m[1mLinking CXX executable listener[0m
[5.436s] [100%] Built target listener
[5.445s] Invoked command in '/home/mbsaloka/Desktop/ros2_ichiro_task/build/soccer_pubsub' returned '0': CMAKE_PREFIX_PATH=/home/mbsaloka/Desktop/ros2_ichiro_task/install/my_interfaces:/home/mbsaloka/Desktop/ros2_ichiro_task/install/sum_two_num_srvcli:/home/mbsaloka/Desktop/ros2_ichiro_task/install/odd_num_pubsub:/home/mbsaloka/Desktop/ros2_ichiro_task/install/my_package:/opt/ros/iron LD_LIBRARY_PATH=/home/mbsaloka/Desktop/ros2_ichiro_task/install/my_interfaces/lib:/home/mbsaloka/Desktop/ros2_ichiro_task/install/my_package/lib:/opt/ros/iron/opt/rviz_ogre_vendor/lib:/opt/ros/iron/lib/x86_64-linux-gnu:/opt/ros/iron/lib /usr/bin/cmake --build /home/mbsaloka/Desktop/ros2_ichiro_task/build/soccer_pubsub -- -j16 -l16
[5.485s] Invoking command in '/home/mbsaloka/Desktop/ros2_ichiro_task/build/soccer_pubsub': CMAKE_PREFIX_PATH=/home/mbsaloka/Desktop/ros2_ichiro_task/install/my_interfaces:/home/mbsaloka/Desktop/ros2_ichiro_task/install/sum_two_num_srvcli:/home/mbsaloka/Desktop/ros2_ichiro_task/install/odd_num_pubsub:/home/mbsaloka/Desktop/ros2_ichiro_task/install/my_package:/opt/ros/iron LD_LIBRARY_PATH=/home/mbsaloka/Desktop/ros2_ichiro_task/install/my_interfaces/lib:/home/mbsaloka/Desktop/ros2_ichiro_task/install/my_package/lib:/opt/ros/iron/opt/rviz_ogre_vendor/lib:/opt/ros/iron/lib/x86_64-linux-gnu:/opt/ros/iron/lib /usr/bin/cmake --install /home/mbsaloka/Desktop/ros2_ichiro_task/build/soccer_pubsub
[5.493s] -- Install configuration: ""
[5.493s] -- Installing: /home/mbsaloka/Desktop/ros2_ichiro_task/install/soccer_pubsub/lib/soccer_pubsub/talker
[5.495s] -- Set runtime path of "/home/mbsaloka/Desktop/ros2_ichiro_task/install/soccer_pubsub/lib/soccer_pubsub/talker" to ""
[5.495s] -- Installing: /home/mbsaloka/Desktop/ros2_ichiro_task/install/soccer_pubsub/lib/soccer_pubsub/listener
[5.501s] -- Set runtime path of "/home/mbsaloka/Desktop/ros2_ichiro_task/install/soccer_pubsub/lib/soccer_pubsub/listener" to ""
[5.501s] -- Installing: /home/mbsaloka/Desktop/ros2_ichiro_task/install/soccer_pubsub/share/ament_index/resource_index/package_run_dependencies/soccer_pubsub
[5.501s] -- Installing: /home/mbsaloka/Desktop/ros2_ichiro_task/install/soccer_pubsub/share/ament_index/resource_index/parent_prefix_path/soccer_pubsub
[5.501s] -- Installing: /home/mbsaloka/Desktop/ros2_ichiro_task/install/soccer_pubsub/share/soccer_pubsub/environment/ament_prefix_path.sh
[5.501s] -- Installing: /home/mbsaloka/Desktop/ros2_ichiro_task/install/soccer_pubsub/share/soccer_pubsub/environment/ament_prefix_path.dsv
[5.501s] -- Installing: /home/mbsaloka/Desktop/ros2_ichiro_task/install/soccer_pubsub/share/soccer_pubsub/environment/path.sh
[5.501s] -- Installing: /home/mbsaloka/Desktop/ros2_ichiro_task/install/soccer_pubsub/share/soccer_pubsub/environment/path.dsv
[5.501s] -- Installing: /home/mbsaloka/Desktop/ros2_ichiro_task/install/soccer_pubsub/share/soccer_pubsub/local_setup.bash
[5.502s] -- Installing: /home/mbsaloka/Desktop/ros2_ichiro_task/install/soccer_pubsub/share/soccer_pubsub/local_setup.sh
[5.502s] -- Installing: /home/mbsaloka/Desktop/ros2_ichiro_task/install/soccer_pubsub/share/soccer_pubsub/local_setup.zsh
[5.502s] -- Installing: /home/mbsaloka/Desktop/ros2_ichiro_task/install/soccer_pubsub/share/soccer_pubsub/local_setup.dsv
[5.502s] -- Installing: /home/mbsaloka/Desktop/ros2_ichiro_task/install/soccer_pubsub/share/soccer_pubsub/package.dsv
[5.502s] -- Installing: /home/mbsaloka/Desktop/ros2_ichiro_task/install/soccer_pubsub/share/ament_index/resource_index/packages/soccer_pubsub
[5.502s] -- Installing: /home/mbsaloka/Desktop/ros2_ichiro_task/install/soccer_pubsub/share/soccer_pubsub/cmake/soccer_pubsubConfig.cmake
[5.502s] -- Installing: /home/mbsaloka/Desktop/ros2_ichiro_task/install/soccer_pubsub/share/soccer_pubsub/cmake/soccer_pubsubConfig-version.cmake
[5.502s] -- Installing: /home/mbsaloka/Desktop/ros2_ichiro_task/install/soccer_pubsub/share/soccer_pubsub/package.xml
[5.505s] Invoked command in '/home/mbsaloka/Desktop/ros2_ichiro_task/build/soccer_pubsub' returned '0': CMAKE_PREFIX_PATH=/home/mbsaloka/Desktop/ros2_ichiro_task/install/my_interfaces:/home/mbsaloka/Desktop/ros2_ichiro_task/install/sum_two_num_srvcli:/home/mbsaloka/Desktop/ros2_ichiro_task/install/odd_num_pubsub:/home/mbsaloka/Desktop/ros2_ichiro_task/install/my_package:/opt/ros/iron LD_LIBRARY_PATH=/home/mbsaloka/Desktop/ros2_ichiro_task/install/my_interfaces/lib:/home/mbsaloka/Desktop/ros2_ichiro_task/install/my_package/lib:/opt/ros/iron/opt/rviz_ogre_vendor/lib:/opt/ros/iron/lib/x86_64-linux-gnu:/opt/ros/iron/lib /usr/bin/cmake --install /home/mbsaloka/Desktop/ros2_ichiro_task/build/soccer_pubsub
