[0.053s] Invoking command in '/home/mbsaloka/Desktop/ros2_ichiro_task/build/robot_localization': AMENT_PREFIX_PATH=/home/mbsaloka/Desktop/ros2_ichiro_task/install/my_interfaces:${AMENT_PREFIX_PATH} CMAKE_PREFIX_PATH=/home/mbsaloka/Desktop/ros2_ichiro_task/install/my_interfaces:/opt/ros/iron LD_LIBRARY_PATH=/home/mbsaloka/Desktop/ros2_ichiro_task/install/my_interfaces/lib:${LD_LIBRARY_PATH} PYTHONPATH=/home/mbsaloka/Desktop/ros2_ichiro_task/install/my_interfaces/lib/python3.10/site-packages:${PYTHONPATH} /usr/bin/cmake --build /home/mbsaloka/Desktop/ros2_ichiro_task/build/robot_localization -- -j16 -l16
[0.115s] [35m[1mConsolidate compiler generated dependencies of target localization[0m
[0.132s] [ 50%] Built target object_recognizer
[0.133s] [ 50%] Built target odometry
[0.133s] [ 50%] Built target inertial_unit
[0.136s] [ 66%] Built target robot_controller
[0.142s] [ 83%] Built target robot_localization
[0.145s] [ 91%] [32mBuilding CXX object CMakeFiles/localization.dir/src/RobotLocalization.cpp.o[0m
[17.765s] [100%] [32m[1mLinking CXX executable localization[0m
[19.203s] [100%] Built target localization
[19.217s] Invoked command in '/home/mbsaloka/Desktop/ros2_ichiro_task/build/robot_localization' returned '0': AMENT_PREFIX_PATH=/home/mbsaloka/Desktop/ros2_ichiro_task/install/my_interfaces:${AMENT_PREFIX_PATH} CMAKE_PREFIX_PATH=/home/mbsaloka/Desktop/ros2_ichiro_task/install/my_interfaces:/opt/ros/iron LD_LIBRARY_PATH=/home/mbsaloka/Desktop/ros2_ichiro_task/install/my_interfaces/lib:${LD_LIBRARY_PATH} PYTHONPATH=/home/mbsaloka/Desktop/ros2_ichiro_task/install/my_interfaces/lib/python3.10/site-packages:${PYTHONPATH} /usr/bin/cmake --build /home/mbsaloka/Desktop/ros2_ichiro_task/build/robot_localization -- -j16 -l16
[19.279s] Invoking command in '/home/mbsaloka/Desktop/ros2_ichiro_task/build/robot_localization': AMENT_PREFIX_PATH=/home/mbsaloka/Desktop/ros2_ichiro_task/install/my_interfaces:${AMENT_PREFIX_PATH} CMAKE_PREFIX_PATH=/home/mbsaloka/Desktop/ros2_ichiro_task/install/my_interfaces:/opt/ros/iron LD_LIBRARY_PATH=/home/mbsaloka/Desktop/ros2_ichiro_task/install/my_interfaces/lib:${LD_LIBRARY_PATH} PYTHONPATH=/home/mbsaloka/Desktop/ros2_ichiro_task/install/my_interfaces/lib/python3.10/site-packages:${PYTHONPATH} /usr/bin/cmake --install /home/mbsaloka/Desktop/ros2_ichiro_task/build/robot_localization
[19.290s] -- Install configuration: ""
[19.290s] -- Up-to-date: /home/mbsaloka/Desktop/ros2_ichiro_task/install/robot_localization/share/robot_localization/my_robot_driver.xml
[19.290s] -- Up-to-date: /home/mbsaloka/Desktop/ros2_ichiro_task/install/robot_localization/lib/robot_localization/object_recognizer
[19.291s] -- Up-to-date: /home/mbsaloka/Desktop/ros2_ichiro_task/install/robot_localization/include
[19.291s] -- Up-to-date: /home/mbsaloka/Desktop/ros2_ichiro_task/install/robot_localization/include/robot_localization
[19.291s] -- Up-to-date: /home/mbsaloka/Desktop/ros2_ichiro_task/install/robot_localization/include/robot_localization/ObjectRecognizer.hpp
[19.291s] -- Up-to-date: /home/mbsaloka/Desktop/ros2_ichiro_task/install/robot_localization/include/robot_localization/RobotLocalization.hpp
[19.292s] -- Up-to-date: /home/mbsaloka/Desktop/ros2_ichiro_task/install/robot_localization/include/robot_localization/InertialUnit.hpp
[19.292s] -- Up-to-date: /home/mbsaloka/Desktop/ros2_ichiro_task/install/robot_localization/include/robot_localization/MyRobotDriver.hpp
[19.292s] -- Up-to-date: /home/mbsaloka/Desktop/ros2_ichiro_task/install/robot_localization/include/robot_localization/Odometry.hpp
[19.292s] -- Up-to-date: /home/mbsaloka/Desktop/ros2_ichiro_task/install/robot_localization/lib/robot_localization/inertial_unit
[19.292s] -- Up-to-date: /home/mbsaloka/Desktop/ros2_ichiro_task/install/robot_localization/include
[19.292s] -- Up-to-date: /home/mbsaloka/Desktop/ros2_ichiro_task/install/robot_localization/include/robot_localization
[19.292s] -- Up-to-date: /home/mbsaloka/Desktop/ros2_ichiro_task/install/robot_localization/include/robot_localization/ObjectRecognizer.hpp
[19.292s] -- Up-to-date: /home/mbsaloka/Desktop/ros2_ichiro_task/install/robot_localization/include/robot_localization/RobotLocalization.hpp
[19.292s] -- Up-to-date: /home/mbsaloka/Desktop/ros2_ichiro_task/install/robot_localization/include/robot_localization/InertialUnit.hpp
[19.292s] -- Up-to-date: /home/mbsaloka/Desktop/ros2_ichiro_task/install/robot_localization/include/robot_localization/MyRobotDriver.hpp
[19.292s] -- Up-to-date: /home/mbsaloka/Desktop/ros2_ichiro_task/install/robot_localization/include/robot_localization/Odometry.hpp
[19.292s] -- Installing: /home/mbsaloka/Desktop/ros2_ichiro_task/install/robot_localization/lib/robot_localization/localization
[19.310s] -- Set runtime path of "/home/mbsaloka/Desktop/ros2_ichiro_task/install/robot_localization/lib/robot_localization/localization" to ""
[19.310s] -- Up-to-date: /home/mbsaloka/Desktop/ros2_ichiro_task/install/robot_localization/include
[19.310s] -- Up-to-date: /home/mbsaloka/Desktop/ros2_ichiro_task/install/robot_localization/include/robot_localization
[19.311s] -- Up-to-date: /home/mbsaloka/Desktop/ros2_ichiro_task/install/robot_localization/include/robot_localization/ObjectRecognizer.hpp
[19.311s] -- Up-to-date: /home/mbsaloka/Desktop/ros2_ichiro_task/install/robot_localization/include/robot_localization/RobotLocalization.hpp
[19.312s] -- Up-to-date: /home/mbsaloka/Desktop/ros2_ichiro_task/install/robot_localization/include/robot_localization/InertialUnit.hpp
[19.312s] -- Up-to-date: /home/mbsaloka/Desktop/ros2_ichiro_task/install/robot_localization/include/robot_localization/MyRobotDriver.hpp
[19.312s] -- Up-to-date: /home/mbsaloka/Desktop/ros2_ichiro_task/install/robot_localization/include/robot_localization/Odometry.hpp
[19.312s] -- Up-to-date: /home/mbsaloka/Desktop/ros2_ichiro_task/install/robot_localization/lib/robot_localization/odometry
[19.312s] -- Up-to-date: /home/mbsaloka/Desktop/ros2_ichiro_task/install/robot_localization/include
[19.312s] -- Up-to-date: /home/mbsaloka/Desktop/ros2_ichiro_task/install/robot_localization/include/robot_localization
[19.312s] -- Up-to-date: /home/mbsaloka/Desktop/ros2_ichiro_task/install/robot_localization/include/robot_localization/ObjectRecognizer.hpp
[19.313s] -- Up-to-date: /home/mbsaloka/Desktop/ros2_ichiro_task/install/robot_localization/include/robot_localization/RobotLocalization.hpp
[19.313s] -- Up-to-date: /home/mbsaloka/Desktop/ros2_ichiro_task/install/robot_localization/include/robot_localization/InertialUnit.hpp
[19.313s] -- Up-to-date: /home/mbsaloka/Desktop/ros2_ichiro_task/install/robot_localization/include/robot_localization/MyRobotDriver.hpp
[19.313s] -- Up-to-date: /home/mbsaloka/Desktop/ros2_ichiro_task/install/robot_localization/include/robot_localization/Odometry.hpp
[19.313s] -- Up-to-date: /home/mbsaloka/Desktop/ros2_ichiro_task/install/robot_localization/lib/librobot_localization.so
[19.313s] -- Up-to-date: /home/mbsaloka/Desktop/ros2_ichiro_task/install/robot_localization/lib/robot_localization/robot_controller
[19.313s] -- Up-to-date: /home/mbsaloka/Desktop/ros2_ichiro_task/install/robot_localization/lib/robot_localization/object_recognizer
[19.313s] -- Up-to-date: /home/mbsaloka/Desktop/ros2_ichiro_task/install/robot_localization/share/robot_localization//launch
[19.313s] -- Up-to-date: /home/mbsaloka/Desktop/ros2_ichiro_task/install/robot_localization/share/robot_localization//launch/robot_launch.py
[19.314s] -- Up-to-date: /home/mbsaloka/Desktop/ros2_ichiro_task/install/robot_localization/share/robot_localization//resource
[19.314s] -- Up-to-date: /home/mbsaloka/Desktop/ros2_ichiro_task/install/robot_localization/share/robot_localization//resource/my_robot.urdf
[19.314s] -- Up-to-date: /home/mbsaloka/Desktop/ros2_ichiro_task/install/robot_localization/share/robot_localization//worlds
[19.314s] -- Up-to-date: /home/mbsaloka/Desktop/ros2_ichiro_task/install/robot_localization/share/robot_localization//worlds/soccer_field.wbt
[19.314s] -- Up-to-date: /home/mbsaloka/Desktop/ros2_ichiro_task/install/robot_localization/share/robot_localization/environment/library_path.sh
[19.314s] -- Up-to-date: /home/mbsaloka/Desktop/ros2_ichiro_task/install/robot_localization/share/robot_localization/environment/library_path.dsv
[19.314s] -- Up-to-date: /home/mbsaloka/Desktop/ros2_ichiro_task/install/robot_localization/share/ament_index/resource_index/package_run_dependencies/robot_localization
[19.314s] -- Up-to-date: /home/mbsaloka/Desktop/ros2_ichiro_task/install/robot_localization/share/ament_index/resource_index/parent_prefix_path/robot_localization
[19.314s] -- Up-to-date: /home/mbsaloka/Desktop/ros2_ichiro_task/install/robot_localization/share/robot_localization/environment/ament_prefix_path.sh
[19.314s] -- Up-to-date: /home/mbsaloka/Desktop/ros2_ichiro_task/install/robot_localization/share/robot_localization/environment/ament_prefix_path.dsv
[19.314s] -- Up-to-date: /home/mbsaloka/Desktop/ros2_ichiro_task/install/robot_localization/share/robot_localization/environment/path.sh
[19.314s] -- Up-to-date: /home/mbsaloka/Desktop/ros2_ichiro_task/install/robot_localization/share/robot_localization/environment/path.dsv
[19.315s] -- Up-to-date: /home/mbsaloka/Desktop/ros2_ichiro_task/install/robot_localization/share/robot_localization/local_setup.bash
[19.315s] -- Up-to-date: /home/mbsaloka/Desktop/ros2_ichiro_task/install/robot_localization/share/robot_localization/local_setup.sh
[19.315s] -- Up-to-date: /home/mbsaloka/Desktop/ros2_ichiro_task/install/robot_localization/share/robot_localization/local_setup.zsh
[19.315s] -- Up-to-date: /home/mbsaloka/Desktop/ros2_ichiro_task/install/robot_localization/share/robot_localization/local_setup.dsv
[19.315s] -- Installing: /home/mbsaloka/Desktop/ros2_ichiro_task/install/robot_localization/share/robot_localization/package.dsv
[19.315s] -- Up-to-date: /home/mbsaloka/Desktop/ros2_ichiro_task/install/robot_localization/share/ament_index/resource_index/packages/robot_localization
[19.315s] -- Up-to-date: /home/mbsaloka/Desktop/ros2_ichiro_task/install/robot_localization/share/ament_index/resource_index/webots_ros2_driver__pluginlib__plugin/robot_localization
[19.315s] -- Up-to-date: /home/mbsaloka/Desktop/ros2_ichiro_task/install/robot_localization/share/robot_localization/cmake/ament_cmake_export_include_directories-extras.cmake
[19.315s] -- Up-to-date: /home/mbsaloka/Desktop/ros2_ichiro_task/install/robot_localization/share/robot_localization/cmake/ament_cmake_export_libraries-extras.cmake
[19.315s] -- Up-to-date: /home/mbsaloka/Desktop/ros2_ichiro_task/install/robot_localization/share/robot_localization/cmake/robot_localizationConfig.cmake
[19.315s] -- Up-to-date: /home/mbsaloka/Desktop/ros2_ichiro_task/install/robot_localization/share/robot_localization/cmake/robot_localizationConfig-version.cmake
[19.315s] -- Up-to-date: /home/mbsaloka/Desktop/ros2_ichiro_task/install/robot_localization/share/robot_localization/package.xml
[19.317s] Invoked command in '/home/mbsaloka/Desktop/ros2_ichiro_task/build/robot_localization' returned '0': AMENT_PREFIX_PATH=/home/mbsaloka/Desktop/ros2_ichiro_task/install/my_interfaces:${AMENT_PREFIX_PATH} CMAKE_PREFIX_PATH=/home/mbsaloka/Desktop/ros2_ichiro_task/install/my_interfaces:/opt/ros/iron LD_LIBRARY_PATH=/home/mbsaloka/Desktop/ros2_ichiro_task/install/my_interfaces/lib:${LD_LIBRARY_PATH} PYTHONPATH=/home/mbsaloka/Desktop/ros2_ichiro_task/install/my_interfaces/lib/python3.10/site-packages:${PYTHONPATH} /usr/bin/cmake --install /home/mbsaloka/Desktop/ros2_ichiro_task/build/robot_localization
