[0.178s] Invoking command in '/home/mbsaloka/Desktop/ros2_ichiro_task/build/soccer_pubsub': CMAKE_PREFIX_PATH=/opt/ros/iron /usr/bin/cmake /home/mbsaloka/Desktop/ros2_ichiro_task/src/soccer_pubsub -DCMAKE_INSTALL_PREFIX=/home/mbsaloka/Desktop/ros2_ichiro_task/install/soccer_pubsub
[0.375s] -- The C compiler identification is GNU 11.4.0
[0.596s] -- The CXX compiler identification is GNU 11.4.0
[0.620s] -- Detecting C compiler ABI info
[0.762s] -- Detecting C compiler ABI info - done
[0.779s] -- Check for working C compiler: /usr/bin/cc - skipped
[0.780s] -- Detecting C compile features
[0.780s] -- Detecting C compile features - done
[0.786s] -- Detecting CXX compiler ABI info
[0.935s] -- Detecting CXX compiler ABI info - done
[0.953s] -- Check for working CXX compiler: /usr/bin/c++ - skipped
[0.955s] -- Detecting CXX compile features
[0.955s] -- Detecting CXX compile features - done
[0.963s] -- Found ament_cmake: 2.0.3 (/opt/ros/iron/share/ament_cmake/cmake)
[1.359s] -- Found Python3: /usr/bin/python3.10 (found version "3.10.12") found components: Interpreter 
[1.523s] -- Found rclcpp: 21.0.4 (/opt/ros/iron/share/rclcpp/cmake)
[1.610s] -- Found rosidl_generator_c: 4.0.1 (/opt/ros/iron/share/rosidl_generator_c/cmake)
[1.629s] -- Found rosidl_generator_cpp: 4.0.1 (/opt/ros/iron/share/rosidl_generator_cpp/cmake)
[1.665s] -- Using all available rosidl_typesupport_c: rosidl_typesupport_fastrtps_c;rosidl_typesupport_introspection_c
[1.699s] -- Using all available rosidl_typesupport_cpp: rosidl_typesupport_fastrtps_cpp;rosidl_typesupport_introspection_cpp
[1.993s] -- Found rmw_implementation_cmake: 7.1.0 (/opt/ros/iron/share/rmw_implementation_cmake/cmake)
[1.998s] -- Found rmw_fastrtps_cpp: 7.1.2 (/opt/ros/iron/share/rmw_fastrtps_cpp/cmake)
[2.178s] -- Found OpenSSL: /usr/lib/x86_64-linux-gnu/libcrypto.so (found version "3.0.2")  
[2.222s] -- Found FastRTPS: /opt/ros/iron/include  
[2.294s] -- Using RMW implementation 'rmw_fastrtps_cpp' as default
[2.611s] -- Found std_msgs: 5.0.0 (/opt/ros/iron/share/std_msgs/cmake)
[2.670s] -- Found ament_lint_auto: 0.14.2 (/opt/ros/iron/share/ament_lint_auto/cmake)
[2.796s] -- Added test 'cppcheck' to perform static code analysis on C / C++ code
[2.796s] -- Configured cppcheck include dirs: 
[2.796s] -- Configured cppcheck exclude dirs and/or files: 
[2.797s] -- Added test 'lint_cmake' to check CMake code style
[2.799s] -- Added test 'uncrustify' to check C / C++ code style
[2.800s] -- Configured uncrustify additional arguments: 
[2.801s] -- Added test 'xmllint' to check XML markup files
[2.804s] -- Configuring done
[2.827s] -- Generating done
[2.829s] -- Build files have been written to: /home/mbsaloka/Desktop/ros2_ichiro_task/build/soccer_pubsub
[2.843s] Invoked command in '/home/mbsaloka/Desktop/ros2_ichiro_task/build/soccer_pubsub' returned '0': CMAKE_PREFIX_PATH=/opt/ros/iron /usr/bin/cmake /home/mbsaloka/Desktop/ros2_ichiro_task/src/soccer_pubsub -DCMAKE_INSTALL_PREFIX=/home/mbsaloka/Desktop/ros2_ichiro_task/install/soccer_pubsub
[2.844s] Invoking command in '/home/mbsaloka/Desktop/ros2_ichiro_task/build/soccer_pubsub': CMAKE_PREFIX_PATH=/opt/ros/iron /usr/bin/cmake --build /home/mbsaloka/Desktop/ros2_ichiro_task/build/soccer_pubsub -- -j16 -l16
[2.924s] [ 25%] [32mBuilding CXX object CMakeFiles/listener.dir/src/pose_subscriber.cpp.o[0m
[2.924s] [ 50%] [32mBuilding CXX object CMakeFiles/talker.dir/src/pose_publisher.cpp.o[0m
[3.370s] [01m[K/home/mbsaloka/Desktop/ros2_ichiro_task/src/soccer_pubsub/src/pose_publisher.cpp:7:10:[m[K [01;31m[Kfatal error: [m[Kmy_interfaces/msg/pose.hpp: No such file or directory
[3.370s]     7 | #include [01;31m[K"my_interfaces/msg/pose.hpp"[m[K
[3.370s]       |          [01;31m[K^~~~~~~~~~~~~~~~~~~~~~~~~~~~[m[K
[3.370s] compilation terminated.
[3.374s] gmake[2]: *** [CMakeFiles/talker.dir/build.make:76: CMakeFiles/talker.dir/src/pose_publisher.cpp.o] Error 1
[3.375s] gmake[1]: *** [CMakeFiles/Makefile2:139: CMakeFiles/talker.dir/all] Error 2
[3.375s] gmake[1]: *** Waiting for unfinished jobs....
[14.881s] [ 75%] [32m[1mLinking CXX executable listener[0m
[15.518s] [ 75%] Built target listener
[15.521s] gmake: *** [Makefile:146: all] Error 2
[15.527s] Invoked command in '/home/mbsaloka/Desktop/ros2_ichiro_task/build/soccer_pubsub' returned '2': CMAKE_PREFIX_PATH=/opt/ros/iron /usr/bin/cmake --build /home/mbsaloka/Desktop/ros2_ichiro_task/build/soccer_pubsub -- -j16 -l16
