[0.077s] Invoking command in '/home/mbsaloka/Desktop/ros2_ichiro_task/build/cpp_parameters': CMAKE_PREFIX_PATH=${CMAKE_PREFIX_PATH}:/home/mbsaloka/Desktop/ros2_ichiro_task/install/launch_tutorial:/opt/ros/iron /usr/bin/cmake --build /home/mbsaloka/Desktop/ros2_ichiro_task/build/cpp_parameters -- -j16 -l16
[0.135s] [35m[1mConsolidate compiler generated dependencies of target my_node[0m
[0.161s] [ 50%] [32mBuilding CXX object CMakeFiles/my_node.dir/src/my_node.cpp.o[0m
[3.550s] In file included from [01m[K/usr/include/x86_64-linux-gnu/c++/11/bits/c++allocator.h:33[m[K,
[3.550s]                  from [01m[K/usr/include/c++/11/bits/allocator.h:46[m[K,
[3.550s]                  from [01m[K/usr/include/c++/11/memory:64[m[K,
[3.550s]                  from [01m[K/opt/ros/iron/include/rclcpp/rclcpp/rclcpp.hpp:165[m[K,
[3.550s]                  from [01m[K/home/mbsaloka/Desktop/ros2_ichiro_task/src/cpp_parameters/src/my_node.cpp:1[m[K:
[3.550s] /usr/include/c++/11/ext/new_allocator.h: In instantiation of ‘[01m[Kvoid __gnu_cxx::new_allocator<_Tp>::construct(_Up*, _Args&& ...) [with _Up = MyNode; _Args = {double (&)[3]}; _Tp = MyNode][m[K’:
[3.550s] [01m[K/usr/include/c++/11/bits/alloc_traits.h:516:17:[m[K   required from ‘[01m[Kstatic void std::allocator_traits<std::allocator<_Tp1> >::construct(std::allocator_traits<std::allocator<_Tp1> >::allocator_type&, _Up*, _Args&& ...) [with _Up = MyNode; _Args = {double (&)[3]}; _Tp = MyNode; std::allocator_traits<std::allocator<_Tp1> >::allocator_type = std::allocator<MyNode>][m[K’
[3.550s] [01m[K/usr/include/c++/11/bits/shared_ptr_base.h:519:39:[m[K   required from ‘[01m[Kstd::_Sp_counted_ptr_inplace<_Tp, _Alloc, _Lp>::_Sp_counted_ptr_inplace(_Alloc, _Args&& ...) [with _Args = {double (&)[3]}; _Tp = MyNode; _Alloc = std::allocator<MyNode>; __gnu_cxx::_Lock_policy _Lp = __gnu_cxx::_S_atomic][m[K’
[3.550s] [01m[K/usr/include/c++/11/bits/shared_ptr_base.h:650:16:[m[K   required from ‘[01m[Kstd::__shared_count<_Lp>::__shared_count(_Tp*&, std::_Sp_alloc_shared_tag<_Alloc>, _Args&& ...) [with _Tp = MyNode; _Alloc = std::allocator<MyNode>; _Args = {double (&)[3]}; __gnu_cxx::_Lock_policy _Lp = __gnu_cxx::_S_atomic][m[K’
[3.551s] [01m[K/usr/include/c++/11/bits/shared_ptr_base.h:1342:14:[m[K   required from ‘[01m[Kstd::__shared_ptr<_Tp, _Lp>::__shared_ptr(std::_Sp_alloc_shared_tag<_Tp>, _Args&& ...) [with _Alloc = std::allocator<MyNode>; _Args = {double (&)[3]}; _Tp = MyNode; __gnu_cxx::_Lock_policy _Lp = __gnu_cxx::_S_atomic][m[K’
[3.551s] [01m[K/usr/include/c++/11/bits/shared_ptr.h:409:59:[m[K   required from ‘[01m[Kstd::shared_ptr<_Tp>::shared_ptr(std::_Sp_alloc_shared_tag<_Tp>, _Args&& ...) [with _Alloc = std::allocator<MyNode>; _Args = {double (&)[3]}; _Tp = MyNode][m[K’
[3.551s] [01m[K/usr/include/c++/11/bits/shared_ptr.h:862:14:[m[K   required from ‘[01m[Kstd::shared_ptr<_Tp> std::allocate_shared(const _Alloc&, _Args&& ...) [with _Tp = MyNode; _Alloc = std::allocator<MyNode>; _Args = {double (&)[3]}][m[K’
[3.551s] [01m[K/usr/include/c++/11/bits/shared_ptr.h:878:39:[m[K   required from ‘[01m[Kstd::shared_ptr<_Tp> std::make_shared(_Args&& ...) [with _Tp = MyNode; _Args = {double (&)[3]}][m[K’
[3.551s] [01m[K/home/mbsaloka/Desktop/ros2_ichiro_task/src/cpp_parameters/src/my_node.cpp:31:42:[m[K   required from here
[3.551s] [01m[K/usr/include/c++/11/ext/new_allocator.h:162:11:[m[K [01;31m[Kerror: [m[Kno matching function for call to ‘[01m[KMyNode::MyNode(double [3])[m[K’
[3.551s]   162 |         { [01;31m[K::new((void *)__p) _Up(std::forward<_Args>(__args)...)[m[K; }
[3.551s]       |           [01;31m[K^~~~~~~~~~~~~~~~~~~~~~~~~~~~~~~~~~~~~~~~~~~~~~~~~~~~~~[m[K
[3.551s] [01m[K/home/mbsaloka/Desktop/ros2_ichiro_task/src/cpp_parameters/src/my_node.cpp:7:5:[m[K [01;36m[Knote: [m[Kcandidate: ‘[01m[KMyNode::MyNode(const std::array<double, 3>&)[m[K’
[3.551s]     7 |     [01;36m[KMyNode[m[K(const std::array<double, 3>& arg) : Node("my_node"), my_arg(arg) {
[3.551s]       |     [01;36m[K^~~~~~[m[K
[3.551s] [01m[K/home/mbsaloka/Desktop/ros2_ichiro_task/src/cpp_parameters/src/my_node.cpp:7:41:[m[K [01;36m[Knote: [m[K  no known conversion for argument 1 from ‘[01m[Kdouble [3][m[K’ to ‘[01m[Kconst std::array<double, 3>&[m[K’
[3.551s]     7 |     MyNode([01;36m[Kconst std::array<double, 3>& arg[m[K) : Node("my_node"), my_arg(arg) {
[3.551s]       |            [01;36m[K~~~~~~~~~~~~~~~~~~~~~~~~~~~~~^~~[m[K
[3.637s] gmake[2]: *** [CMakeFiles/my_node.dir/build.make:76: CMakeFiles/my_node.dir/src/my_node.cpp.o] Error 1
[3.637s] gmake[1]: *** [CMakeFiles/Makefile2:137: CMakeFiles/my_node.dir/all] Error 2
[3.638s] gmake: *** [Makefile:146: all] Error 2
[3.640s] Invoked command in '/home/mbsaloka/Desktop/ros2_ichiro_task/build/cpp_parameters' returned '2': CMAKE_PREFIX_PATH=${CMAKE_PREFIX_PATH}:/home/mbsaloka/Desktop/ros2_ichiro_task/install/launch_tutorial:/opt/ros/iron /usr/bin/cmake --build /home/mbsaloka/Desktop/ros2_ichiro_task/build/cpp_parameters -- -j16 -l16
