[0.227s] Invoking command in '/home/mbsaloka/Desktop/ros2_ichiro_task/build/odd_num_pubsub': CMAKE_PREFIX_PATH=${CMAKE_PREFIX_PATH}:/opt/ros/iron /usr/bin/cmake --build /home/mbsaloka/Desktop/ros2_ichiro_task/build/odd_num_pubsub -- -j16 -l16
[0.321s] [35m[1mConsolidate compiler generated dependencies of target talker[0m
[0.321s] [35m[1mConsolidate compiler generated dependencies of target listener[0m
[0.382s] [100%] Built target listener
[0.382s] [100%] Built target talker
[0.408s] Invoked command in '/home/mbsaloka/Desktop/ros2_ichiro_task/build/odd_num_pubsub' returned '0': CMAKE_PREFIX_PATH=${CMAKE_PREFIX_PATH}:/opt/ros/iron /usr/bin/cmake --build /home/mbsaloka/Desktop/ros2_ichiro_task/build/odd_num_pubsub -- -j16 -l16
[0.486s] Invoking command in '/home/mbsaloka/Desktop/ros2_ichiro_task/build/odd_num_pubsub': CMAKE_PREFIX_PATH=${CMAKE_PREFIX_PATH}:/opt/ros/iron /usr/bin/cmake --install /home/mbsaloka/Desktop/ros2_ichiro_task/build/odd_num_pubsub
[0.498s] -- Install configuration: ""
[0.498s] -- Up-to-date: /home/mbsaloka/Desktop/ros2_ichiro_task/install/odd_num_pubsub/lib/odd_num_pubsub/talker
[0.498s] -- Up-to-date: /home/mbsaloka/Desktop/ros2_ichiro_task/install/odd_num_pubsub/lib/odd_num_pubsub/listener
[0.498s] -- Up-to-date: /home/mbsaloka/Desktop/ros2_ichiro_task/install/odd_num_pubsub/share/ament_index/resource_index/package_run_dependencies/odd_num_pubsub
[0.499s] -- Up-to-date: /home/mbsaloka/Desktop/ros2_ichiro_task/install/odd_num_pubsub/share/ament_index/resource_index/parent_prefix_path/odd_num_pubsub
[0.499s] -- Up-to-date: /home/mbsaloka/Desktop/ros2_ichiro_task/install/odd_num_pubsub/share/odd_num_pubsub/environment/ament_prefix_path.sh
[0.499s] -- Up-to-date: /home/mbsaloka/Desktop/ros2_ichiro_task/install/odd_num_pubsub/share/odd_num_pubsub/environment/ament_prefix_path.dsv
[0.499s] -- Up-to-date: /home/mbsaloka/Desktop/ros2_ichiro_task/install/odd_num_pubsub/share/odd_num_pubsub/environment/path.sh
[0.499s] -- Up-to-date: /home/mbsaloka/Desktop/ros2_ichiro_task/install/odd_num_pubsub/share/odd_num_pubsub/environment/path.dsv
[0.499s] -- Up-to-date: /home/mbsaloka/Desktop/ros2_ichiro_task/install/odd_num_pubsub/share/odd_num_pubsub/local_setup.bash
[0.500s] -- Up-to-date: /home/mbsaloka/Desktop/ros2_ichiro_task/install/odd_num_pubsub/share/odd_num_pubsub/local_setup.sh
[0.500s] -- Up-to-date: /home/mbsaloka/Desktop/ros2_ichiro_task/install/odd_num_pubsub/share/odd_num_pubsub/local_setup.zsh
[0.500s] -- Up-to-date: /home/mbsaloka/Desktop/ros2_ichiro_task/install/odd_num_pubsub/share/odd_num_pubsub/local_setup.dsv
[0.500s] -- Installing: /home/mbsaloka/Desktop/ros2_ichiro_task/install/odd_num_pubsub/share/odd_num_pubsub/package.dsv
[0.501s] -- Up-to-date: /home/mbsaloka/Desktop/ros2_ichiro_task/install/odd_num_pubsub/share/ament_index/resource_index/packages/odd_num_pubsub
[0.502s] -- Up-to-date: /home/mbsaloka/Desktop/ros2_ichiro_task/install/odd_num_pubsub/share/odd_num_pubsub/cmake/odd_num_pubsubConfig.cmake
[0.503s] -- Up-to-date: /home/mbsaloka/Desktop/ros2_ichiro_task/install/odd_num_pubsub/share/odd_num_pubsub/cmake/odd_num_pubsubConfig-version.cmake
[0.503s] -- Up-to-date: /home/mbsaloka/Desktop/ros2_ichiro_task/install/odd_num_pubsub/share/odd_num_pubsub/package.xml
[0.604s] Invoked command in '/home/mbsaloka/Desktop/ros2_ichiro_task/build/odd_num_pubsub' returned '0': CMAKE_PREFIX_PATH=${CMAKE_PREFIX_PATH}:/opt/ros/iron /usr/bin/cmake --install /home/mbsaloka/Desktop/ros2_ichiro_task/build/odd_num_pubsub
