[0.107s] Invoking command in '/home/mbsaloka/Desktop/ros2_ichiro_task/build/robot_controller': CMAKE_PREFIX_PATH=/home/mbsaloka/Desktop/ros2_ichiro_task/install/my_interfaces:/home/mbsaloka/Desktop/ros2_ichiro_task/install/sum_two_num_srvcli:/home/mbsaloka/Desktop/ros2_ichiro_task/install/soccer_pubsub:/home/mbsaloka/Desktop/ros2_ichiro_task/install/robot_localization:/home/mbsaloka/Desktop/ros2_ichiro_task/install/odd_num_pubsub:/home/mbsaloka/Desktop/ros2_ichiro_task/install/my_package:/opt/ros/iron LD_LIBRARY_PATH=/home/mbsaloka/Desktop/ros2_ichiro_task/install/my_interfaces/lib:/home/mbsaloka/Desktop/ros2_ichiro_task/install/robot_localization/lib:/home/mbsaloka/Desktop/ros2_ichiro_task/install/my_package/lib:/opt/ros/iron/opt/rviz_ogre_vendor/lib:/opt/ros/iron/lib/x86_64-linux-gnu:/opt/ros/iron/lib /usr/bin/cmake --build /home/mbsaloka/Desktop/ros2_ichiro_task/build/robot_controller -- -j16 -l16
[0.191s] [35m[1mConsolidate compiler generated dependencies of target robot_controller[0m
[0.237s] [ 50%] [32mBuilding CXX object CMakeFiles/robot_controller.dir/src/RobotController.cpp.o[0m
[6.066s] [100%] [32m[1mLinking CXX executable robot_controller[0m
[6.308s] [100%] Built target robot_controller
[6.326s] Invoked command in '/home/mbsaloka/Desktop/ros2_ichiro_task/build/robot_controller' returned '0': CMAKE_PREFIX_PATH=/home/mbsaloka/Desktop/ros2_ichiro_task/install/my_interfaces:/home/mbsaloka/Desktop/ros2_ichiro_task/install/sum_two_num_srvcli:/home/mbsaloka/Desktop/ros2_ichiro_task/install/soccer_pubsub:/home/mbsaloka/Desktop/ros2_ichiro_task/install/robot_localization:/home/mbsaloka/Desktop/ros2_ichiro_task/install/odd_num_pubsub:/home/mbsaloka/Desktop/ros2_ichiro_task/install/my_package:/opt/ros/iron LD_LIBRARY_PATH=/home/mbsaloka/Desktop/ros2_ichiro_task/install/my_interfaces/lib:/home/mbsaloka/Desktop/ros2_ichiro_task/install/robot_localization/lib:/home/mbsaloka/Desktop/ros2_ichiro_task/install/my_package/lib:/opt/ros/iron/opt/rviz_ogre_vendor/lib:/opt/ros/iron/lib/x86_64-linux-gnu:/opt/ros/iron/lib /usr/bin/cmake --build /home/mbsaloka/Desktop/ros2_ichiro_task/build/robot_controller -- -j16 -l16
[6.389s] Invoking command in '/home/mbsaloka/Desktop/ros2_ichiro_task/build/robot_controller': CMAKE_PREFIX_PATH=/home/mbsaloka/Desktop/ros2_ichiro_task/install/my_interfaces:/home/mbsaloka/Desktop/ros2_ichiro_task/install/sum_two_num_srvcli:/home/mbsaloka/Desktop/ros2_ichiro_task/install/soccer_pubsub:/home/mbsaloka/Desktop/ros2_ichiro_task/install/robot_localization:/home/mbsaloka/Desktop/ros2_ichiro_task/install/odd_num_pubsub:/home/mbsaloka/Desktop/ros2_ichiro_task/install/my_package:/opt/ros/iron LD_LIBRARY_PATH=/home/mbsaloka/Desktop/ros2_ichiro_task/install/my_interfaces/lib:/home/mbsaloka/Desktop/ros2_ichiro_task/install/robot_localization/lib:/home/mbsaloka/Desktop/ros2_ichiro_task/install/my_package/lib:/opt/ros/iron/opt/rviz_ogre_vendor/lib:/opt/ros/iron/lib/x86_64-linux-gnu:/opt/ros/iron/lib /usr/bin/cmake --install /home/mbsaloka/Desktop/ros2_ichiro_task/build/robot_controller
[6.407s] -- Install configuration: ""
[6.408s] -- Installing: /home/mbsaloka/Desktop/ros2_ichiro_task/install/robot_controller/lib/robot_controller/robot_controller
[6.411s] -- Set runtime path of "/home/mbsaloka/Desktop/ros2_ichiro_task/install/robot_controller/lib/robot_controller/robot_controller" to ""
[6.411s] -- Up-to-date: /home/mbsaloka/Desktop/ros2_ichiro_task/install/robot_controller/share/ament_index/resource_index/package_run_dependencies/robot_controller
[6.412s] -- Up-to-date: /home/mbsaloka/Desktop/ros2_ichiro_task/install/robot_controller/share/ament_index/resource_index/parent_prefix_path/robot_controller
[6.412s] -- Up-to-date: /home/mbsaloka/Desktop/ros2_ichiro_task/install/robot_controller/share/robot_controller/environment/ament_prefix_path.sh
[6.412s] -- Up-to-date: /home/mbsaloka/Desktop/ros2_ichiro_task/install/robot_controller/share/robot_controller/environment/ament_prefix_path.dsv
[6.412s] -- Up-to-date: /home/mbsaloka/Desktop/ros2_ichiro_task/install/robot_controller/share/robot_controller/environment/path.sh
[6.412s] -- Up-to-date: /home/mbsaloka/Desktop/ros2_ichiro_task/install/robot_controller/share/robot_controller/environment/path.dsv
[6.413s] -- Up-to-date: /home/mbsaloka/Desktop/ros2_ichiro_task/install/robot_controller/share/robot_controller/local_setup.bash
[6.413s] -- Up-to-date: /home/mbsaloka/Desktop/ros2_ichiro_task/install/robot_controller/share/robot_controller/local_setup.sh
[6.413s] -- Up-to-date: /home/mbsaloka/Desktop/ros2_ichiro_task/install/robot_controller/share/robot_controller/local_setup.zsh
[6.413s] -- Up-to-date: /home/mbsaloka/Desktop/ros2_ichiro_task/install/robot_controller/share/robot_controller/local_setup.dsv
[6.413s] -- Installing: /home/mbsaloka/Desktop/ros2_ichiro_task/install/robot_controller/share/robot_controller/package.dsv
[6.414s] -- Up-to-date: /home/mbsaloka/Desktop/ros2_ichiro_task/install/robot_controller/share/ament_index/resource_index/packages/robot_controller
[6.414s] -- Up-to-date: /home/mbsaloka/Desktop/ros2_ichiro_task/install/robot_controller/share/robot_controller/cmake/robot_controllerConfig.cmake
[6.415s] -- Up-to-date: /home/mbsaloka/Desktop/ros2_ichiro_task/install/robot_controller/share/robot_controller/cmake/robot_controllerConfig-version.cmake
[6.415s] -- Up-to-date: /home/mbsaloka/Desktop/ros2_ichiro_task/install/robot_controller/share/robot_controller/package.xml
[6.416s] Invoked command in '/home/mbsaloka/Desktop/ros2_ichiro_task/build/robot_controller' returned '0': CMAKE_PREFIX_PATH=/home/mbsaloka/Desktop/ros2_ichiro_task/install/my_interfaces:/home/mbsaloka/Desktop/ros2_ichiro_task/install/sum_two_num_srvcli:/home/mbsaloka/Desktop/ros2_ichiro_task/install/soccer_pubsub:/home/mbsaloka/Desktop/ros2_ichiro_task/install/robot_localization:/home/mbsaloka/Desktop/ros2_ichiro_task/install/odd_num_pubsub:/home/mbsaloka/Desktop/ros2_ichiro_task/install/my_package:/opt/ros/iron LD_LIBRARY_PATH=/home/mbsaloka/Desktop/ros2_ichiro_task/install/my_interfaces/lib:/home/mbsaloka/Desktop/ros2_ichiro_task/install/robot_localization/lib:/home/mbsaloka/Desktop/ros2_ichiro_task/install/my_package/lib:/opt/ros/iron/opt/rviz_ogre_vendor/lib:/opt/ros/iron/lib/x86_64-linux-gnu:/opt/ros/iron/lib /usr/bin/cmake --install /home/mbsaloka/Desktop/ros2_ichiro_task/build/robot_controller
