[1.484s] DEBUG:colcon:Command line arguments: ['/usr/bin/colcon', 'build', '--packages-select', 'robot_localization']
[1.484s] DEBUG:colcon:Parsed command line arguments: Namespace(log_base=None, log_level=None, verb_name='build', build_base='build', install_base='install', merge_install=False, symlink_install=False, test_result_base=None, continue_on_error=False, executor='parallel', parallel_workers=16, event_handlers=None, ignore_user_meta=False, metas=['./colcon.meta'], base_paths=['.'], packages_ignore=None, packages_ignore_regex=None, paths=None, packages_up_to=None, packages_up_to_regex=None, packages_above=None, packages_above_and_dependencies=None, packages_above_depth=None, packages_select_by_dep=None, packages_skip_by_dep=None, packages_skip_up_to=None, packages_select_build_failed=False, packages_skip_build_finished=False, packages_select_test_failures=False, packages_skip_test_passed=False, packages_select=['robot_localization'], packages_skip=None, packages_select_regex=None, packages_skip_regex=None, packages_start=None, packages_end=None, allow_overriding=[], cmake_args=None, cmake_target=None, cmake_target_skip_unavailable=False, cmake_clean_cache=False, cmake_clean_first=False, cmake_force_configure=False, ament_cmake_args=None, catkin_cmake_args=None, catkin_skip_building_tests=False, verb_parser=<colcon_defaults.argument_parser.defaults.DefaultArgumentsDecorator object at 0x7fd1230c9ea0>, verb_extension=<colcon_core.verb.build.BuildVerb object at 0x7fd1230c8c70>, main=<bound method BuildVerb.main of <colcon_core.verb.build.BuildVerb object at 0x7fd1230c8c70>>)
[1.584s] Level 1:colcon.colcon_core.package_discovery:discover_packages(colcon_meta) check parameters
[1.584s] Level 1:colcon.colcon_core.package_discovery:discover_packages(recursive) check parameters
[1.584s] Level 1:colcon.colcon_core.package_discovery:discover_packages(ignore) check parameters
[1.584s] Level 1:colcon.colcon_core.package_discovery:discover_packages(path) check parameters
[1.584s] Level 1:colcon.colcon_core.package_discovery:discover_packages(colcon_meta) discover
[1.584s] Level 1:colcon.colcon_core.package_discovery:discover_packages(recursive) discover
[1.584s] INFO:colcon.colcon_core.package_discovery:Crawling recursively for packages in '/home/mbsaloka/Desktop/ros2_ichiro_task'
[1.584s] Level 1:colcon.colcon_core.package_identification:_identify(.) by extensions ['ignore', 'ignore_ament_install']
[1.585s] Level 1:colcon.colcon_core.package_identification:_identify(.) by extension 'ignore'
[1.585s] Level 1:colcon.colcon_core.package_identification:_identify(.) by extension 'ignore_ament_install'
[1.585s] Level 1:colcon.colcon_core.package_identification:_identify(.) by extensions ['colcon_pkg']
[1.585s] Level 1:colcon.colcon_core.package_identification:_identify(.) by extension 'colcon_pkg'
[1.585s] Level 1:colcon.colcon_core.package_identification:_identify(.) by extensions ['colcon_meta']
[1.585s] Level 1:colcon.colcon_core.package_identification:_identify(.) by extension 'colcon_meta'
[1.585s] Level 1:colcon.colcon_core.package_identification:_identify(.) by extensions ['ros']
[1.585s] Level 1:colcon.colcon_core.package_identification:_identify(.) by extension 'ros'
[1.611s] Level 1:colcon.colcon_core.package_identification:_identify(.) by extensions ['cmake', 'python']
[1.611s] Level 1:colcon.colcon_core.package_identification:_identify(.) by extension 'cmake'
[1.611s] Level 1:colcon.colcon_core.package_identification:_identify(.) by extension 'python'
[1.611s] Level 1:colcon.colcon_core.package_identification:_identify(.) by extensions ['python_setup_py']
[1.611s] Level 1:colcon.colcon_core.package_identification:_identify(.) by extension 'python_setup_py'
[1.611s] Level 1:colcon.colcon_core.package_identification:_identify(build) by extensions ['ignore', 'ignore_ament_install']
[1.611s] Level 1:colcon.colcon_core.package_identification:_identify(build) by extension 'ignore'
[1.611s] Level 1:colcon.colcon_core.package_identification:_identify(build) ignored
[1.611s] Level 1:colcon.colcon_core.package_identification:_identify(install) by extensions ['ignore', 'ignore_ament_install']
[1.611s] Level 1:colcon.colcon_core.package_identification:_identify(install) by extension 'ignore'
[1.611s] Level 1:colcon.colcon_core.package_identification:_identify(install) ignored
[1.612s] Level 1:colcon.colcon_core.package_identification:_identify(launch) by extensions ['ignore', 'ignore_ament_install']
[1.612s] Level 1:colcon.colcon_core.package_identification:_identify(launch) by extension 'ignore'
[1.612s] Level 1:colcon.colcon_core.package_identification:_identify(launch) by extension 'ignore_ament_install'
[1.612s] Level 1:colcon.colcon_core.package_identification:_identify(launch) by extensions ['colcon_pkg']
[1.612s] Level 1:colcon.colcon_core.package_identification:_identify(launch) by extension 'colcon_pkg'
[1.612s] Level 1:colcon.colcon_core.package_identification:_identify(launch) by extensions ['colcon_meta']
[1.612s] Level 1:colcon.colcon_core.package_identification:_identify(launch) by extension 'colcon_meta'
[1.612s] Level 1:colcon.colcon_core.package_identification:_identify(launch) by extensions ['ros']
[1.612s] Level 1:colcon.colcon_core.package_identification:_identify(launch) by extension 'ros'
[1.612s] Level 1:colcon.colcon_core.package_identification:_identify(launch) by extensions ['cmake', 'python']
[1.612s] Level 1:colcon.colcon_core.package_identification:_identify(launch) by extension 'cmake'
[1.612s] Level 1:colcon.colcon_core.package_identification:_identify(launch) by extension 'python'
[1.612s] Level 1:colcon.colcon_core.package_identification:_identify(launch) by extensions ['python_setup_py']
[1.612s] Level 1:colcon.colcon_core.package_identification:_identify(launch) by extension 'python_setup_py'
[1.612s] Level 1:colcon.colcon_core.package_identification:_identify(launch/__pycache__) by extensions ['ignore', 'ignore_ament_install']
[1.612s] Level 1:colcon.colcon_core.package_identification:_identify(launch/__pycache__) by extension 'ignore'
[1.612s] Level 1:colcon.colcon_core.package_identification:_identify(launch/__pycache__) by extension 'ignore_ament_install'
[1.613s] Level 1:colcon.colcon_core.package_identification:_identify(launch/__pycache__) by extensions ['colcon_pkg']
[1.613s] Level 1:colcon.colcon_core.package_identification:_identify(launch/__pycache__) by extension 'colcon_pkg'
[1.613s] Level 1:colcon.colcon_core.package_identification:_identify(launch/__pycache__) by extensions ['colcon_meta']
[1.613s] Level 1:colcon.colcon_core.package_identification:_identify(launch/__pycache__) by extension 'colcon_meta'
[1.613s] Level 1:colcon.colcon_core.package_identification:_identify(launch/__pycache__) by extensions ['ros']
[1.613s] Level 1:colcon.colcon_core.package_identification:_identify(launch/__pycache__) by extension 'ros'
[1.613s] Level 1:colcon.colcon_core.package_identification:_identify(launch/__pycache__) by extensions ['cmake', 'python']
[1.613s] Level 1:colcon.colcon_core.package_identification:_identify(launch/__pycache__) by extension 'cmake'
[1.613s] Level 1:colcon.colcon_core.package_identification:_identify(launch/__pycache__) by extension 'python'
[1.613s] Level 1:colcon.colcon_core.package_identification:_identify(launch/__pycache__) by extensions ['python_setup_py']
[1.613s] Level 1:colcon.colcon_core.package_identification:_identify(launch/__pycache__) by extension 'python_setup_py'
[1.613s] Level 1:colcon.colcon_core.package_identification:_identify(log) by extensions ['ignore', 'ignore_ament_install']
[1.613s] Level 1:colcon.colcon_core.package_identification:_identify(log) by extension 'ignore'
[1.613s] Level 1:colcon.colcon_core.package_identification:_identify(log) ignored
[1.614s] Level 1:colcon.colcon_core.package_identification:_identify(src) by extensions ['ignore', 'ignore_ament_install']
[1.614s] Level 1:colcon.colcon_core.package_identification:_identify(src) by extension 'ignore'
[1.614s] Level 1:colcon.colcon_core.package_identification:_identify(src) by extension 'ignore_ament_install'
[1.614s] Level 1:colcon.colcon_core.package_identification:_identify(src) by extensions ['colcon_pkg']
[1.614s] Level 1:colcon.colcon_core.package_identification:_identify(src) by extension 'colcon_pkg'
[1.614s] Level 1:colcon.colcon_core.package_identification:_identify(src) by extensions ['colcon_meta']
[1.614s] Level 1:colcon.colcon_core.package_identification:_identify(src) by extension 'colcon_meta'
[1.614s] Level 1:colcon.colcon_core.package_identification:_identify(src) by extensions ['ros']
[1.614s] Level 1:colcon.colcon_core.package_identification:_identify(src) by extension 'ros'
[1.614s] Level 1:colcon.colcon_core.package_identification:_identify(src) by extensions ['cmake', 'python']
[1.614s] Level 1:colcon.colcon_core.package_identification:_identify(src) by extension 'cmake'
[1.614s] Level 1:colcon.colcon_core.package_identification:_identify(src) by extension 'python'
[1.614s] Level 1:colcon.colcon_core.package_identification:_identify(src) by extensions ['python_setup_py']
[1.614s] Level 1:colcon.colcon_core.package_identification:_identify(src) by extension 'python_setup_py'
[1.614s] Level 1:colcon.colcon_core.package_identification:_identify(src/cpp_parameters) by extensions ['ignore', 'ignore_ament_install']
[1.614s] Level 1:colcon.colcon_core.package_identification:_identify(src/cpp_parameters) by extension 'ignore'
[1.614s] Level 1:colcon.colcon_core.package_identification:_identify(src/cpp_parameters) by extension 'ignore_ament_install'
[1.614s] Level 1:colcon.colcon_core.package_identification:_identify(src/cpp_parameters) by extensions ['colcon_pkg']
[1.614s] Level 1:colcon.colcon_core.package_identification:_identify(src/cpp_parameters) by extension 'colcon_pkg'
[1.615s] Level 1:colcon.colcon_core.package_identification:_identify(src/cpp_parameters) by extensions ['colcon_meta']
[1.615s] Level 1:colcon.colcon_core.package_identification:_identify(src/cpp_parameters) by extension 'colcon_meta'
[1.615s] Level 1:colcon.colcon_core.package_identification:_identify(src/cpp_parameters) by extensions ['ros']
[1.615s] Level 1:colcon.colcon_core.package_identification:_identify(src/cpp_parameters) by extension 'ros'
[1.615s] Level 1:colcon.colcon_core.package_identification:_identify(src/cpp_parameters) by extensions ['cmake', 'python']
[1.615s] Level 1:colcon.colcon_core.package_identification:_identify(src/cpp_parameters) by extension 'cmake'
[1.615s] Level 1:colcon.colcon_core.package_identification:_identify(src/cpp_parameters) by extension 'python'
[1.615s] Level 1:colcon.colcon_core.package_identification:_identify(src/cpp_parameters) by extensions ['python_setup_py']
[1.615s] Level 1:colcon.colcon_core.package_identification:_identify(src/cpp_parameters) by extension 'python_setup_py'
[1.615s] Level 1:colcon.colcon_core.package_identification:_identify(src/cpp_parameters/include) by extensions ['ignore', 'ignore_ament_install']
[1.615s] Level 1:colcon.colcon_core.package_identification:_identify(src/cpp_parameters/include) by extension 'ignore'
[1.615s] Level 1:colcon.colcon_core.package_identification:_identify(src/cpp_parameters/include) by extension 'ignore_ament_install'
[1.615s] Level 1:colcon.colcon_core.package_identification:_identify(src/cpp_parameters/include) by extensions ['colcon_pkg']
[1.615s] Level 1:colcon.colcon_core.package_identification:_identify(src/cpp_parameters/include) by extension 'colcon_pkg'
[1.615s] Level 1:colcon.colcon_core.package_identification:_identify(src/cpp_parameters/include) by extensions ['colcon_meta']
[1.615s] Level 1:colcon.colcon_core.package_identification:_identify(src/cpp_parameters/include) by extension 'colcon_meta'
[1.615s] Level 1:colcon.colcon_core.package_identification:_identify(src/cpp_parameters/include) by extensions ['ros']
[1.615s] Level 1:colcon.colcon_core.package_identification:_identify(src/cpp_parameters/include) by extension 'ros'
[1.615s] Level 1:colcon.colcon_core.package_identification:_identify(src/cpp_parameters/include) by extensions ['cmake', 'python']
[1.615s] Level 1:colcon.colcon_core.package_identification:_identify(src/cpp_parameters/include) by extension 'cmake'
[1.616s] Level 1:colcon.colcon_core.package_identification:_identify(src/cpp_parameters/include) by extension 'python'
[1.616s] Level 1:colcon.colcon_core.package_identification:_identify(src/cpp_parameters/include) by extensions ['python_setup_py']
[1.616s] Level 1:colcon.colcon_core.package_identification:_identify(src/cpp_parameters/include) by extension 'python_setup_py'
[1.616s] Level 1:colcon.colcon_core.package_identification:_identify(src/cpp_parameters/include/cpp_parameters) by extensions ['ignore', 'ignore_ament_install']
[1.616s] Level 1:colcon.colcon_core.package_identification:_identify(src/cpp_parameters/include/cpp_parameters) by extension 'ignore'
[1.616s] Level 1:colcon.colcon_core.package_identification:_identify(src/cpp_parameters/include/cpp_parameters) by extension 'ignore_ament_install'
[1.616s] Level 1:colcon.colcon_core.package_identification:_identify(src/cpp_parameters/include/cpp_parameters) by extensions ['colcon_pkg']
[1.616s] Level 1:colcon.colcon_core.package_identification:_identify(src/cpp_parameters/include/cpp_parameters) by extension 'colcon_pkg'
[1.616s] Level 1:colcon.colcon_core.package_identification:_identify(src/cpp_parameters/include/cpp_parameters) by extensions ['colcon_meta']
[1.616s] Level 1:colcon.colcon_core.package_identification:_identify(src/cpp_parameters/include/cpp_parameters) by extension 'colcon_meta'
[1.616s] Level 1:colcon.colcon_core.package_identification:_identify(src/cpp_parameters/include/cpp_parameters) by extensions ['ros']
[1.616s] Level 1:colcon.colcon_core.package_identification:_identify(src/cpp_parameters/include/cpp_parameters) by extension 'ros'
[1.616s] Level 1:colcon.colcon_core.package_identification:_identify(src/cpp_parameters/include/cpp_parameters) by extensions ['cmake', 'python']
[1.616s] Level 1:colcon.colcon_core.package_identification:_identify(src/cpp_parameters/include/cpp_parameters) by extension 'cmake'
[1.616s] Level 1:colcon.colcon_core.package_identification:_identify(src/cpp_parameters/include/cpp_parameters) by extension 'python'
[1.616s] Level 1:colcon.colcon_core.package_identification:_identify(src/cpp_parameters/include/cpp_parameters) by extensions ['python_setup_py']
[1.616s] Level 1:colcon.colcon_core.package_identification:_identify(src/cpp_parameters/include/cpp_parameters) by extension 'python_setup_py'
[1.616s] Level 1:colcon.colcon_core.package_identification:_identify(src/my_interfaces) by extensions ['ignore', 'ignore_ament_install']
[1.617s] Level 1:colcon.colcon_core.package_identification:_identify(src/my_interfaces) by extension 'ignore'
[1.617s] Level 1:colcon.colcon_core.package_identification:_identify(src/my_interfaces) by extension 'ignore_ament_install'
[1.617s] Level 1:colcon.colcon_core.package_identification:_identify(src/my_interfaces) by extensions ['colcon_pkg']
[1.617s] Level 1:colcon.colcon_core.package_identification:_identify(src/my_interfaces) by extension 'colcon_pkg'
[1.617s] Level 1:colcon.colcon_core.package_identification:_identify(src/my_interfaces) by extensions ['colcon_meta']
[1.617s] Level 1:colcon.colcon_core.package_identification:_identify(src/my_interfaces) by extension 'colcon_meta'
[1.617s] Level 1:colcon.colcon_core.package_identification:_identify(src/my_interfaces) by extensions ['ros']
[1.617s] Level 1:colcon.colcon_core.package_identification:_identify(src/my_interfaces) by extension 'ros'
[1.622s] DEBUG:colcon.colcon_core.package_identification:Package 'src/my_interfaces' with type 'ros.ament_cmake' and name 'my_interfaces'
[1.622s] Level 1:colcon.colcon_core.package_identification:_identify(src/odd_num_pubsub) by extensions ['ignore', 'ignore_ament_install']
[1.622s] Level 1:colcon.colcon_core.package_identification:_identify(src/odd_num_pubsub) by extension 'ignore'
[1.622s] Level 1:colcon.colcon_core.package_identification:_identify(src/odd_num_pubsub) by extension 'ignore_ament_install'
[1.622s] Level 1:colcon.colcon_core.package_identification:_identify(src/odd_num_pubsub) by extensions ['colcon_pkg']
[1.622s] Level 1:colcon.colcon_core.package_identification:_identify(src/odd_num_pubsub) by extension 'colcon_pkg'
[1.622s] Level 1:colcon.colcon_core.package_identification:_identify(src/odd_num_pubsub) by extensions ['colcon_meta']
[1.622s] Level 1:colcon.colcon_core.package_identification:_identify(src/odd_num_pubsub) by extension 'colcon_meta'
[1.622s] Level 1:colcon.colcon_core.package_identification:_identify(src/odd_num_pubsub) by extensions ['ros']
[1.622s] Level 1:colcon.colcon_core.package_identification:_identify(src/odd_num_pubsub) by extension 'ros'
[1.624s] DEBUG:colcon.colcon_core.package_identification:Package 'src/odd_num_pubsub' with type 'ros.ament_cmake' and name 'odd_num_pubsub'
[1.624s] Level 1:colcon.colcon_core.package_identification:_identify(src/robot_localization) by extensions ['ignore', 'ignore_ament_install']
[1.624s] Level 1:colcon.colcon_core.package_identification:_identify(src/robot_localization) by extension 'ignore'
[1.624s] Level 1:colcon.colcon_core.package_identification:_identify(src/robot_localization) by extension 'ignore_ament_install'
[1.624s] Level 1:colcon.colcon_core.package_identification:_identify(src/robot_localization) by extensions ['colcon_pkg']
[1.624s] Level 1:colcon.colcon_core.package_identification:_identify(src/robot_localization) by extension 'colcon_pkg'
[1.624s] Level 1:colcon.colcon_core.package_identification:_identify(src/robot_localization) by extensions ['colcon_meta']
[1.624s] Level 1:colcon.colcon_core.package_identification:_identify(src/robot_localization) by extension 'colcon_meta'
[1.624s] Level 1:colcon.colcon_core.package_identification:_identify(src/robot_localization) by extensions ['ros']
[1.624s] Level 1:colcon.colcon_core.package_identification:_identify(src/robot_localization) by extension 'ros'
[1.625s] DEBUG:colcon.colcon_core.package_identification:Package 'src/robot_localization' with type 'ros.ament_cmake' and name 'robot_localization'
[1.626s] Level 1:colcon.colcon_core.package_identification:_identify(src/soccer_pubsub) by extensions ['ignore', 'ignore_ament_install']
[1.626s] Level 1:colcon.colcon_core.package_identification:_identify(src/soccer_pubsub) by extension 'ignore'
[1.626s] Level 1:colcon.colcon_core.package_identification:_identify(src/soccer_pubsub) by extension 'ignore_ament_install'
[1.626s] Level 1:colcon.colcon_core.package_identification:_identify(src/soccer_pubsub) by extensions ['colcon_pkg']
[1.626s] Level 1:colcon.colcon_core.package_identification:_identify(src/soccer_pubsub) by extension 'colcon_pkg'
[1.626s] Level 1:colcon.colcon_core.package_identification:_identify(src/soccer_pubsub) by extensions ['colcon_meta']
[1.626s] Level 1:colcon.colcon_core.package_identification:_identify(src/soccer_pubsub) by extension 'colcon_meta'
[1.626s] Level 1:colcon.colcon_core.package_identification:_identify(src/soccer_pubsub) by extensions ['ros']
[1.626s] Level 1:colcon.colcon_core.package_identification:_identify(src/soccer_pubsub) by extension 'ros'
[1.627s] DEBUG:colcon.colcon_core.package_identification:Package 'src/soccer_pubsub' with type 'ros.ament_cmake' and name 'soccer_pubsub'
[1.627s] Level 1:colcon.colcon_core.package_identification:_identify(src/sum_two_num_srvcli) by extensions ['ignore', 'ignore_ament_install']
[1.628s] Level 1:colcon.colcon_core.package_identification:_identify(src/sum_two_num_srvcli) by extension 'ignore'
[1.628s] Level 1:colcon.colcon_core.package_identification:_identify(src/sum_two_num_srvcli) by extension 'ignore_ament_install'
[1.628s] Level 1:colcon.colcon_core.package_identification:_identify(src/sum_two_num_srvcli) by extensions ['colcon_pkg']
[1.628s] Level 1:colcon.colcon_core.package_identification:_identify(src/sum_two_num_srvcli) by extension 'colcon_pkg'
[1.628s] Level 1:colcon.colcon_core.package_identification:_identify(src/sum_two_num_srvcli) by extensions ['colcon_meta']
[1.628s] Level 1:colcon.colcon_core.package_identification:_identify(src/sum_two_num_srvcli) by extension 'colcon_meta'
[1.628s] Level 1:colcon.colcon_core.package_identification:_identify(src/sum_two_num_srvcli) by extensions ['ros']
[1.628s] Level 1:colcon.colcon_core.package_identification:_identify(src/sum_two_num_srvcli) by extension 'ros'
[1.629s] DEBUG:colcon.colcon_core.package_identification:Package 'src/sum_two_num_srvcli' with type 'ros.ament_cmake' and name 'sum_two_num_srvcli'
[1.629s] Level 1:colcon.colcon_core.package_discovery:discover_packages(recursive) using defaults
[1.629s] Level 1:colcon.colcon_core.package_discovery:discover_packages(ignore) discover
[1.629s] Level 1:colcon.colcon_core.package_discovery:discover_packages(ignore) using defaults
[1.629s] Level 1:colcon.colcon_core.package_discovery:discover_packages(path) discover
[1.629s] Level 1:colcon.colcon_core.package_discovery:discover_packages(path) using defaults
[1.729s] INFO:colcon.colcon_core.package_selection:Skipping not selected package 'my_interfaces' in 'src/my_interfaces'
[1.729s] INFO:colcon.colcon_core.package_selection:Skipping not selected package 'odd_num_pubsub' in 'src/odd_num_pubsub'
[1.729s] INFO:colcon.colcon_core.package_selection:Skipping not selected package 'sum_two_num_srvcli' in 'src/sum_two_num_srvcli'
[1.729s] INFO:colcon.colcon_core.package_selection:Skipping not selected package 'soccer_pubsub' in 'src/soccer_pubsub'
[1.768s] Level 1:colcon.colcon_core.package_discovery:discover_packages(prefix_path) check parameters
[1.768s] Level 1:colcon.colcon_core.package_discovery:discover_packages(prefix_path) discover
[1.812s] DEBUG:colcon.colcon_installed_package_information.package_discovery:Found 324 installed packages in /opt/ros/iron
[1.814s] Level 1:colcon.colcon_core.package_discovery:discover_packages(prefix_path) using defaults
[2.004s] Level 5:colcon.colcon_core.verb:set package 'robot_localization' build argument 'cmake_args' from command line to 'None'
[2.004s] Level 5:colcon.colcon_core.verb:set package 'robot_localization' build argument 'cmake_target' from command line to 'None'
[2.004s] Level 5:colcon.colcon_core.verb:set package 'robot_localization' build argument 'cmake_target_skip_unavailable' from command line to 'False'
[2.004s] Level 5:colcon.colcon_core.verb:set package 'robot_localization' build argument 'cmake_clean_cache' from command line to 'False'
[2.004s] Level 5:colcon.colcon_core.verb:set package 'robot_localization' build argument 'cmake_clean_first' from command line to 'False'
[2.004s] Level 5:colcon.colcon_core.verb:set package 'robot_localization' build argument 'cmake_force_configure' from command line to 'False'
[2.004s] Level 5:colcon.colcon_core.verb:set package 'robot_localization' build argument 'ament_cmake_args' from command line to 'None'
[2.004s] Level 5:colcon.colcon_core.verb:set package 'robot_localization' build argument 'catkin_cmake_args' from command line to 'None'
[2.004s] Level 5:colcon.colcon_core.verb:set package 'robot_localization' build argument 'catkin_skip_building_tests' from command line to 'False'
[2.004s] DEBUG:colcon.colcon_core.verb:Building package 'robot_localization' with the following arguments: {'ament_cmake_args': None, 'build_base': '/home/mbsaloka/Desktop/ros2_ichiro_task/build/robot_localization', 'catkin_cmake_args': None, 'catkin_skip_building_tests': False, 'cmake_args': None, 'cmake_clean_cache': False, 'cmake_clean_first': False, 'cmake_force_configure': False, 'cmake_target': None, 'cmake_target_skip_unavailable': False, 'install_base': '/home/mbsaloka/Desktop/ros2_ichiro_task/install/robot_localization', 'merge_install': False, 'path': '/home/mbsaloka/Desktop/ros2_ichiro_task/src/robot_localization', 'symlink_install': False, 'test_result_base': None}
[2.021s] INFO:colcon.colcon_core.executor:Executing jobs using 'parallel' executor
[2.040s] DEBUG:colcon.colcon_parallel_executor.executor.parallel:run_until_complete
[2.041s] INFO:colcon.colcon_ros.task.ament_cmake.build:Building ROS package in '/home/mbsaloka/Desktop/ros2_ichiro_task/src/robot_localization' with build type 'ament_cmake'
[2.041s] INFO:colcon.colcon_cmake.task.cmake.build:Building CMake package in '/home/mbsaloka/Desktop/ros2_ichiro_task/src/robot_localization'
[2.075s] INFO:colcon.colcon_core.plugin_system:Skipping extension 'colcon_core.shell.bat': Not used on non-Windows systems
[2.075s] INFO:colcon.colcon_core.shell:Skip shell extension 'powershell' for command environment: Not usable outside of PowerShell
[2.075s] DEBUG:colcon.colcon_core.shell:Skip shell extension 'dsv' for command environment
[2.145s] DEBUG:colcon.colcon_core.event_handler.log_command:Invoking command in '/home/mbsaloka/Desktop/ros2_ichiro_task/build/robot_localization': AMENT_PREFIX_PATH=/home/mbsaloka/Desktop/ros2_ichiro_task/install/my_interfaces:${AMENT_PREFIX_PATH} CMAKE_PREFIX_PATH=/home/mbsaloka/Desktop/ros2_ichiro_task/install/my_interfaces:/opt/ros/iron LD_LIBRARY_PATH=/home/mbsaloka/Desktop/ros2_ichiro_task/install/my_interfaces/lib:${LD_LIBRARY_PATH} PYTHONPATH=/home/mbsaloka/Desktop/ros2_ichiro_task/install/my_interfaces/lib/python3.10/site-packages:${PYTHONPATH} /usr/bin/cmake --build /home/mbsaloka/Desktop/ros2_ichiro_task/build/robot_localization -- -j16 -l16
[32.085s] DEBUG:colcon.colcon_core.event_handler.log_command:Invoked command in '/home/mbsaloka/Desktop/ros2_ichiro_task/build/robot_localization' returned '0': AMENT_PREFIX_PATH=/home/mbsaloka/Desktop/ros2_ichiro_task/install/my_interfaces:${AMENT_PREFIX_PATH} CMAKE_PREFIX_PATH=/home/mbsaloka/Desktop/ros2_ichiro_task/install/my_interfaces:/opt/ros/iron LD_LIBRARY_PATH=/home/mbsaloka/Desktop/ros2_ichiro_task/install/my_interfaces/lib:${LD_LIBRARY_PATH} PYTHONPATH=/home/mbsaloka/Desktop/ros2_ichiro_task/install/my_interfaces/lib/python3.10/site-packages:${PYTHONPATH} /usr/bin/cmake --build /home/mbsaloka/Desktop/ros2_ichiro_task/build/robot_localization -- -j16 -l16
[32.165s] DEBUG:colcon.colcon_core.event_handler.log_command:Invoking command in '/home/mbsaloka/Desktop/ros2_ichiro_task/build/robot_localization': AMENT_PREFIX_PATH=/home/mbsaloka/Desktop/ros2_ichiro_task/install/my_interfaces:${AMENT_PREFIX_PATH} CMAKE_PREFIX_PATH=/home/mbsaloka/Desktop/ros2_ichiro_task/install/my_interfaces:/opt/ros/iron LD_LIBRARY_PATH=/home/mbsaloka/Desktop/ros2_ichiro_task/install/my_interfaces/lib:${LD_LIBRARY_PATH} PYTHONPATH=/home/mbsaloka/Desktop/ros2_ichiro_task/install/my_interfaces/lib/python3.10/site-packages:${PYTHONPATH} /usr/bin/cmake --install /home/mbsaloka/Desktop/ros2_ichiro_task/build/robot_localization
[32.230s] Level 1:colcon.colcon_core.environment:create_environment_scripts_only(robot_localization)
[32.230s] DEBUG:colcon.colcon_core.event_handler.log_command:Invoked command in '/home/mbsaloka/Desktop/ros2_ichiro_task/build/robot_localization' returned '0': AMENT_PREFIX_PATH=/home/mbsaloka/Desktop/ros2_ichiro_task/install/my_interfaces:${AMENT_PREFIX_PATH} CMAKE_PREFIX_PATH=/home/mbsaloka/Desktop/ros2_ichiro_task/install/my_interfaces:/opt/ros/iron LD_LIBRARY_PATH=/home/mbsaloka/Desktop/ros2_ichiro_task/install/my_interfaces/lib:${LD_LIBRARY_PATH} PYTHONPATH=/home/mbsaloka/Desktop/ros2_ichiro_task/install/my_interfaces/lib/python3.10/site-packages:${PYTHONPATH} /usr/bin/cmake --install /home/mbsaloka/Desktop/ros2_ichiro_task/build/robot_localization
[32.304s] Level 1:colcon.colcon_core.environment:checking '/home/mbsaloka/Desktop/ros2_ichiro_task/install/robot_localization' for CMake module files
[32.305s] Level 1:colcon.colcon_core.environment:checking '/home/mbsaloka/Desktop/ros2_ichiro_task/install/robot_localization' for CMake config files
[32.306s] Level 1:colcon.colcon_core.shell:create_environment_hook('robot_localization', 'cmake_prefix_path')
[32.327s] INFO:colcon.colcon_core.shell:Creating environment hook '/home/mbsaloka/Desktop/ros2_ichiro_task/install/robot_localization/share/robot_localization/hook/cmake_prefix_path.ps1'
[32.328s] INFO:colcon.colcon_core.shell:Creating environment descriptor '/home/mbsaloka/Desktop/ros2_ichiro_task/install/robot_localization/share/robot_localization/hook/cmake_prefix_path.dsv'
[32.329s] INFO:colcon.colcon_core.shell:Creating environment hook '/home/mbsaloka/Desktop/ros2_ichiro_task/install/robot_localization/share/robot_localization/hook/cmake_prefix_path.sh'
[32.331s] Level 1:colcon.colcon_core.environment:checking '/home/mbsaloka/Desktop/ros2_ichiro_task/install/robot_localization/lib'
[32.331s] Level 1:colcon.colcon_core.shell:create_environment_hook('robot_localization', 'ld_library_path_lib')
[32.355s] INFO:colcon.colcon_core.shell:Creating environment hook '/home/mbsaloka/Desktop/ros2_ichiro_task/install/robot_localization/share/robot_localization/hook/ld_library_path_lib.ps1'
[32.356s] INFO:colcon.colcon_core.shell:Creating environment descriptor '/home/mbsaloka/Desktop/ros2_ichiro_task/install/robot_localization/share/robot_localization/hook/ld_library_path_lib.dsv'
[32.356s] INFO:colcon.colcon_core.shell:Creating environment hook '/home/mbsaloka/Desktop/ros2_ichiro_task/install/robot_localization/share/robot_localization/hook/ld_library_path_lib.sh'
[32.357s] Level 1:colcon.colcon_core.environment:checking '/home/mbsaloka/Desktop/ros2_ichiro_task/install/robot_localization/bin'
[32.357s] Level 1:colcon.colcon_core.environment:checking '/home/mbsaloka/Desktop/ros2_ichiro_task/install/robot_localization/lib/pkgconfig/robot_localization.pc'
[32.357s] Level 1:colcon.colcon_core.environment:checking '/home/mbsaloka/Desktop/ros2_ichiro_task/install/robot_localization/lib/python3.10/site-packages'
[32.358s] Level 1:colcon.colcon_core.environment:checking '/home/mbsaloka/Desktop/ros2_ichiro_task/install/robot_localization/bin'
[32.375s] INFO:colcon.colcon_core.shell:Creating package script '/home/mbsaloka/Desktop/ros2_ichiro_task/install/robot_localization/share/robot_localization/package.ps1'
[32.376s] INFO:colcon.colcon_core.shell:Creating package descriptor '/home/mbsaloka/Desktop/ros2_ichiro_task/install/robot_localization/share/robot_localization/package.dsv'
[32.377s] INFO:colcon.colcon_core.shell:Creating package script '/home/mbsaloka/Desktop/ros2_ichiro_task/install/robot_localization/share/robot_localization/package.sh'
[32.378s] INFO:colcon.colcon_core.shell:Creating package script '/home/mbsaloka/Desktop/ros2_ichiro_task/install/robot_localization/share/robot_localization/package.bash'
[32.379s] INFO:colcon.colcon_core.shell:Creating package script '/home/mbsaloka/Desktop/ros2_ichiro_task/install/robot_localization/share/robot_localization/package.zsh'
[32.380s] Level 1:colcon.colcon_core.environment:create_file_with_runtime_dependencies(/home/mbsaloka/Desktop/ros2_ichiro_task/install/robot_localization/share/colcon-core/packages/robot_localization)
[32.463s] Level 1:colcon.colcon_core.environment:create_environment_scripts_only(robot_localization)
[32.480s] Level 1:colcon.colcon_core.environment:checking '/home/mbsaloka/Desktop/ros2_ichiro_task/install/robot_localization' for CMake module files
[32.481s] Level 1:colcon.colcon_core.environment:checking '/home/mbsaloka/Desktop/ros2_ichiro_task/install/robot_localization' for CMake config files
[32.481s] Level 1:colcon.colcon_core.shell:create_environment_hook('robot_localization', 'cmake_prefix_path')
[32.501s] INFO:colcon.colcon_core.shell:Creating environment hook '/home/mbsaloka/Desktop/ros2_ichiro_task/install/robot_localization/share/robot_localization/hook/cmake_prefix_path.ps1'
[32.501s] INFO:colcon.colcon_core.shell:Creating environment descriptor '/home/mbsaloka/Desktop/ros2_ichiro_task/install/robot_localization/share/robot_localization/hook/cmake_prefix_path.dsv'
[32.502s] INFO:colcon.colcon_core.shell:Creating environment hook '/home/mbsaloka/Desktop/ros2_ichiro_task/install/robot_localization/share/robot_localization/hook/cmake_prefix_path.sh'
[32.502s] Level 1:colcon.colcon_core.environment:checking '/home/mbsaloka/Desktop/ros2_ichiro_task/install/robot_localization/lib'
[32.503s] Level 1:colcon.colcon_core.shell:create_environment_hook('robot_localization', 'ld_library_path_lib')
[32.522s] INFO:colcon.colcon_core.shell:Creating environment hook '/home/mbsaloka/Desktop/ros2_ichiro_task/install/robot_localization/share/robot_localization/hook/ld_library_path_lib.ps1'
[32.523s] INFO:colcon.colcon_core.shell:Creating environment descriptor '/home/mbsaloka/Desktop/ros2_ichiro_task/install/robot_localization/share/robot_localization/hook/ld_library_path_lib.dsv'
[32.523s] INFO:colcon.colcon_core.shell:Creating environment hook '/home/mbsaloka/Desktop/ros2_ichiro_task/install/robot_localization/share/robot_localization/hook/ld_library_path_lib.sh'
[32.524s] Level 1:colcon.colcon_core.environment:checking '/home/mbsaloka/Desktop/ros2_ichiro_task/install/robot_localization/bin'
[32.524s] Level 1:colcon.colcon_core.environment:checking '/home/mbsaloka/Desktop/ros2_ichiro_task/install/robot_localization/lib/pkgconfig/robot_localization.pc'
[32.524s] Level 1:colcon.colcon_core.environment:checking '/home/mbsaloka/Desktop/ros2_ichiro_task/install/robot_localization/lib/python3.10/site-packages'
[32.525s] Level 1:colcon.colcon_core.environment:checking '/home/mbsaloka/Desktop/ros2_ichiro_task/install/robot_localization/bin'
[32.549s] INFO:colcon.colcon_core.shell:Creating package script '/home/mbsaloka/Desktop/ros2_ichiro_task/install/robot_localization/share/robot_localization/package.ps1'
[32.550s] INFO:colcon.colcon_core.shell:Creating package descriptor '/home/mbsaloka/Desktop/ros2_ichiro_task/install/robot_localization/share/robot_localization/package.dsv'
[32.551s] INFO:colcon.colcon_core.shell:Creating package script '/home/mbsaloka/Desktop/ros2_ichiro_task/install/robot_localization/share/robot_localization/package.sh'
[32.551s] INFO:colcon.colcon_core.shell:Creating package script '/home/mbsaloka/Desktop/ros2_ichiro_task/install/robot_localization/share/robot_localization/package.bash'
[32.552s] INFO:colcon.colcon_core.shell:Creating package script '/home/mbsaloka/Desktop/ros2_ichiro_task/install/robot_localization/share/robot_localization/package.zsh'
[32.552s] Level 1:colcon.colcon_core.environment:create_file_with_runtime_dependencies(/home/mbsaloka/Desktop/ros2_ichiro_task/install/robot_localization/share/colcon-core/packages/robot_localization)
[32.552s] DEBUG:colcon.colcon_parallel_executor.executor.parallel:closing loop
[32.553s] DEBUG:colcon.colcon_parallel_executor.executor.parallel:loop closed
[32.553s] DEBUG:colcon.colcon_parallel_executor.executor.parallel:run_until_complete finished with '0'
[32.553s] DEBUG:colcon.colcon_core.event_reactor:joining thread
[32.587s] INFO:colcon.colcon_core.plugin_system:Skipping extension 'colcon_notification.desktop_notification.terminal_notifier': Not used on non-Darwin systems
[32.587s] INFO:colcon.colcon_core.plugin_system:Skipping extension 'colcon_notification.desktop_notification.win32': Not used on non-Windows systems
[32.588s] INFO:colcon.colcon_notification.desktop_notification:Sending desktop notification using 'notify2'
[32.676s] DEBUG:colcon.colcon_core.event_reactor:joined thread
[32.701s] INFO:colcon.colcon_core.shell:Creating prefix script '/home/mbsaloka/Desktop/ros2_ichiro_task/install/local_setup.ps1'
[32.703s] INFO:colcon.colcon_core.shell:Creating prefix util module '/home/mbsaloka/Desktop/ros2_ichiro_task/install/_local_setup_util_ps1.py'
[32.705s] INFO:colcon.colcon_core.shell:Creating prefix chain script '/home/mbsaloka/Desktop/ros2_ichiro_task/install/setup.ps1'
[32.732s] INFO:colcon.colcon_core.shell:Creating prefix script '/home/mbsaloka/Desktop/ros2_ichiro_task/install/local_setup.sh'
[32.733s] INFO:colcon.colcon_core.shell:Creating prefix util module '/home/mbsaloka/Desktop/ros2_ichiro_task/install/_local_setup_util_sh.py'
[32.733s] INFO:colcon.colcon_core.shell:Creating prefix chain script '/home/mbsaloka/Desktop/ros2_ichiro_task/install/setup.sh'
[32.767s] INFO:colcon.colcon_core.shell:Creating prefix script '/home/mbsaloka/Desktop/ros2_ichiro_task/install/local_setup.bash'
[32.768s] INFO:colcon.colcon_core.shell:Creating prefix chain script '/home/mbsaloka/Desktop/ros2_ichiro_task/install/setup.bash'
[32.809s] INFO:colcon.colcon_core.shell:Creating prefix script '/home/mbsaloka/Desktop/ros2_ichiro_task/install/local_setup.zsh'
[32.810s] INFO:colcon.colcon_core.shell:Creating prefix chain script '/home/mbsaloka/Desktop/ros2_ichiro_task/install/setup.zsh'
