[0.080s] Invoking command in '/home/mbsaloka/Desktop/ros2_ichiro_task/build/cpp_parameters': CMAKE_PREFIX_PATH=${CMAKE_PREFIX_PATH}:/home/mbsaloka/Desktop/ros2_ichiro_task/install/launch_tutorial:/opt/ros/iron /usr/bin/cmake --build /home/mbsaloka/Desktop/ros2_ichiro_task/build/cpp_parameters -- -j16 -l16
[0.158s] [ 50%] [32mBuilding CXX object CMakeFiles/my_node.dir/src/my_node.cpp.o[0m
[3.700s] [100%] [32m[1mLinking CXX executable my_node[0m
[3.834s] [100%] Built target my_node
[3.847s] Invoked command in '/home/mbsaloka/Desktop/ros2_ichiro_task/build/cpp_parameters' returned '0': CMAKE_PREFIX_PATH=${CMAKE_PREFIX_PATH}:/home/mbsaloka/Desktop/ros2_ichiro_task/install/launch_tutorial:/opt/ros/iron /usr/bin/cmake --build /home/mbsaloka/Desktop/ros2_ichiro_task/build/cpp_parameters -- -j16 -l16
[3.896s] Invoking command in '/home/mbsaloka/Desktop/ros2_ichiro_task/build/cpp_parameters': CMAKE_PREFIX_PATH=${CMAKE_PREFIX_PATH}:/home/mbsaloka/Desktop/ros2_ichiro_task/install/launch_tutorial:/opt/ros/iron /usr/bin/cmake --install /home/mbsaloka/Desktop/ros2_ichiro_task/build/cpp_parameters
[3.904s] -- Install configuration: ""
[3.904s] -- Installing: /home/mbsaloka/Desktop/ros2_ichiro_task/install/cpp_parameters/lib/cpp_parameters/my_node
[3.904s] -- Set runtime path of "/home/mbsaloka/Desktop/ros2_ichiro_task/install/cpp_parameters/lib/cpp_parameters/my_node" to ""
[3.904s] -- Up-to-date: /home/mbsaloka/Desktop/ros2_ichiro_task/install/cpp_parameters/share/cpp_parameters/launch
[3.905s] -- Up-to-date: /home/mbsaloka/Desktop/ros2_ichiro_task/install/cpp_parameters/share/cpp_parameters/launch/launch.py
[3.905s] -- Up-to-date: /home/mbsaloka/Desktop/ros2_ichiro_task/install/cpp_parameters/share/ament_index/resource_index/package_run_dependencies/cpp_parameters
[3.905s] -- Up-to-date: /home/mbsaloka/Desktop/ros2_ichiro_task/install/cpp_parameters/share/ament_index/resource_index/parent_prefix_path/cpp_parameters
[3.905s] -- Up-to-date: /home/mbsaloka/Desktop/ros2_ichiro_task/install/cpp_parameters/share/cpp_parameters/environment/ament_prefix_path.sh
[3.905s] -- Up-to-date: /home/mbsaloka/Desktop/ros2_ichiro_task/install/cpp_parameters/share/cpp_parameters/environment/ament_prefix_path.dsv
[3.905s] -- Up-to-date: /home/mbsaloka/Desktop/ros2_ichiro_task/install/cpp_parameters/share/cpp_parameters/environment/path.sh
[3.905s] -- Up-to-date: /home/mbsaloka/Desktop/ros2_ichiro_task/install/cpp_parameters/share/cpp_parameters/environment/path.dsv
[3.905s] -- Up-to-date: /home/mbsaloka/Desktop/ros2_ichiro_task/install/cpp_parameters/share/cpp_parameters/local_setup.bash
[3.905s] -- Up-to-date: /home/mbsaloka/Desktop/ros2_ichiro_task/install/cpp_parameters/share/cpp_parameters/local_setup.sh
[3.905s] -- Up-to-date: /home/mbsaloka/Desktop/ros2_ichiro_task/install/cpp_parameters/share/cpp_parameters/local_setup.zsh
[3.905s] -- Up-to-date: /home/mbsaloka/Desktop/ros2_ichiro_task/install/cpp_parameters/share/cpp_parameters/local_setup.dsv
[3.905s] -- Installing: /home/mbsaloka/Desktop/ros2_ichiro_task/install/cpp_parameters/share/cpp_parameters/package.dsv
[3.905s] -- Up-to-date: /home/mbsaloka/Desktop/ros2_ichiro_task/install/cpp_parameters/share/ament_index/resource_index/packages/cpp_parameters
[3.905s] -- Up-to-date: /home/mbsaloka/Desktop/ros2_ichiro_task/install/cpp_parameters/share/cpp_parameters/cmake/cpp_parametersConfig.cmake
[3.905s] -- Up-to-date: /home/mbsaloka/Desktop/ros2_ichiro_task/install/cpp_parameters/share/cpp_parameters/cmake/cpp_parametersConfig-version.cmake
[3.905s] -- Up-to-date: /home/mbsaloka/Desktop/ros2_ichiro_task/install/cpp_parameters/share/cpp_parameters/package.xml
[3.907s] Invoked command in '/home/mbsaloka/Desktop/ros2_ichiro_task/build/cpp_parameters' returned '0': CMAKE_PREFIX_PATH=${CMAKE_PREFIX_PATH}:/home/mbsaloka/Desktop/ros2_ichiro_task/install/launch_tutorial:/opt/ros/iron /usr/bin/cmake --install /home/mbsaloka/Desktop/ros2_ichiro_task/build/cpp_parameters
