[  1%] Built target my_interfaces__rosidl_generator_type_description
[  1%] Built target ament_cmake_python_copy_my_interfaces
[  2%] Built target my_interfaces__cpp
[ 25%] Built target my_interfaces__rosidl_generator_c
[ 44%] Built target my_interfaces__rosidl_typesupport_introspection_c
[ 44%] Built target my_interfaces__rosidl_typesupport_cpp
[ 54%] Built target my_interfaces__rosidl_typesupport_fastrtps_cpp
[ 63%] Built target my_interfaces__rosidl_typesupport_introspection_cpp
[ 72%] Built target my_interfaces__rosidl_typesupport_fastrtps_c
[ 82%] Built target my_interfaces__rosidl_typesupport_c
[ 82%] Built target my_interfaces
[ 83%] Built target my_interfaces__py
[ 91%] Built target my_interfaces__rosidl_generator_py
[ 98%] Built target my_interfaces__rosidl_typesupport_c__pyext
[ 98%] Built target my_interfaces__rosidl_typesupport_introspection_c__pyext
[100%] Built target my_interfaces__rosidl_typesupport_fastrtps_c__pyext
running egg_info
writing my_interfaces.egg-info/PKG-INFO
writing dependency_links to my_interfaces.egg-info/dependency_links.txt
writing top-level names to my_interfaces.egg-info/top_level.txt
reading manifest file 'my_interfaces.egg-info/SOURCES.txt'
writing manifest file 'my_interfaces.egg-info/SOURCES.txt'
[100%] Built target ament_cmake_python_build_my_interfaces_egg
-- Install configuration: ""
-- Up-to-date: /home/mbsaloka/Desktop/ros2_ichiro_task/install/my_interfaces/share/ament_index/resource_index/rosidl_interfaces/my_interfaces
-- Up-to-date: /home/mbsaloka/Desktop/ros2_ichiro_task/install/my_interfaces/share/my_interfaces/msg/Pose.json
-- Up-to-date: /home/mbsaloka/Desktop/ros2_ichiro_task/install/my_interfaces/share/my_interfaces/msg/Velocity.json
-- Up-to-date: /home/mbsaloka/Desktop/ros2_ichiro_task/install/my_interfaces/share/my_interfaces/msg/Object.json
-- Up-to-date: /home/mbsaloka/Desktop/ros2_ichiro_task/install/my_interfaces/share/my_interfaces/msg/VectorObjects.json
-- Up-to-date: /home/mbsaloka/Desktop/ros2_ichiro_task/install/my_interfaces/share/my_interfaces/msg/Boolean.json
-- Up-to-date: /home/mbsaloka/Desktop/ros2_ichiro_task/install/my_interfaces/include/my_interfaces/my_interfaces
-- Up-to-date: /home/mbsaloka/Desktop/ros2_ichiro_task/install/my_interfaces/include/my_interfaces/my_interfaces/msg
-- Up-to-date: /home/mbsaloka/Desktop/ros2_ichiro_task/install/my_interfaces/include/my_interfaces/my_interfaces/msg/pose.h
-- Up-to-date: /home/mbsaloka/Desktop/ros2_ichiro_task/install/my_interfaces/include/my_interfaces/my_interfaces/msg/boolean.h
-- Up-to-date: /home/mbsaloka/Desktop/ros2_ichiro_task/install/my_interfaces/include/my_interfaces/my_interfaces/msg/vector_objects.h
-- Up-to-date: /home/mbsaloka/Desktop/ros2_ichiro_task/install/my_interfaces/include/my_interfaces/my_interfaces/msg/rosidl_generator_c__visibility_control.h
-- Up-to-date: /home/mbsaloka/Desktop/ros2_ichiro_task/install/my_interfaces/include/my_interfaces/my_interfaces/msg/object.h
-- Up-to-date: /home/mbsaloka/Desktop/ros2_ichiro_task/install/my_interfaces/include/my_interfaces/my_interfaces/msg/objects.h
-- Up-to-date: /home/mbsaloka/Desktop/ros2_ichiro_task/install/my_interfaces/include/my_interfaces/my_interfaces/msg/velocity.h
-- Up-to-date: /home/mbsaloka/Desktop/ros2_ichiro_task/install/my_interfaces/include/my_interfaces/my_interfaces/msg/detail
-- Up-to-date: /home/mbsaloka/Desktop/ros2_ichiro_task/install/my_interfaces/include/my_interfaces/my_interfaces/msg/detail/object__type_support.c
-- Up-to-date: /home/mbsaloka/Desktop/ros2_ichiro_task/install/my_interfaces/include/my_interfaces/my_interfaces/msg/detail/pose__type_support.h
-- Up-to-date: /home/mbsaloka/Desktop/ros2_ichiro_task/install/my_interfaces/include/my_interfaces/my_interfaces/msg/detail/velocity__description.c
-- Up-to-date: /home/mbsaloka/Desktop/ros2_ichiro_task/install/my_interfaces/include/my_interfaces/my_interfaces/msg/detail/velocity__type_support.h
-- Up-to-date: /home/mbsaloka/Desktop/ros2_ichiro_task/install/my_interfaces/include/my_interfaces/my_interfaces/msg/detail/pose__functions.h
-- Up-to-date: /home/mbsaloka/Desktop/ros2_ichiro_task/install/my_interfaces/include/my_interfaces/my_interfaces/msg/detail/objects__functions.c
-- Up-to-date: /home/mbsaloka/Desktop/ros2_ichiro_task/install/my_interfaces/include/my_interfaces/my_interfaces/msg/detail/vector_objects__struct.h
-- Up-to-date: /home/mbsaloka/Desktop/ros2_ichiro_task/install/my_interfaces/include/my_interfaces/my_interfaces/msg/detail/vector_objects__type_support.h
-- Up-to-date: /home/mbsaloka/Desktop/ros2_ichiro_task/install/my_interfaces/include/my_interfaces/my_interfaces/msg/detail/objects__functions.h
-- Up-to-date: /home/mbsaloka/Desktop/ros2_ichiro_task/install/my_interfaces/include/my_interfaces/my_interfaces/msg/detail/boolean__type_support.h
-- Up-to-date: /home/mbsaloka/Desktop/ros2_ichiro_task/install/my_interfaces/include/my_interfaces/my_interfaces/msg/detail/objects__type_support.h
-- Up-to-date: /home/mbsaloka/Desktop/ros2_ichiro_task/install/my_interfaces/include/my_interfaces/my_interfaces/msg/detail/pose__description.c
-- Up-to-date: /home/mbsaloka/Desktop/ros2_ichiro_task/install/my_interfaces/include/my_interfaces/my_interfaces/msg/detail/velocity__type_support.c
-- Up-to-date: /home/mbsaloka/Desktop/ros2_ichiro_task/install/my_interfaces/include/my_interfaces/my_interfaces/msg/detail/pose__struct.h
-- Up-to-date: /home/mbsaloka/Desktop/ros2_ichiro_task/install/my_interfaces/include/my_interfaces/my_interfaces/msg/detail/object__description.c
-- Up-to-date: /home/mbsaloka/Desktop/ros2_ichiro_task/install/my_interfaces/include/my_interfaces/my_interfaces/msg/detail/objects__struct.h
-- Up-to-date: /home/mbsaloka/Desktop/ros2_ichiro_task/install/my_interfaces/include/my_interfaces/my_interfaces/msg/detail/boolean__type_support.c
-- Up-to-date: /home/mbsaloka/Desktop/ros2_ichiro_task/install/my_interfaces/include/my_interfaces/my_interfaces/msg/detail/object__functions.h
-- Up-to-date: /home/mbsaloka/Desktop/ros2_ichiro_task/install/my_interfaces/include/my_interfaces/my_interfaces/msg/detail/pose__functions.c
-- Up-to-date: /home/mbsaloka/Desktop/ros2_ichiro_task/install/my_interfaces/include/my_interfaces/my_interfaces/msg/detail/object__functions.c
-- Up-to-date: /home/mbsaloka/Desktop/ros2_ichiro_task/install/my_interfaces/include/my_interfaces/my_interfaces/msg/detail/objects__type_support.c
-- Up-to-date: /home/mbsaloka/Desktop/ros2_ichiro_task/install/my_interfaces/include/my_interfaces/my_interfaces/msg/detail/boolean__functions.h
-- Up-to-date: /home/mbsaloka/Desktop/ros2_ichiro_task/install/my_interfaces/include/my_interfaces/my_interfaces/msg/detail/vector_objects__functions.c
-- Up-to-date: /home/mbsaloka/Desktop/ros2_ichiro_task/install/my_interfaces/include/my_interfaces/my_interfaces/msg/detail/velocity__functions.c
-- Up-to-date: /home/mbsaloka/Desktop/ros2_ichiro_task/install/my_interfaces/include/my_interfaces/my_interfaces/msg/detail/boolean__functions.c
-- Up-to-date: /home/mbsaloka/Desktop/ros2_ichiro_task/install/my_interfaces/include/my_interfaces/my_interfaces/msg/detail/objects__description.c
-- Up-to-date: /home/mbsaloka/Desktop/ros2_ichiro_task/install/my_interfaces/include/my_interfaces/my_interfaces/msg/detail/vector_objects__description.c
-- Up-to-date: /home/mbsaloka/Desktop/ros2_ichiro_task/install/my_interfaces/include/my_interfaces/my_interfaces/msg/detail/object__type_support.h
-- Up-to-date: /home/mbsaloka/Desktop/ros2_ichiro_task/install/my_interfaces/include/my_interfaces/my_interfaces/msg/detail/vector_objects__type_support.c
-- Up-to-date: /home/mbsaloka/Desktop/ros2_ichiro_task/install/my_interfaces/include/my_interfaces/my_interfaces/msg/detail/pose__type_support.c
-- Up-to-date: /home/mbsaloka/Desktop/ros2_ichiro_task/install/my_interfaces/include/my_interfaces/my_interfaces/msg/detail/velocity__functions.h
-- Up-to-date: /home/mbsaloka/Desktop/ros2_ichiro_task/install/my_interfaces/include/my_interfaces/my_interfaces/msg/detail/boolean__description.c
-- Up-to-date: /home/mbsaloka/Desktop/ros2_ichiro_task/install/my_interfaces/include/my_interfaces/my_interfaces/msg/detail/object__struct.h
-- Up-to-date: /home/mbsaloka/Desktop/ros2_ichiro_task/install/my_interfaces/include/my_interfaces/my_interfaces/msg/detail/vector_objects__functions.h
-- Up-to-date: /home/mbsaloka/Desktop/ros2_ichiro_task/install/my_interfaces/include/my_interfaces/my_interfaces/msg/detail/boolean__struct.h
-- Up-to-date: /home/mbsaloka/Desktop/ros2_ichiro_task/install/my_interfaces/include/my_interfaces/my_interfaces/msg/detail/velocity__struct.h
-- Up-to-date: /home/mbsaloka/Desktop/ros2_ichiro_task/install/my_interfaces/share/my_interfaces/environment/library_path.sh
-- Up-to-date: /home/mbsaloka/Desktop/ros2_ichiro_task/install/my_interfaces/share/my_interfaces/environment/library_path.dsv
-- Up-to-date: /home/mbsaloka/Desktop/ros2_ichiro_task/install/my_interfaces/lib/libmy_interfaces__rosidl_generator_c.so
-- Up-to-date: /home/mbsaloka/Desktop/ros2_ichiro_task/install/my_interfaces/include/my_interfaces/my_interfaces
-- Up-to-date: /home/mbsaloka/Desktop/ros2_ichiro_task/install/my_interfaces/include/my_interfaces/my_interfaces/msg
-- Up-to-date: /home/mbsaloka/Desktop/ros2_ichiro_task/install/my_interfaces/include/my_interfaces/my_interfaces/msg/rosidl_typesupport_fastrtps_c__visibility_control.h
-- Up-to-date: /home/mbsaloka/Desktop/ros2_ichiro_task/install/my_interfaces/include/my_interfaces/my_interfaces/msg/detail
-- Up-to-date: /home/mbsaloka/Desktop/ros2_ichiro_task/install/my_interfaces/include/my_interfaces/my_interfaces/msg/detail/pose__rosidl_typesupport_fastrtps_c.h
-- Up-to-date: /home/mbsaloka/Desktop/ros2_ichiro_task/install/my_interfaces/include/my_interfaces/my_interfaces/msg/detail/boolean__rosidl_typesupport_fastrtps_c.h
-- Up-to-date: /home/mbsaloka/Desktop/ros2_ichiro_task/install/my_interfaces/include/my_interfaces/my_interfaces/msg/detail/vector_objects__rosidl_typesupport_fastrtps_c.h
-- Up-to-date: /home/mbsaloka/Desktop/ros2_ichiro_task/install/my_interfaces/include/my_interfaces/my_interfaces/msg/detail/objects__rosidl_typesupport_fastrtps_c.h
-- Up-to-date: /home/mbsaloka/Desktop/ros2_ichiro_task/install/my_interfaces/include/my_interfaces/my_interfaces/msg/detail/object__rosidl_typesupport_fastrtps_c.h
-- Up-to-date: /home/mbsaloka/Desktop/ros2_ichiro_task/install/my_interfaces/include/my_interfaces/my_interfaces/msg/detail/velocity__rosidl_typesupport_fastrtps_c.h
-- Up-to-date: /home/mbsaloka/Desktop/ros2_ichiro_task/install/my_interfaces/lib/libmy_interfaces__rosidl_typesupport_fastrtps_c.so
-- Up-to-date: /home/mbsaloka/Desktop/ros2_ichiro_task/install/my_interfaces/include/my_interfaces/my_interfaces
-- Up-to-date: /home/mbsaloka/Desktop/ros2_ichiro_task/install/my_interfaces/include/my_interfaces/my_interfaces/msg
-- Up-to-date: /home/mbsaloka/Desktop/ros2_ichiro_task/install/my_interfaces/include/my_interfaces/my_interfaces/msg/rosidl_typesupport_introspection_c__visibility_control.h
-- Up-to-date: /home/mbsaloka/Desktop/ros2_ichiro_task/install/my_interfaces/include/my_interfaces/my_interfaces/msg/detail
-- Up-to-date: /home/mbsaloka/Desktop/ros2_ichiro_task/install/my_interfaces/include/my_interfaces/my_interfaces/msg/detail/object__type_support.c
-- Up-to-date: /home/mbsaloka/Desktop/ros2_ichiro_task/install/my_interfaces/include/my_interfaces/my_interfaces/msg/detail/boolean__rosidl_typesupport_introspection_c.h
-- Up-to-date: /home/mbsaloka/Desktop/ros2_ichiro_task/install/my_interfaces/include/my_interfaces/my_interfaces/msg/detail/vector_objects__rosidl_typesupport_introspection_c.h
-- Up-to-date: /home/mbsaloka/Desktop/ros2_ichiro_task/install/my_interfaces/include/my_interfaces/my_interfaces/msg/detail/velocity__rosidl_typesupport_introspection_c.h
-- Up-to-date: /home/mbsaloka/Desktop/ros2_ichiro_task/install/my_interfaces/include/my_interfaces/my_interfaces/msg/detail/velocity__type_support.c
-- Up-to-date: /home/mbsaloka/Desktop/ros2_ichiro_task/install/my_interfaces/include/my_interfaces/my_interfaces/msg/detail/boolean__type_support.c
-- Up-to-date: /home/mbsaloka/Desktop/ros2_ichiro_task/install/my_interfaces/include/my_interfaces/my_interfaces/msg/detail/objects__type_support.c
-- Up-to-date: /home/mbsaloka/Desktop/ros2_ichiro_task/install/my_interfaces/include/my_interfaces/my_interfaces/msg/detail/vector_objects__type_support.c
-- Up-to-date: /home/mbsaloka/Desktop/ros2_ichiro_task/install/my_interfaces/include/my_interfaces/my_interfaces/msg/detail/pose__type_support.c
-- Up-to-date: /home/mbsaloka/Desktop/ros2_ichiro_task/install/my_interfaces/include/my_interfaces/my_interfaces/msg/detail/objects__rosidl_typesupport_introspection_c.h
-- Up-to-date: /home/mbsaloka/Desktop/ros2_ichiro_task/install/my_interfaces/include/my_interfaces/my_interfaces/msg/detail/pose__rosidl_typesupport_introspection_c.h
-- Up-to-date: /home/mbsaloka/Desktop/ros2_ichiro_task/install/my_interfaces/include/my_interfaces/my_interfaces/msg/detail/object__rosidl_typesupport_introspection_c.h
-- Up-to-date: /home/mbsaloka/Desktop/ros2_ichiro_task/install/my_interfaces/lib/libmy_interfaces__rosidl_typesupport_introspection_c.so
-- Up-to-date: /home/mbsaloka/Desktop/ros2_ichiro_task/install/my_interfaces/lib/libmy_interfaces__rosidl_typesupport_c.so
-- Up-to-date: /home/mbsaloka/Desktop/ros2_ichiro_task/install/my_interfaces/include/my_interfaces/my_interfaces
-- Up-to-date: /home/mbsaloka/Desktop/ros2_ichiro_task/install/my_interfaces/include/my_interfaces/my_interfaces/msg
-- Up-to-date: /home/mbsaloka/Desktop/ros2_ichiro_task/install/my_interfaces/include/my_interfaces/my_interfaces/msg/vector_objects.hpp
-- Up-to-date: /home/mbsaloka/Desktop/ros2_ichiro_task/install/my_interfaces/include/my_interfaces/my_interfaces/msg/boolean.hpp
-- Up-to-date: /home/mbsaloka/Desktop/ros2_ichiro_task/install/my_interfaces/include/my_interfaces/my_interfaces/msg/objects.hpp
-- Up-to-date: /home/mbsaloka/Desktop/ros2_ichiro_task/install/my_interfaces/include/my_interfaces/my_interfaces/msg/velocity.hpp
-- Up-to-date: /home/mbsaloka/Desktop/ros2_ichiro_task/install/my_interfaces/include/my_interfaces/my_interfaces/msg/pose.hpp
-- Up-to-date: /home/mbsaloka/Desktop/ros2_ichiro_task/install/my_interfaces/include/my_interfaces/my_interfaces/msg/object.hpp
-- Up-to-date: /home/mbsaloka/Desktop/ros2_ichiro_task/install/my_interfaces/include/my_interfaces/my_interfaces/msg/detail
-- Up-to-date: /home/mbsaloka/Desktop/ros2_ichiro_task/install/my_interfaces/include/my_interfaces/my_interfaces/msg/detail/pose__builder.hpp
-- Up-to-date: /home/mbsaloka/Desktop/ros2_ichiro_task/install/my_interfaces/include/my_interfaces/my_interfaces/msg/detail/object__traits.hpp
-- Up-to-date: /home/mbsaloka/Desktop/ros2_ichiro_task/install/my_interfaces/include/my_interfaces/my_interfaces/msg/detail/vector_objects__builder.hpp
-- Up-to-date: /home/mbsaloka/Desktop/ros2_ichiro_task/install/my_interfaces/include/my_interfaces/my_interfaces/msg/detail/objects__struct.hpp
-- Up-to-date: /home/mbsaloka/Desktop/ros2_ichiro_task/install/my_interfaces/include/my_interfaces/my_interfaces/msg/detail/velocity__struct.hpp
-- Up-to-date: /home/mbsaloka/Desktop/ros2_ichiro_task/install/my_interfaces/include/my_interfaces/my_interfaces/msg/detail/boolean__traits.hpp
-- Up-to-date: /home/mbsaloka/Desktop/ros2_ichiro_task/install/my_interfaces/include/my_interfaces/my_interfaces/msg/detail/velocity__builder.hpp
-- Up-to-date: /home/mbsaloka/Desktop/ros2_ichiro_task/install/my_interfaces/include/my_interfaces/my_interfaces/msg/detail/velocity__traits.hpp
-- Up-to-date: /home/mbsaloka/Desktop/ros2_ichiro_task/install/my_interfaces/include/my_interfaces/my_interfaces/msg/detail/object__builder.hpp
-- Up-to-date: /home/mbsaloka/Desktop/ros2_ichiro_task/install/my_interfaces/include/my_interfaces/my_interfaces/msg/detail/vector_objects__traits.hpp
-- Up-to-date: /home/mbsaloka/Desktop/ros2_ichiro_task/install/my_interfaces/include/my_interfaces/my_interfaces/msg/detail/pose__struct.hpp
-- Up-to-date: /home/mbsaloka/Desktop/ros2_ichiro_task/install/my_interfaces/include/my_interfaces/my_interfaces/msg/detail/vector_objects__struct.hpp
-- Up-to-date: /home/mbsaloka/Desktop/ros2_ichiro_task/install/my_interfaces/include/my_interfaces/my_interfaces/msg/detail/pose__traits.hpp
-- Up-to-date: /home/mbsaloka/Desktop/ros2_ichiro_task/install/my_interfaces/include/my_interfaces/my_interfaces/msg/detail/boolean__builder.hpp
-- Up-to-date: /home/mbsaloka/Desktop/ros2_ichiro_task/install/my_interfaces/include/my_interfaces/my_interfaces/msg/detail/objects__builder.hpp
-- Up-to-date: /home/mbsaloka/Desktop/ros2_ichiro_task/install/my_interfaces/include/my_interfaces/my_interfaces/msg/detail/objects__traits.hpp
-- Up-to-date: /home/mbsaloka/Desktop/ros2_ichiro_task/install/my_interfaces/include/my_interfaces/my_interfaces/msg/detail/object__struct.hpp
-- Up-to-date: /home/mbsaloka/Desktop/ros2_ichiro_task/install/my_interfaces/include/my_interfaces/my_interfaces/msg/detail/boolean__struct.hpp
-- Up-to-date: /home/mbsaloka/Desktop/ros2_ichiro_task/install/my_interfaces/include/my_interfaces/my_interfaces
-- Up-to-date: /home/mbsaloka/Desktop/ros2_ichiro_task/install/my_interfaces/include/my_interfaces/my_interfaces/msg
-- Up-to-date: /home/mbsaloka/Desktop/ros2_ichiro_task/install/my_interfaces/include/my_interfaces/my_interfaces/msg/rosidl_typesupport_fastrtps_cpp__visibility_control.h
-- Up-to-date: /home/mbsaloka/Desktop/ros2_ichiro_task/install/my_interfaces/include/my_interfaces/my_interfaces/msg/detail
-- Up-to-date: /home/mbsaloka/Desktop/ros2_ichiro_task/install/my_interfaces/include/my_interfaces/my_interfaces/msg/detail/dds_fastrtps
-- Up-to-date: /home/mbsaloka/Desktop/ros2_ichiro_task/install/my_interfaces/include/my_interfaces/my_interfaces/msg/detail/velocity__rosidl_typesupport_fastrtps_cpp.hpp
-- Up-to-date: /home/mbsaloka/Desktop/ros2_ichiro_task/install/my_interfaces/include/my_interfaces/my_interfaces/msg/detail/vector_objects__rosidl_typesupport_fastrtps_cpp.hpp
-- Up-to-date: /home/mbsaloka/Desktop/ros2_ichiro_task/install/my_interfaces/include/my_interfaces/my_interfaces/msg/detail/object__rosidl_typesupport_fastrtps_cpp.hpp
-- Up-to-date: /home/mbsaloka/Desktop/ros2_ichiro_task/install/my_interfaces/include/my_interfaces/my_interfaces/msg/detail/pose__rosidl_typesupport_fastrtps_cpp.hpp
-- Up-to-date: /home/mbsaloka/Desktop/ros2_ichiro_task/install/my_interfaces/include/my_interfaces/my_interfaces/msg/detail/objects__rosidl_typesupport_fastrtps_cpp.hpp
-- Up-to-date: /home/mbsaloka/Desktop/ros2_ichiro_task/install/my_interfaces/include/my_interfaces/my_interfaces/msg/detail/boolean__rosidl_typesupport_fastrtps_cpp.hpp
-- Up-to-date: /home/mbsaloka/Desktop/ros2_ichiro_task/install/my_interfaces/lib/libmy_interfaces__rosidl_typesupport_fastrtps_cpp.so
-- Up-to-date: /home/mbsaloka/Desktop/ros2_ichiro_task/install/my_interfaces/include/my_interfaces/my_interfaces
-- Up-to-date: /home/mbsaloka/Desktop/ros2_ichiro_task/install/my_interfaces/include/my_interfaces/my_interfaces/msg
-- Up-to-date: /home/mbsaloka/Desktop/ros2_ichiro_task/install/my_interfaces/include/my_interfaces/my_interfaces/msg/detail
-- Up-to-date: /home/mbsaloka/Desktop/ros2_ichiro_task/install/my_interfaces/include/my_interfaces/my_interfaces/msg/detail/pose__rosidl_typesupport_introspection_cpp.hpp
-- Up-to-date: /home/mbsaloka/Desktop/ros2_ichiro_task/install/my_interfaces/include/my_interfaces/my_interfaces/msg/detail/object__type_support.cpp
-- Up-to-date: /home/mbsaloka/Desktop/ros2_ichiro_task/install/my_interfaces/include/my_interfaces/my_interfaces/msg/detail/velocity__rosidl_typesupport_introspection_cpp.hpp
-- Up-to-date: /home/mbsaloka/Desktop/ros2_ichiro_task/install/my_interfaces/include/my_interfaces/my_interfaces/msg/detail/pose__type_support.cpp
-- Up-to-date: /home/mbsaloka/Desktop/ros2_ichiro_task/install/my_interfaces/include/my_interfaces/my_interfaces/msg/detail/boolean__rosidl_typesupport_introspection_cpp.hpp
-- Up-to-date: /home/mbsaloka/Desktop/ros2_ichiro_task/install/my_interfaces/include/my_interfaces/my_interfaces/msg/detail/vector_objects__rosidl_typesupport_introspection_cpp.hpp
-- Up-to-date: /home/mbsaloka/Desktop/ros2_ichiro_task/install/my_interfaces/include/my_interfaces/my_interfaces/msg/detail/vector_objects__type_support.cpp
-- Up-to-date: /home/mbsaloka/Desktop/ros2_ichiro_task/install/my_interfaces/include/my_interfaces/my_interfaces/msg/detail/objects__rosidl_typesupport_introspection_cpp.hpp
-- Up-to-date: /home/mbsaloka/Desktop/ros2_ichiro_task/install/my_interfaces/include/my_interfaces/my_interfaces/msg/detail/object__rosidl_typesupport_introspection_cpp.hpp
-- Up-to-date: /home/mbsaloka/Desktop/ros2_ichiro_task/install/my_interfaces/include/my_interfaces/my_interfaces/msg/detail/boolean__type_support.cpp
-- Up-to-date: /home/mbsaloka/Desktop/ros2_ichiro_task/install/my_interfaces/include/my_interfaces/my_interfaces/msg/detail/velocity__type_support.cpp
-- Up-to-date: /home/mbsaloka/Desktop/ros2_ichiro_task/install/my_interfaces/include/my_interfaces/my_interfaces/msg/detail/objects__type_support.cpp
-- Up-to-date: /home/mbsaloka/Desktop/ros2_ichiro_task/install/my_interfaces/lib/libmy_interfaces__rosidl_typesupport_introspection_cpp.so
-- Up-to-date: /home/mbsaloka/Desktop/ros2_ichiro_task/install/my_interfaces/lib/libmy_interfaces__rosidl_typesupport_cpp.so
-- Up-to-date: /home/mbsaloka/Desktop/ros2_ichiro_task/install/my_interfaces/share/my_interfaces/environment/pythonpath.sh
-- Up-to-date: /home/mbsaloka/Desktop/ros2_ichiro_task/install/my_interfaces/share/my_interfaces/environment/pythonpath.dsv
-- Up-to-date: /home/mbsaloka/Desktop/ros2_ichiro_task/install/my_interfaces/lib/python3.10/site-packages/my_interfaces-0.0.0-py3.10.egg-info
-- Installing: /home/mbsaloka/Desktop/ros2_ichiro_task/install/my_interfaces/lib/python3.10/site-packages/my_interfaces-0.0.0-py3.10.egg-info/top_level.txt
-- Installing: /home/mbsaloka/Desktop/ros2_ichiro_task/install/my_interfaces/lib/python3.10/site-packages/my_interfaces-0.0.0-py3.10.egg-info/PKG-INFO
-- Installing: /home/mbsaloka/Desktop/ros2_ichiro_task/install/my_interfaces/lib/python3.10/site-packages/my_interfaces-0.0.0-py3.10.egg-info/dependency_links.txt
-- Installing: /home/mbsaloka/Desktop/ros2_ichiro_task/install/my_interfaces/lib/python3.10/site-packages/my_interfaces-0.0.0-py3.10.egg-info/SOURCES.txt
-- Up-to-date: /home/mbsaloka/Desktop/ros2_ichiro_task/install/my_interfaces/lib/python3.10/site-packages/my_interfaces
-- Up-to-date: /home/mbsaloka/Desktop/ros2_ichiro_task/install/my_interfaces/lib/python3.10/site-packages/my_interfaces/my_interfaces_s__rosidl_typesupport_fastrtps_c.cpython-310-x86_64-linux-gnu.so
-- Up-to-date: /home/mbsaloka/Desktop/ros2_ichiro_task/install/my_interfaces/lib/python3.10/site-packages/my_interfaces/my_interfaces_s__rosidl_typesupport_introspection_c.cpython-310-x86_64-linux-gnu.so
-- Up-to-date: /home/mbsaloka/Desktop/ros2_ichiro_task/install/my_interfaces/lib/python3.10/site-packages/my_interfaces/_my_interfaces_s.ep.rosidl_typesupport_introspection_c.c
-- Up-to-date: /home/mbsaloka/Desktop/ros2_ichiro_task/install/my_interfaces/lib/python3.10/site-packages/my_interfaces/_my_interfaces_s.ep.rosidl_typesupport_c.c
-- Up-to-date: /home/mbsaloka/Desktop/ros2_ichiro_task/install/my_interfaces/lib/python3.10/site-packages/my_interfaces/__init__.py
-- Up-to-date: /home/mbsaloka/Desktop/ros2_ichiro_task/install/my_interfaces/lib/python3.10/site-packages/my_interfaces/msg
-- Up-to-date: /home/mbsaloka/Desktop/ros2_ichiro_task/install/my_interfaces/lib/python3.10/site-packages/my_interfaces/msg/_pose_s.c
-- Up-to-date: /home/mbsaloka/Desktop/ros2_ichiro_task/install/my_interfaces/lib/python3.10/site-packages/my_interfaces/msg/_object_s.c
-- Up-to-date: /home/mbsaloka/Desktop/ros2_ichiro_task/install/my_interfaces/lib/python3.10/site-packages/my_interfaces/msg/_vector_objects_s.c
-- Up-to-date: /home/mbsaloka/Desktop/ros2_ichiro_task/install/my_interfaces/lib/python3.10/site-packages/my_interfaces/msg/_velocity_s.c
-- Up-to-date: /home/mbsaloka/Desktop/ros2_ichiro_task/install/my_interfaces/lib/python3.10/site-packages/my_interfaces/msg/_objects_s.c
-- Up-to-date: /home/mbsaloka/Desktop/ros2_ichiro_task/install/my_interfaces/lib/python3.10/site-packages/my_interfaces/msg/_boolean.py
-- Up-to-date: /home/mbsaloka/Desktop/ros2_ichiro_task/install/my_interfaces/lib/python3.10/site-packages/my_interfaces/msg/_velocity.py
-- Up-to-date: /home/mbsaloka/Desktop/ros2_ichiro_task/install/my_interfaces/lib/python3.10/site-packages/my_interfaces/msg/_vector_objects.py
-- Up-to-date: /home/mbsaloka/Desktop/ros2_ichiro_task/install/my_interfaces/lib/python3.10/site-packages/my_interfaces/msg/_pose.py
-- Up-to-date: /home/mbsaloka/Desktop/ros2_ichiro_task/install/my_interfaces/lib/python3.10/site-packages/my_interfaces/msg/__init__.py
-- Up-to-date: /home/mbsaloka/Desktop/ros2_ichiro_task/install/my_interfaces/lib/python3.10/site-packages/my_interfaces/msg/_object.py
-- Up-to-date: /home/mbsaloka/Desktop/ros2_ichiro_task/install/my_interfaces/lib/python3.10/site-packages/my_interfaces/msg/_boolean_s.c
-- Up-to-date: /home/mbsaloka/Desktop/ros2_ichiro_task/install/my_interfaces/lib/python3.10/site-packages/my_interfaces/msg/_objects.py
-- Up-to-date: /home/mbsaloka/Desktop/ros2_ichiro_task/install/my_interfaces/lib/python3.10/site-packages/my_interfaces/libmy_interfaces__rosidl_generator_py.so
-- Up-to-date: /home/mbsaloka/Desktop/ros2_ichiro_task/install/my_interfaces/lib/python3.10/site-packages/my_interfaces/_my_interfaces_s.ep.rosidl_typesupport_fastrtps_c.c
-- Up-to-date: /home/mbsaloka/Desktop/ros2_ichiro_task/install/my_interfaces/lib/python3.10/site-packages/my_interfaces/my_interfaces_s__rosidl_typesupport_c.cpython-310-x86_64-linux-gnu.so
Listing '/home/mbsaloka/Desktop/ros2_ichiro_task/install/my_interfaces/lib/python3.10/site-packages/my_interfaces'...
Listing '/home/mbsaloka/Desktop/ros2_ichiro_task/install/my_interfaces/lib/python3.10/site-packages/my_interfaces/msg'...
-- Up-to-date: /home/mbsaloka/Desktop/ros2_ichiro_task/install/my_interfaces/lib/python3.10/site-packages/my_interfaces/my_interfaces_s__rosidl_typesupport_fastrtps_c.cpython-310-x86_64-linux-gnu.so
-- Up-to-date: /home/mbsaloka/Desktop/ros2_ichiro_task/install/my_interfaces/lib/python3.10/site-packages/my_interfaces/my_interfaces_s__rosidl_typesupport_introspection_c.cpython-310-x86_64-linux-gnu.so
-- Up-to-date: /home/mbsaloka/Desktop/ros2_ichiro_task/install/my_interfaces/lib/python3.10/site-packages/my_interfaces/my_interfaces_s__rosidl_typesupport_c.cpython-310-x86_64-linux-gnu.so
-- Up-to-date: /home/mbsaloka/Desktop/ros2_ichiro_task/install/my_interfaces/lib/libmy_interfaces__rosidl_generator_py.so
-- Up-to-date: /home/mbsaloka/Desktop/ros2_ichiro_task/install/my_interfaces/share/my_interfaces/msg/Pose.idl
-- Up-to-date: /home/mbsaloka/Desktop/ros2_ichiro_task/install/my_interfaces/share/my_interfaces/msg/Velocity.idl
-- Up-to-date: /home/mbsaloka/Desktop/ros2_ichiro_task/install/my_interfaces/share/my_interfaces/msg/Object.idl
-- Up-to-date: /home/mbsaloka/Desktop/ros2_ichiro_task/install/my_interfaces/share/my_interfaces/msg/VectorObjects.idl
-- Up-to-date: /home/mbsaloka/Desktop/ros2_ichiro_task/install/my_interfaces/share/my_interfaces/msg/Boolean.idl
-- Up-to-date: /home/mbsaloka/Desktop/ros2_ichiro_task/install/my_interfaces/share/my_interfaces/msg/Pose.msg
-- Up-to-date: /home/mbsaloka/Desktop/ros2_ichiro_task/install/my_interfaces/share/my_interfaces/msg/Velocity.msg
-- Up-to-date: /home/mbsaloka/Desktop/ros2_ichiro_task/install/my_interfaces/share/my_interfaces/msg/Object.msg
-- Up-to-date: /home/mbsaloka/Desktop/ros2_ichiro_task/install/my_interfaces/share/my_interfaces/msg/VectorObjects.msg
-- Up-to-date: /home/mbsaloka/Desktop/ros2_ichiro_task/install/my_interfaces/share/my_interfaces/msg/Boolean.msg
-- Up-to-date: /home/mbsaloka/Desktop/ros2_ichiro_task/install/my_interfaces/share/ament_index/resource_index/package_run_dependencies/my_interfaces
-- Up-to-date: /home/mbsaloka/Desktop/ros2_ichiro_task/install/my_interfaces/share/ament_index/resource_index/parent_prefix_path/my_interfaces
-- Up-to-date: /home/mbsaloka/Desktop/ros2_ichiro_task/install/my_interfaces/share/my_interfaces/environment/ament_prefix_path.sh
-- Up-to-date: /home/mbsaloka/Desktop/ros2_ichiro_task/install/my_interfaces/share/my_interfaces/environment/ament_prefix_path.dsv
-- Up-to-date: /home/mbsaloka/Desktop/ros2_ichiro_task/install/my_interfaces/share/my_interfaces/environment/path.sh
-- Up-to-date: /home/mbsaloka/Desktop/ros2_ichiro_task/install/my_interfaces/share/my_interfaces/environment/path.dsv
-- Up-to-date: /home/mbsaloka/Desktop/ros2_ichiro_task/install/my_interfaces/share/my_interfaces/local_setup.bash
-- Up-to-date: /home/mbsaloka/Desktop/ros2_ichiro_task/install/my_interfaces/share/my_interfaces/local_setup.sh
-- Up-to-date: /home/mbsaloka/Desktop/ros2_ichiro_task/install/my_interfaces/share/my_interfaces/local_setup.zsh
-- Up-to-date: /home/mbsaloka/Desktop/ros2_ichiro_task/install/my_interfaces/share/my_interfaces/local_setup.dsv
-- Installing: /home/mbsaloka/Desktop/ros2_ichiro_task/install/my_interfaces/share/my_interfaces/package.dsv
-- Up-to-date: /home/mbsaloka/Desktop/ros2_ichiro_task/install/my_interfaces/share/ament_index/resource_index/packages/my_interfaces
-- Up-to-date: /home/mbsaloka/Desktop/ros2_ichiro_task/install/my_interfaces/share/my_interfaces/cmake/export_my_interfaces__rosidl_generator_cExport.cmake
-- Up-to-date: /home/mbsaloka/Desktop/ros2_ichiro_task/install/my_interfaces/share/my_interfaces/cmake/export_my_interfaces__rosidl_generator_cExport-noconfig.cmake
-- Up-to-date: /home/mbsaloka/Desktop/ros2_ichiro_task/install/my_interfaces/share/my_interfaces/cmake/export_my_interfaces__rosidl_typesupport_fastrtps_cExport.cmake
-- Up-to-date: /home/mbsaloka/Desktop/ros2_ichiro_task/install/my_interfaces/share/my_interfaces/cmake/export_my_interfaces__rosidl_typesupport_fastrtps_cExport-noconfig.cmake
-- Up-to-date: /home/mbsaloka/Desktop/ros2_ichiro_task/install/my_interfaces/share/my_interfaces/cmake/my_interfaces__rosidl_typesupport_introspection_cExport.cmake
-- Up-to-date: /home/mbsaloka/Desktop/ros2_ichiro_task/install/my_interfaces/share/my_interfaces/cmake/my_interfaces__rosidl_typesupport_introspection_cExport-noconfig.cmake
-- Up-to-date: /home/mbsaloka/Desktop/ros2_ichiro_task/install/my_interfaces/share/my_interfaces/cmake/my_interfaces__rosidl_typesupport_cExport.cmake
-- Up-to-date: /home/mbsaloka/Desktop/ros2_ichiro_task/install/my_interfaces/share/my_interfaces/cmake/my_interfaces__rosidl_typesupport_cExport-noconfig.cmake
-- Up-to-date: /home/mbsaloka/Desktop/ros2_ichiro_task/install/my_interfaces/share/my_interfaces/cmake/export_my_interfaces__rosidl_generator_cppExport.cmake
-- Up-to-date: /home/mbsaloka/Desktop/ros2_ichiro_task/install/my_interfaces/share/my_interfaces/cmake/export_my_interfaces__rosidl_typesupport_fastrtps_cppExport.cmake
-- Up-to-date: /home/mbsaloka/Desktop/ros2_ichiro_task/install/my_interfaces/share/my_interfaces/cmake/export_my_interfaces__rosidl_typesupport_fastrtps_cppExport-noconfig.cmake
-- Up-to-date: /home/mbsaloka/Desktop/ros2_ichiro_task/install/my_interfaces/share/my_interfaces/cmake/my_interfaces__rosidl_typesupport_introspection_cppExport.cmake
-- Up-to-date: /home/mbsaloka/Desktop/ros2_ichiro_task/install/my_interfaces/share/my_interfaces/cmake/my_interfaces__rosidl_typesupport_introspection_cppExport-noconfig.cmake
-- Up-to-date: /home/mbsaloka/Desktop/ros2_ichiro_task/install/my_interfaces/share/my_interfaces/cmake/my_interfaces__rosidl_typesupport_cppExport.cmake
-- Up-to-date: /home/mbsaloka/Desktop/ros2_ichiro_task/install/my_interfaces/share/my_interfaces/cmake/my_interfaces__rosidl_typesupport_cppExport-noconfig.cmake
-- Up-to-date: /home/mbsaloka/Desktop/ros2_ichiro_task/install/my_interfaces/share/my_interfaces/cmake/export_my_interfaces__rosidl_generator_pyExport.cmake
-- Up-to-date: /home/mbsaloka/Desktop/ros2_ichiro_task/install/my_interfaces/share/my_interfaces/cmake/export_my_interfaces__rosidl_generator_pyExport-noconfig.cmake
-- Up-to-date: /home/mbsaloka/Desktop/ros2_ichiro_task/install/my_interfaces/share/my_interfaces/cmake/rosidl_cmake-extras.cmake
-- Up-to-date: /home/mbsaloka/Desktop/ros2_ichiro_task/install/my_interfaces/share/my_interfaces/cmake/ament_cmake_export_include_directories-extras.cmake
-- Up-to-date: /home/mbsaloka/Desktop/ros2_ichiro_task/install/my_interfaces/share/my_interfaces/cmake/ament_cmake_export_libraries-extras.cmake
-- Up-to-date: /home/mbsaloka/Desktop/ros2_ichiro_task/install/my_interfaces/share/my_interfaces/cmake/ament_cmake_export_targets-extras.cmake
-- Up-to-date: /home/mbsaloka/Desktop/ros2_ichiro_task/install/my_interfaces/share/my_interfaces/cmake/rosidl_cmake_export_typesupport_targets-extras.cmake
-- Up-to-date: /home/mbsaloka/Desktop/ros2_ichiro_task/install/my_interfaces/share/my_interfaces/cmake/ament_cmake_export_dependencies-extras.cmake
-- Up-to-date: /home/mbsaloka/Desktop/ros2_ichiro_task/install/my_interfaces/share/my_interfaces/cmake/rosidl_cmake_export_typesupport_libraries-extras.cmake
-- Up-to-date: /home/mbsaloka/Desktop/ros2_ichiro_task/install/my_interfaces/share/my_interfaces/cmake/my_interfacesConfig.cmake
-- Up-to-date: /home/mbsaloka/Desktop/ros2_ichiro_task/install/my_interfaces/share/my_interfaces/cmake/my_interfacesConfig-version.cmake
-- Up-to-date: /home/mbsaloka/Desktop/ros2_ichiro_task/install/my_interfaces/share/my_interfaces/package.xml
