[0.030s] Invoking command in '/home/mbsaloka/Desktop/ros2_ichiro_task/build/my_interfaces': CMAKE_PREFIX_PATH=/opt/ros/iron /usr/bin/cmake --build /home/mbsaloka/Desktop/ros2_ichiro_task/build/my_interfaces -- -j16 -l16
[0.049s] -- Found ament_cmake: 2.0.3 (/opt/ros/iron/share/ament_cmake/cmake)
[0.139s] [31mCMake Error at CMakeLists.txt:9 (find_package):
[0.139s]   By not providing "Findmessage_generation.cmake" in CMAKE_MODULE_PATH this
[0.139s]   project has asked CMake to find a package configuration file provided by
[0.139s]   "message_generation", but CMake did not find one.
[0.139s] 
[0.139s]   Could not find a package configuration file provided by
[0.139s]   "message_generation" with any of the following names:
[0.139s] 
[0.139s]     message_generationConfig.cmake
[0.139s]     message_generation-config.cmake
[0.139s] 
[0.139s]   Add the installation prefix of "message_generation" to CMAKE_PREFIX_PATH or
[0.139s]   set "message_generation_DIR" to a directory containing one of the above
[0.139s]   files.  If "message_generation" provides a separate development package or
[0.139s]   SDK, be sure it has been installed.
[0.139s] 
[0.139s] [0m
[0.139s] -- Configuring incomplete, errors occurred!
[0.139s] See also "/home/mbsaloka/Desktop/ros2_ichiro_task/build/my_interfaces/CMakeFiles/CMakeOutput.log".
[0.140s] gmake: *** [Makefile:1355: cmake_check_build_system] Error 1
[0.142s] Invoked command in '/home/mbsaloka/Desktop/ros2_ichiro_task/build/my_interfaces' returned '2': CMAKE_PREFIX_PATH=/opt/ros/iron /usr/bin/cmake --build /home/mbsaloka/Desktop/ros2_ichiro_task/build/my_interfaces -- -j16 -l16
