[0.451s] Invoking command in '/home/mbsaloka/Desktop/ros2_ichiro_task/build/my_interfaces': CMAKE_PREFIX_PATH=/opt/ros/iron /usr/bin/cmake --build /home/mbsaloka/Desktop/ros2_ichiro_task/build/my_interfaces -- -j16 -l16
[0.597s] [  2%] Built target my_interfaces__rosidl_generator_type_description
[0.622s] [35m[1mConsolidate compiler generated dependencies of target my_interfaces__rosidl_generator_c[0m
[0.627s] [  2%] Built target ament_cmake_python_copy_my_interfaces
[0.640s] [  5%] Built target my_interfaces__cpp
[0.654s] [ 20%] Built target my_interfaces__rosidl_generator_c
[0.678s] [35m[1mConsolidate compiler generated dependencies of target my_interfaces__rosidl_typesupport_c[0m
[0.679s] [35m[1mConsolidate compiler generated dependencies of target my_interfaces__rosidl_typesupport_fastrtps_c[0m
[0.680s] [35m[1mConsolidate compiler generated dependencies of target my_interfaces__rosidl_typesupport_cpp[0m
[0.680s] [35m[1mConsolidate compiler generated dependencies of target my_interfaces__rosidl_typesupport_introspection_c[0m
[0.681s] [35m[1mConsolidate compiler generated dependencies of target my_interfaces__rosidl_typesupport_fastrtps_cpp[0m
[0.681s] [35m[1mConsolidate compiler generated dependencies of target my_interfaces__rosidl_typesupport_introspection_cpp[0m
[0.712s] [ 29%] Built target my_interfaces__rosidl_typesupport_introspection_c
[0.712s] [ 38%] Built target my_interfaces__rosidl_typesupport_c
[0.712s] [ 47%] Built target my_interfaces__rosidl_typesupport_fastrtps_c
[0.713s] [ 55%] Built target my_interfaces__rosidl_typesupport_cpp
[0.717s] [ 64%] Built target my_interfaces__rosidl_typesupport_introspection_cpp
[0.718s] [ 73%] Built target my_interfaces__rosidl_typesupport_fastrtps_cpp
[0.787s] [ 73%] Built target my_interfaces
[0.851s] [ 76%] Built target my_interfaces__py
[0.881s] [35m[1mConsolidate compiler generated dependencies of target my_interfaces__rosidl_generator_py[0m
[0.913s] [ 82%] Built target my_interfaces__rosidl_generator_py
[0.933s] [35m[1mConsolidate compiler generated dependencies of target my_interfaces__rosidl_typesupport_fastrtps_c__pyext[0m
[0.940s] [35m[1mConsolidate compiler generated dependencies of target my_interfaces__rosidl_typesupport_introspection_c__pyext[0m
[0.943s] [35m[1mConsolidate compiler generated dependencies of target my_interfaces__rosidl_typesupport_c__pyext[0m
[0.968s] [ 88%] Built target my_interfaces__rosidl_typesupport_c__pyext
[0.968s] [ 94%] Built target my_interfaces__rosidl_typesupport_fastrtps_c__pyext
[0.968s] [100%] Built target my_interfaces__rosidl_typesupport_introspection_c__pyext
[1.187s] running egg_info
[1.188s] writing my_interfaces.egg-info/PKG-INFO
[1.189s] writing dependency_links to my_interfaces.egg-info/dependency_links.txt
[1.189s] writing top-level names to my_interfaces.egg-info/top_level.txt
[1.198s] reading manifest file 'my_interfaces.egg-info/SOURCES.txt'
[1.200s] writing manifest file 'my_interfaces.egg-info/SOURCES.txt'
[1.283s] [100%] Built target ament_cmake_python_build_my_interfaces_egg
[1.326s] Invoked command in '/home/mbsaloka/Desktop/ros2_ichiro_task/build/my_interfaces' returned '0': CMAKE_PREFIX_PATH=/opt/ros/iron /usr/bin/cmake --build /home/mbsaloka/Desktop/ros2_ichiro_task/build/my_interfaces -- -j16 -l16
[1.479s] Invoking command in '/home/mbsaloka/Desktop/ros2_ichiro_task/build/my_interfaces': CMAKE_PREFIX_PATH=/opt/ros/iron /usr/bin/cmake --install /home/mbsaloka/Desktop/ros2_ichiro_task/build/my_interfaces
[1.497s] -- Install configuration: ""
[1.497s] -- Up-to-date: /home/mbsaloka/Desktop/ros2_ichiro_task/install/my_interfaces/share/ament_index/resource_index/rosidl_interfaces/my_interfaces
[1.498s] -- Up-to-date: /home/mbsaloka/Desktop/ros2_ichiro_task/install/my_interfaces/share/my_interfaces/msg/Pose.json
[1.498s] -- Up-to-date: /home/mbsaloka/Desktop/ros2_ichiro_task/install/my_interfaces/include/my_interfaces/my_interfaces
[1.498s] -- Up-to-date: /home/mbsaloka/Desktop/ros2_ichiro_task/install/my_interfaces/include/my_interfaces/my_interfaces/msg
[1.498s] -- Up-to-date: /home/mbsaloka/Desktop/ros2_ichiro_task/install/my_interfaces/include/my_interfaces/my_interfaces/msg/my_soccer.h
[1.498s] -- Up-to-date: /home/mbsaloka/Desktop/ros2_ichiro_task/install/my_interfaces/include/my_interfaces/my_interfaces/msg/pose.h
[1.499s] -- Up-to-date: /home/mbsaloka/Desktop/ros2_ichiro_task/install/my_interfaces/include/my_interfaces/my_interfaces/msg/rosidl_generator_c__visibility_control.h
[1.499s] -- Up-to-date: /home/mbsaloka/Desktop/ros2_ichiro_task/install/my_interfaces/include/my_interfaces/my_interfaces/msg/detail
[1.499s] -- Up-to-date: /home/mbsaloka/Desktop/ros2_ichiro_task/install/my_interfaces/include/my_interfaces/my_interfaces/msg/detail/pose__type_support.h
[1.500s] -- Up-to-date: /home/mbsaloka/Desktop/ros2_ichiro_task/install/my_interfaces/include/my_interfaces/my_interfaces/msg/detail/pose__functions.h
[1.500s] -- Up-to-date: /home/mbsaloka/Desktop/ros2_ichiro_task/install/my_interfaces/include/my_interfaces/my_interfaces/msg/detail/my_soccer__functions.c
[1.500s] -- Up-to-date: /home/mbsaloka/Desktop/ros2_ichiro_task/install/my_interfaces/include/my_interfaces/my_interfaces/msg/detail/pose__description.c
[1.500s] -- Up-to-date: /home/mbsaloka/Desktop/ros2_ichiro_task/install/my_interfaces/include/my_interfaces/my_interfaces/msg/detail/pose__struct.h
[1.500s] -- Up-to-date: /home/mbsaloka/Desktop/ros2_ichiro_task/install/my_interfaces/include/my_interfaces/my_interfaces/msg/detail/pose__functions.c
[1.500s] -- Up-to-date: /home/mbsaloka/Desktop/ros2_ichiro_task/install/my_interfaces/include/my_interfaces/my_interfaces/msg/detail/my_soccer__struct.h
[1.500s] -- Up-to-date: /home/mbsaloka/Desktop/ros2_ichiro_task/install/my_interfaces/include/my_interfaces/my_interfaces/msg/detail/my_soccer__description.c
[1.501s] -- Up-to-date: /home/mbsaloka/Desktop/ros2_ichiro_task/install/my_interfaces/include/my_interfaces/my_interfaces/msg/detail/pose__type_support.c
[1.501s] -- Up-to-date: /home/mbsaloka/Desktop/ros2_ichiro_task/install/my_interfaces/include/my_interfaces/my_interfaces/msg/detail/my_soccer__type_support.h
[1.501s] -- Up-to-date: /home/mbsaloka/Desktop/ros2_ichiro_task/install/my_interfaces/include/my_interfaces/my_interfaces/msg/detail/my_soccer__type_support.c
[1.501s] -- Up-to-date: /home/mbsaloka/Desktop/ros2_ichiro_task/install/my_interfaces/include/my_interfaces/my_interfaces/msg/detail/my_soccer__functions.h
[1.501s] -- Up-to-date: /home/mbsaloka/Desktop/ros2_ichiro_task/install/my_interfaces/share/my_interfaces/environment/library_path.sh
[1.501s] -- Up-to-date: /home/mbsaloka/Desktop/ros2_ichiro_task/install/my_interfaces/share/my_interfaces/environment/library_path.dsv
[1.502s] -- Up-to-date: /home/mbsaloka/Desktop/ros2_ichiro_task/install/my_interfaces/lib/libmy_interfaces__rosidl_generator_c.so
[1.503s] -- Up-to-date: /home/mbsaloka/Desktop/ros2_ichiro_task/install/my_interfaces/include/my_interfaces/my_interfaces
[1.503s] -- Up-to-date: /home/mbsaloka/Desktop/ros2_ichiro_task/install/my_interfaces/include/my_interfaces/my_interfaces/msg
[1.503s] -- Up-to-date: /home/mbsaloka/Desktop/ros2_ichiro_task/install/my_interfaces/include/my_interfaces/my_interfaces/msg/rosidl_typesupport_fastrtps_c__visibility_control.h
[1.503s] -- Up-to-date: /home/mbsaloka/Desktop/ros2_ichiro_task/install/my_interfaces/include/my_interfaces/my_interfaces/msg/detail
[1.503s] -- Up-to-date: /home/mbsaloka/Desktop/ros2_ichiro_task/install/my_interfaces/include/my_interfaces/my_interfaces/msg/detail/my_soccer__rosidl_typesupport_fastrtps_c.h
[1.503s] -- Up-to-date: /home/mbsaloka/Desktop/ros2_ichiro_task/install/my_interfaces/include/my_interfaces/my_interfaces/msg/detail/pose__rosidl_typesupport_fastrtps_c.h
[1.503s] -- Up-to-date: /home/mbsaloka/Desktop/ros2_ichiro_task/install/my_interfaces/lib/libmy_interfaces__rosidl_typesupport_fastrtps_c.so
[1.503s] -- Up-to-date: /home/mbsaloka/Desktop/ros2_ichiro_task/install/my_interfaces/include/my_interfaces/my_interfaces
[1.504s] -- Up-to-date: /home/mbsaloka/Desktop/ros2_ichiro_task/install/my_interfaces/include/my_interfaces/my_interfaces/msg
[1.504s] -- Up-to-date: /home/mbsaloka/Desktop/ros2_ichiro_task/install/my_interfaces/include/my_interfaces/my_interfaces/msg/pose.hpp
[1.504s] -- Up-to-date: /home/mbsaloka/Desktop/ros2_ichiro_task/install/my_interfaces/include/my_interfaces/my_interfaces/msg/my_soccer.hpp
[1.504s] -- Up-to-date: /home/mbsaloka/Desktop/ros2_ichiro_task/install/my_interfaces/include/my_interfaces/my_interfaces/msg/detail
[1.504s] -- Up-to-date: /home/mbsaloka/Desktop/ros2_ichiro_task/install/my_interfaces/include/my_interfaces/my_interfaces/msg/detail/pose__builder.hpp
[1.504s] -- Up-to-date: /home/mbsaloka/Desktop/ros2_ichiro_task/install/my_interfaces/include/my_interfaces/my_interfaces/msg/detail/my_soccer__traits.hpp
[1.504s] -- Up-to-date: /home/mbsaloka/Desktop/ros2_ichiro_task/install/my_interfaces/include/my_interfaces/my_interfaces/msg/detail/my_soccer__builder.hpp
[1.504s] -- Up-to-date: /home/mbsaloka/Desktop/ros2_ichiro_task/install/my_interfaces/include/my_interfaces/my_interfaces/msg/detail/my_soccer__struct.hpp
[1.504s] -- Up-to-date: /home/mbsaloka/Desktop/ros2_ichiro_task/install/my_interfaces/include/my_interfaces/my_interfaces/msg/detail/pose__struct.hpp
[1.504s] -- Up-to-date: /home/mbsaloka/Desktop/ros2_ichiro_task/install/my_interfaces/include/my_interfaces/my_interfaces/msg/detail/pose__traits.hpp
[1.505s] -- Up-to-date: /home/mbsaloka/Desktop/ros2_ichiro_task/install/my_interfaces/include/my_interfaces/my_interfaces
[1.505s] -- Up-to-date: /home/mbsaloka/Desktop/ros2_ichiro_task/install/my_interfaces/include/my_interfaces/my_interfaces/msg
[1.505s] -- Up-to-date: /home/mbsaloka/Desktop/ros2_ichiro_task/install/my_interfaces/include/my_interfaces/my_interfaces/msg/rosidl_typesupport_fastrtps_cpp__visibility_control.h
[1.505s] -- Up-to-date: /home/mbsaloka/Desktop/ros2_ichiro_task/install/my_interfaces/include/my_interfaces/my_interfaces/msg/detail
[1.505s] -- Up-to-date: /home/mbsaloka/Desktop/ros2_ichiro_task/install/my_interfaces/include/my_interfaces/my_interfaces/msg/detail/dds_fastrtps
[1.505s] -- Up-to-date: /home/mbsaloka/Desktop/ros2_ichiro_task/install/my_interfaces/include/my_interfaces/my_interfaces/msg/detail/pose__rosidl_typesupport_fastrtps_cpp.hpp
[1.505s] -- Up-to-date: /home/mbsaloka/Desktop/ros2_ichiro_task/install/my_interfaces/include/my_interfaces/my_interfaces/msg/detail/my_soccer__rosidl_typesupport_fastrtps_cpp.hpp
[1.505s] -- Up-to-date: /home/mbsaloka/Desktop/ros2_ichiro_task/install/my_interfaces/lib/libmy_interfaces__rosidl_typesupport_fastrtps_cpp.so
[1.505s] -- Up-to-date: /home/mbsaloka/Desktop/ros2_ichiro_task/install/my_interfaces/include/my_interfaces/my_interfaces
[1.506s] -- Up-to-date: /home/mbsaloka/Desktop/ros2_ichiro_task/install/my_interfaces/include/my_interfaces/my_interfaces/msg
[1.506s] -- Up-to-date: /home/mbsaloka/Desktop/ros2_ichiro_task/install/my_interfaces/include/my_interfaces/my_interfaces/msg/rosidl_typesupport_introspection_c__visibility_control.h
[1.506s] -- Up-to-date: /home/mbsaloka/Desktop/ros2_ichiro_task/install/my_interfaces/include/my_interfaces/my_interfaces/msg/detail
[1.506s] -- Up-to-date: /home/mbsaloka/Desktop/ros2_ichiro_task/install/my_interfaces/include/my_interfaces/my_interfaces/msg/detail/my_soccer__rosidl_typesupport_introspection_c.h
[1.506s] -- Up-to-date: /home/mbsaloka/Desktop/ros2_ichiro_task/install/my_interfaces/include/my_interfaces/my_interfaces/msg/detail/pose__type_support.c
[1.506s] -- Up-to-date: /home/mbsaloka/Desktop/ros2_ichiro_task/install/my_interfaces/include/my_interfaces/my_interfaces/msg/detail/my_soccer__type_support.c
[1.506s] -- Up-to-date: /home/mbsaloka/Desktop/ros2_ichiro_task/install/my_interfaces/include/my_interfaces/my_interfaces/msg/detail/pose__rosidl_typesupport_introspection_c.h
[1.506s] -- Up-to-date: /home/mbsaloka/Desktop/ros2_ichiro_task/install/my_interfaces/lib/libmy_interfaces__rosidl_typesupport_introspection_c.so
[1.506s] -- Up-to-date: /home/mbsaloka/Desktop/ros2_ichiro_task/install/my_interfaces/lib/libmy_interfaces__rosidl_typesupport_c.so
[1.506s] -- Up-to-date: /home/mbsaloka/Desktop/ros2_ichiro_task/install/my_interfaces/include/my_interfaces/my_interfaces
[1.506s] -- Up-to-date: /home/mbsaloka/Desktop/ros2_ichiro_task/install/my_interfaces/include/my_interfaces/my_interfaces/msg
[1.507s] -- Up-to-date: /home/mbsaloka/Desktop/ros2_ichiro_task/install/my_interfaces/include/my_interfaces/my_interfaces/msg/detail
[1.507s] -- Up-to-date: /home/mbsaloka/Desktop/ros2_ichiro_task/install/my_interfaces/include/my_interfaces/my_interfaces/msg/detail/pose__rosidl_typesupport_introspection_cpp.hpp
[1.507s] -- Up-to-date: /home/mbsaloka/Desktop/ros2_ichiro_task/install/my_interfaces/include/my_interfaces/my_interfaces/msg/detail/pose__type_support.cpp
[1.507s] -- Up-to-date: /home/mbsaloka/Desktop/ros2_ichiro_task/install/my_interfaces/include/my_interfaces/my_interfaces/msg/detail/my_soccer__rosidl_typesupport_introspection_cpp.hpp
[1.507s] -- Up-to-date: /home/mbsaloka/Desktop/ros2_ichiro_task/install/my_interfaces/include/my_interfaces/my_interfaces/msg/detail/my_soccer__type_support.cpp
[1.507s] -- Up-to-date: /home/mbsaloka/Desktop/ros2_ichiro_task/install/my_interfaces/lib/libmy_interfaces__rosidl_typesupport_introspection_cpp.so
[1.507s] -- Up-to-date: /home/mbsaloka/Desktop/ros2_ichiro_task/install/my_interfaces/lib/libmy_interfaces__rosidl_typesupport_cpp.so
[1.507s] -- Up-to-date: /home/mbsaloka/Desktop/ros2_ichiro_task/install/my_interfaces/share/my_interfaces/environment/pythonpath.sh
[1.507s] -- Up-to-date: /home/mbsaloka/Desktop/ros2_ichiro_task/install/my_interfaces/share/my_interfaces/environment/pythonpath.dsv
[1.507s] -- Up-to-date: /home/mbsaloka/Desktop/ros2_ichiro_task/install/my_interfaces/lib/python3.10/site-packages/my_interfaces-0.0.0-py3.10.egg-info
[1.508s] -- Installing: /home/mbsaloka/Desktop/ros2_ichiro_task/install/my_interfaces/lib/python3.10/site-packages/my_interfaces-0.0.0-py3.10.egg-info/top_level.txt
[1.508s] -- Installing: /home/mbsaloka/Desktop/ros2_ichiro_task/install/my_interfaces/lib/python3.10/site-packages/my_interfaces-0.0.0-py3.10.egg-info/PKG-INFO
[1.508s] -- Installing: /home/mbsaloka/Desktop/ros2_ichiro_task/install/my_interfaces/lib/python3.10/site-packages/my_interfaces-0.0.0-py3.10.egg-info/dependency_links.txt
[1.508s] -- Installing: /home/mbsaloka/Desktop/ros2_ichiro_task/install/my_interfaces/lib/python3.10/site-packages/my_interfaces-0.0.0-py3.10.egg-info/SOURCES.txt
[1.508s] -- Up-to-date: /home/mbsaloka/Desktop/ros2_ichiro_task/install/my_interfaces/lib/python3.10/site-packages/my_interfaces
[1.508s] -- Up-to-date: /home/mbsaloka/Desktop/ros2_ichiro_task/install/my_interfaces/lib/python3.10/site-packages/my_interfaces/my_interfaces_s__rosidl_typesupport_fastrtps_c.cpython-310-x86_64-linux-gnu.so
[1.508s] -- Up-to-date: /home/mbsaloka/Desktop/ros2_ichiro_task/install/my_interfaces/lib/python3.10/site-packages/my_interfaces/my_interfaces_s__rosidl_typesupport_introspection_c.cpython-310-x86_64-linux-gnu.so
[1.508s] -- Up-to-date: /home/mbsaloka/Desktop/ros2_ichiro_task/install/my_interfaces/lib/python3.10/site-packages/my_interfaces/_my_interfaces_s.ep.rosidl_typesupport_introspection_c.c
[1.508s] -- Up-to-date: /home/mbsaloka/Desktop/ros2_ichiro_task/install/my_interfaces/lib/python3.10/site-packages/my_interfaces/_my_interfaces_s.ep.rosidl_typesupport_c.c
[1.508s] -- Up-to-date: /home/mbsaloka/Desktop/ros2_ichiro_task/install/my_interfaces/lib/python3.10/site-packages/my_interfaces/__init__.py
[1.508s] -- Up-to-date: /home/mbsaloka/Desktop/ros2_ichiro_task/install/my_interfaces/lib/python3.10/site-packages/my_interfaces/msg
[1.508s] -- Up-to-date: /home/mbsaloka/Desktop/ros2_ichiro_task/install/my_interfaces/lib/python3.10/site-packages/my_interfaces/msg/_pose_s.c
[1.508s] -- Up-to-date: /home/mbsaloka/Desktop/ros2_ichiro_task/install/my_interfaces/lib/python3.10/site-packages/my_interfaces/msg/_my_soccer.py
[1.508s] -- Up-to-date: /home/mbsaloka/Desktop/ros2_ichiro_task/install/my_interfaces/lib/python3.10/site-packages/my_interfaces/msg/_my_soccer_s.c
[1.509s] -- Up-to-date: /home/mbsaloka/Desktop/ros2_ichiro_task/install/my_interfaces/lib/python3.10/site-packages/my_interfaces/msg/_pose.py
[1.509s] -- Up-to-date: /home/mbsaloka/Desktop/ros2_ichiro_task/install/my_interfaces/lib/python3.10/site-packages/my_interfaces/msg/__init__.py
[1.509s] -- Up-to-date: /home/mbsaloka/Desktop/ros2_ichiro_task/install/my_interfaces/lib/python3.10/site-packages/my_interfaces/libmy_interfaces__rosidl_generator_py.so
[1.509s] -- Up-to-date: /home/mbsaloka/Desktop/ros2_ichiro_task/install/my_interfaces/lib/python3.10/site-packages/my_interfaces/_my_interfaces_s.ep.rosidl_typesupport_fastrtps_c.c
[1.509s] -- Up-to-date: /home/mbsaloka/Desktop/ros2_ichiro_task/install/my_interfaces/lib/python3.10/site-packages/my_interfaces/my_interfaces_s__rosidl_typesupport_c.cpython-310-x86_64-linux-gnu.so
[1.566s] Listing '/home/mbsaloka/Desktop/ros2_ichiro_task/install/my_interfaces/lib/python3.10/site-packages/my_interfaces'...
[1.566s] Listing '/home/mbsaloka/Desktop/ros2_ichiro_task/install/my_interfaces/lib/python3.10/site-packages/my_interfaces/msg'...
[1.573s] -- Up-to-date: /home/mbsaloka/Desktop/ros2_ichiro_task/install/my_interfaces/lib/python3.10/site-packages/my_interfaces/my_interfaces_s__rosidl_typesupport_fastrtps_c.cpython-310-x86_64-linux-gnu.so
[1.574s] -- Up-to-date: /home/mbsaloka/Desktop/ros2_ichiro_task/install/my_interfaces/lib/python3.10/site-packages/my_interfaces/my_interfaces_s__rosidl_typesupport_introspection_c.cpython-310-x86_64-linux-gnu.so
[1.575s] -- Up-to-date: /home/mbsaloka/Desktop/ros2_ichiro_task/install/my_interfaces/lib/python3.10/site-packages/my_interfaces/my_interfaces_s__rosidl_typesupport_c.cpython-310-x86_64-linux-gnu.so
[1.576s] -- Up-to-date: /home/mbsaloka/Desktop/ros2_ichiro_task/install/my_interfaces/lib/libmy_interfaces__rosidl_generator_py.so
[1.576s] -- Up-to-date: /home/mbsaloka/Desktop/ros2_ichiro_task/install/my_interfaces/share/my_interfaces/msg/Pose.idl
[1.576s] -- Up-to-date: /home/mbsaloka/Desktop/ros2_ichiro_task/install/my_interfaces/share/my_interfaces/msg/Pose.msg
[1.576s] -- Up-to-date: /home/mbsaloka/Desktop/ros2_ichiro_task/install/my_interfaces/share/ament_index/resource_index/package_run_dependencies/my_interfaces
[1.576s] -- Up-to-date: /home/mbsaloka/Desktop/ros2_ichiro_task/install/my_interfaces/share/ament_index/resource_index/parent_prefix_path/my_interfaces
[1.576s] -- Up-to-date: /home/mbsaloka/Desktop/ros2_ichiro_task/install/my_interfaces/share/my_interfaces/environment/ament_prefix_path.sh
[1.576s] -- Up-to-date: /home/mbsaloka/Desktop/ros2_ichiro_task/install/my_interfaces/share/my_interfaces/environment/ament_prefix_path.dsv
[1.577s] -- Up-to-date: /home/mbsaloka/Desktop/ros2_ichiro_task/install/my_interfaces/share/my_interfaces/environment/path.sh
[1.577s] -- Up-to-date: /home/mbsaloka/Desktop/ros2_ichiro_task/install/my_interfaces/share/my_interfaces/environment/path.dsv
[1.577s] -- Up-to-date: /home/mbsaloka/Desktop/ros2_ichiro_task/install/my_interfaces/share/my_interfaces/local_setup.bash
[1.577s] -- Up-to-date: /home/mbsaloka/Desktop/ros2_ichiro_task/install/my_interfaces/share/my_interfaces/local_setup.sh
[1.577s] -- Up-to-date: /home/mbsaloka/Desktop/ros2_ichiro_task/install/my_interfaces/share/my_interfaces/local_setup.zsh
[1.577s] -- Up-to-date: /home/mbsaloka/Desktop/ros2_ichiro_task/install/my_interfaces/share/my_interfaces/local_setup.dsv
[1.577s] -- Installing: /home/mbsaloka/Desktop/ros2_ichiro_task/install/my_interfaces/share/my_interfaces/package.dsv
[1.577s] -- Up-to-date: /home/mbsaloka/Desktop/ros2_ichiro_task/install/my_interfaces/share/ament_index/resource_index/packages/my_interfaces
[1.578s] -- Up-to-date: /home/mbsaloka/Desktop/ros2_ichiro_task/install/my_interfaces/share/my_interfaces/cmake/export_my_interfaces__rosidl_generator_cExport.cmake
[1.578s] -- Up-to-date: /home/mbsaloka/Desktop/ros2_ichiro_task/install/my_interfaces/share/my_interfaces/cmake/export_my_interfaces__rosidl_generator_cExport-noconfig.cmake
[1.578s] -- Up-to-date: /home/mbsaloka/Desktop/ros2_ichiro_task/install/my_interfaces/share/my_interfaces/cmake/export_my_interfaces__rosidl_typesupport_fastrtps_cExport.cmake
[1.579s] -- Up-to-date: /home/mbsaloka/Desktop/ros2_ichiro_task/install/my_interfaces/share/my_interfaces/cmake/export_my_interfaces__rosidl_typesupport_fastrtps_cExport-noconfig.cmake
[1.579s] -- Up-to-date: /home/mbsaloka/Desktop/ros2_ichiro_task/install/my_interfaces/share/my_interfaces/cmake/export_my_interfaces__rosidl_generator_cppExport.cmake
[1.579s] -- Up-to-date: /home/mbsaloka/Desktop/ros2_ichiro_task/install/my_interfaces/share/my_interfaces/cmake/export_my_interfaces__rosidl_typesupport_fastrtps_cppExport.cmake
[1.579s] -- Up-to-date: /home/mbsaloka/Desktop/ros2_ichiro_task/install/my_interfaces/share/my_interfaces/cmake/export_my_interfaces__rosidl_typesupport_fastrtps_cppExport-noconfig.cmake
[1.579s] -- Up-to-date: /home/mbsaloka/Desktop/ros2_ichiro_task/install/my_interfaces/share/my_interfaces/cmake/my_interfaces__rosidl_typesupport_introspection_cExport.cmake
[1.580s] -- Up-to-date: /home/mbsaloka/Desktop/ros2_ichiro_task/install/my_interfaces/share/my_interfaces/cmake/my_interfaces__rosidl_typesupport_introspection_cExport-noconfig.cmake
[1.580s] -- Up-to-date: /home/mbsaloka/Desktop/ros2_ichiro_task/install/my_interfaces/share/my_interfaces/cmake/my_interfaces__rosidl_typesupport_cExport.cmake
[1.580s] -- Up-to-date: /home/mbsaloka/Desktop/ros2_ichiro_task/install/my_interfaces/share/my_interfaces/cmake/my_interfaces__rosidl_typesupport_cExport-noconfig.cmake
[1.580s] -- Up-to-date: /home/mbsaloka/Desktop/ros2_ichiro_task/install/my_interfaces/share/my_interfaces/cmake/my_interfaces__rosidl_typesupport_introspection_cppExport.cmake
[1.580s] -- Up-to-date: /home/mbsaloka/Desktop/ros2_ichiro_task/install/my_interfaces/share/my_interfaces/cmake/my_interfaces__rosidl_typesupport_introspection_cppExport-noconfig.cmake
[1.581s] -- Up-to-date: /home/mbsaloka/Desktop/ros2_ichiro_task/install/my_interfaces/share/my_interfaces/cmake/my_interfaces__rosidl_typesupport_cppExport.cmake
[1.581s] -- Up-to-date: /home/mbsaloka/Desktop/ros2_ichiro_task/install/my_interfaces/share/my_interfaces/cmake/my_interfaces__rosidl_typesupport_cppExport-noconfig.cmake
[1.581s] -- Up-to-date: /home/mbsaloka/Desktop/ros2_ichiro_task/install/my_interfaces/share/my_interfaces/cmake/export_my_interfaces__rosidl_generator_pyExport.cmake
[1.581s] -- Up-to-date: /home/mbsaloka/Desktop/ros2_ichiro_task/install/my_interfaces/share/my_interfaces/cmake/export_my_interfaces__rosidl_generator_pyExport-noconfig.cmake
[1.581s] -- Up-to-date: /home/mbsaloka/Desktop/ros2_ichiro_task/install/my_interfaces/share/my_interfaces/cmake/rosidl_cmake-extras.cmake
[1.581s] -- Up-to-date: /home/mbsaloka/Desktop/ros2_ichiro_task/install/my_interfaces/share/my_interfaces/cmake/ament_cmake_export_include_directories-extras.cmake
[1.582s] -- Up-to-date: /home/mbsaloka/Desktop/ros2_ichiro_task/install/my_interfaces/share/my_interfaces/cmake/ament_cmake_export_libraries-extras.cmake
[1.582s] -- Up-to-date: /home/mbsaloka/Desktop/ros2_ichiro_task/install/my_interfaces/share/my_interfaces/cmake/ament_cmake_export_targets-extras.cmake
[1.582s] -- Up-to-date: /home/mbsaloka/Desktop/ros2_ichiro_task/install/my_interfaces/share/my_interfaces/cmake/rosidl_cmake_export_typesupport_targets-extras.cmake
[1.582s] -- Up-to-date: /home/mbsaloka/Desktop/ros2_ichiro_task/install/my_interfaces/share/my_interfaces/cmake/ament_cmake_export_dependencies-extras.cmake
[1.582s] -- Up-to-date: /home/mbsaloka/Desktop/ros2_ichiro_task/install/my_interfaces/share/my_interfaces/cmake/rosidl_cmake_export_typesupport_libraries-extras.cmake
[1.582s] -- Up-to-date: /home/mbsaloka/Desktop/ros2_ichiro_task/install/my_interfaces/share/my_interfaces/cmake/my_interfacesConfig.cmake
[1.582s] -- Up-to-date: /home/mbsaloka/Desktop/ros2_ichiro_task/install/my_interfaces/share/my_interfaces/cmake/my_interfacesConfig-version.cmake
[1.582s] -- Up-to-date: /home/mbsaloka/Desktop/ros2_ichiro_task/install/my_interfaces/share/my_interfaces/package.xml
[1.586s] Invoked command in '/home/mbsaloka/Desktop/ros2_ichiro_task/build/my_interfaces' returned '0': CMAKE_PREFIX_PATH=/opt/ros/iron /usr/bin/cmake --install /home/mbsaloka/Desktop/ros2_ichiro_task/build/my_interfaces
