[0.145s] Invoking command in '/home/mbsaloka/Desktop/ros2_ichiro_task/build/odd_num_pubsub': CMAKE_PREFIX_PATH=/opt/ros/iron /usr/bin/cmake /home/mbsaloka/Desktop/ros2_ichiro_task/src/odd_num_pubsub -DCMAKE_INSTALL_PREFIX=/home/mbsaloka/Desktop/ros2_ichiro_task/install/odd_num_pubsub
[0.183s] -- Found ament_cmake: 2.0.3 (/opt/ros/iron/share/ament_cmake/cmake)
[0.502s] -- Found rclcpp: 21.0.4 (/opt/ros/iron/share/rclcpp/cmake)
[0.560s] -- Found rosidl_generator_c: 4.0.1 (/opt/ros/iron/share/rosidl_generator_c/cmake)
[0.579s] -- Found rosidl_generator_cpp: 4.0.1 (/opt/ros/iron/share/rosidl_generator_cpp/cmake)
[0.596s] -- Using all available rosidl_typesupport_c: rosidl_typesupport_fastrtps_c;rosidl_typesupport_introspection_c
[0.625s] -- Using all available rosidl_typesupport_cpp: rosidl_typesupport_fastrtps_cpp;rosidl_typesupport_introspection_cpp
[1.000s] -- Found rmw_implementation_cmake: 7.1.0 (/opt/ros/iron/share/rmw_implementation_cmake/cmake)
[1.002s] -- Found rmw_fastrtps_cpp: 7.1.2 (/opt/ros/iron/share/rmw_fastrtps_cpp/cmake)
[1.262s] -- Using RMW implementation 'rmw_fastrtps_cpp' as default
[1.770s] -- Found std_msgs: 5.0.0 (/opt/ros/iron/share/std_msgs/cmake)
[1.874s] -- Found ament_lint_auto: 0.14.2 (/opt/ros/iron/share/ament_lint_auto/cmake)
[2.076s] -- Added test 'cppcheck' to perform static code analysis on C / C++ code
[2.076s] -- Configured cppcheck include dirs: 
[2.076s] -- Configured cppcheck exclude dirs and/or files: 
[2.077s] -- Added test 'lint_cmake' to check CMake code style
[2.079s] -- Added test 'uncrustify' to check C / C++ code style
[2.079s] -- Configured uncrustify additional arguments: 
[2.080s] -- Added test 'xmllint' to check XML markup files
[2.082s] -- Configuring done
[2.116s] -- Generating done
[2.119s] -- Build files have been written to: /home/mbsaloka/Desktop/ros2_ichiro_task/build/odd_num_pubsub
[2.135s] Invoked command in '/home/mbsaloka/Desktop/ros2_ichiro_task/build/odd_num_pubsub' returned '0': CMAKE_PREFIX_PATH=/opt/ros/iron /usr/bin/cmake /home/mbsaloka/Desktop/ros2_ichiro_task/src/odd_num_pubsub -DCMAKE_INSTALL_PREFIX=/home/mbsaloka/Desktop/ros2_ichiro_task/install/odd_num_pubsub
[2.138s] Invoking command in '/home/mbsaloka/Desktop/ros2_ichiro_task/build/odd_num_pubsub': CMAKE_PREFIX_PATH=/opt/ros/iron /usr/bin/cmake --build /home/mbsaloka/Desktop/ros2_ichiro_task/build/odd_num_pubsub -- -j16 -l16
[2.230s] [ 50%] [32mBuilding CXX object CMakeFiles/talker.dir/src/odd_num_publisher.cpp.o[0m
[2.230s] [ 50%] [32mBuilding CXX object CMakeFiles/listener.dir/src/odd_num_subscriber.cpp.o[0m
[10.815s] [ 75%] [32m[1mLinking CXX executable talker[0m
[11.269s] [ 75%] Built target talker
[15.308s] [100%] [32m[1mLinking CXX executable listener[0m
[15.940s] [100%] Built target listener
[15.956s] Invoked command in '/home/mbsaloka/Desktop/ros2_ichiro_task/build/odd_num_pubsub' returned '0': CMAKE_PREFIX_PATH=/opt/ros/iron /usr/bin/cmake --build /home/mbsaloka/Desktop/ros2_ichiro_task/build/odd_num_pubsub -- -j16 -l16
[16.014s] Invoking command in '/home/mbsaloka/Desktop/ros2_ichiro_task/build/odd_num_pubsub': CMAKE_PREFIX_PATH=/opt/ros/iron /usr/bin/cmake --install /home/mbsaloka/Desktop/ros2_ichiro_task/build/odd_num_pubsub
[16.032s] -- Install configuration: ""
[16.032s] -- Installing: /home/mbsaloka/Desktop/ros2_ichiro_task/install/odd_num_pubsub/lib/odd_num_pubsub/talker
[16.035s] -- Set runtime path of "/home/mbsaloka/Desktop/ros2_ichiro_task/install/odd_num_pubsub/lib/odd_num_pubsub/talker" to ""
[16.035s] -- Installing: /home/mbsaloka/Desktop/ros2_ichiro_task/install/odd_num_pubsub/lib/odd_num_pubsub/listener
[16.044s] -- Set runtime path of "/home/mbsaloka/Desktop/ros2_ichiro_task/install/odd_num_pubsub/lib/odd_num_pubsub/listener" to ""
[16.044s] -- Installing: /home/mbsaloka/Desktop/ros2_ichiro_task/install/odd_num_pubsub/share/ament_index/resource_index/package_run_dependencies/odd_num_pubsub
[16.045s] -- Installing: /home/mbsaloka/Desktop/ros2_ichiro_task/install/odd_num_pubsub/share/ament_index/resource_index/parent_prefix_path/odd_num_pubsub
[16.045s] -- Installing: /home/mbsaloka/Desktop/ros2_ichiro_task/install/odd_num_pubsub/share/odd_num_pubsub/environment/ament_prefix_path.sh
[16.045s] -- Installing: /home/mbsaloka/Desktop/ros2_ichiro_task/install/odd_num_pubsub/share/odd_num_pubsub/environment/ament_prefix_path.dsv
[16.045s] -- Installing: /home/mbsaloka/Desktop/ros2_ichiro_task/install/odd_num_pubsub/share/odd_num_pubsub/environment/path.sh
[16.045s] -- Installing: /home/mbsaloka/Desktop/ros2_ichiro_task/install/odd_num_pubsub/share/odd_num_pubsub/environment/path.dsv
[16.045s] -- Installing: /home/mbsaloka/Desktop/ros2_ichiro_task/install/odd_num_pubsub/share/odd_num_pubsub/local_setup.bash
[16.046s] -- Installing: /home/mbsaloka/Desktop/ros2_ichiro_task/install/odd_num_pubsub/share/odd_num_pubsub/local_setup.sh
[16.046s] -- Installing: /home/mbsaloka/Desktop/ros2_ichiro_task/install/odd_num_pubsub/share/odd_num_pubsub/local_setup.zsh
[16.046s] -- Installing: /home/mbsaloka/Desktop/ros2_ichiro_task/install/odd_num_pubsub/share/odd_num_pubsub/local_setup.dsv
[16.046s] -- Installing: /home/mbsaloka/Desktop/ros2_ichiro_task/install/odd_num_pubsub/share/odd_num_pubsub/package.dsv
[16.046s] -- Installing: /home/mbsaloka/Desktop/ros2_ichiro_task/install/odd_num_pubsub/share/ament_index/resource_index/packages/odd_num_pubsub
[16.046s] -- Installing: /home/mbsaloka/Desktop/ros2_ichiro_task/install/odd_num_pubsub/share/odd_num_pubsub/cmake/odd_num_pubsubConfig.cmake
[16.046s] -- Installing: /home/mbsaloka/Desktop/ros2_ichiro_task/install/odd_num_pubsub/share/odd_num_pubsub/cmake/odd_num_pubsubConfig-version.cmake
[16.046s] -- Installing: /home/mbsaloka/Desktop/ros2_ichiro_task/install/odd_num_pubsub/share/odd_num_pubsub/package.xml
[16.049s] Invoked command in '/home/mbsaloka/Desktop/ros2_ichiro_task/build/odd_num_pubsub' returned '0': CMAKE_PREFIX_PATH=/opt/ros/iron /usr/bin/cmake --install /home/mbsaloka/Desktop/ros2_ichiro_task/build/odd_num_pubsub
