[0.168s] Invoking command in '/home/mbsaloka/Desktop/ros2_ichiro_task/build/sum_two_num_srvcli': CMAKE_PREFIX_PATH=${CMAKE_PREFIX_PATH}:/opt/ros/iron /usr/bin/cmake /home/mbsaloka/Desktop/ros2_ichiro_task/src/sum_two_num_srvcli -DCMAKE_INSTALL_PREFIX=/home/mbsaloka/Desktop/ros2_ichiro_task/install/sum_two_num_srvcli
[0.380s] -- The C compiler identification is GNU 11.4.0
[0.552s] -- The CXX compiler identification is GNU 11.4.0
[0.583s] -- Detecting C compiler ABI info
[0.778s] -- Detecting C compiler ABI info - done
[0.802s] -- Check for working C compiler: /usr/bin/cc - skipped
[0.803s] -- Detecting C compile features
[0.804s] -- Detecting C compile features - done
[0.813s] -- Detecting CXX compiler ABI info
[1.051s] -- Detecting CXX compiler ABI info - done
[1.080s] -- Check for working CXX compiler: /usr/bin/c++ - skipped
[1.081s] -- Detecting CXX compile features
[1.083s] -- Detecting CXX compile features - done
[1.091s] -- Found ament_cmake: 2.0.3 (/opt/ros/iron/share/ament_cmake/cmake)
[1.660s] -- Found Python3: /usr/bin/python3.10 (found version "3.10.12") found components: Interpreter 
[1.928s] -- Found rclcpp: 21.0.4 (/opt/ros/iron/share/rclcpp/cmake)
[2.045s] -- Found rosidl_generator_c: 4.0.1 (/opt/ros/iron/share/rosidl_generator_c/cmake)
[2.078s] -- Found rosidl_generator_cpp: 4.0.1 (/opt/ros/iron/share/rosidl_generator_cpp/cmake)
[2.128s] -- Using all available rosidl_typesupport_c: rosidl_typesupport_fastrtps_c;rosidl_typesupport_introspection_c
[2.179s] -- Using all available rosidl_typesupport_cpp: rosidl_typesupport_fastrtps_cpp;rosidl_typesupport_introspection_cpp
[2.633s] -- Found rmw_implementation_cmake: 7.1.0 (/opt/ros/iron/share/rmw_implementation_cmake/cmake)
[2.640s] -- Found rmw_fastrtps_cpp: 7.1.2 (/opt/ros/iron/share/rmw_fastrtps_cpp/cmake)
[2.951s] -- Found OpenSSL: /usr/lib/x86_64-linux-gnu/libcrypto.so (found version "3.0.2")  
[3.030s] -- Found FastRTPS: /opt/ros/iron/include  
[3.157s] -- Using RMW implementation 'rmw_fastrtps_cpp' as default
[3.649s] -- Found example_interfaces: 0.10.2 (/opt/ros/iron/share/example_interfaces/cmake)
[4.267s] -- Found ament_lint_auto: 0.14.2 (/opt/ros/iron/share/ament_lint_auto/cmake)
[4.573s] -- Added test 'cppcheck' to perform static code analysis on C / C++ code
[4.574s] -- Configured cppcheck include dirs: 
[4.574s] -- Configured cppcheck exclude dirs and/or files: 
[4.576s] -- Added test 'lint_cmake' to check CMake code style
[4.580s] -- Added test 'uncrustify' to check C / C++ code style
[4.580s] -- Configured uncrustify additional arguments: 
[4.583s] -- Added test 'xmllint' to check XML markup files
[4.589s] -- Configuring done
[4.633s] -- Generating done
[4.640s] -- Build files have been written to: /home/mbsaloka/Desktop/ros2_ichiro_task/build/sum_two_num_srvcli
[4.673s] Invoked command in '/home/mbsaloka/Desktop/ros2_ichiro_task/build/sum_two_num_srvcli' returned '0': CMAKE_PREFIX_PATH=${CMAKE_PREFIX_PATH}:/opt/ros/iron /usr/bin/cmake /home/mbsaloka/Desktop/ros2_ichiro_task/src/sum_two_num_srvcli -DCMAKE_INSTALL_PREFIX=/home/mbsaloka/Desktop/ros2_ichiro_task/install/sum_two_num_srvcli
[4.679s] Invoking command in '/home/mbsaloka/Desktop/ros2_ichiro_task/build/sum_two_num_srvcli': CMAKE_PREFIX_PATH=${CMAKE_PREFIX_PATH}:/opt/ros/iron /usr/bin/cmake --build /home/mbsaloka/Desktop/ros2_ichiro_task/build/sum_two_num_srvcli -- -j16 -l16
[4.874s] [ 25%] [32mBuilding CXX object CMakeFiles/server.dir/src/sum_two_num_server.cpp.o[0m
[4.878s] [ 50%] [32mBuilding CXX object CMakeFiles/client.dir/src/sum_two_num_client.cpp.o[0m
[19.844s] [ 75%] [32m[1mLinking CXX executable server[0m
[20.588s] [100%] [32m[1mLinking CXX executable client[0m
[20.648s] [100%] Built target server
[21.235s] [100%] Built target client
[21.283s] Invoked command in '/home/mbsaloka/Desktop/ros2_ichiro_task/build/sum_two_num_srvcli' returned '0': CMAKE_PREFIX_PATH=${CMAKE_PREFIX_PATH}:/opt/ros/iron /usr/bin/cmake --build /home/mbsaloka/Desktop/ros2_ichiro_task/build/sum_two_num_srvcli -- -j16 -l16
[21.394s] Invoking command in '/home/mbsaloka/Desktop/ros2_ichiro_task/build/sum_two_num_srvcli': CMAKE_PREFIX_PATH=${CMAKE_PREFIX_PATH}:/opt/ros/iron /usr/bin/cmake --install /home/mbsaloka/Desktop/ros2_ichiro_task/build/sum_two_num_srvcli
[21.421s] -- Install configuration: ""
[21.421s] -- Installing: /home/mbsaloka/Desktop/ros2_ichiro_task/install/sum_two_num_srvcli/lib/sum_two_num_srvcli/server
[21.424s] -- Set runtime path of "/home/mbsaloka/Desktop/ros2_ichiro_task/install/sum_two_num_srvcli/lib/sum_two_num_srvcli/server" to ""
[21.425s] -- Installing: /home/mbsaloka/Desktop/ros2_ichiro_task/install/sum_two_num_srvcli/lib/sum_two_num_srvcli/client
[21.431s] -- Set runtime path of "/home/mbsaloka/Desktop/ros2_ichiro_task/install/sum_two_num_srvcli/lib/sum_two_num_srvcli/client" to ""
[21.431s] -- Installing: /home/mbsaloka/Desktop/ros2_ichiro_task/install/sum_two_num_srvcli/share/ament_index/resource_index/package_run_dependencies/sum_two_num_srvcli
[21.432s] -- Installing: /home/mbsaloka/Desktop/ros2_ichiro_task/install/sum_two_num_srvcli/share/ament_index/resource_index/parent_prefix_path/sum_two_num_srvcli
[21.433s] -- Installing: /home/mbsaloka/Desktop/ros2_ichiro_task/install/sum_two_num_srvcli/share/sum_two_num_srvcli/environment/ament_prefix_path.sh
[21.434s] -- Installing: /home/mbsaloka/Desktop/ros2_ichiro_task/install/sum_two_num_srvcli/share/sum_two_num_srvcli/environment/ament_prefix_path.dsv
[21.434s] -- Installing: /home/mbsaloka/Desktop/ros2_ichiro_task/install/sum_two_num_srvcli/share/sum_two_num_srvcli/environment/path.sh
[21.435s] -- Installing: /home/mbsaloka/Desktop/ros2_ichiro_task/install/sum_two_num_srvcli/share/sum_two_num_srvcli/environment/path.dsv
[21.435s] -- Installing: /home/mbsaloka/Desktop/ros2_ichiro_task/install/sum_two_num_srvcli/share/sum_two_num_srvcli/local_setup.bash
[21.436s] -- Installing: /home/mbsaloka/Desktop/ros2_ichiro_task/install/sum_two_num_srvcli/share/sum_two_num_srvcli/local_setup.sh
[21.436s] -- Installing: /home/mbsaloka/Desktop/ros2_ichiro_task/install/sum_two_num_srvcli/share/sum_two_num_srvcli/local_setup.zsh
[21.439s] -- Installing: /home/mbsaloka/Desktop/ros2_ichiro_task/install/sum_two_num_srvcli/share/sum_two_num_srvcli/local_setup.dsv
[21.439s] -- Installing: /home/mbsaloka/Desktop/ros2_ichiro_task/install/sum_two_num_srvcli/share/sum_two_num_srvcli/package.dsv
[21.440s] -- Installing: /home/mbsaloka/Desktop/ros2_ichiro_task/install/sum_two_num_srvcli/share/ament_index/resource_index/packages/sum_two_num_srvcli
[21.441s] -- Installing: /home/mbsaloka/Desktop/ros2_ichiro_task/install/sum_two_num_srvcli/share/sum_two_num_srvcli/cmake/sum_two_num_srvcliConfig.cmake
[21.441s] -- Installing: /home/mbsaloka/Desktop/ros2_ichiro_task/install/sum_two_num_srvcli/share/sum_two_num_srvcli/cmake/sum_two_num_srvcliConfig-version.cmake
[21.442s] -- Installing: /home/mbsaloka/Desktop/ros2_ichiro_task/install/sum_two_num_srvcli/share/sum_two_num_srvcli/package.xml
[21.452s] Invoked command in '/home/mbsaloka/Desktop/ros2_ichiro_task/build/sum_two_num_srvcli' returned '0': CMAKE_PREFIX_PATH=${CMAKE_PREFIX_PATH}:/opt/ros/iron /usr/bin/cmake --install /home/mbsaloka/Desktop/ros2_ichiro_task/build/sum_two_num_srvcli
