[2.562s] DEBUG:colcon:Command line arguments: ['/usr/bin/colcon', 'list', '-p', '--base-paths', '/home/mbsaloka/Desktop/ros2_ichiro_task']
[2.562s] DEBUG:colcon:Parsed command line arguments: Namespace(log_base=None, log_level=None, verb_name='list', build_base='build', ignore_user_meta=False, metas=['./colcon.meta'], base_paths=['/home/mbsaloka/Desktop/ros2_ichiro_task'], packages_ignore=None, packages_ignore_regex=None, paths=None, packages_up_to=None, packages_up_to_regex=None, packages_above=None, packages_above_and_dependencies=None, packages_above_depth=None, packages_select_by_dep=None, packages_skip_by_dep=None, packages_skip_up_to=None, packages_select_build_failed=False, packages_skip_build_finished=False, packages_select_test_failures=False, packages_skip_test_passed=False, packages_select=None, packages_skip=None, packages_select_regex=None, packages_skip_regex=None, packages_start=None, packages_end=None, allow_overriding=[], topological_order=False, names_only=False, paths_only=True, topological_graph=False, topological_graph_dot=False, topological_graph_density=False, topological_graph_legend=False, topological_graph_dot_cluster=False, topological_graph_dot_include_skipped=False, verb_parser=<colcon_defaults.argument_parser.defaults.DefaultArgumentsDecorator object at 0x7f0bd5e627a0>, verb_extension=<colcon_package_information.verb.list.ListVerb object at 0x7f0bd5dbdd80>, main=<bound method ListVerb.main of <colcon_package_information.verb.list.ListVerb object at 0x7f0bd5dbdd80>>)
[2.689s] Level 1:colcon.colcon_core.package_discovery:discover_packages(colcon_meta) check parameters
[2.689s] Level 1:colcon.colcon_core.package_discovery:discover_packages(recursive) check parameters
[2.690s] Level 1:colcon.colcon_core.package_discovery:discover_packages(ignore) check parameters
[2.690s] Level 1:colcon.colcon_core.package_discovery:discover_packages(path) check parameters
[2.690s] Level 1:colcon.colcon_core.package_discovery:discover_packages(recursive) discover
[2.690s] INFO:colcon.colcon_core.package_discovery:Crawling recursively for packages in '/home/mbsaloka/Desktop/ros2_ichiro_task'
[2.690s] Level 1:colcon.colcon_core.package_identification:_identify(/home/mbsaloka/Desktop/ros2_ichiro_task) by extensions ['ignore', 'ignore_ament_install']
[2.691s] Level 1:colcon.colcon_core.package_identification:_identify(/home/mbsaloka/Desktop/ros2_ichiro_task) by extension 'ignore'
[2.691s] Level 1:colcon.colcon_core.package_identification:_identify(/home/mbsaloka/Desktop/ros2_ichiro_task) by extension 'ignore_ament_install'
[2.691s] Level 1:colcon.colcon_core.package_identification:_identify(/home/mbsaloka/Desktop/ros2_ichiro_task) by extensions ['colcon_pkg']
[2.692s] Level 1:colcon.colcon_core.package_identification:_identify(/home/mbsaloka/Desktop/ros2_ichiro_task) by extension 'colcon_pkg'
[2.692s] Level 1:colcon.colcon_core.package_identification:_identify(/home/mbsaloka/Desktop/ros2_ichiro_task) by extensions ['colcon_meta']
[2.692s] Level 1:colcon.colcon_core.package_identification:_identify(/home/mbsaloka/Desktop/ros2_ichiro_task) by extension 'colcon_meta'
[2.692s] Level 1:colcon.colcon_core.package_identification:_identify(/home/mbsaloka/Desktop/ros2_ichiro_task) by extensions ['ros']
[2.692s] Level 1:colcon.colcon_core.package_identification:_identify(/home/mbsaloka/Desktop/ros2_ichiro_task) by extension 'ros'
[2.734s] Level 1:colcon.colcon_core.package_identification:_identify(/home/mbsaloka/Desktop/ros2_ichiro_task) by extensions ['cmake', 'python']
[2.734s] Level 1:colcon.colcon_core.package_identification:_identify(/home/mbsaloka/Desktop/ros2_ichiro_task) by extension 'cmake'
[2.735s] Level 1:colcon.colcon_core.package_identification:_identify(/home/mbsaloka/Desktop/ros2_ichiro_task) by extension 'python'
[2.735s] Level 1:colcon.colcon_core.package_identification:_identify(/home/mbsaloka/Desktop/ros2_ichiro_task) by extensions ['python_setup_py']
[2.735s] Level 1:colcon.colcon_core.package_identification:_identify(/home/mbsaloka/Desktop/ros2_ichiro_task) by extension 'python_setup_py'
[2.735s] Level 1:colcon.colcon_core.package_identification:_identify(/home/mbsaloka/Desktop/ros2_ichiro_task/log) by extensions ['ignore', 'ignore_ament_install']
[2.735s] Level 1:colcon.colcon_core.package_identification:_identify(/home/mbsaloka/Desktop/ros2_ichiro_task/log) by extension 'ignore'
[2.736s] Level 1:colcon.colcon_core.package_identification:_identify(/home/mbsaloka/Desktop/ros2_ichiro_task/log) ignored
[2.736s] Level 1:colcon.colcon_core.package_identification:_identify(/home/mbsaloka/Desktop/ros2_ichiro_task/src) by extensions ['ignore', 'ignore_ament_install']
[2.736s] Level 1:colcon.colcon_core.package_identification:_identify(/home/mbsaloka/Desktop/ros2_ichiro_task/src) by extension 'ignore'
[2.736s] Level 1:colcon.colcon_core.package_identification:_identify(/home/mbsaloka/Desktop/ros2_ichiro_task/src) by extension 'ignore_ament_install'
[2.737s] Level 1:colcon.colcon_core.package_identification:_identify(/home/mbsaloka/Desktop/ros2_ichiro_task/src) by extensions ['colcon_pkg']
[2.737s] Level 1:colcon.colcon_core.package_identification:_identify(/home/mbsaloka/Desktop/ros2_ichiro_task/src) by extension 'colcon_pkg'
[2.737s] Level 1:colcon.colcon_core.package_identification:_identify(/home/mbsaloka/Desktop/ros2_ichiro_task/src) by extensions ['colcon_meta']
[2.737s] Level 1:colcon.colcon_core.package_identification:_identify(/home/mbsaloka/Desktop/ros2_ichiro_task/src) by extension 'colcon_meta'
[2.737s] Level 1:colcon.colcon_core.package_identification:_identify(/home/mbsaloka/Desktop/ros2_ichiro_task/src) by extensions ['ros']
[2.737s] Level 1:colcon.colcon_core.package_identification:_identify(/home/mbsaloka/Desktop/ros2_ichiro_task/src) by extension 'ros'
[2.737s] Level 1:colcon.colcon_core.package_identification:_identify(/home/mbsaloka/Desktop/ros2_ichiro_task/src) by extensions ['cmake', 'python']
[2.737s] Level 1:colcon.colcon_core.package_identification:_identify(/home/mbsaloka/Desktop/ros2_ichiro_task/src) by extension 'cmake'
[2.737s] Level 1:colcon.colcon_core.package_identification:_identify(/home/mbsaloka/Desktop/ros2_ichiro_task/src) by extension 'python'
[2.738s] Level 1:colcon.colcon_core.package_identification:_identify(/home/mbsaloka/Desktop/ros2_ichiro_task/src) by extensions ['python_setup_py']
[2.738s] Level 1:colcon.colcon_core.package_identification:_identify(/home/mbsaloka/Desktop/ros2_ichiro_task/src) by extension 'python_setup_py'
[2.738s] Level 1:colcon.colcon_core.package_identification:_identify(/home/mbsaloka/Desktop/ros2_ichiro_task/src/odd_num_pubsub) by extensions ['ignore', 'ignore_ament_install']
[2.738s] Level 1:colcon.colcon_core.package_identification:_identify(/home/mbsaloka/Desktop/ros2_ichiro_task/src/odd_num_pubsub) by extension 'ignore'
[2.738s] Level 1:colcon.colcon_core.package_identification:_identify(/home/mbsaloka/Desktop/ros2_ichiro_task/src/odd_num_pubsub) by extension 'ignore_ament_install'
[2.738s] Level 1:colcon.colcon_core.package_identification:_identify(/home/mbsaloka/Desktop/ros2_ichiro_task/src/odd_num_pubsub) by extensions ['colcon_pkg']
[2.739s] Level 1:colcon.colcon_core.package_identification:_identify(/home/mbsaloka/Desktop/ros2_ichiro_task/src/odd_num_pubsub) by extension 'colcon_pkg'
[2.739s] Level 1:colcon.colcon_core.package_identification:_identify(/home/mbsaloka/Desktop/ros2_ichiro_task/src/odd_num_pubsub) by extensions ['colcon_meta']
[2.739s] Level 1:colcon.colcon_core.package_identification:_identify(/home/mbsaloka/Desktop/ros2_ichiro_task/src/odd_num_pubsub) by extension 'colcon_meta'
[2.739s] Level 1:colcon.colcon_core.package_identification:_identify(/home/mbsaloka/Desktop/ros2_ichiro_task/src/odd_num_pubsub) by extensions ['ros']
[2.739s] Level 1:colcon.colcon_core.package_identification:_identify(/home/mbsaloka/Desktop/ros2_ichiro_task/src/odd_num_pubsub) by extension 'ros'
[2.748s] DEBUG:colcon.colcon_core.package_identification:Package '/home/mbsaloka/Desktop/ros2_ichiro_task/src/odd_num_pubsub' with type 'ros.ament_cmake' and name 'odd_num_pubsub'
[2.748s] Level 1:colcon.colcon_core.package_discovery:discover_packages(recursive) using defaults
