[35m[1mConsolidate compiler generated dependencies of target obstacle_avoider[0m
[ 50%] Built target my_package
[100%] Built target obstacle_avoider
-- Install configuration: ""
-- Up-to-date: /home/mbsaloka/Desktop/ros2_ichiro_task/install/my_package/share/my_package/my_robot_driver.xml
-- Up-to-date: /home/mbsaloka/Desktop/ros2_ichiro_task/install/my_package/lib/my_package/obstacle_avoider
-- Up-to-date: /home/mbsaloka/Desktop/ros2_ichiro_task/install/my_package/include
-- Up-to-date: /home/mbsaloka/Desktop/ros2_ichiro_task/install/my_package/include/my_package
-- Up-to-date: /home/mbsaloka/Desktop/ros2_ichiro_task/install/my_package/include/my_package/ObstacleAvoider.hpp
-- Up-to-date: /home/mbsaloka/Desktop/ros2_ichiro_task/install/my_package/include/my_package/MyRobotDriver.hpp
-- Up-to-date: /home/mbsaloka/Desktop/ros2_ichiro_task/install/my_package/lib/libmy_package.so
-- Up-to-date: /home/mbsaloka/Desktop/ros2_ichiro_task/install/my_package/share/my_package//launch
-- Installing: /home/mbsaloka/Desktop/ros2_ichiro_task/install/my_package/share/my_package//launch/robot_launch.py
-- Up-to-date: /home/mbsaloka/Desktop/ros2_ichiro_task/install/my_package/share/my_package//resource
-- Up-to-date: /home/mbsaloka/Desktop/ros2_ichiro_task/install/my_package/share/my_package//resource/my_robot.urdf
-- Up-to-date: /home/mbsaloka/Desktop/ros2_ichiro_task/install/my_package/share/my_package//worlds
-- Up-to-date: /home/mbsaloka/Desktop/ros2_ichiro_task/install/my_package/share/my_package//worlds/my_world.wbt
-- Up-to-date: /home/mbsaloka/Desktop/ros2_ichiro_task/install/my_package/share/my_package/environment/library_path.sh
-- Up-to-date: /home/mbsaloka/Desktop/ros2_ichiro_task/install/my_package/share/my_package/environment/library_path.dsv
-- Up-to-date: /home/mbsaloka/Desktop/ros2_ichiro_task/install/my_package/share/ament_index/resource_index/package_run_dependencies/my_package
-- Up-to-date: /home/mbsaloka/Desktop/ros2_ichiro_task/install/my_package/share/ament_index/resource_index/parent_prefix_path/my_package
-- Up-to-date: /home/mbsaloka/Desktop/ros2_ichiro_task/install/my_package/share/my_package/environment/ament_prefix_path.sh
-- Up-to-date: /home/mbsaloka/Desktop/ros2_ichiro_task/install/my_package/share/my_package/environment/ament_prefix_path.dsv
-- Up-to-date: /home/mbsaloka/Desktop/ros2_ichiro_task/install/my_package/share/my_package/environment/path.sh
-- Up-to-date: /home/mbsaloka/Desktop/ros2_ichiro_task/install/my_package/share/my_package/environment/path.dsv
-- Up-to-date: /home/mbsaloka/Desktop/ros2_ichiro_task/install/my_package/share/my_package/local_setup.bash
-- Up-to-date: /home/mbsaloka/Desktop/ros2_ichiro_task/install/my_package/share/my_package/local_setup.sh
-- Up-to-date: /home/mbsaloka/Desktop/ros2_ichiro_task/install/my_package/share/my_package/local_setup.zsh
-- Up-to-date: /home/mbsaloka/Desktop/ros2_ichiro_task/install/my_package/share/my_package/local_setup.dsv
-- Installing: /home/mbsaloka/Desktop/ros2_ichiro_task/install/my_package/share/my_package/package.dsv
-- Up-to-date: /home/mbsaloka/Desktop/ros2_ichiro_task/install/my_package/share/ament_index/resource_index/packages/my_package
-- Up-to-date: /home/mbsaloka/Desktop/ros2_ichiro_task/install/my_package/share/ament_index/resource_index/webots_ros2_driver__pluginlib__plugin/my_package
-- Up-to-date: /home/mbsaloka/Desktop/ros2_ichiro_task/install/my_package/share/my_package/cmake/ament_cmake_export_include_directories-extras.cmake
-- Up-to-date: /home/mbsaloka/Desktop/ros2_ichiro_task/install/my_package/share/my_package/cmake/ament_cmake_export_libraries-extras.cmake
-- Up-to-date: /home/mbsaloka/Desktop/ros2_ichiro_task/install/my_package/share/my_package/cmake/my_packageConfig.cmake
-- Up-to-date: /home/mbsaloka/Desktop/ros2_ichiro_task/install/my_package/share/my_package/cmake/my_packageConfig-version.cmake
-- Up-to-date: /home/mbsaloka/Desktop/ros2_ichiro_task/install/my_package/share/my_package/package.xml
