In file included from [01m[K/opt/ros/iron/include/webots/cpp/webots/Device.hpp:20[m[K,
                 from [01m[K/opt/ros/iron/include/webots/cpp/webots/Motor.hpp:18[m[K,
                 from [01m[K/home/mbsaloka/Desktop/ros2_ichiro_task/src/robot_localization/include/robot_localization/MyRobotDriver.hpp:12[m[K,
                 from [01m[K/home/mbsaloka/Desktop/ros2_ichiro_task/src/robot_localization/src/MyRobotDriver.cpp:1[m[K:
[01m[K/opt/ros/iron/include/webots/cpp/webots/../../c/webots/types.h:25:2:[m[K [01;35m[Kwarning: [m[K#warning "mixing the C and C++ APIs in the same controller is not supported." [[01;35m[K]8;;https://gcc.gnu.org/onlinedocs/gcc/Warning-Options.html#index-Wcpp-Wcpp]8;;[m[K]
   25 | #[01;35m[Kwarning[m[K "mixing the C and C++ APIs in the same controller is not supported."
      |  [01;35m[K^~~~~~~[m[K
In file included from [01m[K/usr/include/c++/11/memory:76[m[K,
                 from [01m[K/home/mbsaloka/Desktop/ros2_ichiro_task/src/robot_localization/include/robot_localization/InertialUnit.hpp:4[m[K,
                 from [01m[K/home/mbsaloka/Desktop/ros2_ichiro_task/src/robot_localization/src/InertialUnit.cpp:1[m[K:
/usr/include/c++/11/bits/unique_ptr.h: In instantiation of ‘[01m[Ktypename std::_MakeUniq<_Tp>::__single_object std::make_unique(_Args&& ...) [with _Tp = my_interfaces::msg::Double_<std::allocator<void> >; _Args = {double&}; typename std::_MakeUniq<_Tp>::__single_object = std::unique_ptr<my_interfaces::msg::Double_<std::allocator<void> >, std::default_delete<my_interfaces::msg::Double_<std::allocator<void> > > >][m[K’:
[01m[K/home/mbsaloka/Desktop/ros2_ichiro_task/src/robot_localization/src/InertialUnit.cpp:15:53:[m[K   required from here
[01m[K/usr/include/c++/11/bits/unique_ptr.h:962:30:[m[K [01;31m[Kerror: [m[Kno matching function for call to ‘[01m[Kmy_interfaces::msg::Double_<std::allocator<void> >::Double_(double&)[m[K’
  962 |     { return unique_ptr<_Tp>([01;31m[Knew _Tp(std::forward<_Args>(__args)...)[m[K); }
      |                              [01;31m[K^~~~~~~~~~~~~~~~~~~~~~~~~~~~~~~~~~~~~~~[m[K
In file included from [01m[K/home/mbsaloka/Desktop/ros2_ichiro_task/install/my_interfaces/include/my_interfaces/my_interfaces/msg/double.hpp:7[m[K,
                 from [01m[K/home/mbsaloka/Desktop/ros2_ichiro_task/src/robot_localization/include/robot_localization/InertialUnit.hpp:8[m[K,
                 from [01m[K/home/mbsaloka/Desktop/ros2_ichiro_task/src/robot_localization/src/InertialUnit.cpp:1[m[K:
[01m[K/home/mbsaloka/Desktop/ros2_ichiro_task/install/my_interfaces/include/my_interfaces/my_interfaces/msg/detail/double__struct.hpp:45:12:[m[K [01;36m[Knote: [m[Kcandidate: ‘[01m[Kmy_interfaces::msg::Double_<ContainerAllocator>::Double_(const ContainerAllocator&, rosidl_runtime_cpp::MessageInitialization) [with ContainerAllocator = std::allocator<void>][m[K’
   45 |   explicit [01;36m[KDouble_[m[K(const ContainerAllocator & _alloc, rosidl_runtime_cpp::MessageInitialization _init = rosidl_runtime_cpp::MessageInitialization::ALL)
      |            [01;36m[K^~~~~~~[m[K
[01m[K/home/mbsaloka/Desktop/ros2_ichiro_task/install/my_interfaces/include/my_interfaces/my_interfaces/msg/detail/double__struct.hpp:45:47:[m[K [01;36m[Knote: [m[K  no known conversion for argument 1 from ‘[01m[Kdouble[m[K’ to ‘[01m[Kconst std::allocator<void>&[m[K’
   45 |   explicit Double_([01;36m[Kconst ContainerAllocator & _alloc[m[K, rosidl_runtime_cpp::MessageInitialization _init = rosidl_runtime_cpp::MessageInitialization::ALL)
      |                    [01;36m[K~~~~~~~~~~~~~~~~~~~~~~~~~~~^~~~~~[m[K
[01m[K/home/mbsaloka/Desktop/ros2_ichiro_task/install/my_interfaces/include/my_interfaces/my_interfaces/msg/detail/double__struct.hpp:36:12:[m[K [01;36m[Knote: [m[Kcandidate: ‘[01m[Kmy_interfaces::msg::Double_<ContainerAllocator>::Double_(rosidl_runtime_cpp::MessageInitialization) [with ContainerAllocator = std::allocator<void>][m[K’
   36 |   explicit [01;36m[KDouble_[m[K(rosidl_runtime_cpp::MessageInitialization _init = rosidl_runtime_cpp::MessageInitialization::ALL)
      |            [01;36m[K^~~~~~~[m[K
[01m[K/home/mbsaloka/Desktop/ros2_ichiro_task/install/my_interfaces/include/my_interfaces/my_interfaces/msg/detail/double__struct.hpp:36:62:[m[K [01;36m[Knote: [m[K  no known conversion for argument 1 from ‘[01m[Kdouble[m[K’ to ‘[01m[Krosidl_runtime_cpp::MessageInitialization[m[K’
   36 |   explicit Double_([01;36m[Krosidl_runtime_cpp::MessageInitialization _init = rosidl_runtime_cpp::MessageInitialization::ALL[m[K)
      |                    [01;36m[K~~~~~~~~~~~~~~~~~~~~~~~~~~~~~~~~~~~~~~~~~~^~~~~~~~~~~~~~~~~~~~~~~~~~~~~~~~~~~~~~~~~~~~~~~~~~~~~~[m[K
[01m[K/home/mbsaloka/Desktop/ros2_ichiro_task/install/my_interfaces/include/my_interfaces/my_interfaces/msg/detail/double__struct.hpp:32:8:[m[K [01;36m[Knote: [m[Kcandidate: ‘[01m[Kconstexpr my_interfaces::msg::Double_<std::allocator<void> >::Double_(const my_interfaces::msg::Double_<std::allocator<void> >&)[m[K’
   32 | struct [01;36m[KDouble_[m[K
      |        [01;36m[K^~~~~~~[m[K
[01m[K/home/mbsaloka/Desktop/ros2_ichiro_task/install/my_interfaces/include/my_interfaces/my_interfaces/msg/detail/double__struct.hpp:32:8:[m[K [01;36m[Knote: [m[K  no known conversion for argument 1 from ‘[01m[Kdouble[m[K’ to ‘[01m[Kconst my_interfaces::msg::Double_<std::allocator<void> >&[m[K’
[01m[K/home/mbsaloka/Desktop/ros2_ichiro_task/install/my_interfaces/include/my_interfaces/my_interfaces/msg/detail/double__struct.hpp:32:8:[m[K [01;36m[Knote: [m[Kcandidate: ‘[01m[Kconstexpr my_interfaces::msg::Double_<std::allocator<void> >::Double_(my_interfaces::msg::Double_<std::allocator<void> >&&)[m[K’
[01m[K/home/mbsaloka/Desktop/ros2_ichiro_task/install/my_interfaces/include/my_interfaces/my_interfaces/msg/detail/double__struct.hpp:32:8:[m[K [01;36m[Knote: [m[K  no known conversion for argument 1 from ‘[01m[Kdouble[m[K’ to ‘[01m[Kmy_interfaces::msg::Double_<std::allocator<void> >&&[m[K’
gmake[2]: *** [CMakeFiles/inertial_unit.dir/build.make:76: CMakeFiles/inertial_unit.dir/src/InertialUnit.cpp.o] Error 1
gmake[1]: *** [CMakeFiles/Makefile2:199: CMakeFiles/inertial_unit.dir/all] Error 2
gmake[1]: *** Waiting for unfinished jobs....
gmake: *** [Makefile:146: all] Error 2
