[0.045s] Invoking command in '/home/mbsaloka/Desktop/ros2_ichiro_task/build/my_interfaces': CMAKE_PREFIX_PATH=${CMAKE_PREFIX_PATH}:/opt/ros/iron /usr/bin/cmake --build /home/mbsaloka/Desktop/ros2_ichiro_task/build/my_interfaces -- -j16 -l16
[0.069s] -- Found ament_cmake: 2.0.4 (/opt/ros/iron/share/ament_cmake/cmake)
[0.168s] -- Found rosidl_default_generators: 1.5.0 (/opt/ros/iron/share/rosidl_default_generators/cmake)
[0.170s] -- Using all available rosidl_typesupport_c: rosidl_typesupport_fastrtps_c;rosidl_typesupport_introspection_c
[0.197s] -- Using all available rosidl_typesupport_cpp: rosidl_typesupport_fastrtps_cpp;rosidl_typesupport_introspection_cpp
[0.221s] -- Found rosidl_adapter: 4.0.1 (/opt/ros/iron/share/rosidl_adapter/cmake)
[0.407s] -- Found ament_cmake_ros: 0.11.2 (/opt/ros/iron/share/ament_cmake_ros/cmake)
[0.532s] -- Using all available rosidl_typesupport_c: rosidl_typesupport_fastrtps_c;rosidl_typesupport_introspection_c
[0.676s] -- Using all available rosidl_typesupport_cpp: rosidl_typesupport_fastrtps_cpp;rosidl_typesupport_introspection_cpp
[0.689s] -- Found python_cmake_module: 0.10.2 (/opt/ros/iron/share/python_cmake_module/cmake)
[0.703s] -- Using PYTHON_EXECUTABLE: /usr/bin/python3
[0.703s] -- Using PYTHON_INCLUDE_DIRS: /usr/include/python3.10
[0.703s] -- Using PYTHON_LIBRARIES: /usr/lib/x86_64-linux-gnu/libpython3.10.so
[0.710s] -- Found ament_lint_auto: 0.14.3 (/opt/ros/iron/share/ament_lint_auto/cmake)
[0.722s] -- Added test 'lint_cmake' to check CMake code style
[0.723s] -- Added test 'xmllint' to check XML markup files
[0.724s] -- Configuring done
[0.748s] -- Generating done
[0.749s] -- Build files have been written to: /home/mbsaloka/Desktop/ros2_ichiro_task/build/my_interfaces
[0.770s] [  1%] [34m[1mGenerating type hashes for ROS interfaces[0m
[0.778s] [  1%] Built target ament_cmake_python_copy_my_interfaces
[0.899s] [  1%] Built target my_interfaces__rosidl_generator_type_description
[0.905s] [  2%] [34m[1mGenerating C code for ROS interfaces[0m
[0.905s] running egg_info
[0.906s] writing my_interfaces.egg-info/PKG-INFO
[0.906s] writing dependency_links to my_interfaces.egg-info/dependency_links.txt
[0.906s] writing top-level names to my_interfaces.egg-info/top_level.txt
[0.909s] reading manifest file 'my_interfaces.egg-info/SOURCES.txt'
[0.910s] writing manifest file 'my_interfaces.egg-info/SOURCES.txt'
[0.912s] [  3%] [34m[1mGenerating C++ code for ROS interfaces[0m
[0.945s] [  3%] Built target ament_cmake_python_build_my_interfaces_egg
[1.143s] [  3%] Built target my_interfaces__cpp
[1.214s] [35m[1mConsolidate compiler generated dependencies of target my_interfaces__rosidl_generator_c[0m
[1.226s] [  8%] [32mBuilding C object CMakeFiles/my_interfaces__rosidl_generator_c.dir/rosidl_generator_c/my_interfaces/msg/detail/pose__type_support.c.o[0m
[1.226s] [  8%] [32mBuilding C object CMakeFiles/my_interfaces__rosidl_generator_c.dir/rosidl_generator_c/my_interfaces/msg/detail/velocity__description.c.o[0m
[1.226s] [  8%] [32mBuilding C object CMakeFiles/my_interfaces__rosidl_generator_c.dir/rosidl_generator_c/my_interfaces/msg/detail/pose__functions.c.o[0m
[1.226s] [  9%] [32mBuilding C object CMakeFiles/my_interfaces__rosidl_generator_c.dir/rosidl_generator_c/my_interfaces/msg/detail/object__description.c.o[0m
[1.226s] [ 10%] [32mBuilding C object CMakeFiles/my_interfaces__rosidl_generator_c.dir/rosidl_generator_c/my_interfaces/msg/detail/pose__description.c.o[0m
[1.226s] [ 11%] [32mBuilding C object CMakeFiles/my_interfaces__rosidl_generator_c.dir/rosidl_generator_c/my_interfaces/msg/detail/velocity__functions.c.o[0m
[1.226s] [ 11%] [32mBuilding C object CMakeFiles/my_interfaces__rosidl_generator_c.dir/rosidl_generator_c/my_interfaces/msg/detail/object__functions.c.o[0m
[1.227s] [ 13%] [32mBuilding C object CMakeFiles/my_interfaces__rosidl_generator_c.dir/rosidl_generator_c/my_interfaces/msg/detail/vector_objects__description.c.o[0m
[1.227s] [ 14%] [32mBuilding C object CMakeFiles/my_interfaces__rosidl_generator_c.dir/rosidl_generator_c/my_interfaces/msg/detail/vector_objects__functions.c.o[0m
[1.227s] [ 16%] [32mBuilding C object CMakeFiles/my_interfaces__rosidl_generator_c.dir/rosidl_generator_c/my_interfaces/msg/detail/velocity__type_support.c.o[0m
[1.227s] [ 16%] [32mBuilding C object CMakeFiles/my_interfaces__rosidl_generator_c.dir/rosidl_generator_c/my_interfaces/msg/detail/vector_objects__type_support.c.o[0m
[1.227s] [ 17%] [32mBuilding C object CMakeFiles/my_interfaces__rosidl_generator_c.dir/rosidl_generator_c/my_interfaces/msg/detail/boolean__functions.c.o[0m
[1.228s] [ 19%] [32mBuilding C object CMakeFiles/my_interfaces__rosidl_generator_c.dir/rosidl_generator_c/my_interfaces/msg/detail/boolean__description.c.o[0m
[1.228s] [ 20%] [32mBuilding C object CMakeFiles/my_interfaces__rosidl_generator_c.dir/rosidl_generator_c/my_interfaces/msg/detail/object__type_support.c.o[0m
[1.233s] [ 22%] [32mBuilding C object CMakeFiles/my_interfaces__rosidl_generator_c.dir/rosidl_generator_c/my_interfaces/msg/detail/boolean__type_support.c.o[0m
[1.233s] [ 22%] [32mBuilding C object CMakeFiles/my_interfaces__rosidl_generator_c.dir/rosidl_generator_c/my_interfaces/msg/detail/double__description.c.o[0m
[1.295s] [ 23%] [32mBuilding C object CMakeFiles/my_interfaces__rosidl_generator_c.dir/rosidl_generator_c/my_interfaces/msg/detail/double__type_support.c.o[0m
[1.296s] [ 25%] [32mBuilding C object CMakeFiles/my_interfaces__rosidl_generator_c.dir/rosidl_generator_c/my_interfaces/msg/detail/double__functions.c.o[0m
[1.323s] [ 26%] [32m[1mLinking C shared library libmy_interfaces__rosidl_generator_c.so[0m
[1.354s] [ 26%] Built target my_interfaces__rosidl_generator_c
[1.360s] [ 30%] [34m[1mGenerating C++ type support dispatch for ROS interfaces[0m
[1.360s] [ 30%] [34m[1mGenerating C type support for eProsima Fast-RTPS[0m
[1.360s] [ 30%] [34m[1mGenerating C introspection for ROS interfaces[0m
[1.360s] [ 30%] [34m[1mGenerating C type support dispatch for ROS interfaces[0m
[1.360s] [ 32%] [34m[1mGenerating C++ type support for eProsima Fast-RTPS[0m
[1.360s] [ 33%] [34m[1mGenerating C++ introspection for ROS interfaces[0m
[1.520s] [35m[1mConsolidate compiler generated dependencies of target my_interfaces__rosidl_typesupport_cpp[0m
[1.531s] [35m[1mConsolidate compiler generated dependencies of target my_interfaces__rosidl_typesupport_c[0m
[1.534s] [ 38%] [32mBuilding CXX object CMakeFiles/my_interfaces__rosidl_typesupport_cpp.dir/rosidl_typesupport_cpp/my_interfaces/msg/object__type_support.cpp.o[0m
[1.534s] [ 38%] [32mBuilding CXX object CMakeFiles/my_interfaces__rosidl_typesupport_cpp.dir/rosidl_typesupport_cpp/my_interfaces/msg/vector_objects__type_support.cpp.o[0m
[1.534s] [ 38%] [32mBuilding CXX object CMakeFiles/my_interfaces__rosidl_typesupport_cpp.dir/rosidl_typesupport_cpp/my_interfaces/msg/velocity__type_support.cpp.o[0m
[1.534s] [ 38%] [32mBuilding CXX object CMakeFiles/my_interfaces__rosidl_typesupport_cpp.dir/rosidl_typesupport_cpp/my_interfaces/msg/pose__type_support.cpp.o[0m
[1.534s] [ 39%] [32mBuilding CXX object CMakeFiles/my_interfaces__rosidl_typesupport_cpp.dir/rosidl_typesupport_cpp/my_interfaces/msg/boolean__type_support.cpp.o[0m
[1.535s] [ 40%] [32mBuilding CXX object CMakeFiles/my_interfaces__rosidl_typesupport_cpp.dir/rosidl_typesupport_cpp/my_interfaces/msg/double__type_support.cpp.o[0m
[1.545s] [ 47%] [32mBuilding CXX object CMakeFiles/my_interfaces__rosidl_typesupport_c.dir/rosidl_typesupport_c/my_interfaces/msg/object__type_support.cpp.o[0m
[1.545s] [ 47%] [32mBuilding CXX object CMakeFiles/my_interfaces__rosidl_typesupport_c.dir/rosidl_typesupport_c/my_interfaces/msg/double__type_support.cpp.o[0m
[1.545s] [ 47%] [32mBuilding CXX object CMakeFiles/my_interfaces__rosidl_typesupport_c.dir/rosidl_typesupport_c/my_interfaces/msg/vector_objects__type_support.cpp.o[0m
[1.545s] [ 47%] [32mBuilding CXX object CMakeFiles/my_interfaces__rosidl_typesupport_c.dir/rosidl_typesupport_c/my_interfaces/msg/velocity__type_support.cpp.o[0m
[1.545s] [ 47%] [32mBuilding CXX object CMakeFiles/my_interfaces__rosidl_typesupport_c.dir/rosidl_typesupport_c/my_interfaces/msg/boolean__type_support.cpp.o[0m
[1.545s] [ 47%] [32mBuilding CXX object CMakeFiles/my_interfaces__rosidl_typesupport_c.dir/rosidl_typesupport_c/my_interfaces/msg/pose__type_support.cpp.o[0m
[1.618s] [ 48%] [32m[1mLinking CXX shared library libmy_interfaces__rosidl_typesupport_c.so[0m
[1.626s] [35m[1mConsolidate compiler generated dependencies of target my_interfaces__rosidl_typesupport_introspection_c[0m
[1.637s] [35m[1mConsolidate compiler generated dependencies of target my_interfaces__rosidl_typesupport_fastrtps_c[0m
[1.639s] [ 51%] [32mBuilding C object CMakeFiles/my_interfaces__rosidl_typesupport_introspection_c.dir/rosidl_typesupport_introspection_c/my_interfaces/msg/detail/vector_objects__type_support.c.o[0m
[1.640s] [ 51%] [32mBuilding C object CMakeFiles/my_interfaces__rosidl_typesupport_introspection_c.dir/rosidl_typesupport_introspection_c/my_interfaces/msg/detail/velocity__type_support.c.o[0m
[1.640s] [ 53%] [32mBuilding C object CMakeFiles/my_interfaces__rosidl_typesupport_introspection_c.dir/rosidl_typesupport_introspection_c/my_interfaces/msg/detail/pose__type_support.c.o[0m
[1.641s] [ 52%] [32mBuilding C object CMakeFiles/my_interfaces__rosidl_typesupport_introspection_c.dir/rosidl_typesupport_introspection_c/my_interfaces/msg/detail/object__type_support.c.o[0m
[1.646s] [35m[1mConsolidate compiler generated dependencies of target my_interfaces__rosidl_typesupport_fastrtps_cpp[0m
[1.649s] [35m[1mConsolidate compiler generated dependencies of target my_interfaces__rosidl_typesupport_introspection_cpp[0m
[1.651s] [ 54%] [32mBuilding C object CMakeFiles/my_interfaces__rosidl_typesupport_introspection_c.dir/rosidl_typesupport_introspection_c/my_interfaces/msg/detail/boolean__type_support.c.o[0m
[1.658s] [ 55%] [32mBuilding CXX object CMakeFiles/my_interfaces__rosidl_typesupport_fastrtps_c.dir/rosidl_typesupport_fastrtps_c/my_interfaces/msg/detail/pose__type_support_c.cpp.o[0m
[1.662s] [ 57%] [32mBuilding C object CMakeFiles/my_interfaces__rosidl_typesupport_introspection_c.dir/rosidl_typesupport_introspection_c/my_interfaces/msg/detail/double__type_support.c.o[0m
[1.666s] [ 57%] Built target my_interfaces__rosidl_typesupport_c
[1.674s] [ 60%] [32mBuilding CXX object CMakeFiles/my_interfaces__rosidl_typesupport_fastrtps_cpp.dir/rosidl_typesupport_fastrtps_cpp/my_interfaces/msg/detail/dds_fastrtps/velocity__type_support.cpp.o[0m
[1.674s] [ 60%] [32mBuilding CXX object CMakeFiles/my_interfaces__rosidl_typesupport_fastrtps_cpp.dir/rosidl_typesupport_fastrtps_cpp/my_interfaces/msg/detail/dds_fastrtps/pose__type_support.cpp.o[0m
[1.674s] [ 60%] [32mBuilding CXX object CMakeFiles/my_interfaces__rosidl_typesupport_introspection_cpp.dir/rosidl_typesupport_introspection_cpp/my_interfaces/msg/detail/pose__type_support.cpp.o[0m
[1.677s] [ 61%] [32mBuilding CXX object CMakeFiles/my_interfaces__rosidl_typesupport_introspection_cpp.dir/rosidl_typesupport_introspection_cpp/my_interfaces/msg/detail/velocity__type_support.cpp.o[0m
[1.683s] [ 63%] [32mBuilding CXX object CMakeFiles/my_interfaces__rosidl_typesupport_fastrtps_cpp.dir/rosidl_typesupport_fastrtps_cpp/my_interfaces/msg/detail/dds_fastrtps/object__type_support.cpp.o[0m
[1.688s] [ 64%] [32mBuilding CXX object CMakeFiles/my_interfaces__rosidl_typesupport_introspection_cpp.dir/rosidl_typesupport_introspection_cpp/my_interfaces/msg/detail/object__type_support.cpp.o[0m
[1.692s] [ 65%] [32mBuilding CXX object CMakeFiles/my_interfaces__rosidl_typesupport_fastrtps_c.dir/rosidl_typesupport_fastrtps_c/my_interfaces/msg/detail/velocity__type_support_c.cpp.o[0m
[1.696s] [ 66%] [32m[1mLinking C shared library libmy_interfaces__rosidl_typesupport_introspection_c.so[0m
[1.705s] [ 67%] [32mBuilding CXX object CMakeFiles/my_interfaces__rosidl_typesupport_introspection_cpp.dir/rosidl_typesupport_introspection_cpp/my_interfaces/msg/detail/vector_objects__type_support.cpp.o[0m
[1.775s] [ 67%] Built target my_interfaces__rosidl_typesupport_introspection_c
[1.808s] [ 69%] [32mBuilding CXX object CMakeFiles/my_interfaces__rosidl_typesupport_introspection_cpp.dir/rosidl_typesupport_introspection_cpp/my_interfaces/msg/detail/boolean__type_support.cpp.o[0m
[2.015s] [ 70%] [32mBuilding CXX object CMakeFiles/my_interfaces__rosidl_typesupport_introspection_cpp.dir/rosidl_typesupport_introspection_cpp/my_interfaces/msg/detail/double__type_support.cpp.o[0m
[2.015s] [ 71%] [32mBuilding CXX object CMakeFiles/my_interfaces__rosidl_typesupport_fastrtps_cpp.dir/rosidl_typesupport_fastrtps_cpp/my_interfaces/msg/detail/dds_fastrtps/vector_objects__type_support.cpp.o[0m
[2.017s] [ 72%] [32mBuilding CXX object CMakeFiles/my_interfaces__rosidl_typesupport_fastrtps_cpp.dir/rosidl_typesupport_fastrtps_cpp/my_interfaces/msg/detail/dds_fastrtps/boolean__type_support.cpp.o[0m
[2.031s] [ 73%] [32mBuilding CXX object CMakeFiles/my_interfaces__rosidl_typesupport_fastrtps_cpp.dir/rosidl_typesupport_fastrtps_cpp/my_interfaces/msg/detail/dds_fastrtps/double__type_support.cpp.o[0m
[2.033s] [ 75%] [32m[1mLinking CXX shared library libmy_interfaces__rosidl_typesupport_cpp.so[0m
[2.035s] [ 76%] [32mBuilding CXX object CMakeFiles/my_interfaces__rosidl_typesupport_fastrtps_c.dir/rosidl_typesupport_fastrtps_c/my_interfaces/msg/detail/object__type_support_c.cpp.o[0m
[2.099s] [ 77%] [32mBuilding CXX object CMakeFiles/my_interfaces__rosidl_typesupport_fastrtps_c.dir/rosidl_typesupport_fastrtps_c/my_interfaces/msg/detail/vector_objects__type_support_c.cpp.o[0m
[2.109s] [ 78%] [32mBuilding CXX object CMakeFiles/my_interfaces__rosidl_typesupport_fastrtps_c.dir/rosidl_typesupport_fastrtps_c/my_interfaces/msg/detail/boolean__type_support_c.cpp.o[0m
[2.109s] [ 78%] Built target my_interfaces__rosidl_typesupport_cpp
[2.120s] [ 79%] [32mBuilding CXX object CMakeFiles/my_interfaces__rosidl_typesupport_fastrtps_c.dir/rosidl_typesupport_fastrtps_c/my_interfaces/msg/detail/double__type_support_c.cpp.o[0m
[2.357s] [ 80%] [32m[1mLinking CXX shared library libmy_interfaces__rosidl_typesupport_introspection_cpp.so[0m
[2.408s] [ 80%] Built target my_interfaces__rosidl_typesupport_introspection_cpp
[2.416s] [ 82%] [32m[1mLinking CXX shared library libmy_interfaces__rosidl_typesupport_fastrtps_c.so[0m
[2.469s] [ 82%] Built target my_interfaces__rosidl_typesupport_fastrtps_c
[2.492s] [ 83%] [32m[1mLinking CXX shared library libmy_interfaces__rosidl_typesupport_fastrtps_cpp.so[0m
[2.541s] [ 83%] Built target my_interfaces__rosidl_typesupport_fastrtps_cpp
[2.559s] [ 83%] Built target my_interfaces
[2.577s] [ 84%] [34m[1mGenerating Python code for ROS interfaces[0m
[2.906s] [ 84%] Built target my_interfaces__py
[2.913s] [35m[1mConsolidate compiler generated dependencies of target my_interfaces__rosidl_generator_py[0m
[2.924s] [ 90%] [32mBuilding C object CMakeFiles/my_interfaces__rosidl_generator_py.dir/rosidl_generator_py/my_interfaces/msg/_boolean_s.c.o[0m
[2.924s] [ 90%] [32mBuilding C object CMakeFiles/my_interfaces__rosidl_generator_py.dir/rosidl_generator_py/my_interfaces/msg/_velocity_s.c.o[0m
[2.924s] [ 90%] [32mBuilding C object CMakeFiles/my_interfaces__rosidl_generator_py.dir/rosidl_generator_py/my_interfaces/msg/_pose_s.c.o[0m
[2.924s] [ 90%] [32mBuilding C object CMakeFiles/my_interfaces__rosidl_generator_py.dir/rosidl_generator_py/my_interfaces/msg/_vector_objects_s.c.o[0m
[2.924s] [ 90%] [32mBuilding C object CMakeFiles/my_interfaces__rosidl_generator_py.dir/rosidl_generator_py/my_interfaces/msg/_object_s.c.o[0m
[2.925s] [ 91%] [32mBuilding C object CMakeFiles/my_interfaces__rosidl_generator_py.dir/rosidl_generator_py/my_interfaces/msg/_double_s.c.o[0m
[2.997s] [ 92%] [32m[1mLinking C shared library rosidl_generator_py/my_interfaces/libmy_interfaces__rosidl_generator_py.so[0m
[3.022s] [ 92%] Built target my_interfaces__rosidl_generator_py
[3.031s] [35m[1mConsolidate compiler generated dependencies of target my_interfaces__rosidl_typesupport_fastrtps_c__pyext[0m
[3.031s] [35m[1mConsolidate compiler generated dependencies of target my_interfaces__rosidl_typesupport_introspection_c__pyext[0m
[3.031s] [35m[1mConsolidate compiler generated dependencies of target my_interfaces__rosidl_typesupport_c__pyext[0m
[3.040s] [ 95%] [32mBuilding C object CMakeFiles/my_interfaces__rosidl_typesupport_introspection_c__pyext.dir/rosidl_generator_py/my_interfaces/_my_interfaces_s.ep.rosidl_typesupport_introspection_c.c.o[0m
[3.040s] [ 95%] [32mBuilding C object CMakeFiles/my_interfaces__rosidl_typesupport_c__pyext.dir/rosidl_generator_py/my_interfaces/_my_interfaces_s.ep.rosidl_typesupport_c.c.o[0m
[3.040s] [ 96%] [32mBuilding C object CMakeFiles/my_interfaces__rosidl_typesupport_fastrtps_c__pyext.dir/rosidl_generator_py/my_interfaces/_my_interfaces_s.ep.rosidl_typesupport_fastrtps_c.c.o[0m
[3.098s] [ 97%] [32m[1mLinking C shared library rosidl_generator_py/my_interfaces/my_interfaces_s__rosidl_typesupport_c.cpython-310-x86_64-linux-gnu.so[0m
[3.102s] [ 98%] [32m[1mLinking C shared library rosidl_generator_py/my_interfaces/my_interfaces_s__rosidl_typesupport_fastrtps_c.cpython-310-x86_64-linux-gnu.so[0m
[3.104s] [100%] [32m[1mLinking C shared library rosidl_generator_py/my_interfaces/my_interfaces_s__rosidl_typesupport_introspection_c.cpython-310-x86_64-linux-gnu.so[0m
[3.117s] [100%] Built target my_interfaces__rosidl_typesupport_c__pyext
[3.122s] [100%] Built target my_interfaces__rosidl_typesupport_introspection_c__pyext
[3.122s] [100%] Built target my_interfaces__rosidl_typesupport_fastrtps_c__pyext
[3.132s] Invoked command in '/home/mbsaloka/Desktop/ros2_ichiro_task/build/my_interfaces' returned '0': CMAKE_PREFIX_PATH=${CMAKE_PREFIX_PATH}:/opt/ros/iron /usr/bin/cmake --build /home/mbsaloka/Desktop/ros2_ichiro_task/build/my_interfaces -- -j16 -l16
[3.226s] Invoking command in '/home/mbsaloka/Desktop/ros2_ichiro_task/build/my_interfaces': CMAKE_PREFIX_PATH=${CMAKE_PREFIX_PATH}:/opt/ros/iron /usr/bin/cmake --install /home/mbsaloka/Desktop/ros2_ichiro_task/build/my_interfaces
[3.231s] -- Install configuration: ""
[3.231s] -- Installing: /home/mbsaloka/Desktop/ros2_ichiro_task/install/my_interfaces/share/ament_index/resource_index/rosidl_interfaces/my_interfaces
[3.231s] -- Installing: /home/mbsaloka/Desktop/ros2_ichiro_task/install/my_interfaces/share/my_interfaces/msg/Pose.json
[3.231s] -- Installing: /home/mbsaloka/Desktop/ros2_ichiro_task/install/my_interfaces/share/my_interfaces/msg/Velocity.json
[3.231s] -- Installing: /home/mbsaloka/Desktop/ros2_ichiro_task/install/my_interfaces/share/my_interfaces/msg/Object.json
[3.231s] -- Installing: /home/mbsaloka/Desktop/ros2_ichiro_task/install/my_interfaces/share/my_interfaces/msg/VectorObjects.json
[3.231s] -- Installing: /home/mbsaloka/Desktop/ros2_ichiro_task/install/my_interfaces/share/my_interfaces/msg/Boolean.json
[3.232s] -- Installing: /home/mbsaloka/Desktop/ros2_ichiro_task/install/my_interfaces/share/my_interfaces/msg/Double.json
[3.232s] -- Up-to-date: /home/mbsaloka/Desktop/ros2_ichiro_task/install/my_interfaces/include/my_interfaces/my_interfaces
[3.232s] -- Up-to-date: /home/mbsaloka/Desktop/ros2_ichiro_task/install/my_interfaces/include/my_interfaces/my_interfaces/msg
[3.232s] -- Installing: /home/mbsaloka/Desktop/ros2_ichiro_task/install/my_interfaces/include/my_interfaces/my_interfaces/msg/pose.h
[3.232s] -- Installing: /home/mbsaloka/Desktop/ros2_ichiro_task/install/my_interfaces/include/my_interfaces/my_interfaces/msg/boolean.h
[3.232s] -- Installing: /home/mbsaloka/Desktop/ros2_ichiro_task/install/my_interfaces/include/my_interfaces/my_interfaces/msg/double.h
[3.232s] -- Installing: /home/mbsaloka/Desktop/ros2_ichiro_task/install/my_interfaces/include/my_interfaces/my_interfaces/msg/vector_objects.h
[3.232s] -- Up-to-date: /home/mbsaloka/Desktop/ros2_ichiro_task/install/my_interfaces/include/my_interfaces/my_interfaces/msg/rosidl_generator_c__visibility_control.h
[3.232s] -- Installing: /home/mbsaloka/Desktop/ros2_ichiro_task/install/my_interfaces/include/my_interfaces/my_interfaces/msg/object.h
[3.232s] -- Up-to-date: /home/mbsaloka/Desktop/ros2_ichiro_task/install/my_interfaces/include/my_interfaces/my_interfaces/msg/objects.h
[3.232s] -- Installing: /home/mbsaloka/Desktop/ros2_ichiro_task/install/my_interfaces/include/my_interfaces/my_interfaces/msg/velocity.h
[3.232s] -- Up-to-date: /home/mbsaloka/Desktop/ros2_ichiro_task/install/my_interfaces/include/my_interfaces/my_interfaces/msg/detail
[3.232s] -- Installing: /home/mbsaloka/Desktop/ros2_ichiro_task/install/my_interfaces/include/my_interfaces/my_interfaces/msg/detail/object__type_support.c
[3.232s] -- Installing: /home/mbsaloka/Desktop/ros2_ichiro_task/install/my_interfaces/include/my_interfaces/my_interfaces/msg/detail/pose__type_support.h
[3.232s] -- Installing: /home/mbsaloka/Desktop/ros2_ichiro_task/install/my_interfaces/include/my_interfaces/my_interfaces/msg/detail/velocity__description.c
[3.233s] -- Installing: /home/mbsaloka/Desktop/ros2_ichiro_task/install/my_interfaces/include/my_interfaces/my_interfaces/msg/detail/double__functions.c
[3.233s] -- Installing: /home/mbsaloka/Desktop/ros2_ichiro_task/install/my_interfaces/include/my_interfaces/my_interfaces/msg/detail/velocity__type_support.h
[3.233s] -- Installing: /home/mbsaloka/Desktop/ros2_ichiro_task/install/my_interfaces/include/my_interfaces/my_interfaces/msg/detail/pose__functions.h
[3.233s] -- Up-to-date: /home/mbsaloka/Desktop/ros2_ichiro_task/install/my_interfaces/include/my_interfaces/my_interfaces/msg/detail/objects__functions.c
[3.233s] -- Installing: /home/mbsaloka/Desktop/ros2_ichiro_task/install/my_interfaces/include/my_interfaces/my_interfaces/msg/detail/vector_objects__struct.h
[3.233s] -- Installing: /home/mbsaloka/Desktop/ros2_ichiro_task/install/my_interfaces/include/my_interfaces/my_interfaces/msg/detail/vector_objects__type_support.h
[3.233s] -- Up-to-date: /home/mbsaloka/Desktop/ros2_ichiro_task/install/my_interfaces/include/my_interfaces/my_interfaces/msg/detail/objects__functions.h
[3.233s] -- Installing: /home/mbsaloka/Desktop/ros2_ichiro_task/install/my_interfaces/include/my_interfaces/my_interfaces/msg/detail/boolean__type_support.h
[3.233s] -- Up-to-date: /home/mbsaloka/Desktop/ros2_ichiro_task/install/my_interfaces/include/my_interfaces/my_interfaces/msg/detail/objects__type_support.h
[3.233s] -- Installing: /home/mbsaloka/Desktop/ros2_ichiro_task/install/my_interfaces/include/my_interfaces/my_interfaces/msg/detail/pose__description.c
[3.233s] -- Installing: /home/mbsaloka/Desktop/ros2_ichiro_task/install/my_interfaces/include/my_interfaces/my_interfaces/msg/detail/velocity__type_support.c
[3.233s] -- Installing: /home/mbsaloka/Desktop/ros2_ichiro_task/install/my_interfaces/include/my_interfaces/my_interfaces/msg/detail/pose__struct.h
[3.233s] -- Installing: /home/mbsaloka/Desktop/ros2_ichiro_task/install/my_interfaces/include/my_interfaces/my_interfaces/msg/detail/object__description.c
[3.233s] -- Up-to-date: /home/mbsaloka/Desktop/ros2_ichiro_task/install/my_interfaces/include/my_interfaces/my_interfaces/msg/detail/objects__struct.h
[3.233s] -- Installing: /home/mbsaloka/Desktop/ros2_ichiro_task/install/my_interfaces/include/my_interfaces/my_interfaces/msg/detail/boolean__type_support.c
[3.233s] -- Installing: /home/mbsaloka/Desktop/ros2_ichiro_task/install/my_interfaces/include/my_interfaces/my_interfaces/msg/detail/double__type_support.c
[3.233s] -- Installing: /home/mbsaloka/Desktop/ros2_ichiro_task/install/my_interfaces/include/my_interfaces/my_interfaces/msg/detail/object__functions.h
[3.234s] -- Installing: /home/mbsaloka/Desktop/ros2_ichiro_task/install/my_interfaces/include/my_interfaces/my_interfaces/msg/detail/pose__functions.c
[3.234s] -- Installing: /home/mbsaloka/Desktop/ros2_ichiro_task/install/my_interfaces/include/my_interfaces/my_interfaces/msg/detail/object__functions.c
[3.234s] -- Up-to-date: /home/mbsaloka/Desktop/ros2_ichiro_task/install/my_interfaces/include/my_interfaces/my_interfaces/msg/detail/objects__type_support.c
[3.234s] -- Installing: /home/mbsaloka/Desktop/ros2_ichiro_task/install/my_interfaces/include/my_interfaces/my_interfaces/msg/detail/double__struct.h
[3.234s] -- Installing: /home/mbsaloka/Desktop/ros2_ichiro_task/install/my_interfaces/include/my_interfaces/my_interfaces/msg/detail/boolean__functions.h
[3.234s] -- Installing: /home/mbsaloka/Desktop/ros2_ichiro_task/install/my_interfaces/include/my_interfaces/my_interfaces/msg/detail/vector_objects__functions.c
[3.234s] -- Installing: /home/mbsaloka/Desktop/ros2_ichiro_task/install/my_interfaces/include/my_interfaces/my_interfaces/msg/detail/double__type_support.h
[3.234s] -- Installing: /home/mbsaloka/Desktop/ros2_ichiro_task/install/my_interfaces/include/my_interfaces/my_interfaces/msg/detail/double__functions.h
[3.234s] -- Installing: /home/mbsaloka/Desktop/ros2_ichiro_task/install/my_interfaces/include/my_interfaces/my_interfaces/msg/detail/velocity__functions.c
[3.234s] -- Installing: /home/mbsaloka/Desktop/ros2_ichiro_task/install/my_interfaces/include/my_interfaces/my_interfaces/msg/detail/boolean__functions.c
[3.234s] -- Up-to-date: /home/mbsaloka/Desktop/ros2_ichiro_task/install/my_interfaces/include/my_interfaces/my_interfaces/msg/detail/objects__description.c
[3.234s] -- Installing: /home/mbsaloka/Desktop/ros2_ichiro_task/install/my_interfaces/include/my_interfaces/my_interfaces/msg/detail/vector_objects__description.c
[3.235s] -- Installing: /home/mbsaloka/Desktop/ros2_ichiro_task/install/my_interfaces/include/my_interfaces/my_interfaces/msg/detail/double__description.c
[3.235s] -- Installing: /home/mbsaloka/Desktop/ros2_ichiro_task/install/my_interfaces/include/my_interfaces/my_interfaces/msg/detail/object__type_support.h
[3.235s] -- Installing: /home/mbsaloka/Desktop/ros2_ichiro_task/install/my_interfaces/include/my_interfaces/my_interfaces/msg/detail/vector_objects__type_support.c
[3.235s] -- Installing: /home/mbsaloka/Desktop/ros2_ichiro_task/install/my_interfaces/include/my_interfaces/my_interfaces/msg/detail/pose__type_support.c
[3.235s] -- Installing: /home/mbsaloka/Desktop/ros2_ichiro_task/install/my_interfaces/include/my_interfaces/my_interfaces/msg/detail/velocity__functions.h
[3.235s] -- Installing: /home/mbsaloka/Desktop/ros2_ichiro_task/install/my_interfaces/include/my_interfaces/my_interfaces/msg/detail/boolean__description.c
[3.235s] -- Installing: /home/mbsaloka/Desktop/ros2_ichiro_task/install/my_interfaces/include/my_interfaces/my_interfaces/msg/detail/object__struct.h
[3.235s] -- Installing: /home/mbsaloka/Desktop/ros2_ichiro_task/install/my_interfaces/include/my_interfaces/my_interfaces/msg/detail/vector_objects__functions.h
[3.235s] -- Installing: /home/mbsaloka/Desktop/ros2_ichiro_task/install/my_interfaces/include/my_interfaces/my_interfaces/msg/detail/boolean__struct.h
[3.235s] -- Installing: /home/mbsaloka/Desktop/ros2_ichiro_task/install/my_interfaces/include/my_interfaces/my_interfaces/msg/detail/velocity__struct.h
[3.235s] -- Up-to-date: /home/mbsaloka/Desktop/ros2_ichiro_task/install/my_interfaces/share/my_interfaces/environment/library_path.sh
[3.235s] -- Up-to-date: /home/mbsaloka/Desktop/ros2_ichiro_task/install/my_interfaces/share/my_interfaces/environment/library_path.dsv
[3.235s] -- Installing: /home/mbsaloka/Desktop/ros2_ichiro_task/install/my_interfaces/lib/libmy_interfaces__rosidl_generator_c.so
[3.236s] -- Set runtime path of "/home/mbsaloka/Desktop/ros2_ichiro_task/install/my_interfaces/lib/libmy_interfaces__rosidl_generator_c.so" to ""
[3.236s] -- Up-to-date: /home/mbsaloka/Desktop/ros2_ichiro_task/install/my_interfaces/include/my_interfaces/my_interfaces
[3.236s] -- Up-to-date: /home/mbsaloka/Desktop/ros2_ichiro_task/install/my_interfaces/include/my_interfaces/my_interfaces/msg
[3.236s] -- Up-to-date: /home/mbsaloka/Desktop/ros2_ichiro_task/install/my_interfaces/include/my_interfaces/my_interfaces/msg/rosidl_typesupport_fastrtps_c__visibility_control.h
[3.236s] -- Up-to-date: /home/mbsaloka/Desktop/ros2_ichiro_task/install/my_interfaces/include/my_interfaces/my_interfaces/msg/detail
[3.236s] -- Installing: /home/mbsaloka/Desktop/ros2_ichiro_task/install/my_interfaces/include/my_interfaces/my_interfaces/msg/detail/pose__rosidl_typesupport_fastrtps_c.h
[3.236s] -- Installing: /home/mbsaloka/Desktop/ros2_ichiro_task/install/my_interfaces/include/my_interfaces/my_interfaces/msg/detail/boolean__rosidl_typesupport_fastrtps_c.h
[3.236s] -- Installing: /home/mbsaloka/Desktop/ros2_ichiro_task/install/my_interfaces/include/my_interfaces/my_interfaces/msg/detail/vector_objects__rosidl_typesupport_fastrtps_c.h
[3.236s] -- Up-to-date: /home/mbsaloka/Desktop/ros2_ichiro_task/install/my_interfaces/include/my_interfaces/my_interfaces/msg/detail/objects__rosidl_typesupport_fastrtps_c.h
[3.236s] -- Installing: /home/mbsaloka/Desktop/ros2_ichiro_task/install/my_interfaces/include/my_interfaces/my_interfaces/msg/detail/object__rosidl_typesupport_fastrtps_c.h
[3.236s] -- Installing: /home/mbsaloka/Desktop/ros2_ichiro_task/install/my_interfaces/include/my_interfaces/my_interfaces/msg/detail/velocity__rosidl_typesupport_fastrtps_c.h
[3.236s] -- Installing: /home/mbsaloka/Desktop/ros2_ichiro_task/install/my_interfaces/include/my_interfaces/my_interfaces/msg/detail/double__rosidl_typesupport_fastrtps_c.h
[3.236s] -- Installing: /home/mbsaloka/Desktop/ros2_ichiro_task/install/my_interfaces/lib/libmy_interfaces__rosidl_typesupport_fastrtps_c.so
[3.236s] -- Set runtime path of "/home/mbsaloka/Desktop/ros2_ichiro_task/install/my_interfaces/lib/libmy_interfaces__rosidl_typesupport_fastrtps_c.so" to ""
[3.236s] -- Up-to-date: /home/mbsaloka/Desktop/ros2_ichiro_task/install/my_interfaces/include/my_interfaces/my_interfaces
[3.236s] -- Up-to-date: /home/mbsaloka/Desktop/ros2_ichiro_task/install/my_interfaces/include/my_interfaces/my_interfaces/msg
[3.237s] -- Up-to-date: /home/mbsaloka/Desktop/ros2_ichiro_task/install/my_interfaces/include/my_interfaces/my_interfaces/msg/rosidl_typesupport_introspection_c__visibility_control.h
[3.237s] -- Up-to-date: /home/mbsaloka/Desktop/ros2_ichiro_task/install/my_interfaces/include/my_interfaces/my_interfaces/msg/detail
[3.237s] -- Up-to-date: /home/mbsaloka/Desktop/ros2_ichiro_task/install/my_interfaces/include/my_interfaces/my_interfaces/msg/detail/object__type_support.c
[3.237s] -- Installing: /home/mbsaloka/Desktop/ros2_ichiro_task/install/my_interfaces/include/my_interfaces/my_interfaces/msg/detail/boolean__rosidl_typesupport_introspection_c.h
[3.237s] -- Installing: /home/mbsaloka/Desktop/ros2_ichiro_task/install/my_interfaces/include/my_interfaces/my_interfaces/msg/detail/vector_objects__rosidl_typesupport_introspection_c.h
[3.237s] -- Installing: /home/mbsaloka/Desktop/ros2_ichiro_task/install/my_interfaces/include/my_interfaces/my_interfaces/msg/detail/velocity__rosidl_typesupport_introspection_c.h
[3.237s] -- Up-to-date: /home/mbsaloka/Desktop/ros2_ichiro_task/install/my_interfaces/include/my_interfaces/my_interfaces/msg/detail/velocity__type_support.c
[3.237s] -- Up-to-date: /home/mbsaloka/Desktop/ros2_ichiro_task/install/my_interfaces/include/my_interfaces/my_interfaces/msg/detail/boolean__type_support.c
[3.237s] -- Up-to-date: /home/mbsaloka/Desktop/ros2_ichiro_task/install/my_interfaces/include/my_interfaces/my_interfaces/msg/detail/double__type_support.c
[3.237s] -- Installing: /home/mbsaloka/Desktop/ros2_ichiro_task/install/my_interfaces/include/my_interfaces/my_interfaces/msg/detail/double__rosidl_typesupport_introspection_c.h
[3.237s] -- Up-to-date: /home/mbsaloka/Desktop/ros2_ichiro_task/install/my_interfaces/include/my_interfaces/my_interfaces/msg/detail/objects__type_support.c
[3.237s] -- Up-to-date: /home/mbsaloka/Desktop/ros2_ichiro_task/install/my_interfaces/include/my_interfaces/my_interfaces/msg/detail/vector_objects__type_support.c
[3.237s] -- Up-to-date: /home/mbsaloka/Desktop/ros2_ichiro_task/install/my_interfaces/include/my_interfaces/my_interfaces/msg/detail/pose__type_support.c
[3.237s] -- Up-to-date: /home/mbsaloka/Desktop/ros2_ichiro_task/install/my_interfaces/include/my_interfaces/my_interfaces/msg/detail/objects__rosidl_typesupport_introspection_c.h
[3.237s] -- Installing: /home/mbsaloka/Desktop/ros2_ichiro_task/install/my_interfaces/include/my_interfaces/my_interfaces/msg/detail/pose__rosidl_typesupport_introspection_c.h
[3.237s] -- Installing: /home/mbsaloka/Desktop/ros2_ichiro_task/install/my_interfaces/include/my_interfaces/my_interfaces/msg/detail/object__rosidl_typesupport_introspection_c.h
[3.237s] -- Installing: /home/mbsaloka/Desktop/ros2_ichiro_task/install/my_interfaces/lib/libmy_interfaces__rosidl_typesupport_introspection_c.so
[3.237s] -- Set runtime path of "/home/mbsaloka/Desktop/ros2_ichiro_task/install/my_interfaces/lib/libmy_interfaces__rosidl_typesupport_introspection_c.so" to ""
[3.238s] -- Installing: /home/mbsaloka/Desktop/ros2_ichiro_task/install/my_interfaces/lib/libmy_interfaces__rosidl_typesupport_c.so
[3.238s] -- Set runtime path of "/home/mbsaloka/Desktop/ros2_ichiro_task/install/my_interfaces/lib/libmy_interfaces__rosidl_typesupport_c.so" to ""
[3.238s] -- Up-to-date: /home/mbsaloka/Desktop/ros2_ichiro_task/install/my_interfaces/include/my_interfaces/my_interfaces
[3.238s] -- Up-to-date: /home/mbsaloka/Desktop/ros2_ichiro_task/install/my_interfaces/include/my_interfaces/my_interfaces/msg
[3.238s] -- Installing: /home/mbsaloka/Desktop/ros2_ichiro_task/install/my_interfaces/include/my_interfaces/my_interfaces/msg/vector_objects.hpp
[3.238s] -- Installing: /home/mbsaloka/Desktop/ros2_ichiro_task/install/my_interfaces/include/my_interfaces/my_interfaces/msg/boolean.hpp
[3.238s] -- Up-to-date: /home/mbsaloka/Desktop/ros2_ichiro_task/install/my_interfaces/include/my_interfaces/my_interfaces/msg/objects.hpp
[3.238s] -- Installing: /home/mbsaloka/Desktop/ros2_ichiro_task/install/my_interfaces/include/my_interfaces/my_interfaces/msg/velocity.hpp
[3.238s] -- Installing: /home/mbsaloka/Desktop/ros2_ichiro_task/install/my_interfaces/include/my_interfaces/my_interfaces/msg/pose.hpp
[3.238s] -- Installing: /home/mbsaloka/Desktop/ros2_ichiro_task/install/my_interfaces/include/my_interfaces/my_interfaces/msg/double.hpp
[3.238s] -- Installing: /home/mbsaloka/Desktop/ros2_ichiro_task/install/my_interfaces/include/my_interfaces/my_interfaces/msg/object.hpp
[3.238s] -- Up-to-date: /home/mbsaloka/Desktop/ros2_ichiro_task/install/my_interfaces/include/my_interfaces/my_interfaces/msg/detail
[3.238s] -- Installing: /home/mbsaloka/Desktop/ros2_ichiro_task/install/my_interfaces/include/my_interfaces/my_interfaces/msg/detail/pose__builder.hpp
[3.238s] -- Installing: /home/mbsaloka/Desktop/ros2_ichiro_task/install/my_interfaces/include/my_interfaces/my_interfaces/msg/detail/double__struct.hpp
[3.238s] -- Installing: /home/mbsaloka/Desktop/ros2_ichiro_task/install/my_interfaces/include/my_interfaces/my_interfaces/msg/detail/object__traits.hpp
[3.239s] -- Installing: /home/mbsaloka/Desktop/ros2_ichiro_task/install/my_interfaces/include/my_interfaces/my_interfaces/msg/detail/vector_objects__builder.hpp
[3.239s] -- Installing: /home/mbsaloka/Desktop/ros2_ichiro_task/install/my_interfaces/include/my_interfaces/my_interfaces/msg/detail/double__traits.hpp
[3.239s] -- Up-to-date: /home/mbsaloka/Desktop/ros2_ichiro_task/install/my_interfaces/include/my_interfaces/my_interfaces/msg/detail/objects__struct.hpp
[3.239s] -- Installing: /home/mbsaloka/Desktop/ros2_ichiro_task/install/my_interfaces/include/my_interfaces/my_interfaces/msg/detail/velocity__struct.hpp
[3.239s] -- Installing: /home/mbsaloka/Desktop/ros2_ichiro_task/install/my_interfaces/include/my_interfaces/my_interfaces/msg/detail/boolean__traits.hpp
[3.239s] -- Installing: /home/mbsaloka/Desktop/ros2_ichiro_task/install/my_interfaces/include/my_interfaces/my_interfaces/msg/detail/velocity__builder.hpp
[3.239s] -- Installing: /home/mbsaloka/Desktop/ros2_ichiro_task/install/my_interfaces/include/my_interfaces/my_interfaces/msg/detail/double__builder.hpp
[3.239s] -- Installing: /home/mbsaloka/Desktop/ros2_ichiro_task/install/my_interfaces/include/my_interfaces/my_interfaces/msg/detail/velocity__traits.hpp
[3.239s] -- Installing: /home/mbsaloka/Desktop/ros2_ichiro_task/install/my_interfaces/include/my_interfaces/my_interfaces/msg/detail/object__builder.hpp
[3.239s] -- Installing: /home/mbsaloka/Desktop/ros2_ichiro_task/install/my_interfaces/include/my_interfaces/my_interfaces/msg/detail/vector_objects__traits.hpp
[3.239s] -- Installing: /home/mbsaloka/Desktop/ros2_ichiro_task/install/my_interfaces/include/my_interfaces/my_interfaces/msg/detail/pose__struct.hpp
[3.240s] -- Installing: /home/mbsaloka/Desktop/ros2_ichiro_task/install/my_interfaces/include/my_interfaces/my_interfaces/msg/detail/vector_objects__struct.hpp
[3.240s] -- Installing: /home/mbsaloka/Desktop/ros2_ichiro_task/install/my_interfaces/include/my_interfaces/my_interfaces/msg/detail/pose__traits.hpp
[3.240s] -- Installing: /home/mbsaloka/Desktop/ros2_ichiro_task/install/my_interfaces/include/my_interfaces/my_interfaces/msg/detail/boolean__builder.hpp
[3.240s] -- Up-to-date: /home/mbsaloka/Desktop/ros2_ichiro_task/install/my_interfaces/include/my_interfaces/my_interfaces/msg/detail/objects__builder.hpp
[3.240s] -- Up-to-date: /home/mbsaloka/Desktop/ros2_ichiro_task/install/my_interfaces/include/my_interfaces/my_interfaces/msg/detail/objects__traits.hpp
[3.240s] -- Installing: /home/mbsaloka/Desktop/ros2_ichiro_task/install/my_interfaces/include/my_interfaces/my_interfaces/msg/detail/object__struct.hpp
[3.240s] -- Installing: /home/mbsaloka/Desktop/ros2_ichiro_task/install/my_interfaces/include/my_interfaces/my_interfaces/msg/detail/boolean__struct.hpp
[3.240s] -- Up-to-date: /home/mbsaloka/Desktop/ros2_ichiro_task/install/my_interfaces/include/my_interfaces/my_interfaces
[3.240s] -- Up-to-date: /home/mbsaloka/Desktop/ros2_ichiro_task/install/my_interfaces/include/my_interfaces/my_interfaces/msg
[3.240s] -- Up-to-date: /home/mbsaloka/Desktop/ros2_ichiro_task/install/my_interfaces/include/my_interfaces/my_interfaces/msg/rosidl_typesupport_fastrtps_cpp__visibility_control.h
[3.240s] -- Up-to-date: /home/mbsaloka/Desktop/ros2_ichiro_task/install/my_interfaces/include/my_interfaces/my_interfaces/msg/detail
[3.240s] -- Up-to-date: /home/mbsaloka/Desktop/ros2_ichiro_task/install/my_interfaces/include/my_interfaces/my_interfaces/msg/detail/dds_fastrtps
[3.240s] -- Installing: /home/mbsaloka/Desktop/ros2_ichiro_task/install/my_interfaces/include/my_interfaces/my_interfaces/msg/detail/velocity__rosidl_typesupport_fastrtps_cpp.hpp
[3.240s] -- Installing: /home/mbsaloka/Desktop/ros2_ichiro_task/install/my_interfaces/include/my_interfaces/my_interfaces/msg/detail/vector_objects__rosidl_typesupport_fastrtps_cpp.hpp
[3.240s] -- Installing: /home/mbsaloka/Desktop/ros2_ichiro_task/install/my_interfaces/include/my_interfaces/my_interfaces/msg/detail/object__rosidl_typesupport_fastrtps_cpp.hpp
[3.240s] -- Installing: /home/mbsaloka/Desktop/ros2_ichiro_task/install/my_interfaces/include/my_interfaces/my_interfaces/msg/detail/pose__rosidl_typesupport_fastrtps_cpp.hpp
[3.241s] -- Installing: /home/mbsaloka/Desktop/ros2_ichiro_task/install/my_interfaces/include/my_interfaces/my_interfaces/msg/detail/double__rosidl_typesupport_fastrtps_cpp.hpp
[3.241s] -- Up-to-date: /home/mbsaloka/Desktop/ros2_ichiro_task/install/my_interfaces/include/my_interfaces/my_interfaces/msg/detail/objects__rosidl_typesupport_fastrtps_cpp.hpp
[3.241s] -- Installing: /home/mbsaloka/Desktop/ros2_ichiro_task/install/my_interfaces/include/my_interfaces/my_interfaces/msg/detail/boolean__rosidl_typesupport_fastrtps_cpp.hpp
[3.241s] -- Installing: /home/mbsaloka/Desktop/ros2_ichiro_task/install/my_interfaces/lib/libmy_interfaces__rosidl_typesupport_fastrtps_cpp.so
[3.241s] -- Set runtime path of "/home/mbsaloka/Desktop/ros2_ichiro_task/install/my_interfaces/lib/libmy_interfaces__rosidl_typesupport_fastrtps_cpp.so" to ""
[3.241s] -- Up-to-date: /home/mbsaloka/Desktop/ros2_ichiro_task/install/my_interfaces/include/my_interfaces/my_interfaces
[3.241s] -- Up-to-date: /home/mbsaloka/Desktop/ros2_ichiro_task/install/my_interfaces/include/my_interfaces/my_interfaces/msg
[3.241s] -- Up-to-date: /home/mbsaloka/Desktop/ros2_ichiro_task/install/my_interfaces/include/my_interfaces/my_interfaces/msg/detail
[3.241s] -- Installing: /home/mbsaloka/Desktop/ros2_ichiro_task/install/my_interfaces/include/my_interfaces/my_interfaces/msg/detail/pose__rosidl_typesupport_introspection_cpp.hpp
[3.241s] -- Installing: /home/mbsaloka/Desktop/ros2_ichiro_task/install/my_interfaces/include/my_interfaces/my_interfaces/msg/detail/object__type_support.cpp
[3.241s] -- Installing: /home/mbsaloka/Desktop/ros2_ichiro_task/install/my_interfaces/include/my_interfaces/my_interfaces/msg/detail/velocity__rosidl_typesupport_introspection_cpp.hpp
[3.242s] -- Installing: /home/mbsaloka/Desktop/ros2_ichiro_task/install/my_interfaces/include/my_interfaces/my_interfaces/msg/detail/double__type_support.cpp
[3.242s] -- Installing: /home/mbsaloka/Desktop/ros2_ichiro_task/install/my_interfaces/include/my_interfaces/my_interfaces/msg/detail/pose__type_support.cpp
[3.242s] -- Installing: /home/mbsaloka/Desktop/ros2_ichiro_task/install/my_interfaces/include/my_interfaces/my_interfaces/msg/detail/boolean__rosidl_typesupport_introspection_cpp.hpp
[3.242s] -- Installing: /home/mbsaloka/Desktop/ros2_ichiro_task/install/my_interfaces/include/my_interfaces/my_interfaces/msg/detail/vector_objects__rosidl_typesupport_introspection_cpp.hpp
[3.242s] -- Installing: /home/mbsaloka/Desktop/ros2_ichiro_task/install/my_interfaces/include/my_interfaces/my_interfaces/msg/detail/vector_objects__type_support.cpp
[3.242s] -- Up-to-date: /home/mbsaloka/Desktop/ros2_ichiro_task/install/my_interfaces/include/my_interfaces/my_interfaces/msg/detail/objects__rosidl_typesupport_introspection_cpp.hpp
[3.242s] -- Installing: /home/mbsaloka/Desktop/ros2_ichiro_task/install/my_interfaces/include/my_interfaces/my_interfaces/msg/detail/object__rosidl_typesupport_introspection_cpp.hpp
[3.242s] -- Installing: /home/mbsaloka/Desktop/ros2_ichiro_task/install/my_interfaces/include/my_interfaces/my_interfaces/msg/detail/boolean__type_support.cpp
[3.242s] -- Installing: /home/mbsaloka/Desktop/ros2_ichiro_task/install/my_interfaces/include/my_interfaces/my_interfaces/msg/detail/velocity__type_support.cpp
[3.242s] -- Up-to-date: /home/mbsaloka/Desktop/ros2_ichiro_task/install/my_interfaces/include/my_interfaces/my_interfaces/msg/detail/objects__type_support.cpp
[3.243s] -- Installing: /home/mbsaloka/Desktop/ros2_ichiro_task/install/my_interfaces/include/my_interfaces/my_interfaces/msg/detail/double__rosidl_typesupport_introspection_cpp.hpp
[3.243s] -- Installing: /home/mbsaloka/Desktop/ros2_ichiro_task/install/my_interfaces/lib/libmy_interfaces__rosidl_typesupport_introspection_cpp.so
[3.243s] -- Set runtime path of "/home/mbsaloka/Desktop/ros2_ichiro_task/install/my_interfaces/lib/libmy_interfaces__rosidl_typesupport_introspection_cpp.so" to ""
[3.243s] -- Installing: /home/mbsaloka/Desktop/ros2_ichiro_task/install/my_interfaces/lib/libmy_interfaces__rosidl_typesupport_cpp.so
[3.243s] -- Set runtime path of "/home/mbsaloka/Desktop/ros2_ichiro_task/install/my_interfaces/lib/libmy_interfaces__rosidl_typesupport_cpp.so" to ""
[3.243s] -- Up-to-date: /home/mbsaloka/Desktop/ros2_ichiro_task/install/my_interfaces/share/my_interfaces/environment/pythonpath.sh
[3.243s] -- Up-to-date: /home/mbsaloka/Desktop/ros2_ichiro_task/install/my_interfaces/share/my_interfaces/environment/pythonpath.dsv
[3.243s] -- Up-to-date: /home/mbsaloka/Desktop/ros2_ichiro_task/install/my_interfaces/lib/python3.10/site-packages/my_interfaces-0.0.0-py3.10.egg-info
[3.243s] -- Installing: /home/mbsaloka/Desktop/ros2_ichiro_task/install/my_interfaces/lib/python3.10/site-packages/my_interfaces-0.0.0-py3.10.egg-info/top_level.txt
[3.243s] -- Installing: /home/mbsaloka/Desktop/ros2_ichiro_task/install/my_interfaces/lib/python3.10/site-packages/my_interfaces-0.0.0-py3.10.egg-info/PKG-INFO
[3.243s] -- Installing: /home/mbsaloka/Desktop/ros2_ichiro_task/install/my_interfaces/lib/python3.10/site-packages/my_interfaces-0.0.0-py3.10.egg-info/dependency_links.txt
[3.243s] -- Installing: /home/mbsaloka/Desktop/ros2_ichiro_task/install/my_interfaces/lib/python3.10/site-packages/my_interfaces-0.0.0-py3.10.egg-info/SOURCES.txt
[3.244s] -- Up-to-date: /home/mbsaloka/Desktop/ros2_ichiro_task/install/my_interfaces/lib/python3.10/site-packages/my_interfaces
[3.244s] -- Installing: /home/mbsaloka/Desktop/ros2_ichiro_task/install/my_interfaces/lib/python3.10/site-packages/my_interfaces/my_interfaces_s__rosidl_typesupport_fastrtps_c.cpython-310-x86_64-linux-gnu.so
[3.244s] -- Installing: /home/mbsaloka/Desktop/ros2_ichiro_task/install/my_interfaces/lib/python3.10/site-packages/my_interfaces/my_interfaces_s__rosidl_typesupport_introspection_c.cpython-310-x86_64-linux-gnu.so
[3.244s] -- Installing: /home/mbsaloka/Desktop/ros2_ichiro_task/install/my_interfaces/lib/python3.10/site-packages/my_interfaces/_my_interfaces_s.ep.rosidl_typesupport_introspection_c.c
[3.244s] -- Installing: /home/mbsaloka/Desktop/ros2_ichiro_task/install/my_interfaces/lib/python3.10/site-packages/my_interfaces/_my_interfaces_s.ep.rosidl_typesupport_c.c
[3.244s] -- Installing: /home/mbsaloka/Desktop/ros2_ichiro_task/install/my_interfaces/lib/python3.10/site-packages/my_interfaces/__init__.py
[3.244s] -- Up-to-date: /home/mbsaloka/Desktop/ros2_ichiro_task/install/my_interfaces/lib/python3.10/site-packages/my_interfaces/msg
[3.244s] -- Installing: /home/mbsaloka/Desktop/ros2_ichiro_task/install/my_interfaces/lib/python3.10/site-packages/my_interfaces/msg/_double_s.c
[3.244s] -- Installing: /home/mbsaloka/Desktop/ros2_ichiro_task/install/my_interfaces/lib/python3.10/site-packages/my_interfaces/msg/_pose_s.c
[3.244s] -- Installing: /home/mbsaloka/Desktop/ros2_ichiro_task/install/my_interfaces/lib/python3.10/site-packages/my_interfaces/msg/_object_s.c
[3.244s] -- Installing: /home/mbsaloka/Desktop/ros2_ichiro_task/install/my_interfaces/lib/python3.10/site-packages/my_interfaces/msg/_vector_objects_s.c
[3.244s] -- Installing: /home/mbsaloka/Desktop/ros2_ichiro_task/install/my_interfaces/lib/python3.10/site-packages/my_interfaces/msg/_velocity_s.c
[3.244s] -- Up-to-date: /home/mbsaloka/Desktop/ros2_ichiro_task/install/my_interfaces/lib/python3.10/site-packages/my_interfaces/msg/_objects_s.c
[3.244s] -- Installing: /home/mbsaloka/Desktop/ros2_ichiro_task/install/my_interfaces/lib/python3.10/site-packages/my_interfaces/msg/_boolean.py
[3.244s] -- Installing: /home/mbsaloka/Desktop/ros2_ichiro_task/install/my_interfaces/lib/python3.10/site-packages/my_interfaces/msg/_double.py
[3.245s] -- Installing: /home/mbsaloka/Desktop/ros2_ichiro_task/install/my_interfaces/lib/python3.10/site-packages/my_interfaces/msg/_velocity.py
[3.245s] -- Installing: /home/mbsaloka/Desktop/ros2_ichiro_task/install/my_interfaces/lib/python3.10/site-packages/my_interfaces/msg/_vector_objects.py
[3.245s] -- Installing: /home/mbsaloka/Desktop/ros2_ichiro_task/install/my_interfaces/lib/python3.10/site-packages/my_interfaces/msg/_pose.py
[3.245s] -- Installing: /home/mbsaloka/Desktop/ros2_ichiro_task/install/my_interfaces/lib/python3.10/site-packages/my_interfaces/msg/__init__.py
[3.245s] -- Installing: /home/mbsaloka/Desktop/ros2_ichiro_task/install/my_interfaces/lib/python3.10/site-packages/my_interfaces/msg/_object.py
[3.245s] -- Installing: /home/mbsaloka/Desktop/ros2_ichiro_task/install/my_interfaces/lib/python3.10/site-packages/my_interfaces/msg/_boolean_s.c
[3.245s] -- Up-to-date: /home/mbsaloka/Desktop/ros2_ichiro_task/install/my_interfaces/lib/python3.10/site-packages/my_interfaces/msg/_objects.py
[3.245s] -- Installing: /home/mbsaloka/Desktop/ros2_ichiro_task/install/my_interfaces/lib/python3.10/site-packages/my_interfaces/libmy_interfaces__rosidl_generator_py.so
[3.245s] -- Installing: /home/mbsaloka/Desktop/ros2_ichiro_task/install/my_interfaces/lib/python3.10/site-packages/my_interfaces/_my_interfaces_s.ep.rosidl_typesupport_fastrtps_c.c
[3.245s] -- Installing: /home/mbsaloka/Desktop/ros2_ichiro_task/install/my_interfaces/lib/python3.10/site-packages/my_interfaces/my_interfaces_s__rosidl_typesupport_c.cpython-310-x86_64-linux-gnu.so
[3.267s] Listing '/home/mbsaloka/Desktop/ros2_ichiro_task/install/my_interfaces/lib/python3.10/site-packages/my_interfaces'...
[3.267s] Compiling '/home/mbsaloka/Desktop/ros2_ichiro_task/install/my_interfaces/lib/python3.10/site-packages/my_interfaces/__init__.py'...
[3.267s] Listing '/home/mbsaloka/Desktop/ros2_ichiro_task/install/my_interfaces/lib/python3.10/site-packages/my_interfaces/msg'...
[3.267s] Compiling '/home/mbsaloka/Desktop/ros2_ichiro_task/install/my_interfaces/lib/python3.10/site-packages/my_interfaces/msg/__init__.py'...
[3.267s] Compiling '/home/mbsaloka/Desktop/ros2_ichiro_task/install/my_interfaces/lib/python3.10/site-packages/my_interfaces/msg/_boolean.py'...
[3.267s] Compiling '/home/mbsaloka/Desktop/ros2_ichiro_task/install/my_interfaces/lib/python3.10/site-packages/my_interfaces/msg/_double.py'...
[3.267s] Compiling '/home/mbsaloka/Desktop/ros2_ichiro_task/install/my_interfaces/lib/python3.10/site-packages/my_interfaces/msg/_object.py'...
[3.267s] Compiling '/home/mbsaloka/Desktop/ros2_ichiro_task/install/my_interfaces/lib/python3.10/site-packages/my_interfaces/msg/_pose.py'...
[3.267s] Compiling '/home/mbsaloka/Desktop/ros2_ichiro_task/install/my_interfaces/lib/python3.10/site-packages/my_interfaces/msg/_vector_objects.py'...
[3.267s] Compiling '/home/mbsaloka/Desktop/ros2_ichiro_task/install/my_interfaces/lib/python3.10/site-packages/my_interfaces/msg/_velocity.py'...
[3.269s] -- Installing: /home/mbsaloka/Desktop/ros2_ichiro_task/install/my_interfaces/lib/python3.10/site-packages/my_interfaces/my_interfaces_s__rosidl_typesupport_fastrtps_c.cpython-310-x86_64-linux-gnu.so
[3.269s] -- Set runtime path of "/home/mbsaloka/Desktop/ros2_ichiro_task/install/my_interfaces/lib/python3.10/site-packages/my_interfaces/my_interfaces_s__rosidl_typesupport_fastrtps_c.cpython-310-x86_64-linux-gnu.so" to ""
[3.269s] -- Installing: /home/mbsaloka/Desktop/ros2_ichiro_task/install/my_interfaces/lib/python3.10/site-packages/my_interfaces/my_interfaces_s__rosidl_typesupport_introspection_c.cpython-310-x86_64-linux-gnu.so
[3.269s] -- Set runtime path of "/home/mbsaloka/Desktop/ros2_ichiro_task/install/my_interfaces/lib/python3.10/site-packages/my_interfaces/my_interfaces_s__rosidl_typesupport_introspection_c.cpython-310-x86_64-linux-gnu.so" to ""
[3.270s] -- Installing: /home/mbsaloka/Desktop/ros2_ichiro_task/install/my_interfaces/lib/python3.10/site-packages/my_interfaces/my_interfaces_s__rosidl_typesupport_c.cpython-310-x86_64-linux-gnu.so
[3.270s] -- Set runtime path of "/home/mbsaloka/Desktop/ros2_ichiro_task/install/my_interfaces/lib/python3.10/site-packages/my_interfaces/my_interfaces_s__rosidl_typesupport_c.cpython-310-x86_64-linux-gnu.so" to ""
[3.270s] -- Installing: /home/mbsaloka/Desktop/ros2_ichiro_task/install/my_interfaces/lib/libmy_interfaces__rosidl_generator_py.so
[3.270s] -- Set runtime path of "/home/mbsaloka/Desktop/ros2_ichiro_task/install/my_interfaces/lib/libmy_interfaces__rosidl_generator_py.so" to ""
[3.270s] -- Up-to-date: /home/mbsaloka/Desktop/ros2_ichiro_task/install/my_interfaces/share/my_interfaces/msg/Pose.idl
[3.270s] -- Up-to-date: /home/mbsaloka/Desktop/ros2_ichiro_task/install/my_interfaces/share/my_interfaces/msg/Velocity.idl
[3.270s] -- Up-to-date: /home/mbsaloka/Desktop/ros2_ichiro_task/install/my_interfaces/share/my_interfaces/msg/Object.idl
[3.270s] -- Up-to-date: /home/mbsaloka/Desktop/ros2_ichiro_task/install/my_interfaces/share/my_interfaces/msg/VectorObjects.idl
[3.270s] -- Up-to-date: /home/mbsaloka/Desktop/ros2_ichiro_task/install/my_interfaces/share/my_interfaces/msg/Boolean.idl
[3.270s] -- Installing: /home/mbsaloka/Desktop/ros2_ichiro_task/install/my_interfaces/share/my_interfaces/msg/Double.idl
[3.270s] -- Up-to-date: /home/mbsaloka/Desktop/ros2_ichiro_task/install/my_interfaces/share/my_interfaces/msg/Pose.msg
[3.270s] -- Up-to-date: /home/mbsaloka/Desktop/ros2_ichiro_task/install/my_interfaces/share/my_interfaces/msg/Velocity.msg
[3.270s] -- Up-to-date: /home/mbsaloka/Desktop/ros2_ichiro_task/install/my_interfaces/share/my_interfaces/msg/Object.msg
[3.270s] -- Up-to-date: /home/mbsaloka/Desktop/ros2_ichiro_task/install/my_interfaces/share/my_interfaces/msg/VectorObjects.msg
[3.270s] -- Up-to-date: /home/mbsaloka/Desktop/ros2_ichiro_task/install/my_interfaces/share/my_interfaces/msg/Boolean.msg
[3.270s] -- Installing: /home/mbsaloka/Desktop/ros2_ichiro_task/install/my_interfaces/share/my_interfaces/msg/Double.msg
[3.270s] -- Up-to-date: /home/mbsaloka/Desktop/ros2_ichiro_task/install/my_interfaces/share/ament_index/resource_index/package_run_dependencies/my_interfaces
[3.270s] -- Installing: /home/mbsaloka/Desktop/ros2_ichiro_task/install/my_interfaces/share/ament_index/resource_index/parent_prefix_path/my_interfaces
[3.271s] -- Up-to-date: /home/mbsaloka/Desktop/ros2_ichiro_task/install/my_interfaces/share/my_interfaces/environment/ament_prefix_path.sh
[3.271s] -- Up-to-date: /home/mbsaloka/Desktop/ros2_ichiro_task/install/my_interfaces/share/my_interfaces/environment/ament_prefix_path.dsv
[3.271s] -- Up-to-date: /home/mbsaloka/Desktop/ros2_ichiro_task/install/my_interfaces/share/my_interfaces/environment/path.sh
[3.271s] -- Up-to-date: /home/mbsaloka/Desktop/ros2_ichiro_task/install/my_interfaces/share/my_interfaces/environment/path.dsv
[3.271s] -- Up-to-date: /home/mbsaloka/Desktop/ros2_ichiro_task/install/my_interfaces/share/my_interfaces/local_setup.bash
[3.271s] -- Up-to-date: /home/mbsaloka/Desktop/ros2_ichiro_task/install/my_interfaces/share/my_interfaces/local_setup.sh
[3.271s] -- Up-to-date: /home/mbsaloka/Desktop/ros2_ichiro_task/install/my_interfaces/share/my_interfaces/local_setup.zsh
[3.271s] -- Up-to-date: /home/mbsaloka/Desktop/ros2_ichiro_task/install/my_interfaces/share/my_interfaces/local_setup.dsv
[3.271s] -- Installing: /home/mbsaloka/Desktop/ros2_ichiro_task/install/my_interfaces/share/my_interfaces/package.dsv
[3.271s] -- Up-to-date: /home/mbsaloka/Desktop/ros2_ichiro_task/install/my_interfaces/share/ament_index/resource_index/packages/my_interfaces
[3.271s] -- Up-to-date: /home/mbsaloka/Desktop/ros2_ichiro_task/install/my_interfaces/share/my_interfaces/cmake/export_my_interfaces__rosidl_generator_cExport.cmake
[3.271s] -- Up-to-date: /home/mbsaloka/Desktop/ros2_ichiro_task/install/my_interfaces/share/my_interfaces/cmake/export_my_interfaces__rosidl_generator_cExport-noconfig.cmake
[3.271s] -- Up-to-date: /home/mbsaloka/Desktop/ros2_ichiro_task/install/my_interfaces/share/my_interfaces/cmake/export_my_interfaces__rosidl_typesupport_fastrtps_cExport.cmake
[3.271s] -- Up-to-date: /home/mbsaloka/Desktop/ros2_ichiro_task/install/my_interfaces/share/my_interfaces/cmake/export_my_interfaces__rosidl_typesupport_fastrtps_cExport-noconfig.cmake
[3.271s] -- Up-to-date: /home/mbsaloka/Desktop/ros2_ichiro_task/install/my_interfaces/share/my_interfaces/cmake/my_interfaces__rosidl_typesupport_introspection_cExport.cmake
[3.271s] -- Up-to-date: /home/mbsaloka/Desktop/ros2_ichiro_task/install/my_interfaces/share/my_interfaces/cmake/my_interfaces__rosidl_typesupport_introspection_cExport-noconfig.cmake
[3.271s] -- Up-to-date: /home/mbsaloka/Desktop/ros2_ichiro_task/install/my_interfaces/share/my_interfaces/cmake/my_interfaces__rosidl_typesupport_cExport.cmake
[3.271s] -- Up-to-date: /home/mbsaloka/Desktop/ros2_ichiro_task/install/my_interfaces/share/my_interfaces/cmake/my_interfaces__rosidl_typesupport_cExport-noconfig.cmake
[3.271s] -- Up-to-date: /home/mbsaloka/Desktop/ros2_ichiro_task/install/my_interfaces/share/my_interfaces/cmake/export_my_interfaces__rosidl_generator_cppExport.cmake
[3.271s] -- Up-to-date: /home/mbsaloka/Desktop/ros2_ichiro_task/install/my_interfaces/share/my_interfaces/cmake/export_my_interfaces__rosidl_typesupport_fastrtps_cppExport.cmake
[3.271s] -- Up-to-date: /home/mbsaloka/Desktop/ros2_ichiro_task/install/my_interfaces/share/my_interfaces/cmake/export_my_interfaces__rosidl_typesupport_fastrtps_cppExport-noconfig.cmake
[3.272s] -- Up-to-date: /home/mbsaloka/Desktop/ros2_ichiro_task/install/my_interfaces/share/my_interfaces/cmake/my_interfaces__rosidl_typesupport_introspection_cppExport.cmake
[3.272s] -- Up-to-date: /home/mbsaloka/Desktop/ros2_ichiro_task/install/my_interfaces/share/my_interfaces/cmake/my_interfaces__rosidl_typesupport_introspection_cppExport-noconfig.cmake
[3.272s] -- Up-to-date: /home/mbsaloka/Desktop/ros2_ichiro_task/install/my_interfaces/share/my_interfaces/cmake/my_interfaces__rosidl_typesupport_cppExport.cmake
[3.272s] -- Up-to-date: /home/mbsaloka/Desktop/ros2_ichiro_task/install/my_interfaces/share/my_interfaces/cmake/my_interfaces__rosidl_typesupport_cppExport-noconfig.cmake
[3.272s] -- Up-to-date: /home/mbsaloka/Desktop/ros2_ichiro_task/install/my_interfaces/share/my_interfaces/cmake/export_my_interfaces__rosidl_generator_pyExport.cmake
[3.272s] -- Up-to-date: /home/mbsaloka/Desktop/ros2_ichiro_task/install/my_interfaces/share/my_interfaces/cmake/export_my_interfaces__rosidl_generator_pyExport-noconfig.cmake
[3.272s] -- Installing: /home/mbsaloka/Desktop/ros2_ichiro_task/install/my_interfaces/share/my_interfaces/cmake/rosidl_cmake-extras.cmake
[3.272s] -- Up-to-date: /home/mbsaloka/Desktop/ros2_ichiro_task/install/my_interfaces/share/my_interfaces/cmake/ament_cmake_export_include_directories-extras.cmake
[3.272s] -- Up-to-date: /home/mbsaloka/Desktop/ros2_ichiro_task/install/my_interfaces/share/my_interfaces/cmake/ament_cmake_export_libraries-extras.cmake
[3.272s] -- Up-to-date: /home/mbsaloka/Desktop/ros2_ichiro_task/install/my_interfaces/share/my_interfaces/cmake/ament_cmake_export_targets-extras.cmake
[3.272s] -- Up-to-date: /home/mbsaloka/Desktop/ros2_ichiro_task/install/my_interfaces/share/my_interfaces/cmake/rosidl_cmake_export_typesupport_targets-extras.cmake
[3.272s] -- Up-to-date: /home/mbsaloka/Desktop/ros2_ichiro_task/install/my_interfaces/share/my_interfaces/cmake/ament_cmake_export_dependencies-extras.cmake
[3.272s] -- Up-to-date: /home/mbsaloka/Desktop/ros2_ichiro_task/install/my_interfaces/share/my_interfaces/cmake/rosidl_cmake_export_typesupport_libraries-extras.cmake
[3.272s] -- Up-to-date: /home/mbsaloka/Desktop/ros2_ichiro_task/install/my_interfaces/share/my_interfaces/cmake/my_interfacesConfig.cmake
[3.272s] -- Up-to-date: /home/mbsaloka/Desktop/ros2_ichiro_task/install/my_interfaces/share/my_interfaces/cmake/my_interfacesConfig-version.cmake
[3.272s] -- Up-to-date: /home/mbsaloka/Desktop/ros2_ichiro_task/install/my_interfaces/share/my_interfaces/package.xml
[3.274s] Invoked command in '/home/mbsaloka/Desktop/ros2_ichiro_task/build/my_interfaces' returned '0': CMAKE_PREFIX_PATH=${CMAKE_PREFIX_PATH}:/opt/ros/iron /usr/bin/cmake --install /home/mbsaloka/Desktop/ros2_ichiro_task/build/my_interfaces
