[0.655s] DEBUG:colcon:Command line arguments: ['/usr/bin/colcon', 'build', '--packages-select', 'robot_localization']
[0.655s] DEBUG:colcon:Parsed command line arguments: Namespace(log_base=None, log_level=None, verb_name='build', build_base='build', install_base='install', merge_install=False, symlink_install=False, test_result_base=None, continue_on_error=False, executor='parallel', parallel_workers=16, event_handlers=None, ignore_user_meta=False, metas=['./colcon.meta'], base_paths=['.'], packages_ignore=None, packages_ignore_regex=None, paths=None, packages_up_to=None, packages_up_to_regex=None, packages_above=None, packages_above_and_dependencies=None, packages_above_depth=None, packages_select_by_dep=None, packages_skip_by_dep=None, packages_skip_up_to=None, packages_select_build_failed=False, packages_skip_build_finished=False, packages_select_test_failures=False, packages_skip_test_passed=False, packages_select=['robot_localization'], packages_skip=None, packages_select_regex=None, packages_skip_regex=None, packages_start=None, packages_end=None, allow_overriding=[], cmake_args=None, cmake_target=None, cmake_target_skip_unavailable=False, cmake_clean_cache=False, cmake_clean_first=False, cmake_force_configure=False, ament_cmake_args=None, catkin_cmake_args=None, catkin_skip_building_tests=False, verb_parser=<colcon_defaults.argument_parser.defaults.DefaultArgumentsDecorator object at 0x7f7098b7dc00>, verb_extension=<colcon_core.verb.build.BuildVerb object at 0x7f7098b7da80>, main=<bound method BuildVerb.main of <colcon_core.verb.build.BuildVerb object at 0x7f7098b7da80>>)
[0.704s] Level 1:colcon.colcon_core.package_discovery:discover_packages(colcon_meta) check parameters
[0.704s] Level 1:colcon.colcon_core.package_discovery:discover_packages(recursive) check parameters
[0.704s] Level 1:colcon.colcon_core.package_discovery:discover_packages(ignore) check parameters
[0.704s] Level 1:colcon.colcon_core.package_discovery:discover_packages(path) check parameters
[0.704s] Level 1:colcon.colcon_core.package_discovery:discover_packages(colcon_meta) discover
[0.704s] Level 1:colcon.colcon_core.package_discovery:discover_packages(recursive) discover
[0.704s] INFO:colcon.colcon_core.package_discovery:Crawling recursively for packages in '/home/mbsaloka/Desktop/ros2_ichiro_task'
[0.704s] Level 1:colcon.colcon_core.package_identification:_identify(.) by extensions ['ignore', 'ignore_ament_install']
[0.704s] Level 1:colcon.colcon_core.package_identification:_identify(.) by extension 'ignore'
[0.704s] Level 1:colcon.colcon_core.package_identification:_identify(.) by extension 'ignore_ament_install'
[0.704s] Level 1:colcon.colcon_core.package_identification:_identify(.) by extensions ['colcon_pkg']
[0.704s] Level 1:colcon.colcon_core.package_identification:_identify(.) by extension 'colcon_pkg'
[0.704s] Level 1:colcon.colcon_core.package_identification:_identify(.) by extensions ['colcon_meta']
[0.704s] Level 1:colcon.colcon_core.package_identification:_identify(.) by extension 'colcon_meta'
[0.704s] Level 1:colcon.colcon_core.package_identification:_identify(.) by extensions ['ros']
[0.704s] Level 1:colcon.colcon_core.package_identification:_identify(.) by extension 'ros'
[0.713s] Level 1:colcon.colcon_core.package_identification:_identify(.) by extensions ['cmake', 'python']
[0.713s] Level 1:colcon.colcon_core.package_identification:_identify(.) by extension 'cmake'
[0.713s] Level 1:colcon.colcon_core.package_identification:_identify(.) by extension 'python'
[0.713s] Level 1:colcon.colcon_core.package_identification:_identify(.) by extensions ['python_setup_py']
[0.713s] Level 1:colcon.colcon_core.package_identification:_identify(.) by extension 'python_setup_py'
[0.713s] Level 1:colcon.colcon_core.package_identification:_identify(build) by extensions ['ignore', 'ignore_ament_install']
[0.713s] Level 1:colcon.colcon_core.package_identification:_identify(build) by extension 'ignore'
[0.713s] Level 1:colcon.colcon_core.package_identification:_identify(build) ignored
[0.713s] Level 1:colcon.colcon_core.package_identification:_identify(install) by extensions ['ignore', 'ignore_ament_install']
[0.713s] Level 1:colcon.colcon_core.package_identification:_identify(install) by extension 'ignore'
[0.713s] Level 1:colcon.colcon_core.package_identification:_identify(install) ignored
[0.713s] Level 1:colcon.colcon_core.package_identification:_identify(launch) by extensions ['ignore', 'ignore_ament_install']
[0.713s] Level 1:colcon.colcon_core.package_identification:_identify(launch) by extension 'ignore'
[0.713s] Level 1:colcon.colcon_core.package_identification:_identify(launch) by extension 'ignore_ament_install'
[0.714s] Level 1:colcon.colcon_core.package_identification:_identify(launch) by extensions ['colcon_pkg']
[0.714s] Level 1:colcon.colcon_core.package_identification:_identify(launch) by extension 'colcon_pkg'
[0.714s] Level 1:colcon.colcon_core.package_identification:_identify(launch) by extensions ['colcon_meta']
[0.714s] Level 1:colcon.colcon_core.package_identification:_identify(launch) by extension 'colcon_meta'
[0.714s] Level 1:colcon.colcon_core.package_identification:_identify(launch) by extensions ['ros']
[0.714s] Level 1:colcon.colcon_core.package_identification:_identify(launch) by extension 'ros'
[0.714s] Level 1:colcon.colcon_core.package_identification:_identify(launch) by extensions ['cmake', 'python']
[0.714s] Level 1:colcon.colcon_core.package_identification:_identify(launch) by extension 'cmake'
[0.714s] Level 1:colcon.colcon_core.package_identification:_identify(launch) by extension 'python'
[0.714s] Level 1:colcon.colcon_core.package_identification:_identify(launch) by extensions ['python_setup_py']
[0.714s] Level 1:colcon.colcon_core.package_identification:_identify(launch) by extension 'python_setup_py'
[0.714s] Level 1:colcon.colcon_core.package_identification:_identify(launch/__pycache__) by extensions ['ignore', 'ignore_ament_install']
[0.714s] Level 1:colcon.colcon_core.package_identification:_identify(launch/__pycache__) by extension 'ignore'
[0.714s] Level 1:colcon.colcon_core.package_identification:_identify(launch/__pycache__) by extension 'ignore_ament_install'
[0.714s] Level 1:colcon.colcon_core.package_identification:_identify(launch/__pycache__) by extensions ['colcon_pkg']
[0.714s] Level 1:colcon.colcon_core.package_identification:_identify(launch/__pycache__) by extension 'colcon_pkg'
[0.714s] Level 1:colcon.colcon_core.package_identification:_identify(launch/__pycache__) by extensions ['colcon_meta']
[0.714s] Level 1:colcon.colcon_core.package_identification:_identify(launch/__pycache__) by extension 'colcon_meta'
[0.714s] Level 1:colcon.colcon_core.package_identification:_identify(launch/__pycache__) by extensions ['ros']
[0.714s] Level 1:colcon.colcon_core.package_identification:_identify(launch/__pycache__) by extension 'ros'
[0.714s] Level 1:colcon.colcon_core.package_identification:_identify(launch/__pycache__) by extensions ['cmake', 'python']
[0.714s] Level 1:colcon.colcon_core.package_identification:_identify(launch/__pycache__) by extension 'cmake'
[0.714s] Level 1:colcon.colcon_core.package_identification:_identify(launch/__pycache__) by extension 'python'
[0.714s] Level 1:colcon.colcon_core.package_identification:_identify(launch/__pycache__) by extensions ['python_setup_py']
[0.714s] Level 1:colcon.colcon_core.package_identification:_identify(launch/__pycache__) by extension 'python_setup_py'
[0.714s] Level 1:colcon.colcon_core.package_identification:_identify(log) by extensions ['ignore', 'ignore_ament_install']
[0.714s] Level 1:colcon.colcon_core.package_identification:_identify(log) by extension 'ignore'
[0.714s] Level 1:colcon.colcon_core.package_identification:_identify(log) ignored
[0.714s] Level 1:colcon.colcon_core.package_identification:_identify(src) by extensions ['ignore', 'ignore_ament_install']
[0.714s] Level 1:colcon.colcon_core.package_identification:_identify(src) by extension 'ignore'
[0.714s] Level 1:colcon.colcon_core.package_identification:_identify(src) by extension 'ignore_ament_install'
[0.714s] Level 1:colcon.colcon_core.package_identification:_identify(src) by extensions ['colcon_pkg']
[0.714s] Level 1:colcon.colcon_core.package_identification:_identify(src) by extension 'colcon_pkg'
[0.714s] Level 1:colcon.colcon_core.package_identification:_identify(src) by extensions ['colcon_meta']
[0.714s] Level 1:colcon.colcon_core.package_identification:_identify(src) by extension 'colcon_meta'
[0.714s] Level 1:colcon.colcon_core.package_identification:_identify(src) by extensions ['ros']
[0.714s] Level 1:colcon.colcon_core.package_identification:_identify(src) by extension 'ros'
[0.714s] Level 1:colcon.colcon_core.package_identification:_identify(src) by extensions ['cmake', 'python']
[0.714s] Level 1:colcon.colcon_core.package_identification:_identify(src) by extension 'cmake'
[0.714s] Level 1:colcon.colcon_core.package_identification:_identify(src) by extension 'python'
[0.714s] Level 1:colcon.colcon_core.package_identification:_identify(src) by extensions ['python_setup_py']
[0.714s] Level 1:colcon.colcon_core.package_identification:_identify(src) by extension 'python_setup_py'
[0.715s] Level 1:colcon.colcon_core.package_identification:_identify(src/my_interfaces) by extensions ['ignore', 'ignore_ament_install']
[0.715s] Level 1:colcon.colcon_core.package_identification:_identify(src/my_interfaces) by extension 'ignore'
[0.715s] Level 1:colcon.colcon_core.package_identification:_identify(src/my_interfaces) by extension 'ignore_ament_install'
[0.715s] Level 1:colcon.colcon_core.package_identification:_identify(src/my_interfaces) by extensions ['colcon_pkg']
[0.715s] Level 1:colcon.colcon_core.package_identification:_identify(src/my_interfaces) by extension 'colcon_pkg'
[0.715s] Level 1:colcon.colcon_core.package_identification:_identify(src/my_interfaces) by extensions ['colcon_meta']
[0.715s] Level 1:colcon.colcon_core.package_identification:_identify(src/my_interfaces) by extension 'colcon_meta'
[0.715s] Level 1:colcon.colcon_core.package_identification:_identify(src/my_interfaces) by extensions ['ros']
[0.715s] Level 1:colcon.colcon_core.package_identification:_identify(src/my_interfaces) by extension 'ros'
[0.717s] DEBUG:colcon.colcon_core.package_identification:Package 'src/my_interfaces' with type 'ros.ament_cmake' and name 'my_interfaces'
[0.717s] Level 1:colcon.colcon_core.package_identification:_identify(src/odd_num_pubsub) by extensions ['ignore', 'ignore_ament_install']
[0.717s] Level 1:colcon.colcon_core.package_identification:_identify(src/odd_num_pubsub) by extension 'ignore'
[0.717s] Level 1:colcon.colcon_core.package_identification:_identify(src/odd_num_pubsub) by extension 'ignore_ament_install'
[0.717s] Level 1:colcon.colcon_core.package_identification:_identify(src/odd_num_pubsub) by extensions ['colcon_pkg']
[0.717s] Level 1:colcon.colcon_core.package_identification:_identify(src/odd_num_pubsub) by extension 'colcon_pkg'
[0.717s] Level 1:colcon.colcon_core.package_identification:_identify(src/odd_num_pubsub) by extensions ['colcon_meta']
[0.717s] Level 1:colcon.colcon_core.package_identification:_identify(src/odd_num_pubsub) by extension 'colcon_meta'
[0.717s] Level 1:colcon.colcon_core.package_identification:_identify(src/odd_num_pubsub) by extensions ['ros']
[0.717s] Level 1:colcon.colcon_core.package_identification:_identify(src/odd_num_pubsub) by extension 'ros'
[0.718s] DEBUG:colcon.colcon_core.package_identification:Package 'src/odd_num_pubsub' with type 'ros.ament_cmake' and name 'odd_num_pubsub'
[0.718s] Level 1:colcon.colcon_core.package_identification:_identify(src/robot_localization) by extensions ['ignore', 'ignore_ament_install']
[0.718s] Level 1:colcon.colcon_core.package_identification:_identify(src/robot_localization) by extension 'ignore'
[0.718s] Level 1:colcon.colcon_core.package_identification:_identify(src/robot_localization) by extension 'ignore_ament_install'
[0.718s] Level 1:colcon.colcon_core.package_identification:_identify(src/robot_localization) by extensions ['colcon_pkg']
[0.718s] Level 1:colcon.colcon_core.package_identification:_identify(src/robot_localization) by extension 'colcon_pkg'
[0.718s] Level 1:colcon.colcon_core.package_identification:_identify(src/robot_localization) by extensions ['colcon_meta']
[0.718s] Level 1:colcon.colcon_core.package_identification:_identify(src/robot_localization) by extension 'colcon_meta'
[0.718s] Level 1:colcon.colcon_core.package_identification:_identify(src/robot_localization) by extensions ['ros']
[0.718s] Level 1:colcon.colcon_core.package_identification:_identify(src/robot_localization) by extension 'ros'
[0.718s] DEBUG:colcon.colcon_core.package_identification:Package 'src/robot_localization' with type 'ros.ament_cmake' and name 'robot_localization'
[0.718s] Level 1:colcon.colcon_core.package_identification:_identify(src/soccer_pubsub) by extensions ['ignore', 'ignore_ament_install']
[0.719s] Level 1:colcon.colcon_core.package_identification:_identify(src/soccer_pubsub) by extension 'ignore'
[0.719s] Level 1:colcon.colcon_core.package_identification:_identify(src/soccer_pubsub) by extension 'ignore_ament_install'
[0.719s] Level 1:colcon.colcon_core.package_identification:_identify(src/soccer_pubsub) by extensions ['colcon_pkg']
[0.719s] Level 1:colcon.colcon_core.package_identification:_identify(src/soccer_pubsub) by extension 'colcon_pkg'
[0.719s] Level 1:colcon.colcon_core.package_identification:_identify(src/soccer_pubsub) by extensions ['colcon_meta']
[0.719s] Level 1:colcon.colcon_core.package_identification:_identify(src/soccer_pubsub) by extension 'colcon_meta'
[0.719s] Level 1:colcon.colcon_core.package_identification:_identify(src/soccer_pubsub) by extensions ['ros']
[0.719s] Level 1:colcon.colcon_core.package_identification:_identify(src/soccer_pubsub) by extension 'ros'
[0.719s] DEBUG:colcon.colcon_core.package_identification:Package 'src/soccer_pubsub' with type 'ros.ament_cmake' and name 'soccer_pubsub'
[0.719s] Level 1:colcon.colcon_core.package_identification:_identify(src/sum_two_num_srvcli) by extensions ['ignore', 'ignore_ament_install']
[0.719s] Level 1:colcon.colcon_core.package_identification:_identify(src/sum_two_num_srvcli) by extension 'ignore'
[0.720s] Level 1:colcon.colcon_core.package_identification:_identify(src/sum_two_num_srvcli) by extension 'ignore_ament_install'
[0.720s] Level 1:colcon.colcon_core.package_identification:_identify(src/sum_two_num_srvcli) by extensions ['colcon_pkg']
[0.720s] Level 1:colcon.colcon_core.package_identification:_identify(src/sum_two_num_srvcli) by extension 'colcon_pkg'
[0.720s] Level 1:colcon.colcon_core.package_identification:_identify(src/sum_two_num_srvcli) by extensions ['colcon_meta']
[0.720s] Level 1:colcon.colcon_core.package_identification:_identify(src/sum_two_num_srvcli) by extension 'colcon_meta'
[0.720s] Level 1:colcon.colcon_core.package_identification:_identify(src/sum_two_num_srvcli) by extensions ['ros']
[0.720s] Level 1:colcon.colcon_core.package_identification:_identify(src/sum_two_num_srvcli) by extension 'ros'
[0.720s] DEBUG:colcon.colcon_core.package_identification:Package 'src/sum_two_num_srvcli' with type 'ros.ament_cmake' and name 'sum_two_num_srvcli'
[0.720s] Level 1:colcon.colcon_core.package_discovery:discover_packages(recursive) using defaults
[0.720s] Level 1:colcon.colcon_core.package_discovery:discover_packages(ignore) discover
[0.720s] Level 1:colcon.colcon_core.package_discovery:discover_packages(ignore) using defaults
[0.720s] Level 1:colcon.colcon_core.package_discovery:discover_packages(path) discover
[0.720s] Level 1:colcon.colcon_core.package_discovery:discover_packages(path) using defaults
[0.762s] INFO:colcon.colcon_core.package_selection:Skipping not selected package 'my_interfaces' in 'src/my_interfaces'
[0.762s] INFO:colcon.colcon_core.package_selection:Skipping not selected package 'odd_num_pubsub' in 'src/odd_num_pubsub'
[0.762s] INFO:colcon.colcon_core.package_selection:Skipping not selected package 'sum_two_num_srvcli' in 'src/sum_two_num_srvcli'
[0.762s] INFO:colcon.colcon_core.package_selection:Skipping not selected package 'soccer_pubsub' in 'src/soccer_pubsub'
[0.777s] Level 1:colcon.colcon_core.package_discovery:discover_packages(prefix_path) check parameters
[0.777s] Level 1:colcon.colcon_core.package_discovery:discover_packages(prefix_path) discover
[0.793s] DEBUG:colcon.colcon_installed_package_information.package_discovery:Found 309 installed packages in /opt/ros/iron
[0.794s] Level 1:colcon.colcon_core.package_discovery:discover_packages(prefix_path) using defaults
[0.869s] Level 5:colcon.colcon_core.verb:set package 'robot_localization' build argument 'cmake_args' from command line to 'None'
[0.869s] Level 5:colcon.colcon_core.verb:set package 'robot_localization' build argument 'cmake_target' from command line to 'None'
[0.869s] Level 5:colcon.colcon_core.verb:set package 'robot_localization' build argument 'cmake_target_skip_unavailable' from command line to 'False'
[0.869s] Level 5:colcon.colcon_core.verb:set package 'robot_localization' build argument 'cmake_clean_cache' from command line to 'False'
[0.869s] Level 5:colcon.colcon_core.verb:set package 'robot_localization' build argument 'cmake_clean_first' from command line to 'False'
[0.869s] Level 5:colcon.colcon_core.verb:set package 'robot_localization' build argument 'cmake_force_configure' from command line to 'False'
[0.869s] Level 5:colcon.colcon_core.verb:set package 'robot_localization' build argument 'ament_cmake_args' from command line to 'None'
[0.869s] Level 5:colcon.colcon_core.verb:set package 'robot_localization' build argument 'catkin_cmake_args' from command line to 'None'
[0.869s] Level 5:colcon.colcon_core.verb:set package 'robot_localization' build argument 'catkin_skip_building_tests' from command line to 'False'
[0.869s] DEBUG:colcon.colcon_core.verb:Building package 'robot_localization' with the following arguments: {'ament_cmake_args': None, 'build_base': '/home/mbsaloka/Desktop/ros2_ichiro_task/build/robot_localization', 'catkin_cmake_args': None, 'catkin_skip_building_tests': False, 'cmake_args': None, 'cmake_clean_cache': False, 'cmake_clean_first': False, 'cmake_force_configure': False, 'cmake_target': None, 'cmake_target_skip_unavailable': False, 'install_base': '/home/mbsaloka/Desktop/ros2_ichiro_task/install/robot_localization', 'merge_install': False, 'path': '/home/mbsaloka/Desktop/ros2_ichiro_task/src/robot_localization', 'symlink_install': False, 'test_result_base': None}
[0.877s] INFO:colcon.colcon_core.executor:Executing jobs using 'parallel' executor
[0.885s] DEBUG:colcon.colcon_parallel_executor.executor.parallel:run_until_complete
[0.885s] INFO:colcon.colcon_ros.task.ament_cmake.build:Building ROS package in '/home/mbsaloka/Desktop/ros2_ichiro_task/src/robot_localization' with build type 'ament_cmake'
[0.886s] INFO:colcon.colcon_cmake.task.cmake.build:Building CMake package in '/home/mbsaloka/Desktop/ros2_ichiro_task/src/robot_localization'
[0.902s] INFO:colcon.colcon_core.plugin_system:Skipping extension 'colcon_core.shell.bat': Not used on non-Windows systems
[0.902s] INFO:colcon.colcon_core.shell:Skip shell extension 'powershell' for command environment: Not usable outside of PowerShell
[0.902s] DEBUG:colcon.colcon_core.shell:Skip shell extension 'dsv' for command environment
[0.936s] DEBUG:colcon.colcon_core.event_handler.log_command:Invoking command in '/home/mbsaloka/Desktop/ros2_ichiro_task/build/robot_localization': AMENT_PREFIX_PATH=/home/mbsaloka/Desktop/ros2_ichiro_task/install/my_interfaces:${AMENT_PREFIX_PATH} CMAKE_PREFIX_PATH=/home/mbsaloka/Desktop/ros2_ichiro_task/install/my_interfaces:/opt/ros/iron LD_LIBRARY_PATH=/home/mbsaloka/Desktop/ros2_ichiro_task/install/my_interfaces/lib:${LD_LIBRARY_PATH} PYTHONPATH=/home/mbsaloka/Desktop/ros2_ichiro_task/install/my_interfaces/lib/python3.10/site-packages:${PYTHONPATH} /usr/bin/cmake --build /home/mbsaloka/Desktop/ros2_ichiro_task/build/robot_localization -- -j16 -l16
[1.091s] DEBUG:colcon.colcon_core.event_handler.log_command:Invoked command in '/home/mbsaloka/Desktop/ros2_ichiro_task/build/robot_localization' returned '0': AMENT_PREFIX_PATH=/home/mbsaloka/Desktop/ros2_ichiro_task/install/my_interfaces:${AMENT_PREFIX_PATH} CMAKE_PREFIX_PATH=/home/mbsaloka/Desktop/ros2_ichiro_task/install/my_interfaces:/opt/ros/iron LD_LIBRARY_PATH=/home/mbsaloka/Desktop/ros2_ichiro_task/install/my_interfaces/lib:${LD_LIBRARY_PATH} PYTHONPATH=/home/mbsaloka/Desktop/ros2_ichiro_task/install/my_interfaces/lib/python3.10/site-packages:${PYTHONPATH} /usr/bin/cmake --build /home/mbsaloka/Desktop/ros2_ichiro_task/build/robot_localization -- -j16 -l16
[1.138s] DEBUG:colcon.colcon_core.event_handler.log_command:Invoking command in '/home/mbsaloka/Desktop/ros2_ichiro_task/build/robot_localization': AMENT_PREFIX_PATH=/home/mbsaloka/Desktop/ros2_ichiro_task/install/my_interfaces:${AMENT_PREFIX_PATH} CMAKE_PREFIX_PATH=/home/mbsaloka/Desktop/ros2_ichiro_task/install/my_interfaces:/opt/ros/iron LD_LIBRARY_PATH=/home/mbsaloka/Desktop/ros2_ichiro_task/install/my_interfaces/lib:${LD_LIBRARY_PATH} PYTHONPATH=/home/mbsaloka/Desktop/ros2_ichiro_task/install/my_interfaces/lib/python3.10/site-packages:${PYTHONPATH} /usr/bin/cmake --install /home/mbsaloka/Desktop/ros2_ichiro_task/build/robot_localization
[1.155s] Level 1:colcon.colcon_core.environment:create_environment_scripts_only(robot_localization)
[1.156s] DEBUG:colcon.colcon_core.event_handler.log_command:Invoked command in '/home/mbsaloka/Desktop/ros2_ichiro_task/build/robot_localization' returned '0': AMENT_PREFIX_PATH=/home/mbsaloka/Desktop/ros2_ichiro_task/install/my_interfaces:${AMENT_PREFIX_PATH} CMAKE_PREFIX_PATH=/home/mbsaloka/Desktop/ros2_ichiro_task/install/my_interfaces:/opt/ros/iron LD_LIBRARY_PATH=/home/mbsaloka/Desktop/ros2_ichiro_task/install/my_interfaces/lib:${LD_LIBRARY_PATH} PYTHONPATH=/home/mbsaloka/Desktop/ros2_ichiro_task/install/my_interfaces/lib/python3.10/site-packages:${PYTHONPATH} /usr/bin/cmake --install /home/mbsaloka/Desktop/ros2_ichiro_task/build/robot_localization
[1.173s] Level 1:colcon.colcon_core.environment:checking '/home/mbsaloka/Desktop/ros2_ichiro_task/install/robot_localization' for CMake module files
[1.174s] Level 1:colcon.colcon_core.environment:checking '/home/mbsaloka/Desktop/ros2_ichiro_task/install/robot_localization' for CMake config files
[1.174s] Level 1:colcon.colcon_core.shell:create_environment_hook('robot_localization', 'cmake_prefix_path')
[1.184s] INFO:colcon.colcon_core.shell:Creating environment hook '/home/mbsaloka/Desktop/ros2_ichiro_task/install/robot_localization/share/robot_localization/hook/cmake_prefix_path.ps1'
[1.185s] INFO:colcon.colcon_core.shell:Creating environment descriptor '/home/mbsaloka/Desktop/ros2_ichiro_task/install/robot_localization/share/robot_localization/hook/cmake_prefix_path.dsv'
[1.186s] INFO:colcon.colcon_core.shell:Creating environment hook '/home/mbsaloka/Desktop/ros2_ichiro_task/install/robot_localization/share/robot_localization/hook/cmake_prefix_path.sh'
[1.187s] Level 1:colcon.colcon_core.environment:checking '/home/mbsaloka/Desktop/ros2_ichiro_task/install/robot_localization/lib'
[1.187s] Level 1:colcon.colcon_core.shell:create_environment_hook('robot_localization', 'ld_library_path_lib')
[1.197s] INFO:colcon.colcon_core.shell:Creating environment hook '/home/mbsaloka/Desktop/ros2_ichiro_task/install/robot_localization/share/robot_localization/hook/ld_library_path_lib.ps1'
[1.198s] INFO:colcon.colcon_core.shell:Creating environment descriptor '/home/mbsaloka/Desktop/ros2_ichiro_task/install/robot_localization/share/robot_localization/hook/ld_library_path_lib.dsv'
[1.198s] INFO:colcon.colcon_core.shell:Creating environment hook '/home/mbsaloka/Desktop/ros2_ichiro_task/install/robot_localization/share/robot_localization/hook/ld_library_path_lib.sh'
[1.199s] Level 1:colcon.colcon_core.environment:checking '/home/mbsaloka/Desktop/ros2_ichiro_task/install/robot_localization/bin'
[1.199s] Level 1:colcon.colcon_core.environment:checking '/home/mbsaloka/Desktop/ros2_ichiro_task/install/robot_localization/lib/pkgconfig/robot_localization.pc'
[1.199s] Level 1:colcon.colcon_core.environment:checking '/home/mbsaloka/Desktop/ros2_ichiro_task/install/robot_localization/lib/python3.10/site-packages'
[1.199s] Level 1:colcon.colcon_core.environment:checking '/home/mbsaloka/Desktop/ros2_ichiro_task/install/robot_localization/bin'
[1.209s] INFO:colcon.colcon_core.shell:Creating package script '/home/mbsaloka/Desktop/ros2_ichiro_task/install/robot_localization/share/robot_localization/package.ps1'
[1.211s] INFO:colcon.colcon_core.shell:Creating package descriptor '/home/mbsaloka/Desktop/ros2_ichiro_task/install/robot_localization/share/robot_localization/package.dsv'
[1.211s] INFO:colcon.colcon_core.shell:Creating package script '/home/mbsaloka/Desktop/ros2_ichiro_task/install/robot_localization/share/robot_localization/package.sh'
[1.212s] INFO:colcon.colcon_core.shell:Creating package script '/home/mbsaloka/Desktop/ros2_ichiro_task/install/robot_localization/share/robot_localization/package.bash'
[1.212s] INFO:colcon.colcon_core.shell:Creating package script '/home/mbsaloka/Desktop/ros2_ichiro_task/install/robot_localization/share/robot_localization/package.zsh'
[1.213s] Level 1:colcon.colcon_core.environment:create_file_with_runtime_dependencies(/home/mbsaloka/Desktop/ros2_ichiro_task/install/robot_localization/share/colcon-core/packages/robot_localization)
[1.258s] Level 1:colcon.colcon_core.environment:create_environment_scripts_only(robot_localization)
[1.268s] Level 1:colcon.colcon_core.environment:checking '/home/mbsaloka/Desktop/ros2_ichiro_task/install/robot_localization' for CMake module files
[1.268s] Level 1:colcon.colcon_core.environment:checking '/home/mbsaloka/Desktop/ros2_ichiro_task/install/robot_localization' for CMake config files
[1.269s] Level 1:colcon.colcon_core.shell:create_environment_hook('robot_localization', 'cmake_prefix_path')
[1.278s] INFO:colcon.colcon_core.shell:Creating environment hook '/home/mbsaloka/Desktop/ros2_ichiro_task/install/robot_localization/share/robot_localization/hook/cmake_prefix_path.ps1'
[1.279s] INFO:colcon.colcon_core.shell:Creating environment descriptor '/home/mbsaloka/Desktop/ros2_ichiro_task/install/robot_localization/share/robot_localization/hook/cmake_prefix_path.dsv'
[1.280s] INFO:colcon.colcon_core.shell:Creating environment hook '/home/mbsaloka/Desktop/ros2_ichiro_task/install/robot_localization/share/robot_localization/hook/cmake_prefix_path.sh'
[1.280s] Level 1:colcon.colcon_core.environment:checking '/home/mbsaloka/Desktop/ros2_ichiro_task/install/robot_localization/lib'
[1.280s] Level 1:colcon.colcon_core.shell:create_environment_hook('robot_localization', 'ld_library_path_lib')
[1.291s] INFO:colcon.colcon_core.shell:Creating environment hook '/home/mbsaloka/Desktop/ros2_ichiro_task/install/robot_localization/share/robot_localization/hook/ld_library_path_lib.ps1'
[1.292s] INFO:colcon.colcon_core.shell:Creating environment descriptor '/home/mbsaloka/Desktop/ros2_ichiro_task/install/robot_localization/share/robot_localization/hook/ld_library_path_lib.dsv'
[1.292s] INFO:colcon.colcon_core.shell:Creating environment hook '/home/mbsaloka/Desktop/ros2_ichiro_task/install/robot_localization/share/robot_localization/hook/ld_library_path_lib.sh'
[1.293s] Level 1:colcon.colcon_core.environment:checking '/home/mbsaloka/Desktop/ros2_ichiro_task/install/robot_localization/bin'
[1.293s] Level 1:colcon.colcon_core.environment:checking '/home/mbsaloka/Desktop/ros2_ichiro_task/install/robot_localization/lib/pkgconfig/robot_localization.pc'
[1.293s] Level 1:colcon.colcon_core.environment:checking '/home/mbsaloka/Desktop/ros2_ichiro_task/install/robot_localization/lib/python3.10/site-packages'
[1.293s] Level 1:colcon.colcon_core.environment:checking '/home/mbsaloka/Desktop/ros2_ichiro_task/install/robot_localization/bin'
[1.303s] INFO:colcon.colcon_core.shell:Creating package script '/home/mbsaloka/Desktop/ros2_ichiro_task/install/robot_localization/share/robot_localization/package.ps1'
[1.304s] INFO:colcon.colcon_core.shell:Creating package descriptor '/home/mbsaloka/Desktop/ros2_ichiro_task/install/robot_localization/share/robot_localization/package.dsv'
[1.304s] INFO:colcon.colcon_core.shell:Creating package script '/home/mbsaloka/Desktop/ros2_ichiro_task/install/robot_localization/share/robot_localization/package.sh'
[1.304s] INFO:colcon.colcon_core.shell:Creating package script '/home/mbsaloka/Desktop/ros2_ichiro_task/install/robot_localization/share/robot_localization/package.bash'
[1.304s] INFO:colcon.colcon_core.shell:Creating package script '/home/mbsaloka/Desktop/ros2_ichiro_task/install/robot_localization/share/robot_localization/package.zsh'
[1.305s] Level 1:colcon.colcon_core.environment:create_file_with_runtime_dependencies(/home/mbsaloka/Desktop/ros2_ichiro_task/install/robot_localization/share/colcon-core/packages/robot_localization)
[1.305s] DEBUG:colcon.colcon_parallel_executor.executor.parallel:closing loop
[1.305s] DEBUG:colcon.colcon_parallel_executor.executor.parallel:loop closed
[1.306s] DEBUG:colcon.colcon_parallel_executor.executor.parallel:run_until_complete finished with '0'
[1.306s] DEBUG:colcon.colcon_core.event_reactor:joining thread
[1.326s] INFO:colcon.colcon_core.plugin_system:Skipping extension 'colcon_notification.desktop_notification.terminal_notifier': Not used on non-Darwin systems
[1.326s] INFO:colcon.colcon_core.plugin_system:Skipping extension 'colcon_notification.desktop_notification.win32': Not used on non-Windows systems
[1.326s] INFO:colcon.colcon_notification.desktop_notification:Sending desktop notification using 'notify2'
[1.345s] DEBUG:colcon.colcon_core.event_reactor:joined thread
[1.357s] INFO:colcon.colcon_core.shell:Creating prefix script '/home/mbsaloka/Desktop/ros2_ichiro_task/install/local_setup.ps1'
[1.358s] INFO:colcon.colcon_core.shell:Creating prefix util module '/home/mbsaloka/Desktop/ros2_ichiro_task/install/_local_setup_util_ps1.py'
[1.360s] INFO:colcon.colcon_core.shell:Creating prefix chain script '/home/mbsaloka/Desktop/ros2_ichiro_task/install/setup.ps1'
[1.375s] INFO:colcon.colcon_core.shell:Creating prefix script '/home/mbsaloka/Desktop/ros2_ichiro_task/install/local_setup.sh'
[1.375s] INFO:colcon.colcon_core.shell:Creating prefix util module '/home/mbsaloka/Desktop/ros2_ichiro_task/install/_local_setup_util_sh.py'
[1.376s] INFO:colcon.colcon_core.shell:Creating prefix chain script '/home/mbsaloka/Desktop/ros2_ichiro_task/install/setup.sh'
[1.386s] INFO:colcon.colcon_core.shell:Creating prefix script '/home/mbsaloka/Desktop/ros2_ichiro_task/install/local_setup.bash'
[1.387s] INFO:colcon.colcon_core.shell:Creating prefix chain script '/home/mbsaloka/Desktop/ros2_ichiro_task/install/setup.bash'
[1.398s] INFO:colcon.colcon_core.shell:Creating prefix script '/home/mbsaloka/Desktop/ros2_ichiro_task/install/local_setup.zsh'
[1.399s] INFO:colcon.colcon_core.shell:Creating prefix chain script '/home/mbsaloka/Desktop/ros2_ichiro_task/install/setup.zsh'
