[0.495s] Invoking command in '/home/mbsaloka/Desktop/ros2_ichiro_task/src/launch_tutorial': PYTHONPATH=/home/mbsaloka/Desktop/ros2_ichiro_task/build/launch_tutorial/prefix_override:/home/mbsaloka/Desktop/ros2_ichiro_task/install/launch_tutorial/lib/python3.10/site-packages:${PYTHONPATH} /usr/bin/python3 setup.py egg_info --egg-base ../../build/launch_tutorial build --build-base /home/mbsaloka/Desktop/ros2_ichiro_task/build/launch_tutorial/build install --record /home/mbsaloka/Desktop/ros2_ichiro_task/build/launch_tutorial/install.log --single-version-externally-managed
[0.611s] running egg_info
[0.611s] writing ../../build/launch_tutorial/UNKNOWN.egg-info/PKG-INFO
[0.611s] writing dependency_links to ../../build/launch_tutorial/UNKNOWN.egg-info/dependency_links.txt
[0.611s] writing top-level names to ../../build/launch_tutorial/UNKNOWN.egg-info/top_level.txt
[0.611s] reading manifest file '../../build/launch_tutorial/UNKNOWN.egg-info/SOURCES.txt'
[0.611s] adding license file 'LICENSE'
[0.612s] writing manifest file '../../build/launch_tutorial/UNKNOWN.egg-info/SOURCES.txt'
[0.612s] /usr/lib/python3/dist-packages/setuptools/command/install.py:34: SetuptoolsDeprecationWarning: setup.py install is deprecated. Use build and pip and other standards-based tools.
[0.612s]   warnings.warn(
[0.612s] running build
[0.612s] running install
[0.612s] running install_data
[0.612s] copying launch/example_subtitutions_launch.py -> /home/mbsaloka/Desktop/ros2_ichiro_task/install/launch_tutorial/share/launch_tutorial/launch
[0.612s] running install_egg_info
[0.614s] removing '/home/mbsaloka/Desktop/ros2_ichiro_task/install/launch_tutorial/lib/python3.10/site-packages/UNKNOWN-0.0.0-py3.10.egg-info' (and everything under it)
[0.615s] Copying ../../build/launch_tutorial/UNKNOWN.egg-info to /home/mbsaloka/Desktop/ros2_ichiro_task/install/launch_tutorial/lib/python3.10/site-packages/UNKNOWN-0.0.0-py3.10.egg-info
[0.615s] running install_scripts
[0.624s] writing list of installed files to '/home/mbsaloka/Desktop/ros2_ichiro_task/build/launch_tutorial/install.log'
[0.690s] Invoked command in '/home/mbsaloka/Desktop/ros2_ichiro_task/src/launch_tutorial' returned '0': PYTHONPATH=/home/mbsaloka/Desktop/ros2_ichiro_task/build/launch_tutorial/prefix_override:/home/mbsaloka/Desktop/ros2_ichiro_task/install/launch_tutorial/lib/python3.10/site-packages:${PYTHONPATH} /usr/bin/python3 setup.py egg_info --egg-base ../../build/launch_tutorial build --build-base /home/mbsaloka/Desktop/ros2_ichiro_task/build/launch_tutorial/build install --record /home/mbsaloka/Desktop/ros2_ichiro_task/build/launch_tutorial/install.log --single-version-externally-managed
