[1.709s] DEBUG:colcon:Command line arguments: ['/usr/bin/colcon', 'build', '--packages-select', 'odd_num_pubsub']
[1.709s] DEBUG:colcon:Parsed command line arguments: Namespace(log_base=None, log_level=None, verb_name='build', build_base='build', install_base='install', merge_install=False, symlink_install=False, test_result_base=None, continue_on_error=False, executor='parallel', parallel_workers=16, event_handlers=None, ignore_user_meta=False, metas=['./colcon.meta'], base_paths=['.'], packages_ignore=None, packages_ignore_regex=None, paths=None, packages_up_to=None, packages_up_to_regex=None, packages_above=None, packages_above_and_dependencies=None, packages_above_depth=None, packages_select_by_dep=None, packages_skip_by_dep=None, packages_skip_up_to=None, packages_select_build_failed=False, packages_skip_build_finished=False, packages_select_test_failures=False, packages_skip_test_passed=False, packages_select=['odd_num_pubsub'], packages_skip=None, packages_select_regex=None, packages_skip_regex=None, packages_start=None, packages_end=None, allow_overriding=[], cmake_args=None, cmake_target=None, cmake_target_skip_unavailable=False, cmake_clean_cache=False, cmake_clean_first=False, cmake_force_configure=False, ament_cmake_args=None, catkin_cmake_args=None, catkin_skip_building_tests=False, verb_parser=<colcon_defaults.argument_parser.defaults.DefaultArgumentsDecorator object at 0x7f37ecbc2e30>, verb_extension=<colcon_core.verb.build.BuildVerb object at 0x7f37ecbc3a90>, main=<bound method BuildVerb.main of <colcon_core.verb.build.BuildVerb object at 0x7f37ecbc3a90>>)
[1.828s] Level 1:colcon.colcon_core.package_discovery:discover_packages(colcon_meta) check parameters
[1.828s] Level 1:colcon.colcon_core.package_discovery:discover_packages(recursive) check parameters
[1.828s] Level 1:colcon.colcon_core.package_discovery:discover_packages(ignore) check parameters
[1.828s] Level 1:colcon.colcon_core.package_discovery:discover_packages(path) check parameters
[1.828s] Level 1:colcon.colcon_core.package_discovery:discover_packages(colcon_meta) discover
[1.828s] Level 1:colcon.colcon_core.package_discovery:discover_packages(recursive) discover
[1.828s] INFO:colcon.colcon_core.package_discovery:Crawling recursively for packages in '/home/mbsaloka/Desktop/ros2_ichiro_task'
[1.829s] Level 1:colcon.colcon_core.package_identification:_identify(.) by extensions ['ignore', 'ignore_ament_install']
[1.829s] Level 1:colcon.colcon_core.package_identification:_identify(.) by extension 'ignore'
[1.829s] Level 1:colcon.colcon_core.package_identification:_identify(.) by extension 'ignore_ament_install'
[1.829s] Level 1:colcon.colcon_core.package_identification:_identify(.) by extensions ['colcon_pkg']
[1.829s] Level 1:colcon.colcon_core.package_identification:_identify(.) by extension 'colcon_pkg'
[1.829s] Level 1:colcon.colcon_core.package_identification:_identify(.) by extensions ['colcon_meta']
[1.829s] Level 1:colcon.colcon_core.package_identification:_identify(.) by extension 'colcon_meta'
[1.830s] Level 1:colcon.colcon_core.package_identification:_identify(.) by extensions ['ros']
[1.830s] Level 1:colcon.colcon_core.package_identification:_identify(.) by extension 'ros'
[1.858s] Level 1:colcon.colcon_core.package_identification:_identify(.) by extensions ['cmake', 'python']
[1.859s] Level 1:colcon.colcon_core.package_identification:_identify(.) by extension 'cmake'
[1.859s] Level 1:colcon.colcon_core.package_identification:_identify(.) by extension 'python'
[1.859s] Level 1:colcon.colcon_core.package_identification:_identify(.) by extensions ['python_setup_py']
[1.859s] Level 1:colcon.colcon_core.package_identification:_identify(.) by extension 'python_setup_py'
[1.860s] Level 1:colcon.colcon_core.package_identification:_identify(build) by extensions ['ignore', 'ignore_ament_install']
[1.860s] Level 1:colcon.colcon_core.package_identification:_identify(build) by extension 'ignore'
[1.860s] Level 1:colcon.colcon_core.package_identification:_identify(build) ignored
[1.861s] Level 1:colcon.colcon_core.package_identification:_identify(install) by extensions ['ignore', 'ignore_ament_install']
[1.861s] Level 1:colcon.colcon_core.package_identification:_identify(install) by extension 'ignore'
[1.861s] Level 1:colcon.colcon_core.package_identification:_identify(install) ignored
[1.861s] Level 1:colcon.colcon_core.package_identification:_identify(log) by extensions ['ignore', 'ignore_ament_install']
[1.861s] Level 1:colcon.colcon_core.package_identification:_identify(log) by extension 'ignore'
[1.862s] Level 1:colcon.colcon_core.package_identification:_identify(log) ignored
[1.862s] Level 1:colcon.colcon_core.package_identification:_identify(src) by extensions ['ignore', 'ignore_ament_install']
[1.862s] Level 1:colcon.colcon_core.package_identification:_identify(src) by extension 'ignore'
[1.862s] Level 1:colcon.colcon_core.package_identification:_identify(src) by extension 'ignore_ament_install'
[1.862s] Level 1:colcon.colcon_core.package_identification:_identify(src) by extensions ['colcon_pkg']
[1.862s] Level 1:colcon.colcon_core.package_identification:_identify(src) by extension 'colcon_pkg'
[1.863s] Level 1:colcon.colcon_core.package_identification:_identify(src) by extensions ['colcon_meta']
[1.863s] Level 1:colcon.colcon_core.package_identification:_identify(src) by extension 'colcon_meta'
[1.863s] Level 1:colcon.colcon_core.package_identification:_identify(src) by extensions ['ros']
[1.863s] Level 1:colcon.colcon_core.package_identification:_identify(src) by extension 'ros'
[1.863s] Level 1:colcon.colcon_core.package_identification:_identify(src) by extensions ['cmake', 'python']
[1.863s] Level 1:colcon.colcon_core.package_identification:_identify(src) by extension 'cmake'
[1.863s] Level 1:colcon.colcon_core.package_identification:_identify(src) by extension 'python'
[1.863s] Level 1:colcon.colcon_core.package_identification:_identify(src) by extensions ['python_setup_py']
[1.863s] Level 1:colcon.colcon_core.package_identification:_identify(src) by extension 'python_setup_py'
[1.864s] Level 1:colcon.colcon_core.package_identification:_identify(src/odd_num_pubsub) by extensions ['ignore', 'ignore_ament_install']
[1.864s] Level 1:colcon.colcon_core.package_identification:_identify(src/odd_num_pubsub) by extension 'ignore'
[1.864s] Level 1:colcon.colcon_core.package_identification:_identify(src/odd_num_pubsub) by extension 'ignore_ament_install'
[1.864s] Level 1:colcon.colcon_core.package_identification:_identify(src/odd_num_pubsub) by extensions ['colcon_pkg']
[1.864s] Level 1:colcon.colcon_core.package_identification:_identify(src/odd_num_pubsub) by extension 'colcon_pkg'
[1.864s] Level 1:colcon.colcon_core.package_identification:_identify(src/odd_num_pubsub) by extensions ['colcon_meta']
[1.864s] Level 1:colcon.colcon_core.package_identification:_identify(src/odd_num_pubsub) by extension 'colcon_meta'
[1.865s] Level 1:colcon.colcon_core.package_identification:_identify(src/odd_num_pubsub) by extensions ['ros']
[1.865s] Level 1:colcon.colcon_core.package_identification:_identify(src/odd_num_pubsub) by extension 'ros'
[1.872s] DEBUG:colcon.colcon_core.package_identification:Package 'src/odd_num_pubsub' with type 'ros.ament_cmake' and name 'odd_num_pubsub'
[1.872s] Level 1:colcon.colcon_core.package_discovery:discover_packages(recursive) using defaults
[1.873s] Level 1:colcon.colcon_core.package_discovery:discover_packages(ignore) discover
[1.873s] Level 1:colcon.colcon_core.package_discovery:discover_packages(ignore) using defaults
[1.873s] Level 1:colcon.colcon_core.package_discovery:discover_packages(path) discover
[1.873s] Level 1:colcon.colcon_core.package_discovery:discover_packages(path) using defaults
[2.044s] Level 1:colcon.colcon_core.package_discovery:discover_packages(prefix_path) check parameters
[2.044s] Level 1:colcon.colcon_core.package_discovery:discover_packages(prefix_path) discover
[2.090s] DEBUG:colcon.colcon_installed_package_information.package_discovery:Found 315 installed packages in /opt/ros/iron
[2.092s] Level 1:colcon.colcon_core.package_discovery:discover_packages(prefix_path) using defaults
[2.248s] Level 5:colcon.colcon_core.verb:set package 'odd_num_pubsub' build argument 'cmake_args' from command line to 'None'
[2.249s] Level 5:colcon.colcon_core.verb:set package 'odd_num_pubsub' build argument 'cmake_target' from command line to 'None'
[2.249s] Level 5:colcon.colcon_core.verb:set package 'odd_num_pubsub' build argument 'cmake_target_skip_unavailable' from command line to 'False'
[2.249s] Level 5:colcon.colcon_core.verb:set package 'odd_num_pubsub' build argument 'cmake_clean_cache' from command line to 'False'
[2.249s] Level 5:colcon.colcon_core.verb:set package 'odd_num_pubsub' build argument 'cmake_clean_first' from command line to 'False'
[2.249s] Level 5:colcon.colcon_core.verb:set package 'odd_num_pubsub' build argument 'cmake_force_configure' from command line to 'False'
[2.249s] Level 5:colcon.colcon_core.verb:set package 'odd_num_pubsub' build argument 'ament_cmake_args' from command line to 'None'
[2.249s] Level 5:colcon.colcon_core.verb:set package 'odd_num_pubsub' build argument 'catkin_cmake_args' from command line to 'None'
[2.249s] Level 5:colcon.colcon_core.verb:set package 'odd_num_pubsub' build argument 'catkin_skip_building_tests' from command line to 'False'
[2.249s] DEBUG:colcon.colcon_core.verb:Building package 'odd_num_pubsub' with the following arguments: {'ament_cmake_args': None, 'build_base': '/home/mbsaloka/Desktop/ros2_ichiro_task/build/odd_num_pubsub', 'catkin_cmake_args': None, 'catkin_skip_building_tests': False, 'cmake_args': None, 'cmake_clean_cache': False, 'cmake_clean_first': False, 'cmake_force_configure': False, 'cmake_target': None, 'cmake_target_skip_unavailable': False, 'install_base': '/home/mbsaloka/Desktop/ros2_ichiro_task/install/odd_num_pubsub', 'merge_install': False, 'path': '/home/mbsaloka/Desktop/ros2_ichiro_task/src/odd_num_pubsub', 'symlink_install': False, 'test_result_base': None}
[2.277s] INFO:colcon.colcon_core.executor:Executing jobs using 'parallel' executor
[2.299s] DEBUG:colcon.colcon_parallel_executor.executor.parallel:run_until_complete
[2.300s] INFO:colcon.colcon_ros.task.ament_cmake.build:Building ROS package in '/home/mbsaloka/Desktop/ros2_ichiro_task/src/odd_num_pubsub' with build type 'ament_cmake'
[2.300s] INFO:colcon.colcon_cmake.task.cmake.build:Building CMake package in '/home/mbsaloka/Desktop/ros2_ichiro_task/src/odd_num_pubsub'
[2.336s] INFO:colcon.colcon_core.plugin_system:Skipping extension 'colcon_core.shell.bat': Not used on non-Windows systems
[2.337s] INFO:colcon.colcon_core.shell:Skip shell extension 'powershell' for command environment: Not usable outside of PowerShell
[2.337s] DEBUG:colcon.colcon_core.shell:Skip shell extension 'dsv' for command environment
[2.445s] DEBUG:colcon.colcon_core.event_handler.log_command:Invoking command in '/home/mbsaloka/Desktop/ros2_ichiro_task/build/odd_num_pubsub': CMAKE_PREFIX_PATH=/opt/ros/iron /usr/bin/cmake /home/mbsaloka/Desktop/ros2_ichiro_task/src/odd_num_pubsub -DCMAKE_INSTALL_PREFIX=/home/mbsaloka/Desktop/ros2_ichiro_task/install/odd_num_pubsub
[4.435s] DEBUG:colcon.colcon_core.event_handler.log_command:Invoked command in '/home/mbsaloka/Desktop/ros2_ichiro_task/build/odd_num_pubsub' returned '0': CMAKE_PREFIX_PATH=/opt/ros/iron /usr/bin/cmake /home/mbsaloka/Desktop/ros2_ichiro_task/src/odd_num_pubsub -DCMAKE_INSTALL_PREFIX=/home/mbsaloka/Desktop/ros2_ichiro_task/install/odd_num_pubsub
[4.438s] DEBUG:colcon.colcon_core.event_handler.log_command:Invoking command in '/home/mbsaloka/Desktop/ros2_ichiro_task/build/odd_num_pubsub': CMAKE_PREFIX_PATH=/opt/ros/iron /usr/bin/cmake --build /home/mbsaloka/Desktop/ros2_ichiro_task/build/odd_num_pubsub -- -j16 -l16
[18.256s] DEBUG:colcon.colcon_core.event_handler.log_command:Invoked command in '/home/mbsaloka/Desktop/ros2_ichiro_task/build/odd_num_pubsub' returned '0': CMAKE_PREFIX_PATH=/opt/ros/iron /usr/bin/cmake --build /home/mbsaloka/Desktop/ros2_ichiro_task/build/odd_num_pubsub -- -j16 -l16
[18.314s] DEBUG:colcon.colcon_core.event_handler.log_command:Invoking command in '/home/mbsaloka/Desktop/ros2_ichiro_task/build/odd_num_pubsub': CMAKE_PREFIX_PATH=/opt/ros/iron /usr/bin/cmake --install /home/mbsaloka/Desktop/ros2_ichiro_task/build/odd_num_pubsub
[18.348s] Level 1:colcon.colcon_core.environment:create_environment_scripts_only(odd_num_pubsub)
[18.349s] DEBUG:colcon.colcon_core.event_handler.log_command:Invoked command in '/home/mbsaloka/Desktop/ros2_ichiro_task/build/odd_num_pubsub' returned '0': CMAKE_PREFIX_PATH=/opt/ros/iron /usr/bin/cmake --install /home/mbsaloka/Desktop/ros2_ichiro_task/build/odd_num_pubsub
[18.376s] Level 1:colcon.colcon_core.environment:checking '/home/mbsaloka/Desktop/ros2_ichiro_task/install/odd_num_pubsub' for CMake module files
[18.378s] Level 1:colcon.colcon_core.environment:checking '/home/mbsaloka/Desktop/ros2_ichiro_task/install/odd_num_pubsub' for CMake config files
[18.378s] Level 1:colcon.colcon_core.shell:create_environment_hook('odd_num_pubsub', 'cmake_prefix_path')
[18.399s] INFO:colcon.colcon_core.shell:Creating environment hook '/home/mbsaloka/Desktop/ros2_ichiro_task/install/odd_num_pubsub/share/odd_num_pubsub/hook/cmake_prefix_path.ps1'
[18.400s] INFO:colcon.colcon_core.shell:Creating environment descriptor '/home/mbsaloka/Desktop/ros2_ichiro_task/install/odd_num_pubsub/share/odd_num_pubsub/hook/cmake_prefix_path.dsv'
[18.401s] INFO:colcon.colcon_core.shell:Creating environment hook '/home/mbsaloka/Desktop/ros2_ichiro_task/install/odd_num_pubsub/share/odd_num_pubsub/hook/cmake_prefix_path.sh'
[18.403s] Level 1:colcon.colcon_core.environment:checking '/home/mbsaloka/Desktop/ros2_ichiro_task/install/odd_num_pubsub/lib'
[18.404s] Level 1:colcon.colcon_core.environment:checking '/home/mbsaloka/Desktop/ros2_ichiro_task/install/odd_num_pubsub/bin'
[18.404s] Level 1:colcon.colcon_core.environment:checking '/home/mbsaloka/Desktop/ros2_ichiro_task/install/odd_num_pubsub/lib/pkgconfig/odd_num_pubsub.pc'
[18.404s] Level 1:colcon.colcon_core.environment:checking '/home/mbsaloka/Desktop/ros2_ichiro_task/install/odd_num_pubsub/lib/python3.10/site-packages'
[18.404s] Level 1:colcon.colcon_core.environment:checking '/home/mbsaloka/Desktop/ros2_ichiro_task/install/odd_num_pubsub/bin'
[18.433s] INFO:colcon.colcon_core.shell:Creating package script '/home/mbsaloka/Desktop/ros2_ichiro_task/install/odd_num_pubsub/share/odd_num_pubsub/package.ps1'
[18.435s] INFO:colcon.colcon_core.shell:Creating package descriptor '/home/mbsaloka/Desktop/ros2_ichiro_task/install/odd_num_pubsub/share/odd_num_pubsub/package.dsv'
[18.437s] INFO:colcon.colcon_core.shell:Creating package script '/home/mbsaloka/Desktop/ros2_ichiro_task/install/odd_num_pubsub/share/odd_num_pubsub/package.sh'
[18.438s] INFO:colcon.colcon_core.shell:Creating package script '/home/mbsaloka/Desktop/ros2_ichiro_task/install/odd_num_pubsub/share/odd_num_pubsub/package.bash'
[18.439s] INFO:colcon.colcon_core.shell:Creating package script '/home/mbsaloka/Desktop/ros2_ichiro_task/install/odd_num_pubsub/share/odd_num_pubsub/package.zsh'
[18.440s] Level 1:colcon.colcon_core.environment:create_file_with_runtime_dependencies(/home/mbsaloka/Desktop/ros2_ichiro_task/install/odd_num_pubsub/share/colcon-core/packages/odd_num_pubsub)
[18.508s] Level 1:colcon.colcon_core.environment:create_environment_scripts_only(odd_num_pubsub)
[18.536s] Level 1:colcon.colcon_core.environment:checking '/home/mbsaloka/Desktop/ros2_ichiro_task/install/odd_num_pubsub' for CMake module files
[18.538s] Level 1:colcon.colcon_core.environment:checking '/home/mbsaloka/Desktop/ros2_ichiro_task/install/odd_num_pubsub' for CMake config files
[18.538s] Level 1:colcon.colcon_core.shell:create_environment_hook('odd_num_pubsub', 'cmake_prefix_path')
[18.556s] INFO:colcon.colcon_core.shell:Creating environment hook '/home/mbsaloka/Desktop/ros2_ichiro_task/install/odd_num_pubsub/share/odd_num_pubsub/hook/cmake_prefix_path.ps1'
[18.556s] INFO:colcon.colcon_core.shell:Creating environment descriptor '/home/mbsaloka/Desktop/ros2_ichiro_task/install/odd_num_pubsub/share/odd_num_pubsub/hook/cmake_prefix_path.dsv'
[18.557s] INFO:colcon.colcon_core.shell:Creating environment hook '/home/mbsaloka/Desktop/ros2_ichiro_task/install/odd_num_pubsub/share/odd_num_pubsub/hook/cmake_prefix_path.sh'
[18.557s] Level 1:colcon.colcon_core.environment:checking '/home/mbsaloka/Desktop/ros2_ichiro_task/install/odd_num_pubsub/lib'
[18.557s] Level 1:colcon.colcon_core.environment:checking '/home/mbsaloka/Desktop/ros2_ichiro_task/install/odd_num_pubsub/bin'
[18.557s] Level 1:colcon.colcon_core.environment:checking '/home/mbsaloka/Desktop/ros2_ichiro_task/install/odd_num_pubsub/lib/pkgconfig/odd_num_pubsub.pc'
[18.558s] Level 1:colcon.colcon_core.environment:checking '/home/mbsaloka/Desktop/ros2_ichiro_task/install/odd_num_pubsub/lib/python3.10/site-packages'
[18.558s] Level 1:colcon.colcon_core.environment:checking '/home/mbsaloka/Desktop/ros2_ichiro_task/install/odd_num_pubsub/bin'
[18.583s] INFO:colcon.colcon_core.shell:Creating package script '/home/mbsaloka/Desktop/ros2_ichiro_task/install/odd_num_pubsub/share/odd_num_pubsub/package.ps1'
[18.584s] INFO:colcon.colcon_core.shell:Creating package descriptor '/home/mbsaloka/Desktop/ros2_ichiro_task/install/odd_num_pubsub/share/odd_num_pubsub/package.dsv'
[18.584s] INFO:colcon.colcon_core.shell:Creating package script '/home/mbsaloka/Desktop/ros2_ichiro_task/install/odd_num_pubsub/share/odd_num_pubsub/package.sh'
[18.585s] INFO:colcon.colcon_core.shell:Creating package script '/home/mbsaloka/Desktop/ros2_ichiro_task/install/odd_num_pubsub/share/odd_num_pubsub/package.bash'
[18.585s] INFO:colcon.colcon_core.shell:Creating package script '/home/mbsaloka/Desktop/ros2_ichiro_task/install/odd_num_pubsub/share/odd_num_pubsub/package.zsh'
[18.586s] Level 1:colcon.colcon_core.environment:create_file_with_runtime_dependencies(/home/mbsaloka/Desktop/ros2_ichiro_task/install/odd_num_pubsub/share/colcon-core/packages/odd_num_pubsub)
[18.586s] DEBUG:colcon.colcon_parallel_executor.executor.parallel:closing loop
[18.587s] DEBUG:colcon.colcon_parallel_executor.executor.parallel:loop closed
[18.587s] DEBUG:colcon.colcon_parallel_executor.executor.parallel:run_until_complete finished with '0'
[18.587s] DEBUG:colcon.colcon_core.event_reactor:joining thread
[18.618s] INFO:colcon.colcon_core.plugin_system:Skipping extension 'colcon_notification.desktop_notification.terminal_notifier': Not used on non-Darwin systems
[18.618s] INFO:colcon.colcon_core.plugin_system:Skipping extension 'colcon_notification.desktop_notification.win32': Not used on non-Windows systems
[18.618s] INFO:colcon.colcon_notification.desktop_notification:Sending desktop notification using 'notify2'
[18.647s] DEBUG:colcon.colcon_core.event_reactor:joined thread
[18.667s] INFO:colcon.colcon_core.shell:Creating prefix script '/home/mbsaloka/Desktop/ros2_ichiro_task/install/local_setup.ps1'
[18.669s] INFO:colcon.colcon_core.shell:Creating prefix util module '/home/mbsaloka/Desktop/ros2_ichiro_task/install/_local_setup_util_ps1.py'
[18.670s] INFO:colcon.colcon_core.shell:Creating prefix chain script '/home/mbsaloka/Desktop/ros2_ichiro_task/install/setup.ps1'
[18.690s] INFO:colcon.colcon_core.shell:Creating prefix script '/home/mbsaloka/Desktop/ros2_ichiro_task/install/local_setup.sh'
[18.690s] INFO:colcon.colcon_core.shell:Creating prefix util module '/home/mbsaloka/Desktop/ros2_ichiro_task/install/_local_setup_util_sh.py'
[18.691s] INFO:colcon.colcon_core.shell:Creating prefix chain script '/home/mbsaloka/Desktop/ros2_ichiro_task/install/setup.sh'
[18.719s] INFO:colcon.colcon_core.shell:Creating prefix script '/home/mbsaloka/Desktop/ros2_ichiro_task/install/local_setup.bash'
[18.721s] INFO:colcon.colcon_core.shell:Creating prefix chain script '/home/mbsaloka/Desktop/ros2_ichiro_task/install/setup.bash'
[18.752s] INFO:colcon.colcon_core.shell:Creating prefix script '/home/mbsaloka/Desktop/ros2_ichiro_task/install/local_setup.zsh'
[18.754s] INFO:colcon.colcon_core.shell:Creating prefix chain script '/home/mbsaloka/Desktop/ros2_ichiro_task/install/setup.zsh'
