-- Found ament_cmake: 2.0.3 (/opt/ros/iron/share/ament_cmake/cmake)
-- Found rclcpp: 21.0.4 (/opt/ros/iron/share/rclcpp/cmake)
-- Found rosidl_generator_c: 4.0.1 (/opt/ros/iron/share/rosidl_generator_c/cmake)
-- Found rosidl_generator_cpp: 4.0.1 (/opt/ros/iron/share/rosidl_generator_cpp/cmake)
-- Using all available rosidl_typesupport_c: rosidl_typesupport_fastrtps_c;rosidl_typesupport_introspection_c
-- Using all available rosidl_typesupport_cpp: rosidl_typesupport_fastrtps_cpp;rosidl_typesupport_introspection_cpp
-- Found rmw_implementation_cmake: 7.1.0 (/opt/ros/iron/share/rmw_implementation_cmake/cmake)
-- Found rmw_fastrtps_cpp: 7.1.2 (/opt/ros/iron/share/rmw_fastrtps_cpp/cmake)
-- Using RMW implementation 'rmw_fastrtps_cpp' as default
-- Found std_msgs: 5.0.0 (/opt/ros/iron/share/std_msgs/cmake)
-- Found geometry_msgs: 5.0.0 (/opt/ros/iron/share/geometry_msgs/cmake)
-- Found pluginlib: 5.2.2 (/opt/ros/iron/share/pluginlib/cmake)
-- Found webots_ros2_driver: 2023.1.1 (/opt/ros/iron/share/webots_ros2_driver/cmake)
-- Found eigen3_cmake_module: 0.2.2 (/opt/ros/iron/share/eigen3_cmake_module/cmake)
-- Ensuring Eigen3 include directory is part of orocos-kdl CMake target
-- Configuring done
-- Generating done
-- Build files have been written to: /home/mbsaloka/Desktop/ros2_ichiro_task/build/my_package
[35m[1mConsolidate compiler generated dependencies of target my_package[0m
[ 25%] [32mBuilding CXX object CMakeFiles/obstacle_avoider.dir/src/ObstacleAvoider.cpp.o[0m
[ 75%] Built target my_package
[100%] [32m[1mLinking CXX executable obstacle_avoider[0m
[100%] Built target obstacle_avoider
-- Install configuration: ""
-- Up-to-date: /home/mbsaloka/Desktop/ros2_ichiro_task/install/my_package/share/my_package/my_robot_driver.xml
-- Installing: /home/mbsaloka/Desktop/ros2_ichiro_task/install/my_package/lib/my_package/obstacle_avoider
-- Set runtime path of "/home/mbsaloka/Desktop/ros2_ichiro_task/install/my_package/lib/my_package/obstacle_avoider" to ""
-- Installing: /home/mbsaloka/Desktop/ros2_ichiro_task/install/my_package/include
-- Installing: /home/mbsaloka/Desktop/ros2_ichiro_task/install/my_package/include/my_package
-- Installing: /home/mbsaloka/Desktop/ros2_ichiro_task/install/my_package/include/my_package/ObstacleAvoider.hpp
-- Installing: /home/mbsaloka/Desktop/ros2_ichiro_task/install/my_package/include/my_package/MyRobotDriver.hpp
-- Up-to-date: /home/mbsaloka/Desktop/ros2_ichiro_task/install/my_package/lib/libmy_package.so
-- Up-to-date: /home/mbsaloka/Desktop/ros2_ichiro_task/install/my_package/share/my_package//launch
-- Installing: /home/mbsaloka/Desktop/ros2_ichiro_task/install/my_package/share/my_package//launch/robot_launch.py
-- Up-to-date: /home/mbsaloka/Desktop/ros2_ichiro_task/install/my_package/share/my_package//resource
-- Installing: /home/mbsaloka/Desktop/ros2_ichiro_task/install/my_package/share/my_package//resource/my_robot.urdf
-- Up-to-date: /home/mbsaloka/Desktop/ros2_ichiro_task/install/my_package/share/my_package//worlds
-- Up-to-date: /home/mbsaloka/Desktop/ros2_ichiro_task/install/my_package/share/my_package//worlds/my_world.wbt
-- Up-to-date: /home/mbsaloka/Desktop/ros2_ichiro_task/install/my_package/share/my_package/environment/library_path.sh
-- Up-to-date: /home/mbsaloka/Desktop/ros2_ichiro_task/install/my_package/share/my_package/environment/library_path.dsv
-- Up-to-date: /home/mbsaloka/Desktop/ros2_ichiro_task/install/my_package/share/ament_index/resource_index/package_run_dependencies/my_package
-- Up-to-date: /home/mbsaloka/Desktop/ros2_ichiro_task/install/my_package/share/ament_index/resource_index/parent_prefix_path/my_package
-- Up-to-date: /home/mbsaloka/Desktop/ros2_ichiro_task/install/my_package/share/my_package/environment/ament_prefix_path.sh
-- Up-to-date: /home/mbsaloka/Desktop/ros2_ichiro_task/install/my_package/share/my_package/environment/ament_prefix_path.dsv
-- Up-to-date: /home/mbsaloka/Desktop/ros2_ichiro_task/install/my_package/share/my_package/environment/path.sh
-- Up-to-date: /home/mbsaloka/Desktop/ros2_ichiro_task/install/my_package/share/my_package/environment/path.dsv
-- Up-to-date: /home/mbsaloka/Desktop/ros2_ichiro_task/install/my_package/share/my_package/local_setup.bash
-- Up-to-date: /home/mbsaloka/Desktop/ros2_ichiro_task/install/my_package/share/my_package/local_setup.sh
-- Up-to-date: /home/mbsaloka/Desktop/ros2_ichiro_task/install/my_package/share/my_package/local_setup.zsh
-- Up-to-date: /home/mbsaloka/Desktop/ros2_ichiro_task/install/my_package/share/my_package/local_setup.dsv
-- Installing: /home/mbsaloka/Desktop/ros2_ichiro_task/install/my_package/share/my_package/package.dsv
-- Up-to-date: /home/mbsaloka/Desktop/ros2_ichiro_task/install/my_package/share/ament_index/resource_index/packages/my_package
-- Up-to-date: /home/mbsaloka/Desktop/ros2_ichiro_task/install/my_package/share/ament_index/resource_index/webots_ros2_driver__pluginlib__plugin/my_package
-- Up-to-date: /home/mbsaloka/Desktop/ros2_ichiro_task/install/my_package/share/my_package/cmake/ament_cmake_export_include_directories-extras.cmake
-- Up-to-date: /home/mbsaloka/Desktop/ros2_ichiro_task/install/my_package/share/my_package/cmake/ament_cmake_export_libraries-extras.cmake
-- Up-to-date: /home/mbsaloka/Desktop/ros2_ichiro_task/install/my_package/share/my_package/cmake/my_packageConfig.cmake
-- Up-to-date: /home/mbsaloka/Desktop/ros2_ichiro_task/install/my_package/share/my_package/cmake/my_packageConfig-version.cmake
-- Up-to-date: /home/mbsaloka/Desktop/ros2_ichiro_task/install/my_package/share/my_package/package.xml
