[0.076s] Invoking command in '/home/mbsaloka/Desktop/ros2_ichiro_task/build/my_package': CMAKE_PREFIX_PATH=/opt/ros/iron /usr/bin/cmake --build /home/mbsaloka/Desktop/ros2_ichiro_task/build/my_package -- -j16 -l16
[0.149s] -- Found ament_cmake: 2.0.3 (/opt/ros/iron/share/ament_cmake/cmake)
[0.378s] -- Found rclcpp: 21.0.4 (/opt/ros/iron/share/rclcpp/cmake)
[0.438s] -- Found rosidl_generator_c: 4.0.1 (/opt/ros/iron/share/rosidl_generator_c/cmake)
[0.457s] -- Found rosidl_generator_cpp: 4.0.1 (/opt/ros/iron/share/rosidl_generator_cpp/cmake)
[0.480s] -- Using all available rosidl_typesupport_c: rosidl_typesupport_fastrtps_c;rosidl_typesupport_introspection_c
[0.507s] -- Using all available rosidl_typesupport_cpp: rosidl_typesupport_fastrtps_cpp;rosidl_typesupport_introspection_cpp
[0.752s] -- Found rmw_implementation_cmake: 7.1.0 (/opt/ros/iron/share/rmw_implementation_cmake/cmake)
[0.755s] -- Found rmw_fastrtps_cpp: 7.1.2 (/opt/ros/iron/share/rmw_fastrtps_cpp/cmake)
[0.943s] -- Using RMW implementation 'rmw_fastrtps_cpp' as default
[1.188s] -- Found std_msgs: 5.0.0 (/opt/ros/iron/share/std_msgs/cmake)
[1.228s] -- Found geometry_msgs: 5.0.0 (/opt/ros/iron/share/geometry_msgs/cmake)
[1.291s] -- Found pluginlib: 5.2.2 (/opt/ros/iron/share/pluginlib/cmake)
[1.315s] -- Found webots_ros2_driver: 2023.1.1 (/opt/ros/iron/share/webots_ros2_driver/cmake)
[1.503s] -- Found eigen3_cmake_module: 0.2.2 (/opt/ros/iron/share/eigen3_cmake_module/cmake)
[1.506s] -- Ensuring Eigen3 include directory is part of orocos-kdl CMake target
[2.926s] -- Configuring done
[3.036s] -- Generating done
[3.039s] -- Build files have been written to: /home/mbsaloka/Desktop/ros2_ichiro_task/build/my_package
[3.087s] [35m[1mConsolidate compiler generated dependencies of target my_package[0m
[3.098s] [ 25%] [32mBuilding CXX object CMakeFiles/obstacle_avoider.dir/src/ObstacleAvoider.cpp.o[0m
[3.120s] [ 75%] Built target my_package
[12.283s] [100%] [32m[1mLinking CXX executable obstacle_avoider[0m
[12.835s] [100%] Built target obstacle_avoider
[12.855s] Invoked command in '/home/mbsaloka/Desktop/ros2_ichiro_task/build/my_package' returned '0': CMAKE_PREFIX_PATH=/opt/ros/iron /usr/bin/cmake --build /home/mbsaloka/Desktop/ros2_ichiro_task/build/my_package -- -j16 -l16
[12.907s] Invoking command in '/home/mbsaloka/Desktop/ros2_ichiro_task/build/my_package': CMAKE_PREFIX_PATH=/opt/ros/iron /usr/bin/cmake --install /home/mbsaloka/Desktop/ros2_ichiro_task/build/my_package
[12.916s] -- Install configuration: ""
[12.916s] -- Up-to-date: /home/mbsaloka/Desktop/ros2_ichiro_task/install/my_package/share/my_package/my_robot_driver.xml
[12.916s] -- Installing: /home/mbsaloka/Desktop/ros2_ichiro_task/install/my_package/lib/my_package/obstacle_avoider
[12.922s] -- Set runtime path of "/home/mbsaloka/Desktop/ros2_ichiro_task/install/my_package/lib/my_package/obstacle_avoider" to ""
[12.922s] -- Installing: /home/mbsaloka/Desktop/ros2_ichiro_task/install/my_package/include
[12.923s] -- Installing: /home/mbsaloka/Desktop/ros2_ichiro_task/install/my_package/include/my_package
[12.923s] -- Installing: /home/mbsaloka/Desktop/ros2_ichiro_task/install/my_package/include/my_package/ObstacleAvoider.hpp
[12.923s] -- Installing: /home/mbsaloka/Desktop/ros2_ichiro_task/install/my_package/include/my_package/MyRobotDriver.hpp
[12.923s] -- Up-to-date: /home/mbsaloka/Desktop/ros2_ichiro_task/install/my_package/lib/libmy_package.so
[12.923s] -- Up-to-date: /home/mbsaloka/Desktop/ros2_ichiro_task/install/my_package/share/my_package//launch
[12.923s] -- Installing: /home/mbsaloka/Desktop/ros2_ichiro_task/install/my_package/share/my_package//launch/robot_launch.py
[12.924s] -- Up-to-date: /home/mbsaloka/Desktop/ros2_ichiro_task/install/my_package/share/my_package//resource
[12.924s] -- Installing: /home/mbsaloka/Desktop/ros2_ichiro_task/install/my_package/share/my_package//resource/my_robot.urdf
[12.924s] -- Up-to-date: /home/mbsaloka/Desktop/ros2_ichiro_task/install/my_package/share/my_package//worlds
[12.924s] -- Up-to-date: /home/mbsaloka/Desktop/ros2_ichiro_task/install/my_package/share/my_package//worlds/my_world.wbt
[12.924s] -- Up-to-date: /home/mbsaloka/Desktop/ros2_ichiro_task/install/my_package/share/my_package/environment/library_path.sh
[12.924s] -- Up-to-date: /home/mbsaloka/Desktop/ros2_ichiro_task/install/my_package/share/my_package/environment/library_path.dsv
[12.924s] -- Up-to-date: /home/mbsaloka/Desktop/ros2_ichiro_task/install/my_package/share/ament_index/resource_index/package_run_dependencies/my_package
[12.925s] -- Up-to-date: /home/mbsaloka/Desktop/ros2_ichiro_task/install/my_package/share/ament_index/resource_index/parent_prefix_path/my_package
[12.925s] -- Up-to-date: /home/mbsaloka/Desktop/ros2_ichiro_task/install/my_package/share/my_package/environment/ament_prefix_path.sh
[12.925s] -- Up-to-date: /home/mbsaloka/Desktop/ros2_ichiro_task/install/my_package/share/my_package/environment/ament_prefix_path.dsv
[12.925s] -- Up-to-date: /home/mbsaloka/Desktop/ros2_ichiro_task/install/my_package/share/my_package/environment/path.sh
[12.925s] -- Up-to-date: /home/mbsaloka/Desktop/ros2_ichiro_task/install/my_package/share/my_package/environment/path.dsv
[12.925s] -- Up-to-date: /home/mbsaloka/Desktop/ros2_ichiro_task/install/my_package/share/my_package/local_setup.bash
[12.925s] -- Up-to-date: /home/mbsaloka/Desktop/ros2_ichiro_task/install/my_package/share/my_package/local_setup.sh
[12.925s] -- Up-to-date: /home/mbsaloka/Desktop/ros2_ichiro_task/install/my_package/share/my_package/local_setup.zsh
[12.925s] -- Up-to-date: /home/mbsaloka/Desktop/ros2_ichiro_task/install/my_package/share/my_package/local_setup.dsv
[12.926s] -- Installing: /home/mbsaloka/Desktop/ros2_ichiro_task/install/my_package/share/my_package/package.dsv
[12.926s] -- Up-to-date: /home/mbsaloka/Desktop/ros2_ichiro_task/install/my_package/share/ament_index/resource_index/packages/my_package
[12.926s] -- Up-to-date: /home/mbsaloka/Desktop/ros2_ichiro_task/install/my_package/share/ament_index/resource_index/webots_ros2_driver__pluginlib__plugin/my_package
[12.926s] -- Up-to-date: /home/mbsaloka/Desktop/ros2_ichiro_task/install/my_package/share/my_package/cmake/ament_cmake_export_include_directories-extras.cmake
[12.926s] -- Up-to-date: /home/mbsaloka/Desktop/ros2_ichiro_task/install/my_package/share/my_package/cmake/ament_cmake_export_libraries-extras.cmake
[12.926s] -- Up-to-date: /home/mbsaloka/Desktop/ros2_ichiro_task/install/my_package/share/my_package/cmake/my_packageConfig.cmake
[12.927s] -- Up-to-date: /home/mbsaloka/Desktop/ros2_ichiro_task/install/my_package/share/my_package/cmake/my_packageConfig-version.cmake
[12.927s] -- Up-to-date: /home/mbsaloka/Desktop/ros2_ichiro_task/install/my_package/share/my_package/package.xml
[12.928s] Invoked command in '/home/mbsaloka/Desktop/ros2_ichiro_task/build/my_package' returned '0': CMAKE_PREFIX_PATH=/opt/ros/iron /usr/bin/cmake --install /home/mbsaloka/Desktop/ros2_ichiro_task/build/my_package
