[0.029s] Invoking command in '/home/mbsaloka/Desktop/ros2_ichiro_task/build/my_interfaces': CMAKE_PREFIX_PATH=/opt/ros/iron /usr/bin/cmake --build /home/mbsaloka/Desktop/ros2_ichiro_task/build/my_interfaces -- -j16 -l16
[0.048s] -- Found ament_cmake: 2.0.3 (/opt/ros/iron/share/ament_cmake/cmake)
[0.128s] -- Found rosidl_default_generators: 1.5.0 (/opt/ros/iron/share/rosidl_default_generators/cmake)
[0.129s] -- Using all available rosidl_typesupport_c: rosidl_typesupport_fastrtps_c;rosidl_typesupport_introspection_c
[0.146s] -- Using all available rosidl_typesupport_cpp: rosidl_typesupport_fastrtps_cpp;rosidl_typesupport_introspection_cpp
[0.161s] -- Found rosidl_adapter: 4.0.1 (/opt/ros/iron/share/rosidl_adapter/cmake)
[0.257s] [31mCMake Error at /opt/ros/iron/share/rosidl_adapter/cmake/rosidl_adapt_interfaces.cmake:57 (message):
[0.257s]   execute_process(/usr/bin/python3.10 -m rosidl_adapter --package-name
[0.257s]   my_interfaces --arguments-file
[0.257s]   /home/mbsaloka/Desktop/ros2_ichiro_task/build/my_interfaces/rosidl_adapter__arguments__my_interfaces.json
[0.257s]   --output-dir
[0.257s]   /home/mbsaloka/Desktop/ros2_ichiro_task/build/my_interfaces/rosidl_adapter/my_interfaces
[0.257s]   --output-file
[0.257s]   /home/mbsaloka/Desktop/ros2_ichiro_task/build/my_interfaces/rosidl_adapter/my_interfaces.idls)
[0.257s]   returned error code 1:
[0.257s] 
[0.257s]   Error with: my_interfaces Objects ---
[0.257s] 
[0.258s]   Traceback (most recent call last):
[0.258s] 
[0.258s]     File "/usr/lib/python3.10/runpy.py", line 196, in _run_module_as_main
[0.258s]       return _run_code(code, main_globals, None,
[0.258s]     File "/usr/lib/python3.10/runpy.py", line 86, in _run_code
[0.258s]       exec(code, run_globals)
[0.258s]     File "/opt/ros/iron/lib/python3.10/site-packages/rosidl_adapter/__main__.py", line 19, in <module>
[0.258s]       sys.exit(main())
[0.258s]     File "/opt/ros/iron/lib/python3.10/site-packages/rosidl_adapter/main.py", line 53, in main
[0.258s]       abs_idl_file = convert_to_idl(
[0.258s]     File "/opt/ros/iron/lib/python3.10/site-packages/rosidl_adapter/__init__.py", line 19, in convert_to_idl
[0.258s]       return convert_msg_to_idl(
[0.258s]     File "/opt/ros/iron/lib/python3.10/site-packages/rosidl_adapter/msg/__init__.py", line 28, in convert_msg_to_idl
[0.258s]       msg = parse_message_string(package_name, input_file.stem, content)
[0.258s]     File "/opt/ros/iron/lib/python3.10/site-packages/rosidl_adapter/parser.py", line 511, in parse_message_string
[0.258s]       raise InvalidFieldDefinition(line)
[0.258s] 
[0.258s]   rosidl_adapter.parser.InvalidFieldDefinition: ---
[0.258s] 
[0.258s] Call Stack (most recent call first):
[0.258s]   /opt/ros/iron/share/rosidl_cmake/cmake/rosidl_generate_interfaces.cmake:132 (rosidl_adapt_interfaces)
[0.258s]   CMakeLists.txt:12 (rosidl_generate_interfaces)
[0.258s] 
[0.258s] [0m
[0.258s] -- Configuring incomplete, errors occurred!
[0.258s] See also "/home/mbsaloka/Desktop/ros2_ichiro_task/build/my_interfaces/CMakeFiles/CMakeOutput.log".
[0.260s] gmake: *** [Makefile:1355: cmake_check_build_system] Error 1
[0.262s] Invoked command in '/home/mbsaloka/Desktop/ros2_ichiro_task/build/my_interfaces' returned '2': CMAKE_PREFIX_PATH=/opt/ros/iron /usr/bin/cmake --build /home/mbsaloka/Desktop/ros2_ichiro_task/build/my_interfaces -- -j16 -l16
