[0.099s] Invoking command in '/home/mbsaloka/Desktop/ros2_ichiro_task/build/my_interfaces': CMAKE_PREFIX_PATH=${CMAKE_PREFIX_PATH}:/opt/ros/iron /usr/bin/cmake /home/mbsaloka/Desktop/ros2_ichiro_task/src/my_interfaces -DCMAKE_INSTALL_PREFIX=/home/mbsaloka/Desktop/ros2_ichiro_task/install/my_interfaces
[0.270s] -- The C compiler identification is GNU 11.4.0
[0.402s] -- The CXX compiler identification is GNU 11.4.0
[0.416s] -- Detecting C compiler ABI info
[0.525s] -- Detecting C compiler ABI info - done
[0.540s] -- Check for working C compiler: /usr/bin/cc - skipped
[0.541s] -- Detecting C compile features
[0.543s] -- Detecting C compile features - done
[0.551s] -- Detecting CXX compiler ABI info
[0.680s] -- Detecting CXX compiler ABI info - done
[0.694s] -- Check for working CXX compiler: /usr/bin/c++ - skipped
[0.695s] -- Detecting CXX compile features
[0.696s] -- Detecting CXX compile features - done
[0.706s] -- Found ament_cmake: 2.0.3 (/opt/ros/iron/share/ament_cmake/cmake)
[0.982s] -- Found Python3: /usr/bin/python3.10 (found version "3.10.12") found components: Interpreter 
[1.132s] -- Found geometry_msgs: 5.0.0 (/opt/ros/iron/share/geometry_msgs/cmake)
[1.206s] -- Found rosidl_generator_c: 4.0.1 (/opt/ros/iron/share/rosidl_generator_c/cmake)
[1.229s] -- Found rosidl_generator_cpp: 4.0.1 (/opt/ros/iron/share/rosidl_generator_cpp/cmake)
[1.263s] -- Using all available rosidl_typesupport_c: rosidl_typesupport_fastrtps_c;rosidl_typesupport_introspection_c
[1.307s] -- Using all available rosidl_typesupport_cpp: rosidl_typesupport_fastrtps_cpp;rosidl_typesupport_introspection_cpp
[1.498s] -- Found rosidl_default_generators: 1.5.0 (/opt/ros/iron/share/rosidl_default_generators/cmake)
[1.520s] -- Found rosidl_adapter: 4.0.1 (/opt/ros/iron/share/rosidl_adapter/cmake)
[2.012s] -- Found ament_cmake_ros: 0.11.2 (/opt/ros/iron/share/ament_cmake_ros/cmake)
[2.517s] -- Using all available rosidl_typesupport_c: rosidl_typesupport_fastrtps_c;rosidl_typesupport_introspection_c
[2.706s] -- Using all available rosidl_typesupport_cpp: rosidl_typesupport_fastrtps_cpp;rosidl_typesupport_introspection_cpp
[2.743s] -- Found PythonInterp: /usr/bin/python3 (found suitable version "3.10.12", minimum required is "3.6") 
[2.748s] -- Found python_cmake_module: 0.10.2 (/opt/ros/iron/share/python_cmake_module/cmake)
[2.793s] -- Found PythonLibs: /usr/lib/x86_64-linux-gnu/libpython3.10.so (found suitable version "3.10.12", minimum required is "3.5") 
[2.793s] -- Using PYTHON_EXECUTABLE: /usr/bin/python3
[2.793s] -- Using PYTHON_INCLUDE_DIRS: /usr/include/python3.10
[2.793s] -- Using PYTHON_LIBRARIES: /usr/lib/x86_64-linux-gnu/libpython3.10.so
[2.825s] -- Found PythonExtra: .so  
[2.881s] -- Found ament_lint_auto: 0.14.2 (/opt/ros/iron/share/ament_lint_auto/cmake)
[2.911s] -- Added test 'lint_cmake' to check CMake code style
[2.913s] -- Added test 'xmllint' to check XML markup files
[2.917s] -- Configuring done
[2.962s] -- Generating done
[2.966s] -- Build files have been written to: /home/mbsaloka/Desktop/ros2_ichiro_task/build/my_interfaces
[2.978s] Invoked command in '/home/mbsaloka/Desktop/ros2_ichiro_task/build/my_interfaces' returned '0': CMAKE_PREFIX_PATH=${CMAKE_PREFIX_PATH}:/opt/ros/iron /usr/bin/cmake /home/mbsaloka/Desktop/ros2_ichiro_task/src/my_interfaces -DCMAKE_INSTALL_PREFIX=/home/mbsaloka/Desktop/ros2_ichiro_task/install/my_interfaces
[2.981s] Invoking command in '/home/mbsaloka/Desktop/ros2_ichiro_task/build/my_interfaces': CMAKE_PREFIX_PATH=${CMAKE_PREFIX_PATH}:/opt/ros/iron /usr/bin/cmake --build /home/mbsaloka/Desktop/ros2_ichiro_task/build/my_interfaces -- -j16 -l16
[3.058s] [  2%] [34m[1mGenerating type hashes for ROS interfaces[0m
[3.070s] [  2%] Built target ament_cmake_python_copy_my_interfaces
[3.429s] [  2%] Built target my_interfaces__rosidl_generator_type_description
[3.446s] [  5%] [34m[1mGenerating C code for ROS interfaces[0m
[3.466s] [  8%] [34m[1mGenerating C++ code for ROS interfaces[0m
[3.511s] running egg_info
[3.512s] creating my_interfaces.egg-info
[3.512s] writing my_interfaces.egg-info/PKG-INFO
[3.513s] writing dependency_links to my_interfaces.egg-info/dependency_links.txt
[3.513s] writing top-level names to my_interfaces.egg-info/top_level.txt
[3.513s] writing manifest file 'my_interfaces.egg-info/SOURCES.txt'
[3.516s] reading manifest file 'my_interfaces.egg-info/SOURCES.txt'
[3.517s] writing manifest file 'my_interfaces.egg-info/SOURCES.txt'
[3.569s] [  8%] Built target ament_cmake_python_build_my_interfaces_egg
[3.839s] [  8%] Built target my_interfaces__cpp
[3.887s] [ 17%] [32mBuilding C object CMakeFiles/my_interfaces__rosidl_generator_c.dir/rosidl_generator_c/my_interfaces/msg/detail/my_soccer__description.c.o[0m
[3.887s] [ 17%] [32mBuilding C object CMakeFiles/my_interfaces__rosidl_generator_c.dir/rosidl_generator_c/my_interfaces/msg/detail/my_soccer__functions.c.o[0m
[3.887s] [ 17%] [32mBuilding C object CMakeFiles/my_interfaces__rosidl_generator_c.dir/rosidl_generator_c/my_interfaces/msg/detail/my_soccer__type_support.c.o[0m
[3.970s] [ 20%] [32m[1mLinking C shared library libmy_interfaces__rosidl_generator_c.so[0m
[4.025s] [ 20%] Built target my_interfaces__rosidl_generator_c
[4.040s] [ 23%] [34m[1mGenerating C++ type support dispatch for ROS interfaces[0m
[4.041s] [ 26%] [34m[1mGenerating C type support for eProsima Fast-RTPS[0m
[4.041s] [ 32%] [34m[1mGenerating C introspection for ROS interfaces[0m
[4.041s] [ 32%] [34m[1mGenerating C++ type support for eProsima Fast-RTPS[0m
[4.041s] [ 35%] [34m[1mGenerating C type support dispatch for ROS interfaces[0m
[4.046s] [ 38%] [34m[1mGenerating C++ introspection for ROS interfaces[0m
[4.421s] [ 41%] [32mBuilding CXX object CMakeFiles/my_interfaces__rosidl_typesupport_c.dir/rosidl_typesupport_c/my_interfaces/msg/my_soccer__type_support.cpp.o[0m
[4.462s] [ 44%] [32mBuilding C object CMakeFiles/my_interfaces__rosidl_typesupport_introspection_c.dir/rosidl_typesupport_introspection_c/my_interfaces/msg/detail/my_soccer__type_support.c.o[0m
[4.470s] [ 47%] [32mBuilding CXX object CMakeFiles/my_interfaces__rosidl_typesupport_fastrtps_c.dir/rosidl_typesupport_fastrtps_c/my_interfaces/msg/detail/my_soccer__type_support_c.cpp.o[0m
[4.480s] [ 50%] [32mBuilding CXX object CMakeFiles/my_interfaces__rosidl_typesupport_introspection_cpp.dir/rosidl_typesupport_introspection_cpp/my_interfaces/msg/detail/my_soccer__type_support.cpp.o[0m
[4.519s] [ 55%] [32m[1mLinking CXX shared library libmy_interfaces__rosidl_typesupport_c.so[0m
[4.519s] [ 55%] [32mBuilding CXX object CMakeFiles/my_interfaces__rosidl_typesupport_fastrtps_cpp.dir/rosidl_typesupport_fastrtps_cpp/my_interfaces/msg/detail/dds_fastrtps/my_soccer__type_support.cpp.o[0m
[4.532s] [ 58%] [32mBuilding CXX object CMakeFiles/my_interfaces__rosidl_typesupport_cpp.dir/rosidl_typesupport_cpp/my_interfaces/msg/my_soccer__type_support.cpp.o[0m
[4.536s] [ 61%] [32m[1mLinking C shared library libmy_interfaces__rosidl_typesupport_introspection_c.so[0m
[4.600s] [ 61%] Built target my_interfaces__rosidl_typesupport_introspection_c
[4.605s] [ 61%] Built target my_interfaces__rosidl_typesupport_c
[5.027s] [ 64%] [32m[1mLinking CXX shared library libmy_interfaces__rosidl_typesupport_fastrtps_c.so[0m
[5.122s] [ 67%] [32m[1mLinking CXX shared library libmy_interfaces__rosidl_typesupport_cpp.so[0m
[5.140s] [ 70%] [32m[1mLinking CXX shared library libmy_interfaces__rosidl_typesupport_introspection_cpp.so[0m
[5.161s] [ 70%] Built target my_interfaces__rosidl_typesupport_fastrtps_c
[5.198s] [ 70%] Built target my_interfaces__rosidl_typesupport_cpp
[5.211s] [ 70%] Built target my_interfaces__rosidl_typesupport_introspection_cpp
[5.334s] [ 73%] [32m[1mLinking CXX shared library libmy_interfaces__rosidl_typesupport_fastrtps_cpp.so[0m
[5.444s] [ 73%] Built target my_interfaces__rosidl_typesupport_fastrtps_cpp
[5.478s] [ 73%] Built target my_interfaces
[5.508s] [ 76%] [34m[1mGenerating Python code for ROS interfaces[0m
[5.918s] [ 76%] Built target my_interfaces__py
[5.948s] [ 79%] [32mBuilding C object CMakeFiles/my_interfaces__rosidl_generator_py.dir/rosidl_generator_py/my_interfaces/msg/_my_soccer_s.c.o[0m
[6.113s] [ 82%] [32m[1mLinking C shared library rosidl_generator_py/my_interfaces/libmy_interfaces__rosidl_generator_py.so[0m
[6.173s] [ 82%] Built target my_interfaces__rosidl_generator_py
[6.203s] [ 85%] [32mBuilding C object CMakeFiles/my_interfaces__rosidl_typesupport_fastrtps_c__pyext.dir/rosidl_generator_py/my_interfaces/_my_interfaces_s.ep.rosidl_typesupport_fastrtps_c.c.o[0m
[6.203s] [ 91%] [32mBuilding C object CMakeFiles/my_interfaces__rosidl_typesupport_introspection_c__pyext.dir/rosidl_generator_py/my_interfaces/_my_interfaces_s.ep.rosidl_typesupport_introspection_c.c.o[0m
[6.203s] [ 91%] [32mBuilding C object CMakeFiles/my_interfaces__rosidl_typesupport_c__pyext.dir/rosidl_generator_py/my_interfaces/_my_interfaces_s.ep.rosidl_typesupport_c.c.o[0m
[6.341s] [ 94%] [32m[1mLinking C shared library rosidl_generator_py/my_interfaces/my_interfaces_s__rosidl_typesupport_c.cpython-310-x86_64-linux-gnu.so[0m
[6.348s] [ 97%] [32m[1mLinking C shared library rosidl_generator_py/my_interfaces/my_interfaces_s__rosidl_typesupport_introspection_c.cpython-310-x86_64-linux-gnu.so[0m
[6.349s] [100%] [32m[1mLinking C shared library rosidl_generator_py/my_interfaces/my_interfaces_s__rosidl_typesupport_fastrtps_c.cpython-310-x86_64-linux-gnu.so[0m
[6.396s] [100%] Built target my_interfaces__rosidl_typesupport_c__pyext
[6.403s] [100%] Built target my_interfaces__rosidl_typesupport_introspection_c__pyext
[6.405s] [100%] Built target my_interfaces__rosidl_typesupport_fastrtps_c__pyext
[6.422s] Invoked command in '/home/mbsaloka/Desktop/ros2_ichiro_task/build/my_interfaces' returned '0': CMAKE_PREFIX_PATH=${CMAKE_PREFIX_PATH}:/opt/ros/iron /usr/bin/cmake --build /home/mbsaloka/Desktop/ros2_ichiro_task/build/my_interfaces -- -j16 -l16
[6.542s] Invoking command in '/home/mbsaloka/Desktop/ros2_ichiro_task/build/my_interfaces': CMAKE_PREFIX_PATH=${CMAKE_PREFIX_PATH}:/opt/ros/iron /usr/bin/cmake --install /home/mbsaloka/Desktop/ros2_ichiro_task/build/my_interfaces
[6.554s] -- Install configuration: ""
[6.554s] -- Installing: /home/mbsaloka/Desktop/ros2_ichiro_task/install/my_interfaces/share/ament_index/resource_index/rosidl_interfaces/my_interfaces
[6.554s] -- Installing: /home/mbsaloka/Desktop/ros2_ichiro_task/install/my_interfaces/share/my_interfaces/msg/MySoccer.json
[6.554s] -- Installing: /home/mbsaloka/Desktop/ros2_ichiro_task/install/my_interfaces/include/my_interfaces/my_interfaces
[6.554s] -- Installing: /home/mbsaloka/Desktop/ros2_ichiro_task/install/my_interfaces/include/my_interfaces/my_interfaces/msg
[6.554s] -- Installing: /home/mbsaloka/Desktop/ros2_ichiro_task/install/my_interfaces/include/my_interfaces/my_interfaces/msg/my_soccer.h
[6.554s] -- Installing: /home/mbsaloka/Desktop/ros2_ichiro_task/install/my_interfaces/include/my_interfaces/my_interfaces/msg/rosidl_generator_c__visibility_control.h
[6.555s] -- Installing: /home/mbsaloka/Desktop/ros2_ichiro_task/install/my_interfaces/include/my_interfaces/my_interfaces/msg/detail
[6.555s] -- Installing: /home/mbsaloka/Desktop/ros2_ichiro_task/install/my_interfaces/include/my_interfaces/my_interfaces/msg/detail/my_soccer__functions.c
[6.555s] -- Installing: /home/mbsaloka/Desktop/ros2_ichiro_task/install/my_interfaces/include/my_interfaces/my_interfaces/msg/detail/my_soccer__struct.h
[6.555s] -- Installing: /home/mbsaloka/Desktop/ros2_ichiro_task/install/my_interfaces/include/my_interfaces/my_interfaces/msg/detail/my_soccer__description.c
[6.555s] -- Installing: /home/mbsaloka/Desktop/ros2_ichiro_task/install/my_interfaces/include/my_interfaces/my_interfaces/msg/detail/my_soccer__type_support.h
[6.555s] -- Installing: /home/mbsaloka/Desktop/ros2_ichiro_task/install/my_interfaces/include/my_interfaces/my_interfaces/msg/detail/my_soccer__type_support.c
[6.555s] -- Installing: /home/mbsaloka/Desktop/ros2_ichiro_task/install/my_interfaces/include/my_interfaces/my_interfaces/msg/detail/my_soccer__functions.h
[6.555s] -- Installing: /home/mbsaloka/Desktop/ros2_ichiro_task/install/my_interfaces/share/my_interfaces/environment/library_path.sh
[6.555s] -- Installing: /home/mbsaloka/Desktop/ros2_ichiro_task/install/my_interfaces/share/my_interfaces/environment/library_path.dsv
[6.555s] -- Installing: /home/mbsaloka/Desktop/ros2_ichiro_task/install/my_interfaces/lib/libmy_interfaces__rosidl_generator_c.so
[6.556s] -- Set runtime path of "/home/mbsaloka/Desktop/ros2_ichiro_task/install/my_interfaces/lib/libmy_interfaces__rosidl_generator_c.so" to ""
[6.556s] -- Up-to-date: /home/mbsaloka/Desktop/ros2_ichiro_task/install/my_interfaces/include/my_interfaces/my_interfaces
[6.556s] -- Up-to-date: /home/mbsaloka/Desktop/ros2_ichiro_task/install/my_interfaces/include/my_interfaces/my_interfaces/msg
[6.556s] -- Installing: /home/mbsaloka/Desktop/ros2_ichiro_task/install/my_interfaces/include/my_interfaces/my_interfaces/msg/rosidl_typesupport_fastrtps_c__visibility_control.h
[6.556s] -- Up-to-date: /home/mbsaloka/Desktop/ros2_ichiro_task/install/my_interfaces/include/my_interfaces/my_interfaces/msg/detail
[6.556s] -- Installing: /home/mbsaloka/Desktop/ros2_ichiro_task/install/my_interfaces/include/my_interfaces/my_interfaces/msg/detail/my_soccer__rosidl_typesupport_fastrtps_c.h
[6.556s] -- Installing: /home/mbsaloka/Desktop/ros2_ichiro_task/install/my_interfaces/lib/libmy_interfaces__rosidl_typesupport_fastrtps_c.so
[6.557s] -- Set runtime path of "/home/mbsaloka/Desktop/ros2_ichiro_task/install/my_interfaces/lib/libmy_interfaces__rosidl_typesupport_fastrtps_c.so" to ""
[6.557s] -- Up-to-date: /home/mbsaloka/Desktop/ros2_ichiro_task/install/my_interfaces/include/my_interfaces/my_interfaces
[6.557s] -- Up-to-date: /home/mbsaloka/Desktop/ros2_ichiro_task/install/my_interfaces/include/my_interfaces/my_interfaces/msg
[6.557s] -- Installing: /home/mbsaloka/Desktop/ros2_ichiro_task/install/my_interfaces/include/my_interfaces/my_interfaces/msg/my_soccer.hpp
[6.557s] -- Up-to-date: /home/mbsaloka/Desktop/ros2_ichiro_task/install/my_interfaces/include/my_interfaces/my_interfaces/msg/detail
[6.557s] -- Installing: /home/mbsaloka/Desktop/ros2_ichiro_task/install/my_interfaces/include/my_interfaces/my_interfaces/msg/detail/my_soccer__traits.hpp
[6.557s] -- Installing: /home/mbsaloka/Desktop/ros2_ichiro_task/install/my_interfaces/include/my_interfaces/my_interfaces/msg/detail/my_soccer__builder.hpp
[6.557s] -- Installing: /home/mbsaloka/Desktop/ros2_ichiro_task/install/my_interfaces/include/my_interfaces/my_interfaces/msg/detail/my_soccer__struct.hpp
[6.557s] -- Up-to-date: /home/mbsaloka/Desktop/ros2_ichiro_task/install/my_interfaces/include/my_interfaces/my_interfaces
[6.557s] -- Up-to-date: /home/mbsaloka/Desktop/ros2_ichiro_task/install/my_interfaces/include/my_interfaces/my_interfaces/msg
[6.558s] -- Installing: /home/mbsaloka/Desktop/ros2_ichiro_task/install/my_interfaces/include/my_interfaces/my_interfaces/msg/rosidl_typesupport_fastrtps_cpp__visibility_control.h
[6.558s] -- Up-to-date: /home/mbsaloka/Desktop/ros2_ichiro_task/install/my_interfaces/include/my_interfaces/my_interfaces/msg/detail
[6.558s] -- Installing: /home/mbsaloka/Desktop/ros2_ichiro_task/install/my_interfaces/include/my_interfaces/my_interfaces/msg/detail/dds_fastrtps
[6.558s] -- Installing: /home/mbsaloka/Desktop/ros2_ichiro_task/install/my_interfaces/include/my_interfaces/my_interfaces/msg/detail/my_soccer__rosidl_typesupport_fastrtps_cpp.hpp
[6.558s] -- Installing: /home/mbsaloka/Desktop/ros2_ichiro_task/install/my_interfaces/lib/libmy_interfaces__rosidl_typesupport_fastrtps_cpp.so
[6.558s] -- Set runtime path of "/home/mbsaloka/Desktop/ros2_ichiro_task/install/my_interfaces/lib/libmy_interfaces__rosidl_typesupport_fastrtps_cpp.so" to ""
[6.559s] -- Up-to-date: /home/mbsaloka/Desktop/ros2_ichiro_task/install/my_interfaces/include/my_interfaces/my_interfaces
[6.559s] -- Up-to-date: /home/mbsaloka/Desktop/ros2_ichiro_task/install/my_interfaces/include/my_interfaces/my_interfaces/msg
[6.559s] -- Installing: /home/mbsaloka/Desktop/ros2_ichiro_task/install/my_interfaces/include/my_interfaces/my_interfaces/msg/rosidl_typesupport_introspection_c__visibility_control.h
[6.559s] -- Up-to-date: /home/mbsaloka/Desktop/ros2_ichiro_task/install/my_interfaces/include/my_interfaces/my_interfaces/msg/detail
[6.559s] -- Installing: /home/mbsaloka/Desktop/ros2_ichiro_task/install/my_interfaces/include/my_interfaces/my_interfaces/msg/detail/my_soccer__rosidl_typesupport_introspection_c.h
[6.559s] -- Installing: /home/mbsaloka/Desktop/ros2_ichiro_task/install/my_interfaces/include/my_interfaces/my_interfaces/msg/detail/my_soccer__type_support.c
[6.559s] -- Installing: /home/mbsaloka/Desktop/ros2_ichiro_task/install/my_interfaces/lib/libmy_interfaces__rosidl_typesupport_introspection_c.so
[6.559s] -- Set runtime path of "/home/mbsaloka/Desktop/ros2_ichiro_task/install/my_interfaces/lib/libmy_interfaces__rosidl_typesupport_introspection_c.so" to ""
[6.559s] -- Installing: /home/mbsaloka/Desktop/ros2_ichiro_task/install/my_interfaces/lib/libmy_interfaces__rosidl_typesupport_c.so
[6.560s] -- Set runtime path of "/home/mbsaloka/Desktop/ros2_ichiro_task/install/my_interfaces/lib/libmy_interfaces__rosidl_typesupport_c.so" to ""
[6.560s] -- Up-to-date: /home/mbsaloka/Desktop/ros2_ichiro_task/install/my_interfaces/include/my_interfaces/my_interfaces
[6.560s] -- Up-to-date: /home/mbsaloka/Desktop/ros2_ichiro_task/install/my_interfaces/include/my_interfaces/my_interfaces/msg
[6.560s] -- Up-to-date: /home/mbsaloka/Desktop/ros2_ichiro_task/install/my_interfaces/include/my_interfaces/my_interfaces/msg/detail
[6.560s] -- Installing: /home/mbsaloka/Desktop/ros2_ichiro_task/install/my_interfaces/include/my_interfaces/my_interfaces/msg/detail/my_soccer__rosidl_typesupport_introspection_cpp.hpp
[6.560s] -- Installing: /home/mbsaloka/Desktop/ros2_ichiro_task/install/my_interfaces/include/my_interfaces/my_interfaces/msg/detail/my_soccer__type_support.cpp
[6.560s] -- Installing: /home/mbsaloka/Desktop/ros2_ichiro_task/install/my_interfaces/lib/libmy_interfaces__rosidl_typesupport_introspection_cpp.so
[6.560s] -- Set runtime path of "/home/mbsaloka/Desktop/ros2_ichiro_task/install/my_interfaces/lib/libmy_interfaces__rosidl_typesupport_introspection_cpp.so" to ""
[6.561s] -- Installing: /home/mbsaloka/Desktop/ros2_ichiro_task/install/my_interfaces/lib/libmy_interfaces__rosidl_typesupport_cpp.so
[6.561s] -- Set runtime path of "/home/mbsaloka/Desktop/ros2_ichiro_task/install/my_interfaces/lib/libmy_interfaces__rosidl_typesupport_cpp.so" to ""
[6.561s] -- Installing: /home/mbsaloka/Desktop/ros2_ichiro_task/install/my_interfaces/share/my_interfaces/environment/pythonpath.sh
[6.561s] -- Installing: /home/mbsaloka/Desktop/ros2_ichiro_task/install/my_interfaces/share/my_interfaces/environment/pythonpath.dsv
[6.561s] -- Installing: /home/mbsaloka/Desktop/ros2_ichiro_task/install/my_interfaces/lib/python3.10/site-packages/my_interfaces-0.0.0-py3.10.egg-info
[6.561s] -- Installing: /home/mbsaloka/Desktop/ros2_ichiro_task/install/my_interfaces/lib/python3.10/site-packages/my_interfaces-0.0.0-py3.10.egg-info/top_level.txt
[6.562s] -- Installing: /home/mbsaloka/Desktop/ros2_ichiro_task/install/my_interfaces/lib/python3.10/site-packages/my_interfaces-0.0.0-py3.10.egg-info/PKG-INFO
[6.562s] -- Installing: /home/mbsaloka/Desktop/ros2_ichiro_task/install/my_interfaces/lib/python3.10/site-packages/my_interfaces-0.0.0-py3.10.egg-info/dependency_links.txt
[6.562s] -- Installing: /home/mbsaloka/Desktop/ros2_ichiro_task/install/my_interfaces/lib/python3.10/site-packages/my_interfaces-0.0.0-py3.10.egg-info/SOURCES.txt
[6.562s] -- Installing: /home/mbsaloka/Desktop/ros2_ichiro_task/install/my_interfaces/lib/python3.10/site-packages/my_interfaces
[6.562s] -- Installing: /home/mbsaloka/Desktop/ros2_ichiro_task/install/my_interfaces/lib/python3.10/site-packages/my_interfaces/my_interfaces_s__rosidl_typesupport_fastrtps_c.cpython-310-x86_64-linux-gnu.so
[6.562s] -- Installing: /home/mbsaloka/Desktop/ros2_ichiro_task/install/my_interfaces/lib/python3.10/site-packages/my_interfaces/my_interfaces_s__rosidl_typesupport_introspection_c.cpython-310-x86_64-linux-gnu.so
[6.563s] -- Installing: /home/mbsaloka/Desktop/ros2_ichiro_task/install/my_interfaces/lib/python3.10/site-packages/my_interfaces/_my_interfaces_s.ep.rosidl_typesupport_introspection_c.c
[6.563s] -- Installing: /home/mbsaloka/Desktop/ros2_ichiro_task/install/my_interfaces/lib/python3.10/site-packages/my_interfaces/_my_interfaces_s.ep.rosidl_typesupport_c.c
[6.563s] -- Installing: /home/mbsaloka/Desktop/ros2_ichiro_task/install/my_interfaces/lib/python3.10/site-packages/my_interfaces/__init__.py
[6.563s] -- Installing: /home/mbsaloka/Desktop/ros2_ichiro_task/install/my_interfaces/lib/python3.10/site-packages/my_interfaces/msg
[6.563s] -- Installing: /home/mbsaloka/Desktop/ros2_ichiro_task/install/my_interfaces/lib/python3.10/site-packages/my_interfaces/msg/_my_soccer.py
[6.563s] -- Installing: /home/mbsaloka/Desktop/ros2_ichiro_task/install/my_interfaces/lib/python3.10/site-packages/my_interfaces/msg/_my_soccer_s.c
[6.563s] -- Installing: /home/mbsaloka/Desktop/ros2_ichiro_task/install/my_interfaces/lib/python3.10/site-packages/my_interfaces/msg/__init__.py
[6.563s] -- Installing: /home/mbsaloka/Desktop/ros2_ichiro_task/install/my_interfaces/lib/python3.10/site-packages/my_interfaces/libmy_interfaces__rosidl_generator_py.so
[6.564s] -- Installing: /home/mbsaloka/Desktop/ros2_ichiro_task/install/my_interfaces/lib/python3.10/site-packages/my_interfaces/_my_interfaces_s.ep.rosidl_typesupport_fastrtps_c.c
[6.564s] -- Installing: /home/mbsaloka/Desktop/ros2_ichiro_task/install/my_interfaces/lib/python3.10/site-packages/my_interfaces/my_interfaces_s__rosidl_typesupport_c.cpython-310-x86_64-linux-gnu.so
[6.618s] Listing '/home/mbsaloka/Desktop/ros2_ichiro_task/install/my_interfaces/lib/python3.10/site-packages/my_interfaces'...
[6.618s] Compiling '/home/mbsaloka/Desktop/ros2_ichiro_task/install/my_interfaces/lib/python3.10/site-packages/my_interfaces/__init__.py'...
[6.618s] Listing '/home/mbsaloka/Desktop/ros2_ichiro_task/install/my_interfaces/lib/python3.10/site-packages/my_interfaces/msg'...
[6.618s] Compiling '/home/mbsaloka/Desktop/ros2_ichiro_task/install/my_interfaces/lib/python3.10/site-packages/my_interfaces/msg/__init__.py'...
[6.618s] Compiling '/home/mbsaloka/Desktop/ros2_ichiro_task/install/my_interfaces/lib/python3.10/site-packages/my_interfaces/msg/_my_soccer.py'...
[6.625s] -- Installing: /home/mbsaloka/Desktop/ros2_ichiro_task/install/my_interfaces/lib/python3.10/site-packages/my_interfaces/my_interfaces_s__rosidl_typesupport_fastrtps_c.cpython-310-x86_64-linux-gnu.so
[6.625s] -- Set runtime path of "/home/mbsaloka/Desktop/ros2_ichiro_task/install/my_interfaces/lib/python3.10/site-packages/my_interfaces/my_interfaces_s__rosidl_typesupport_fastrtps_c.cpython-310-x86_64-linux-gnu.so" to ""
[6.626s] -- Installing: /home/mbsaloka/Desktop/ros2_ichiro_task/install/my_interfaces/lib/python3.10/site-packages/my_interfaces/my_interfaces_s__rosidl_typesupport_introspection_c.cpython-310-x86_64-linux-gnu.so
[6.626s] -- Set runtime path of "/home/mbsaloka/Desktop/ros2_ichiro_task/install/my_interfaces/lib/python3.10/site-packages/my_interfaces/my_interfaces_s__rosidl_typesupport_introspection_c.cpython-310-x86_64-linux-gnu.so" to ""
[6.626s] -- Installing: /home/mbsaloka/Desktop/ros2_ichiro_task/install/my_interfaces/lib/python3.10/site-packages/my_interfaces/my_interfaces_s__rosidl_typesupport_c.cpython-310-x86_64-linux-gnu.so
[6.626s] -- Set runtime path of "/home/mbsaloka/Desktop/ros2_ichiro_task/install/my_interfaces/lib/python3.10/site-packages/my_interfaces/my_interfaces_s__rosidl_typesupport_c.cpython-310-x86_64-linux-gnu.so" to ""
[6.626s] -- Installing: /home/mbsaloka/Desktop/ros2_ichiro_task/install/my_interfaces/lib/libmy_interfaces__rosidl_generator_py.so
[6.626s] -- Set runtime path of "/home/mbsaloka/Desktop/ros2_ichiro_task/install/my_interfaces/lib/libmy_interfaces__rosidl_generator_py.so" to ""
[6.626s] -- Installing: /home/mbsaloka/Desktop/ros2_ichiro_task/install/my_interfaces/share/my_interfaces/msg/MySoccer.idl
[6.627s] -- Installing: /home/mbsaloka/Desktop/ros2_ichiro_task/install/my_interfaces/share/my_interfaces/msg/MySoccer.msg
[6.627s] -- Installing: /home/mbsaloka/Desktop/ros2_ichiro_task/install/my_interfaces/share/ament_index/resource_index/package_run_dependencies/my_interfaces
[6.627s] -- Installing: /home/mbsaloka/Desktop/ros2_ichiro_task/install/my_interfaces/share/ament_index/resource_index/parent_prefix_path/my_interfaces
[6.627s] -- Installing: /home/mbsaloka/Desktop/ros2_ichiro_task/install/my_interfaces/share/my_interfaces/environment/ament_prefix_path.sh
[6.627s] -- Installing: /home/mbsaloka/Desktop/ros2_ichiro_task/install/my_interfaces/share/my_interfaces/environment/ament_prefix_path.dsv
[6.627s] -- Installing: /home/mbsaloka/Desktop/ros2_ichiro_task/install/my_interfaces/share/my_interfaces/environment/path.sh
[6.627s] -- Installing: /home/mbsaloka/Desktop/ros2_ichiro_task/install/my_interfaces/share/my_interfaces/environment/path.dsv
[6.627s] -- Installing: /home/mbsaloka/Desktop/ros2_ichiro_task/install/my_interfaces/share/my_interfaces/local_setup.bash
[6.627s] -- Installing: /home/mbsaloka/Desktop/ros2_ichiro_task/install/my_interfaces/share/my_interfaces/local_setup.sh
[6.627s] -- Installing: /home/mbsaloka/Desktop/ros2_ichiro_task/install/my_interfaces/share/my_interfaces/local_setup.zsh
[6.627s] -- Installing: /home/mbsaloka/Desktop/ros2_ichiro_task/install/my_interfaces/share/my_interfaces/local_setup.dsv
[6.628s] -- Installing: /home/mbsaloka/Desktop/ros2_ichiro_task/install/my_interfaces/share/my_interfaces/package.dsv
[6.628s] -- Installing: /home/mbsaloka/Desktop/ros2_ichiro_task/install/my_interfaces/share/ament_index/resource_index/packages/my_interfaces
[6.628s] -- Installing: /home/mbsaloka/Desktop/ros2_ichiro_task/install/my_interfaces/share/my_interfaces/cmake/export_my_interfaces__rosidl_generator_cExport.cmake
[6.628s] -- Installing: /home/mbsaloka/Desktop/ros2_ichiro_task/install/my_interfaces/share/my_interfaces/cmake/export_my_interfaces__rosidl_generator_cExport-noconfig.cmake
[6.628s] -- Installing: /home/mbsaloka/Desktop/ros2_ichiro_task/install/my_interfaces/share/my_interfaces/cmake/export_my_interfaces__rosidl_typesupport_fastrtps_cExport.cmake
[6.628s] -- Installing: /home/mbsaloka/Desktop/ros2_ichiro_task/install/my_interfaces/share/my_interfaces/cmake/export_my_interfaces__rosidl_typesupport_fastrtps_cExport-noconfig.cmake
[6.628s] -- Installing: /home/mbsaloka/Desktop/ros2_ichiro_task/install/my_interfaces/share/my_interfaces/cmake/export_my_interfaces__rosidl_generator_cppExport.cmake
[6.628s] -- Installing: /home/mbsaloka/Desktop/ros2_ichiro_task/install/my_interfaces/share/my_interfaces/cmake/export_my_interfaces__rosidl_typesupport_fastrtps_cppExport.cmake
[6.629s] -- Installing: /home/mbsaloka/Desktop/ros2_ichiro_task/install/my_interfaces/share/my_interfaces/cmake/export_my_interfaces__rosidl_typesupport_fastrtps_cppExport-noconfig.cmake
[6.629s] -- Installing: /home/mbsaloka/Desktop/ros2_ichiro_task/install/my_interfaces/share/my_interfaces/cmake/my_interfaces__rosidl_typesupport_introspection_cExport.cmake
[6.629s] -- Installing: /home/mbsaloka/Desktop/ros2_ichiro_task/install/my_interfaces/share/my_interfaces/cmake/my_interfaces__rosidl_typesupport_introspection_cExport-noconfig.cmake
[6.629s] -- Installing: /home/mbsaloka/Desktop/ros2_ichiro_task/install/my_interfaces/share/my_interfaces/cmake/my_interfaces__rosidl_typesupport_cExport.cmake
[6.629s] -- Installing: /home/mbsaloka/Desktop/ros2_ichiro_task/install/my_interfaces/share/my_interfaces/cmake/my_interfaces__rosidl_typesupport_cExport-noconfig.cmake
[6.629s] -- Installing: /home/mbsaloka/Desktop/ros2_ichiro_task/install/my_interfaces/share/my_interfaces/cmake/my_interfaces__rosidl_typesupport_introspection_cppExport.cmake
[6.629s] -- Installing: /home/mbsaloka/Desktop/ros2_ichiro_task/install/my_interfaces/share/my_interfaces/cmake/my_interfaces__rosidl_typesupport_introspection_cppExport-noconfig.cmake
[6.630s] -- Installing: /home/mbsaloka/Desktop/ros2_ichiro_task/install/my_interfaces/share/my_interfaces/cmake/my_interfaces__rosidl_typesupport_cppExport.cmake
[6.630s] -- Installing: /home/mbsaloka/Desktop/ros2_ichiro_task/install/my_interfaces/share/my_interfaces/cmake/my_interfaces__rosidl_typesupport_cppExport-noconfig.cmake
[6.630s] -- Installing: /home/mbsaloka/Desktop/ros2_ichiro_task/install/my_interfaces/share/my_interfaces/cmake/export_my_interfaces__rosidl_generator_pyExport.cmake
[6.630s] -- Installing: /home/mbsaloka/Desktop/ros2_ichiro_task/install/my_interfaces/share/my_interfaces/cmake/export_my_interfaces__rosidl_generator_pyExport-noconfig.cmake
[6.630s] -- Installing: /home/mbsaloka/Desktop/ros2_ichiro_task/install/my_interfaces/share/my_interfaces/cmake/rosidl_cmake-extras.cmake
[6.630s] -- Installing: /home/mbsaloka/Desktop/ros2_ichiro_task/install/my_interfaces/share/my_interfaces/cmake/ament_cmake_export_include_directories-extras.cmake
[6.630s] -- Installing: /home/mbsaloka/Desktop/ros2_ichiro_task/install/my_interfaces/share/my_interfaces/cmake/ament_cmake_export_libraries-extras.cmake
[6.630s] -- Installing: /home/mbsaloka/Desktop/ros2_ichiro_task/install/my_interfaces/share/my_interfaces/cmake/ament_cmake_export_targets-extras.cmake
[6.631s] -- Installing: /home/mbsaloka/Desktop/ros2_ichiro_task/install/my_interfaces/share/my_interfaces/cmake/rosidl_cmake_export_typesupport_targets-extras.cmake
[6.631s] -- Installing: /home/mbsaloka/Desktop/ros2_ichiro_task/install/my_interfaces/share/my_interfaces/cmake/ament_cmake_export_dependencies-extras.cmake
[6.631s] -- Installing: /home/mbsaloka/Desktop/ros2_ichiro_task/install/my_interfaces/share/my_interfaces/cmake/rosidl_cmake_export_typesupport_libraries-extras.cmake
[6.631s] -- Installing: /home/mbsaloka/Desktop/ros2_ichiro_task/install/my_interfaces/share/my_interfaces/cmake/my_interfacesConfig.cmake
[6.631s] -- Installing: /home/mbsaloka/Desktop/ros2_ichiro_task/install/my_interfaces/share/my_interfaces/cmake/my_interfacesConfig-version.cmake
[6.631s] -- Installing: /home/mbsaloka/Desktop/ros2_ichiro_task/install/my_interfaces/share/my_interfaces/package.xml
[6.635s] Invoked command in '/home/mbsaloka/Desktop/ros2_ichiro_task/build/my_interfaces' returned '0': CMAKE_PREFIX_PATH=${CMAKE_PREFIX_PATH}:/opt/ros/iron /usr/bin/cmake --install /home/mbsaloka/Desktop/ros2_ichiro_task/build/my_interfaces
