-- Found ament_cmake: 2.0.3 (/opt/ros/iron/share/ament_cmake/cmake)
-- Found rclcpp: 21.0.4 (/opt/ros/iron/share/rclcpp/cmake)
-- Found rosidl_generator_c: 4.0.1 (/opt/ros/iron/share/rosidl_generator_c/cmake)
-- Found rosidl_generator_cpp: 4.0.1 (/opt/ros/iron/share/rosidl_generator_cpp/cmake)
-- Using all available rosidl_typesupport_c: rosidl_typesupport_fastrtps_c;rosidl_typesupport_introspection_c
-- Using all available rosidl_typesupport_cpp: rosidl_typesupport_fastrtps_cpp;rosidl_typesupport_introspection_cpp
-- Found rmw_implementation_cmake: 7.1.0 (/opt/ros/iron/share/rmw_implementation_cmake/cmake)
-- Found rmw_fastrtps_cpp: 7.1.2 (/opt/ros/iron/share/rmw_fastrtps_cpp/cmake)
-- Using RMW implementation 'rmw_fastrtps_cpp' as default
-- Found my_interfaces: 0.0.0 (/home/mbsaloka/Desktop/ros2_ichiro_task/install/my_interfaces/share/my_interfaces/cmake)
-- Found webots_ros2_msgs: 2023.1.1 (/opt/ros/iron/share/webots_ros2_msgs/cmake)
-- Found pluginlib: 5.2.2 (/opt/ros/iron/share/pluginlib/cmake)
-- Found webots_ros2_driver: 2023.1.1 (/opt/ros/iron/share/webots_ros2_driver/cmake)
-- Found eigen3_cmake_module: 0.2.2 (/opt/ros/iron/share/eigen3_cmake_module/cmake)
-- Ensuring Eigen3 include directory is part of orocos-kdl CMake target
[31mCMake Error at CMakeLists.txt:66 (add_library):
  add_library cannot create target "robot_localization" because another
  target with the same name already exists.  The existing target is an
  executable created in source directory
  "/home/mbsaloka/Desktop/ros2_ichiro_task/src/robot_localization".  See
  documentation for policy CMP0002 for more details.

[0m
-- Configuring incomplete, errors occurred!
See also "/home/mbsaloka/Desktop/ros2_ichiro_task/build/robot_localization/CMakeFiles/CMakeOutput.log".
gmake: *** [Makefile:349: cmake_check_build_system] Error 1
