[ 50%] [32mBuilding CXX object CMakeFiles/robot_controller.dir/src/RobotController.cpp.o[0m
[100%] [32m[1mLinking CXX executable robot_controller[0m
[100%] Built target robot_controller
-- Install configuration: ""
-- Installing: /home/mbsaloka/Desktop/ros2_ichiro_task/install/robot_controller/lib/robot_controller/robot_controller
-- Set runtime path of "/home/mbsaloka/Desktop/ros2_ichiro_task/install/robot_controller/lib/robot_controller/robot_controller" to ""
-- Installing: /home/mbsaloka/Desktop/ros2_ichiro_task/install/robot_controller/share/ament_index/resource_index/package_run_dependencies/robot_controller
-- Installing: /home/mbsaloka/Desktop/ros2_ichiro_task/install/robot_controller/share/ament_index/resource_index/parent_prefix_path/robot_controller
-- Installing: /home/mbsaloka/Desktop/ros2_ichiro_task/install/robot_controller/share/robot_controller/environment/ament_prefix_path.sh
-- Installing: /home/mbsaloka/Desktop/ros2_ichiro_task/install/robot_controller/share/robot_controller/environment/ament_prefix_path.dsv
-- Installing: /home/mbsaloka/Desktop/ros2_ichiro_task/install/robot_controller/share/robot_controller/environment/path.sh
-- Installing: /home/mbsaloka/Desktop/ros2_ichiro_task/install/robot_controller/share/robot_controller/environment/path.dsv
-- Installing: /home/mbsaloka/Desktop/ros2_ichiro_task/install/robot_controller/share/robot_controller/local_setup.bash
-- Installing: /home/mbsaloka/Desktop/ros2_ichiro_task/install/robot_controller/share/robot_controller/local_setup.sh
-- Installing: /home/mbsaloka/Desktop/ros2_ichiro_task/install/robot_controller/share/robot_controller/local_setup.zsh
-- Installing: /home/mbsaloka/Desktop/ros2_ichiro_task/install/robot_controller/share/robot_controller/local_setup.dsv
-- Installing: /home/mbsaloka/Desktop/ros2_ichiro_task/install/robot_controller/share/robot_controller/package.dsv
-- Installing: /home/mbsaloka/Desktop/ros2_ichiro_task/install/robot_controller/share/ament_index/resource_index/packages/robot_controller
-- Installing: /home/mbsaloka/Desktop/ros2_ichiro_task/install/robot_controller/share/robot_controller/cmake/robot_controllerConfig.cmake
-- Installing: /home/mbsaloka/Desktop/ros2_ichiro_task/install/robot_controller/share/robot_controller/cmake/robot_controllerConfig-version.cmake
-- Installing: /home/mbsaloka/Desktop/ros2_ichiro_task/install/robot_controller/share/robot_controller/package.xml
