[ 50%] Built target server
[100%] Built target client
-- Install configuration: ""
-- Up-to-date: /home/mbsaloka/Desktop/ros2_ichiro_task/install/sum_two_num_srvcli/lib/sum_two_num_srvcli/server
-- Up-to-date: /home/mbsaloka/Desktop/ros2_ichiro_task/install/sum_two_num_srvcli/lib/sum_two_num_srvcli/client
-- Up-to-date: /home/mbsaloka/Desktop/ros2_ichiro_task/install/sum_two_num_srvcli/share/ament_index/resource_index/package_run_dependencies/sum_two_num_srvcli
-- Up-to-date: /home/mbsaloka/Desktop/ros2_ichiro_task/install/sum_two_num_srvcli/share/ament_index/resource_index/parent_prefix_path/sum_two_num_srvcli
-- Installing: /home/mbsaloka/Desktop/ros2_ichiro_task/install/sum_two_num_srvcli/share/sum_two_num_srvcli/environment/ament_prefix_path.sh
-- Up-to-date: /home/mbsaloka/Desktop/ros2_ichiro_task/install/sum_two_num_srvcli/share/sum_two_num_srvcli/environment/ament_prefix_path.dsv
-- Installing: /home/mbsaloka/Desktop/ros2_ichiro_task/install/sum_two_num_srvcli/share/sum_two_num_srvcli/environment/path.sh
-- Up-to-date: /home/mbsaloka/Desktop/ros2_ichiro_task/install/sum_two_num_srvcli/share/sum_two_num_srvcli/environment/path.dsv
-- Up-to-date: /home/mbsaloka/Desktop/ros2_ichiro_task/install/sum_two_num_srvcli/share/sum_two_num_srvcli/local_setup.bash
-- Up-to-date: /home/mbsaloka/Desktop/ros2_ichiro_task/install/sum_two_num_srvcli/share/sum_two_num_srvcli/local_setup.sh
-- Up-to-date: /home/mbsaloka/Desktop/ros2_ichiro_task/install/sum_two_num_srvcli/share/sum_two_num_srvcli/local_setup.zsh
-- Up-to-date: /home/mbsaloka/Desktop/ros2_ichiro_task/install/sum_two_num_srvcli/share/sum_two_num_srvcli/local_setup.dsv
-- Installing: /home/mbsaloka/Desktop/ros2_ichiro_task/install/sum_two_num_srvcli/share/sum_two_num_srvcli/package.dsv
-- Up-to-date: /home/mbsaloka/Desktop/ros2_ichiro_task/install/sum_two_num_srvcli/share/ament_index/resource_index/packages/sum_two_num_srvcli
-- Up-to-date: /home/mbsaloka/Desktop/ros2_ichiro_task/install/sum_two_num_srvcli/share/sum_two_num_srvcli/cmake/sum_two_num_srvcliConfig.cmake
-- Up-to-date: /home/mbsaloka/Desktop/ros2_ichiro_task/install/sum_two_num_srvcli/share/sum_two_num_srvcli/cmake/sum_two_num_srvcliConfig-version.cmake
-- Up-to-date: /home/mbsaloka/Desktop/ros2_ichiro_task/install/sum_two_num_srvcli/share/sum_two_num_srvcli/package.xml
