-- Found ament_cmake: 2.0.4 (/opt/ros/iron/share/ament_cmake/cmake)
-- Found rclcpp: 21.0.5 (/opt/ros/iron/share/rclcpp/cmake)
-- Found rosidl_generator_c: 4.0.1 (/opt/ros/iron/share/rosidl_generator_c/cmake)
-- Found rosidl_generator_cpp: 4.0.1 (/opt/ros/iron/share/rosidl_generator_cpp/cmake)
-- Using all available rosidl_typesupport_c: rosidl_typesupport_fastrtps_c;rosidl_typesupport_introspection_c
-- Using all available rosidl_typesupport_cpp: rosidl_typesupport_fastrtps_cpp;rosidl_typesupport_introspection_cpp
-- Found rmw_implementation_cmake: 7.1.0 (/opt/ros/iron/share/rmw_implementation_cmake/cmake)
-- Found rmw_fastrtps_cpp: 7.1.3 (/opt/ros/iron/share/rmw_fastrtps_cpp/cmake)
-- Using RMW implementation 'rmw_fastrtps_cpp' as default
-- Configuring done
-- Generating done
-- Build files have been written to: /home/mbsaloka/Desktop/ros2_ichiro_task/build/cpp_parameters
[35m[1mConsolidate compiler generated dependencies of target my_node[0m
[100%] Built target my_node
-- Install configuration: ""
-- Up-to-date: /home/mbsaloka/Desktop/ros2_ichiro_task/install/cpp_parameters/lib/cpp_parameters/my_node
-- Up-to-date: /home/mbsaloka/Desktop/ros2_ichiro_task/install/cpp_parameters/share/cpp_parameters/launch
-- Installing: /home/mbsaloka/Desktop/ros2_ichiro_task/install/cpp_parameters/share/cpp_parameters/launch/launch.py
-- Up-to-date: /home/mbsaloka/Desktop/ros2_ichiro_task/install/cpp_parameters/share/ament_index/resource_index/package_run_dependencies/cpp_parameters
-- Up-to-date: /home/mbsaloka/Desktop/ros2_ichiro_task/install/cpp_parameters/share/ament_index/resource_index/parent_prefix_path/cpp_parameters
-- Up-to-date: /home/mbsaloka/Desktop/ros2_ichiro_task/install/cpp_parameters/share/cpp_parameters/environment/ament_prefix_path.sh
-- Up-to-date: /home/mbsaloka/Desktop/ros2_ichiro_task/install/cpp_parameters/share/cpp_parameters/environment/ament_prefix_path.dsv
-- Up-to-date: /home/mbsaloka/Desktop/ros2_ichiro_task/install/cpp_parameters/share/cpp_parameters/environment/path.sh
-- Up-to-date: /home/mbsaloka/Desktop/ros2_ichiro_task/install/cpp_parameters/share/cpp_parameters/environment/path.dsv
-- Up-to-date: /home/mbsaloka/Desktop/ros2_ichiro_task/install/cpp_parameters/share/cpp_parameters/local_setup.bash
-- Up-to-date: /home/mbsaloka/Desktop/ros2_ichiro_task/install/cpp_parameters/share/cpp_parameters/local_setup.sh
-- Up-to-date: /home/mbsaloka/Desktop/ros2_ichiro_task/install/cpp_parameters/share/cpp_parameters/local_setup.zsh
-- Up-to-date: /home/mbsaloka/Desktop/ros2_ichiro_task/install/cpp_parameters/share/cpp_parameters/local_setup.dsv
-- Installing: /home/mbsaloka/Desktop/ros2_ichiro_task/install/cpp_parameters/share/cpp_parameters/package.dsv
-- Up-to-date: /home/mbsaloka/Desktop/ros2_ichiro_task/install/cpp_parameters/share/ament_index/resource_index/packages/cpp_parameters
-- Up-to-date: /home/mbsaloka/Desktop/ros2_ichiro_task/install/cpp_parameters/share/cpp_parameters/cmake/cpp_parametersConfig.cmake
-- Up-to-date: /home/mbsaloka/Desktop/ros2_ichiro_task/install/cpp_parameters/share/cpp_parameters/cmake/cpp_parametersConfig-version.cmake
-- Up-to-date: /home/mbsaloka/Desktop/ros2_ichiro_task/install/cpp_parameters/share/cpp_parameters/package.xml
