[0.104s] Invoking command in '/home/mbsaloka/Desktop/ros2_ichiro_task/build/my_package': CMAKE_PREFIX_PATH=${CMAKE_PREFIX_PATH}:/opt/ros/iron /usr/bin/cmake --build /home/mbsaloka/Desktop/ros2_ichiro_task/build/my_package -- -j16 -l16
[0.194s] [ 50%] Built target obstacle_avoider
[0.196s] [100%] Built target my_package
[0.215s] Invoked command in '/home/mbsaloka/Desktop/ros2_ichiro_task/build/my_package' returned '0': CMAKE_PREFIX_PATH=${CMAKE_PREFIX_PATH}:/opt/ros/iron /usr/bin/cmake --build /home/mbsaloka/Desktop/ros2_ichiro_task/build/my_package -- -j16 -l16
[0.278s] Invoking command in '/home/mbsaloka/Desktop/ros2_ichiro_task/build/my_package': CMAKE_PREFIX_PATH=${CMAKE_PREFIX_PATH}:/opt/ros/iron /usr/bin/cmake --install /home/mbsaloka/Desktop/ros2_ichiro_task/build/my_package
[0.288s] -- Install configuration: ""
[0.288s] -- Up-to-date: /home/mbsaloka/Desktop/ros2_ichiro_task/install/my_package/share/my_package/my_robot_driver.xml
[0.288s] -- Up-to-date: /home/mbsaloka/Desktop/ros2_ichiro_task/install/my_package/lib/my_package/obstacle_avoider
[0.288s] -- Up-to-date: /home/mbsaloka/Desktop/ros2_ichiro_task/install/my_package/include
[0.288s] -- Up-to-date: /home/mbsaloka/Desktop/ros2_ichiro_task/install/my_package/include/my_package
[0.289s] -- Up-to-date: /home/mbsaloka/Desktop/ros2_ichiro_task/install/my_package/include/my_package/ObstacleAvoider.hpp
[0.289s] -- Up-to-date: /home/mbsaloka/Desktop/ros2_ichiro_task/install/my_package/include/my_package/MyRobotDriver.hpp
[0.289s] -- Up-to-date: /home/mbsaloka/Desktop/ros2_ichiro_task/install/my_package/lib/libmy_package.so
[0.289s] -- Up-to-date: /home/mbsaloka/Desktop/ros2_ichiro_task/install/my_package/share/my_package//launch
[0.289s] -- Installing: /home/mbsaloka/Desktop/ros2_ichiro_task/install/my_package/share/my_package//launch/robot_launch.py
[0.289s] -- Up-to-date: /home/mbsaloka/Desktop/ros2_ichiro_task/install/my_package/share/my_package//resource
[0.290s] -- Up-to-date: /home/mbsaloka/Desktop/ros2_ichiro_task/install/my_package/share/my_package//resource/my_robot.urdf
[0.290s] -- Up-to-date: /home/mbsaloka/Desktop/ros2_ichiro_task/install/my_package/share/my_package//worlds
[0.290s] -- Up-to-date: /home/mbsaloka/Desktop/ros2_ichiro_task/install/my_package/share/my_package//worlds/my_world.wbt
[0.290s] -- Up-to-date: /home/mbsaloka/Desktop/ros2_ichiro_task/install/my_package/share/my_package/environment/library_path.sh
[0.290s] -- Up-to-date: /home/mbsaloka/Desktop/ros2_ichiro_task/install/my_package/share/my_package/environment/library_path.dsv
[0.290s] -- Up-to-date: /home/mbsaloka/Desktop/ros2_ichiro_task/install/my_package/share/ament_index/resource_index/package_run_dependencies/my_package
[0.291s] -- Up-to-date: /home/mbsaloka/Desktop/ros2_ichiro_task/install/my_package/share/ament_index/resource_index/parent_prefix_path/my_package
[0.291s] -- Up-to-date: /home/mbsaloka/Desktop/ros2_ichiro_task/install/my_package/share/my_package/environment/ament_prefix_path.sh
[0.291s] -- Up-to-date: /home/mbsaloka/Desktop/ros2_ichiro_task/install/my_package/share/my_package/environment/ament_prefix_path.dsv
[0.291s] -- Up-to-date: /home/mbsaloka/Desktop/ros2_ichiro_task/install/my_package/share/my_package/environment/path.sh
[0.291s] -- Up-to-date: /home/mbsaloka/Desktop/ros2_ichiro_task/install/my_package/share/my_package/environment/path.dsv
[0.291s] -- Up-to-date: /home/mbsaloka/Desktop/ros2_ichiro_task/install/my_package/share/my_package/local_setup.bash
[0.291s] -- Up-to-date: /home/mbsaloka/Desktop/ros2_ichiro_task/install/my_package/share/my_package/local_setup.sh
[0.291s] -- Up-to-date: /home/mbsaloka/Desktop/ros2_ichiro_task/install/my_package/share/my_package/local_setup.zsh
[0.291s] -- Up-to-date: /home/mbsaloka/Desktop/ros2_ichiro_task/install/my_package/share/my_package/local_setup.dsv
[0.291s] -- Installing: /home/mbsaloka/Desktop/ros2_ichiro_task/install/my_package/share/my_package/package.dsv
[0.292s] -- Up-to-date: /home/mbsaloka/Desktop/ros2_ichiro_task/install/my_package/share/ament_index/resource_index/packages/my_package
[0.292s] -- Up-to-date: /home/mbsaloka/Desktop/ros2_ichiro_task/install/my_package/share/ament_index/resource_index/webots_ros2_driver__pluginlib__plugin/my_package
[0.292s] -- Up-to-date: /home/mbsaloka/Desktop/ros2_ichiro_task/install/my_package/share/my_package/cmake/ament_cmake_export_include_directories-extras.cmake
[0.292s] -- Up-to-date: /home/mbsaloka/Desktop/ros2_ichiro_task/install/my_package/share/my_package/cmake/ament_cmake_export_libraries-extras.cmake
[0.292s] -- Up-to-date: /home/mbsaloka/Desktop/ros2_ichiro_task/install/my_package/share/my_package/cmake/my_packageConfig.cmake
[0.292s] -- Up-to-date: /home/mbsaloka/Desktop/ros2_ichiro_task/install/my_package/share/my_package/cmake/my_packageConfig-version.cmake
[0.292s] -- Up-to-date: /home/mbsaloka/Desktop/ros2_ichiro_task/install/my_package/share/my_package/package.xml
[0.297s] Invoked command in '/home/mbsaloka/Desktop/ros2_ichiro_task/build/my_package' returned '0': CMAKE_PREFIX_PATH=${CMAKE_PREFIX_PATH}:/opt/ros/iron /usr/bin/cmake --install /home/mbsaloka/Desktop/ros2_ichiro_task/build/my_package
