[0.115s] Invoking command in '/home/mbsaloka/Desktop/ros2_ichiro_task/build/robot_localization': AMENT_PREFIX_PATH=/home/mbsaloka/Desktop/ros2_ichiro_task/install/my_interfaces:${AMENT_PREFIX_PATH} CMAKE_PREFIX_PATH=/home/mbsaloka/Desktop/ros2_ichiro_task/install/my_interfaces:/opt/ros/iron LD_LIBRARY_PATH=/home/mbsaloka/Desktop/ros2_ichiro_task/install/my_interfaces/lib:${LD_LIBRARY_PATH} PYTHONPATH=/home/mbsaloka/Desktop/ros2_ichiro_task/install/my_interfaces/lib/python3.10/site-packages:${PYTHONPATH} /usr/bin/cmake --build /home/mbsaloka/Desktop/ros2_ichiro_task/build/robot_localization -- -j16 -l16
[0.241s] [35m[1mConsolidate compiler generated dependencies of target localization[0m
[0.242s] [35m[1mConsolidate compiler generated dependencies of target object_recognizer[0m
[0.268s] [ 16%] Built target robot_controller
[0.269s] [ 33%] Built target inertial_unit
[0.273s] [ 50%] Built target odometry
[0.281s] [ 58%] [32mBuilding CXX object CMakeFiles/localization.dir/src/RobotLocalization.cpp.o[0m
[0.282s] [ 75%] Built target robot_localization
[0.285s] [ 91%] Built target object_recognizer
[27.725s] [100%] [32m[1mLinking CXX executable localization[0m
[29.253s] [100%] Built target localization
[29.268s] Invoked command in '/home/mbsaloka/Desktop/ros2_ichiro_task/build/robot_localization' returned '0': AMENT_PREFIX_PATH=/home/mbsaloka/Desktop/ros2_ichiro_task/install/my_interfaces:${AMENT_PREFIX_PATH} CMAKE_PREFIX_PATH=/home/mbsaloka/Desktop/ros2_ichiro_task/install/my_interfaces:/opt/ros/iron LD_LIBRARY_PATH=/home/mbsaloka/Desktop/ros2_ichiro_task/install/my_interfaces/lib:${LD_LIBRARY_PATH} PYTHONPATH=/home/mbsaloka/Desktop/ros2_ichiro_task/install/my_interfaces/lib/python3.10/site-packages:${PYTHONPATH} /usr/bin/cmake --build /home/mbsaloka/Desktop/ros2_ichiro_task/build/robot_localization -- -j16 -l16
[29.344s] Invoking command in '/home/mbsaloka/Desktop/ros2_ichiro_task/build/robot_localization': AMENT_PREFIX_PATH=/home/mbsaloka/Desktop/ros2_ichiro_task/install/my_interfaces:${AMENT_PREFIX_PATH} CMAKE_PREFIX_PATH=/home/mbsaloka/Desktop/ros2_ichiro_task/install/my_interfaces:/opt/ros/iron LD_LIBRARY_PATH=/home/mbsaloka/Desktop/ros2_ichiro_task/install/my_interfaces/lib:${LD_LIBRARY_PATH} PYTHONPATH=/home/mbsaloka/Desktop/ros2_ichiro_task/install/my_interfaces/lib/python3.10/site-packages:${PYTHONPATH} /usr/bin/cmake --install /home/mbsaloka/Desktop/ros2_ichiro_task/build/robot_localization
[29.358s] -- Install configuration: ""
[29.358s] -- Up-to-date: /home/mbsaloka/Desktop/ros2_ichiro_task/install/robot_localization/share/robot_localization/my_robot_driver.xml
[29.358s] -- Up-to-date: /home/mbsaloka/Desktop/ros2_ichiro_task/install/robot_localization/lib/robot_localization/object_recognizer
[29.359s] -- Up-to-date: /home/mbsaloka/Desktop/ros2_ichiro_task/install/robot_localization/include
[29.359s] -- Up-to-date: /home/mbsaloka/Desktop/ros2_ichiro_task/install/robot_localization/include/robot_localization
[29.359s] -- Up-to-date: /home/mbsaloka/Desktop/ros2_ichiro_task/install/robot_localization/include/robot_localization/ObjectRecognizer.hpp
[29.359s] -- Up-to-date: /home/mbsaloka/Desktop/ros2_ichiro_task/install/robot_localization/include/robot_localization/RobotLocalization.hpp
[29.359s] -- Up-to-date: /home/mbsaloka/Desktop/ros2_ichiro_task/install/robot_localization/include/robot_localization/InertialUnit.hpp
[29.360s] -- Up-to-date: /home/mbsaloka/Desktop/ros2_ichiro_task/install/robot_localization/include/robot_localization/MyRobotDriver.hpp
[29.360s] -- Up-to-date: /home/mbsaloka/Desktop/ros2_ichiro_task/install/robot_localization/include/robot_localization/Odometry.hpp
[29.360s] -- Up-to-date: /home/mbsaloka/Desktop/ros2_ichiro_task/install/robot_localization/lib/robot_localization/inertial_unit
[29.360s] -- Up-to-date: /home/mbsaloka/Desktop/ros2_ichiro_task/install/robot_localization/include
[29.360s] -- Up-to-date: /home/mbsaloka/Desktop/ros2_ichiro_task/install/robot_localization/include/robot_localization
[29.360s] -- Up-to-date: /home/mbsaloka/Desktop/ros2_ichiro_task/install/robot_localization/include/robot_localization/ObjectRecognizer.hpp
[29.361s] -- Up-to-date: /home/mbsaloka/Desktop/ros2_ichiro_task/install/robot_localization/include/robot_localization/RobotLocalization.hpp
[29.361s] -- Up-to-date: /home/mbsaloka/Desktop/ros2_ichiro_task/install/robot_localization/include/robot_localization/InertialUnit.hpp
[29.361s] -- Up-to-date: /home/mbsaloka/Desktop/ros2_ichiro_task/install/robot_localization/include/robot_localization/MyRobotDriver.hpp
[29.361s] -- Up-to-date: /home/mbsaloka/Desktop/ros2_ichiro_task/install/robot_localization/include/robot_localization/Odometry.hpp
[29.361s] -- Installing: /home/mbsaloka/Desktop/ros2_ichiro_task/install/robot_localization/lib/robot_localization/localization
[29.388s] -- Set runtime path of "/home/mbsaloka/Desktop/ros2_ichiro_task/install/robot_localization/lib/robot_localization/localization" to ""
[29.389s] -- Up-to-date: /home/mbsaloka/Desktop/ros2_ichiro_task/install/robot_localization/include
[29.389s] -- Up-to-date: /home/mbsaloka/Desktop/ros2_ichiro_task/install/robot_localization/include/robot_localization
[29.389s] -- Up-to-date: /home/mbsaloka/Desktop/ros2_ichiro_task/install/robot_localization/include/robot_localization/ObjectRecognizer.hpp
[29.389s] -- Up-to-date: /home/mbsaloka/Desktop/ros2_ichiro_task/install/robot_localization/include/robot_localization/RobotLocalization.hpp
[29.389s] -- Up-to-date: /home/mbsaloka/Desktop/ros2_ichiro_task/install/robot_localization/include/robot_localization/InertialUnit.hpp
[29.389s] -- Up-to-date: /home/mbsaloka/Desktop/ros2_ichiro_task/install/robot_localization/include/robot_localization/MyRobotDriver.hpp
[29.389s] -- Up-to-date: /home/mbsaloka/Desktop/ros2_ichiro_task/install/robot_localization/include/robot_localization/Odometry.hpp
[29.389s] -- Up-to-date: /home/mbsaloka/Desktop/ros2_ichiro_task/install/robot_localization/lib/robot_localization/odometry
[29.390s] -- Up-to-date: /home/mbsaloka/Desktop/ros2_ichiro_task/install/robot_localization/include
[29.390s] -- Up-to-date: /home/mbsaloka/Desktop/ros2_ichiro_task/install/robot_localization/include/robot_localization
[29.390s] -- Up-to-date: /home/mbsaloka/Desktop/ros2_ichiro_task/install/robot_localization/include/robot_localization/ObjectRecognizer.hpp
[29.390s] -- Up-to-date: /home/mbsaloka/Desktop/ros2_ichiro_task/install/robot_localization/include/robot_localization/RobotLocalization.hpp
[29.390s] -- Up-to-date: /home/mbsaloka/Desktop/ros2_ichiro_task/install/robot_localization/include/robot_localization/InertialUnit.hpp
[29.390s] -- Up-to-date: /home/mbsaloka/Desktop/ros2_ichiro_task/install/robot_localization/include/robot_localization/MyRobotDriver.hpp
[29.390s] -- Up-to-date: /home/mbsaloka/Desktop/ros2_ichiro_task/install/robot_localization/include/robot_localization/Odometry.hpp
[29.390s] -- Up-to-date: /home/mbsaloka/Desktop/ros2_ichiro_task/install/robot_localization/lib/librobot_localization.so
[29.390s] -- Up-to-date: /home/mbsaloka/Desktop/ros2_ichiro_task/install/robot_localization/lib/robot_localization/robot_controller
[29.390s] -- Up-to-date: /home/mbsaloka/Desktop/ros2_ichiro_task/install/robot_localization/lib/robot_localization/object_recognizer
[29.391s] -- Up-to-date: /home/mbsaloka/Desktop/ros2_ichiro_task/install/robot_localization/share/robot_localization//launch
[29.391s] -- Up-to-date: /home/mbsaloka/Desktop/ros2_ichiro_task/install/robot_localization/share/robot_localization//launch/robot_launch.py
[29.391s] -- Up-to-date: /home/mbsaloka/Desktop/ros2_ichiro_task/install/robot_localization/share/robot_localization//resource
[29.391s] -- Up-to-date: /home/mbsaloka/Desktop/ros2_ichiro_task/install/robot_localization/share/robot_localization//resource/my_robot.urdf
[29.391s] -- Up-to-date: /home/mbsaloka/Desktop/ros2_ichiro_task/install/robot_localization/share/robot_localization//worlds
[29.391s] -- Up-to-date: /home/mbsaloka/Desktop/ros2_ichiro_task/install/robot_localization/share/robot_localization//worlds/soccer_field.wbt
[29.391s] -- Up-to-date: /home/mbsaloka/Desktop/ros2_ichiro_task/install/robot_localization/share/robot_localization/environment/library_path.sh
[29.392s] -- Up-to-date: /home/mbsaloka/Desktop/ros2_ichiro_task/install/robot_localization/share/robot_localization/environment/library_path.dsv
[29.392s] -- Up-to-date: /home/mbsaloka/Desktop/ros2_ichiro_task/install/robot_localization/share/ament_index/resource_index/package_run_dependencies/robot_localization
[29.392s] -- Up-to-date: /home/mbsaloka/Desktop/ros2_ichiro_task/install/robot_localization/share/ament_index/resource_index/parent_prefix_path/robot_localization
[29.392s] -- Up-to-date: /home/mbsaloka/Desktop/ros2_ichiro_task/install/robot_localization/share/robot_localization/environment/ament_prefix_path.sh
[29.392s] -- Up-to-date: /home/mbsaloka/Desktop/ros2_ichiro_task/install/robot_localization/share/robot_localization/environment/ament_prefix_path.dsv
[29.393s] -- Up-to-date: /home/mbsaloka/Desktop/ros2_ichiro_task/install/robot_localization/share/robot_localization/environment/path.sh
[29.393s] -- Up-to-date: /home/mbsaloka/Desktop/ros2_ichiro_task/install/robot_localization/share/robot_localization/environment/path.dsv
[29.393s] -- Up-to-date: /home/mbsaloka/Desktop/ros2_ichiro_task/install/robot_localization/share/robot_localization/local_setup.bash
[29.393s] -- Up-to-date: /home/mbsaloka/Desktop/ros2_ichiro_task/install/robot_localization/share/robot_localization/local_setup.sh
[29.393s] -- Up-to-date: /home/mbsaloka/Desktop/ros2_ichiro_task/install/robot_localization/share/robot_localization/local_setup.zsh
[29.393s] -- Up-to-date: /home/mbsaloka/Desktop/ros2_ichiro_task/install/robot_localization/share/robot_localization/local_setup.dsv
[29.394s] -- Installing: /home/mbsaloka/Desktop/ros2_ichiro_task/install/robot_localization/share/robot_localization/package.dsv
[29.394s] -- Up-to-date: /home/mbsaloka/Desktop/ros2_ichiro_task/install/robot_localization/share/ament_index/resource_index/packages/robot_localization
[29.394s] -- Up-to-date: /home/mbsaloka/Desktop/ros2_ichiro_task/install/robot_localization/share/ament_index/resource_index/webots_ros2_driver__pluginlib__plugin/robot_localization
[29.394s] -- Up-to-date: /home/mbsaloka/Desktop/ros2_ichiro_task/install/robot_localization/share/robot_localization/cmake/ament_cmake_export_include_directories-extras.cmake
[29.394s] -- Up-to-date: /home/mbsaloka/Desktop/ros2_ichiro_task/install/robot_localization/share/robot_localization/cmake/ament_cmake_export_libraries-extras.cmake
[29.394s] -- Up-to-date: /home/mbsaloka/Desktop/ros2_ichiro_task/install/robot_localization/share/robot_localization/cmake/robot_localizationConfig.cmake
[29.394s] -- Up-to-date: /home/mbsaloka/Desktop/ros2_ichiro_task/install/robot_localization/share/robot_localization/cmake/robot_localizationConfig-version.cmake
[29.394s] -- Up-to-date: /home/mbsaloka/Desktop/ros2_ichiro_task/install/robot_localization/share/robot_localization/package.xml
[29.397s] Invoked command in '/home/mbsaloka/Desktop/ros2_ichiro_task/build/robot_localization' returned '0': AMENT_PREFIX_PATH=/home/mbsaloka/Desktop/ros2_ichiro_task/install/my_interfaces:${AMENT_PREFIX_PATH} CMAKE_PREFIX_PATH=/home/mbsaloka/Desktop/ros2_ichiro_task/install/my_interfaces:/opt/ros/iron LD_LIBRARY_PATH=/home/mbsaloka/Desktop/ros2_ichiro_task/install/my_interfaces/lib:${LD_LIBRARY_PATH} PYTHONPATH=/home/mbsaloka/Desktop/ros2_ichiro_task/install/my_interfaces/lib/python3.10/site-packages:${PYTHONPATH} /usr/bin/cmake --install /home/mbsaloka/Desktop/ros2_ichiro_task/build/robot_localization
