[0.149s] Invoking command in '/home/mbsaloka/Desktop/ros2_ichiro_task/build/odd_num_pubsub': CMAKE_PREFIX_PATH=${CMAKE_PREFIX_PATH}:/opt/ros/iron /usr/bin/cmake --build /home/mbsaloka/Desktop/ros2_ichiro_task/build/odd_num_pubsub -- -j16 -l16
[0.270s] [35m[1mConsolidate compiler generated dependencies of target listener[0m
[0.271s] [35m[1mConsolidate compiler generated dependencies of target talker[0m
[0.331s] [ 75%] [32mBuilding CXX object CMakeFiles/talker.dir/src/odd_num_publisher.cpp.o[0m
[0.331s] [ 75%] Built target listener
[9.086s] [100%] [32m[1mLinking CXX executable talker[0m
[9.462s] [100%] Built target talker
[9.484s] Invoked command in '/home/mbsaloka/Desktop/ros2_ichiro_task/build/odd_num_pubsub' returned '0': CMAKE_PREFIX_PATH=${CMAKE_PREFIX_PATH}:/opt/ros/iron /usr/bin/cmake --build /home/mbsaloka/Desktop/ros2_ichiro_task/build/odd_num_pubsub -- -j16 -l16
[9.574s] Invoking command in '/home/mbsaloka/Desktop/ros2_ichiro_task/build/odd_num_pubsub': CMAKE_PREFIX_PATH=${CMAKE_PREFIX_PATH}:/opt/ros/iron /usr/bin/cmake --install /home/mbsaloka/Desktop/ros2_ichiro_task/build/odd_num_pubsub
[9.588s] -- Install configuration: ""
[9.588s] -- Installing: /home/mbsaloka/Desktop/ros2_ichiro_task/install/odd_num_pubsub/lib/odd_num_pubsub/talker
[9.592s] -- Set runtime path of "/home/mbsaloka/Desktop/ros2_ichiro_task/install/odd_num_pubsub/lib/odd_num_pubsub/talker" to ""
[9.593s] -- Up-to-date: /home/mbsaloka/Desktop/ros2_ichiro_task/install/odd_num_pubsub/lib/odd_num_pubsub/listener
[9.593s] -- Up-to-date: /home/mbsaloka/Desktop/ros2_ichiro_task/install/odd_num_pubsub/share/ament_index/resource_index/package_run_dependencies/odd_num_pubsub
[9.594s] -- Up-to-date: /home/mbsaloka/Desktop/ros2_ichiro_task/install/odd_num_pubsub/share/ament_index/resource_index/parent_prefix_path/odd_num_pubsub
[9.594s] -- Up-to-date: /home/mbsaloka/Desktop/ros2_ichiro_task/install/odd_num_pubsub/share/odd_num_pubsub/environment/ament_prefix_path.sh
[9.595s] -- Up-to-date: /home/mbsaloka/Desktop/ros2_ichiro_task/install/odd_num_pubsub/share/odd_num_pubsub/environment/ament_prefix_path.dsv
[9.595s] -- Up-to-date: /home/mbsaloka/Desktop/ros2_ichiro_task/install/odd_num_pubsub/share/odd_num_pubsub/environment/path.sh
[9.595s] -- Up-to-date: /home/mbsaloka/Desktop/ros2_ichiro_task/install/odd_num_pubsub/share/odd_num_pubsub/environment/path.dsv
[9.595s] -- Up-to-date: /home/mbsaloka/Desktop/ros2_ichiro_task/install/odd_num_pubsub/share/odd_num_pubsub/local_setup.bash
[9.595s] -- Up-to-date: /home/mbsaloka/Desktop/ros2_ichiro_task/install/odd_num_pubsub/share/odd_num_pubsub/local_setup.sh
[9.596s] -- Up-to-date: /home/mbsaloka/Desktop/ros2_ichiro_task/install/odd_num_pubsub/share/odd_num_pubsub/local_setup.zsh
[9.596s] -- Up-to-date: /home/mbsaloka/Desktop/ros2_ichiro_task/install/odd_num_pubsub/share/odd_num_pubsub/local_setup.dsv
[9.596s] -- Installing: /home/mbsaloka/Desktop/ros2_ichiro_task/install/odd_num_pubsub/share/odd_num_pubsub/package.dsv
[9.596s] -- Up-to-date: /home/mbsaloka/Desktop/ros2_ichiro_task/install/odd_num_pubsub/share/ament_index/resource_index/packages/odd_num_pubsub
[9.596s] -- Up-to-date: /home/mbsaloka/Desktop/ros2_ichiro_task/install/odd_num_pubsub/share/odd_num_pubsub/cmake/odd_num_pubsubConfig.cmake
[9.596s] -- Up-to-date: /home/mbsaloka/Desktop/ros2_ichiro_task/install/odd_num_pubsub/share/odd_num_pubsub/cmake/odd_num_pubsubConfig-version.cmake
[9.597s] -- Up-to-date: /home/mbsaloka/Desktop/ros2_ichiro_task/install/odd_num_pubsub/share/odd_num_pubsub/package.xml
[9.602s] Invoked command in '/home/mbsaloka/Desktop/ros2_ichiro_task/build/odd_num_pubsub' returned '0': CMAKE_PREFIX_PATH=${CMAKE_PREFIX_PATH}:/opt/ros/iron /usr/bin/cmake --install /home/mbsaloka/Desktop/ros2_ichiro_task/build/odd_num_pubsub
