[2.412s] DEBUG:colcon:Command line arguments: ['/usr/bin/colcon', 'build', '--packages-select', 'robot_localization']
[2.413s] DEBUG:colcon:Parsed command line arguments: Namespace(log_base=None, log_level=None, verb_name='build', build_base='build', install_base='install', merge_install=False, symlink_install=False, test_result_base=None, continue_on_error=False, executor='parallel', parallel_workers=16, event_handlers=None, ignore_user_meta=False, metas=['./colcon.meta'], base_paths=['.'], packages_ignore=None, packages_ignore_regex=None, paths=None, packages_up_to=None, packages_up_to_regex=None, packages_above=None, packages_above_and_dependencies=None, packages_above_depth=None, packages_select_by_dep=None, packages_skip_by_dep=None, packages_skip_up_to=None, packages_select_build_failed=False, packages_skip_build_finished=False, packages_select_test_failures=False, packages_skip_test_passed=False, packages_select=['robot_localization'], packages_skip=None, packages_select_regex=None, packages_skip_regex=None, packages_start=None, packages_end=None, allow_overriding=[], cmake_args=None, cmake_target=None, cmake_target_skip_unavailable=False, cmake_clean_cache=False, cmake_clean_first=False, cmake_force_configure=False, ament_cmake_args=None, catkin_cmake_args=None, catkin_skip_building_tests=False, verb_parser=<colcon_defaults.argument_parser.defaults.DefaultArgumentsDecorator object at 0x7f8644ab5c30>, verb_extension=<colcon_core.verb.build.BuildVerb object at 0x7f8644a29a20>, main=<bound method BuildVerb.main of <colcon_core.verb.build.BuildVerb object at 0x7f8644a29a20>>)
[2.504s] Level 1:colcon.colcon_core.package_discovery:discover_packages(colcon_meta) check parameters
[2.504s] Level 1:colcon.colcon_core.package_discovery:discover_packages(recursive) check parameters
[2.504s] Level 1:colcon.colcon_core.package_discovery:discover_packages(ignore) check parameters
[2.504s] Level 1:colcon.colcon_core.package_discovery:discover_packages(path) check parameters
[2.504s] Level 1:colcon.colcon_core.package_discovery:discover_packages(colcon_meta) discover
[2.504s] Level 1:colcon.colcon_core.package_discovery:discover_packages(recursive) discover
[2.504s] INFO:colcon.colcon_core.package_discovery:Crawling recursively for packages in '/home/mbsaloka/Desktop/ros2_ichiro_task'
[2.504s] Level 1:colcon.colcon_core.package_identification:_identify(.) by extensions ['ignore', 'ignore_ament_install']
[2.504s] Level 1:colcon.colcon_core.package_identification:_identify(.) by extension 'ignore'
[2.504s] Level 1:colcon.colcon_core.package_identification:_identify(.) by extension 'ignore_ament_install'
[2.504s] Level 1:colcon.colcon_core.package_identification:_identify(.) by extensions ['colcon_pkg']
[2.504s] Level 1:colcon.colcon_core.package_identification:_identify(.) by extension 'colcon_pkg'
[2.504s] Level 1:colcon.colcon_core.package_identification:_identify(.) by extensions ['colcon_meta']
[2.505s] Level 1:colcon.colcon_core.package_identification:_identify(.) by extension 'colcon_meta'
[2.505s] Level 1:colcon.colcon_core.package_identification:_identify(.) by extensions ['ros']
[2.505s] Level 1:colcon.colcon_core.package_identification:_identify(.) by extension 'ros'
[2.524s] Level 1:colcon.colcon_core.package_identification:_identify(.) by extensions ['cmake', 'python']
[2.524s] Level 1:colcon.colcon_core.package_identification:_identify(.) by extension 'cmake'
[2.524s] Level 1:colcon.colcon_core.package_identification:_identify(.) by extension 'python'
[2.524s] Level 1:colcon.colcon_core.package_identification:_identify(.) by extensions ['python_setup_py']
[2.524s] Level 1:colcon.colcon_core.package_identification:_identify(.) by extension 'python_setup_py'
[2.524s] Level 1:colcon.colcon_core.package_identification:_identify(build) by extensions ['ignore', 'ignore_ament_install']
[2.524s] Level 1:colcon.colcon_core.package_identification:_identify(build) by extension 'ignore'
[2.524s] Level 1:colcon.colcon_core.package_identification:_identify(build) ignored
[2.524s] Level 1:colcon.colcon_core.package_identification:_identify(install) by extensions ['ignore', 'ignore_ament_install']
[2.524s] Level 1:colcon.colcon_core.package_identification:_identify(install) by extension 'ignore'
[2.524s] Level 1:colcon.colcon_core.package_identification:_identify(install) ignored
[2.525s] Level 1:colcon.colcon_core.package_identification:_identify(launch) by extensions ['ignore', 'ignore_ament_install']
[2.525s] Level 1:colcon.colcon_core.package_identification:_identify(launch) by extension 'ignore'
[2.525s] Level 1:colcon.colcon_core.package_identification:_identify(launch) by extension 'ignore_ament_install'
[2.525s] Level 1:colcon.colcon_core.package_identification:_identify(launch) by extensions ['colcon_pkg']
[2.525s] Level 1:colcon.colcon_core.package_identification:_identify(launch) by extension 'colcon_pkg'
[2.525s] Level 1:colcon.colcon_core.package_identification:_identify(launch) by extensions ['colcon_meta']
[2.525s] Level 1:colcon.colcon_core.package_identification:_identify(launch) by extension 'colcon_meta'
[2.525s] Level 1:colcon.colcon_core.package_identification:_identify(launch) by extensions ['ros']
[2.525s] Level 1:colcon.colcon_core.package_identification:_identify(launch) by extension 'ros'
[2.525s] Level 1:colcon.colcon_core.package_identification:_identify(launch) by extensions ['cmake', 'python']
[2.525s] Level 1:colcon.colcon_core.package_identification:_identify(launch) by extension 'cmake'
[2.525s] Level 1:colcon.colcon_core.package_identification:_identify(launch) by extension 'python'
[2.525s] Level 1:colcon.colcon_core.package_identification:_identify(launch) by extensions ['python_setup_py']
[2.525s] Level 1:colcon.colcon_core.package_identification:_identify(launch) by extension 'python_setup_py'
[2.525s] Level 1:colcon.colcon_core.package_identification:_identify(launch/__pycache__) by extensions ['ignore', 'ignore_ament_install']
[2.525s] Level 1:colcon.colcon_core.package_identification:_identify(launch/__pycache__) by extension 'ignore'
[2.525s] Level 1:colcon.colcon_core.package_identification:_identify(launch/__pycache__) by extension 'ignore_ament_install'
[2.525s] Level 1:colcon.colcon_core.package_identification:_identify(launch/__pycache__) by extensions ['colcon_pkg']
[2.525s] Level 1:colcon.colcon_core.package_identification:_identify(launch/__pycache__) by extension 'colcon_pkg'
[2.526s] Level 1:colcon.colcon_core.package_identification:_identify(launch/__pycache__) by extensions ['colcon_meta']
[2.526s] Level 1:colcon.colcon_core.package_identification:_identify(launch/__pycache__) by extension 'colcon_meta'
[2.526s] Level 1:colcon.colcon_core.package_identification:_identify(launch/__pycache__) by extensions ['ros']
[2.526s] Level 1:colcon.colcon_core.package_identification:_identify(launch/__pycache__) by extension 'ros'
[2.526s] Level 1:colcon.colcon_core.package_identification:_identify(launch/__pycache__) by extensions ['cmake', 'python']
[2.526s] Level 1:colcon.colcon_core.package_identification:_identify(launch/__pycache__) by extension 'cmake'
[2.526s] Level 1:colcon.colcon_core.package_identification:_identify(launch/__pycache__) by extension 'python'
[2.526s] Level 1:colcon.colcon_core.package_identification:_identify(launch/__pycache__) by extensions ['python_setup_py']
[2.526s] Level 1:colcon.colcon_core.package_identification:_identify(launch/__pycache__) by extension 'python_setup_py'
[2.526s] Level 1:colcon.colcon_core.package_identification:_identify(log) by extensions ['ignore', 'ignore_ament_install']
[2.526s] Level 1:colcon.colcon_core.package_identification:_identify(log) by extension 'ignore'
[2.526s] Level 1:colcon.colcon_core.package_identification:_identify(log) ignored
[2.526s] Level 1:colcon.colcon_core.package_identification:_identify(src) by extensions ['ignore', 'ignore_ament_install']
[2.526s] Level 1:colcon.colcon_core.package_identification:_identify(src) by extension 'ignore'
[2.526s] Level 1:colcon.colcon_core.package_identification:_identify(src) by extension 'ignore_ament_install'
[2.526s] Level 1:colcon.colcon_core.package_identification:_identify(src) by extensions ['colcon_pkg']
[2.526s] Level 1:colcon.colcon_core.package_identification:_identify(src) by extension 'colcon_pkg'
[2.526s] Level 1:colcon.colcon_core.package_identification:_identify(src) by extensions ['colcon_meta']
[2.526s] Level 1:colcon.colcon_core.package_identification:_identify(src) by extension 'colcon_meta'
[2.527s] Level 1:colcon.colcon_core.package_identification:_identify(src) by extensions ['ros']
[2.527s] Level 1:colcon.colcon_core.package_identification:_identify(src) by extension 'ros'
[2.527s] Level 1:colcon.colcon_core.package_identification:_identify(src) by extensions ['cmake', 'python']
[2.527s] Level 1:colcon.colcon_core.package_identification:_identify(src) by extension 'cmake'
[2.527s] Level 1:colcon.colcon_core.package_identification:_identify(src) by extension 'python'
[2.527s] Level 1:colcon.colcon_core.package_identification:_identify(src) by extensions ['python_setup_py']
[2.527s] Level 1:colcon.colcon_core.package_identification:_identify(src) by extension 'python_setup_py'
[2.527s] Level 1:colcon.colcon_core.package_identification:_identify(src/my_interfaces) by extensions ['ignore', 'ignore_ament_install']
[2.527s] Level 1:colcon.colcon_core.package_identification:_identify(src/my_interfaces) by extension 'ignore'
[2.527s] Level 1:colcon.colcon_core.package_identification:_identify(src/my_interfaces) by extension 'ignore_ament_install'
[2.527s] Level 1:colcon.colcon_core.package_identification:_identify(src/my_interfaces) by extensions ['colcon_pkg']
[2.527s] Level 1:colcon.colcon_core.package_identification:_identify(src/my_interfaces) by extension 'colcon_pkg'
[2.527s] Level 1:colcon.colcon_core.package_identification:_identify(src/my_interfaces) by extensions ['colcon_meta']
[2.527s] Level 1:colcon.colcon_core.package_identification:_identify(src/my_interfaces) by extension 'colcon_meta'
[2.527s] Level 1:colcon.colcon_core.package_identification:_identify(src/my_interfaces) by extensions ['ros']
[2.527s] Level 1:colcon.colcon_core.package_identification:_identify(src/my_interfaces) by extension 'ros'
[2.532s] DEBUG:colcon.colcon_core.package_identification:Package 'src/my_interfaces' with type 'ros.ament_cmake' and name 'my_interfaces'
[2.532s] Level 1:colcon.colcon_core.package_identification:_identify(src/odd_num_pubsub) by extensions ['ignore', 'ignore_ament_install']
[2.532s] Level 1:colcon.colcon_core.package_identification:_identify(src/odd_num_pubsub) by extension 'ignore'
[2.532s] Level 1:colcon.colcon_core.package_identification:_identify(src/odd_num_pubsub) by extension 'ignore_ament_install'
[2.533s] Level 1:colcon.colcon_core.package_identification:_identify(src/odd_num_pubsub) by extensions ['colcon_pkg']
[2.533s] Level 1:colcon.colcon_core.package_identification:_identify(src/odd_num_pubsub) by extension 'colcon_pkg'
[2.533s] Level 1:colcon.colcon_core.package_identification:_identify(src/odd_num_pubsub) by extensions ['colcon_meta']
[2.533s] Level 1:colcon.colcon_core.package_identification:_identify(src/odd_num_pubsub) by extension 'colcon_meta'
[2.533s] Level 1:colcon.colcon_core.package_identification:_identify(src/odd_num_pubsub) by extensions ['ros']
[2.533s] Level 1:colcon.colcon_core.package_identification:_identify(src/odd_num_pubsub) by extension 'ros'
[2.534s] DEBUG:colcon.colcon_core.package_identification:Package 'src/odd_num_pubsub' with type 'ros.ament_cmake' and name 'odd_num_pubsub'
[2.534s] Level 1:colcon.colcon_core.package_identification:_identify(src/robot_localization) by extensions ['ignore', 'ignore_ament_install']
[2.534s] Level 1:colcon.colcon_core.package_identification:_identify(src/robot_localization) by extension 'ignore'
[2.535s] Level 1:colcon.colcon_core.package_identification:_identify(src/robot_localization) by extension 'ignore_ament_install'
[2.535s] Level 1:colcon.colcon_core.package_identification:_identify(src/robot_localization) by extensions ['colcon_pkg']
[2.535s] Level 1:colcon.colcon_core.package_identification:_identify(src/robot_localization) by extension 'colcon_pkg'
[2.535s] Level 1:colcon.colcon_core.package_identification:_identify(src/robot_localization) by extensions ['colcon_meta']
[2.535s] Level 1:colcon.colcon_core.package_identification:_identify(src/robot_localization) by extension 'colcon_meta'
[2.535s] Level 1:colcon.colcon_core.package_identification:_identify(src/robot_localization) by extensions ['ros']
[2.535s] Level 1:colcon.colcon_core.package_identification:_identify(src/robot_localization) by extension 'ros'
[2.536s] DEBUG:colcon.colcon_core.package_identification:Package 'src/robot_localization' with type 'ros.ament_cmake' and name 'robot_localization'
[2.536s] Level 1:colcon.colcon_core.package_identification:_identify(src/soccer_pubsub) by extensions ['ignore', 'ignore_ament_install']
[2.537s] Level 1:colcon.colcon_core.package_identification:_identify(src/soccer_pubsub) by extension 'ignore'
[2.537s] Level 1:colcon.colcon_core.package_identification:_identify(src/soccer_pubsub) by extension 'ignore_ament_install'
[2.537s] Level 1:colcon.colcon_core.package_identification:_identify(src/soccer_pubsub) by extensions ['colcon_pkg']
[2.537s] Level 1:colcon.colcon_core.package_identification:_identify(src/soccer_pubsub) by extension 'colcon_pkg'
[2.537s] Level 1:colcon.colcon_core.package_identification:_identify(src/soccer_pubsub) by extensions ['colcon_meta']
[2.537s] Level 1:colcon.colcon_core.package_identification:_identify(src/soccer_pubsub) by extension 'colcon_meta'
[2.537s] Level 1:colcon.colcon_core.package_identification:_identify(src/soccer_pubsub) by extensions ['ros']
[2.537s] Level 1:colcon.colcon_core.package_identification:_identify(src/soccer_pubsub) by extension 'ros'
[2.538s] DEBUG:colcon.colcon_core.package_identification:Package 'src/soccer_pubsub' with type 'ros.ament_cmake' and name 'soccer_pubsub'
[2.538s] Level 1:colcon.colcon_core.package_identification:_identify(src/sum_two_num_srvcli) by extensions ['ignore', 'ignore_ament_install']
[2.538s] Level 1:colcon.colcon_core.package_identification:_identify(src/sum_two_num_srvcli) by extension 'ignore'
[2.539s] Level 1:colcon.colcon_core.package_identification:_identify(src/sum_two_num_srvcli) by extension 'ignore_ament_install'
[2.539s] Level 1:colcon.colcon_core.package_identification:_identify(src/sum_two_num_srvcli) by extensions ['colcon_pkg']
[2.539s] Level 1:colcon.colcon_core.package_identification:_identify(src/sum_two_num_srvcli) by extension 'colcon_pkg'
[2.539s] Level 1:colcon.colcon_core.package_identification:_identify(src/sum_two_num_srvcli) by extensions ['colcon_meta']
[2.539s] Level 1:colcon.colcon_core.package_identification:_identify(src/sum_two_num_srvcli) by extension 'colcon_meta'
[2.539s] Level 1:colcon.colcon_core.package_identification:_identify(src/sum_two_num_srvcli) by extensions ['ros']
[2.539s] Level 1:colcon.colcon_core.package_identification:_identify(src/sum_two_num_srvcli) by extension 'ros'
[2.540s] DEBUG:colcon.colcon_core.package_identification:Package 'src/sum_two_num_srvcli' with type 'ros.ament_cmake' and name 'sum_two_num_srvcli'
[2.540s] Level 1:colcon.colcon_core.package_discovery:discover_packages(recursive) using defaults
[2.540s] Level 1:colcon.colcon_core.package_discovery:discover_packages(ignore) discover
[2.540s] Level 1:colcon.colcon_core.package_discovery:discover_packages(ignore) using defaults
[2.540s] Level 1:colcon.colcon_core.package_discovery:discover_packages(path) discover
[2.540s] Level 1:colcon.colcon_core.package_discovery:discover_packages(path) using defaults
[2.643s] INFO:colcon.colcon_core.package_selection:Skipping not selected package 'my_interfaces' in 'src/my_interfaces'
[2.643s] INFO:colcon.colcon_core.package_selection:Skipping not selected package 'odd_num_pubsub' in 'src/odd_num_pubsub'
[2.643s] INFO:colcon.colcon_core.package_selection:Skipping not selected package 'sum_two_num_srvcli' in 'src/sum_two_num_srvcli'
[2.643s] INFO:colcon.colcon_core.package_selection:Skipping not selected package 'soccer_pubsub' in 'src/soccer_pubsub'
[2.671s] Level 1:colcon.colcon_core.package_discovery:discover_packages(prefix_path) check parameters
[2.671s] Level 1:colcon.colcon_core.package_discovery:discover_packages(prefix_path) discover
[2.713s] DEBUG:colcon.colcon_installed_package_information.package_discovery:Found 315 installed packages in /opt/ros/iron
[2.716s] Level 1:colcon.colcon_core.package_discovery:discover_packages(prefix_path) using defaults
[3.042s] Level 5:colcon.colcon_core.verb:set package 'robot_localization' build argument 'cmake_args' from command line to 'None'
[3.042s] Level 5:colcon.colcon_core.verb:set package 'robot_localization' build argument 'cmake_target' from command line to 'None'
[3.043s] Level 5:colcon.colcon_core.verb:set package 'robot_localization' build argument 'cmake_target_skip_unavailable' from command line to 'False'
[3.043s] Level 5:colcon.colcon_core.verb:set package 'robot_localization' build argument 'cmake_clean_cache' from command line to 'False'
[3.043s] Level 5:colcon.colcon_core.verb:set package 'robot_localization' build argument 'cmake_clean_first' from command line to 'False'
[3.043s] Level 5:colcon.colcon_core.verb:set package 'robot_localization' build argument 'cmake_force_configure' from command line to 'False'
[3.043s] Level 5:colcon.colcon_core.verb:set package 'robot_localization' build argument 'ament_cmake_args' from command line to 'None'
[3.043s] Level 5:colcon.colcon_core.verb:set package 'robot_localization' build argument 'catkin_cmake_args' from command line to 'None'
[3.043s] Level 5:colcon.colcon_core.verb:set package 'robot_localization' build argument 'catkin_skip_building_tests' from command line to 'False'
[3.043s] DEBUG:colcon.colcon_core.verb:Building package 'robot_localization' with the following arguments: {'ament_cmake_args': None, 'build_base': '/home/mbsaloka/Desktop/ros2_ichiro_task/build/robot_localization', 'catkin_cmake_args': None, 'catkin_skip_building_tests': False, 'cmake_args': None, 'cmake_clean_cache': False, 'cmake_clean_first': False, 'cmake_force_configure': False, 'cmake_target': None, 'cmake_target_skip_unavailable': False, 'install_base': '/home/mbsaloka/Desktop/ros2_ichiro_task/install/robot_localization', 'merge_install': False, 'path': '/home/mbsaloka/Desktop/ros2_ichiro_task/src/robot_localization', 'symlink_install': False, 'test_result_base': None}
[3.078s] INFO:colcon.colcon_core.executor:Executing jobs using 'parallel' executor
[3.115s] DEBUG:colcon.colcon_parallel_executor.executor.parallel:run_until_complete
[3.116s] INFO:colcon.colcon_ros.task.ament_cmake.build:Building ROS package in '/home/mbsaloka/Desktop/ros2_ichiro_task/src/robot_localization' with build type 'ament_cmake'
[3.117s] INFO:colcon.colcon_cmake.task.cmake.build:Building CMake package in '/home/mbsaloka/Desktop/ros2_ichiro_task/src/robot_localization'
[3.159s] INFO:colcon.colcon_core.plugin_system:Skipping extension 'colcon_core.shell.bat': Not used on non-Windows systems
[3.160s] INFO:colcon.colcon_core.shell:Skip shell extension 'powershell' for command environment: Not usable outside of PowerShell
[3.160s] DEBUG:colcon.colcon_core.shell:Skip shell extension 'dsv' for command environment
[3.261s] DEBUG:colcon.colcon_core.event_handler.log_command:Invoking command in '/home/mbsaloka/Desktop/ros2_ichiro_task/build/robot_localization': AMENT_PREFIX_PATH=/home/mbsaloka/Desktop/ros2_ichiro_task/install/my_interfaces:${AMENT_PREFIX_PATH} CMAKE_PREFIX_PATH=/home/mbsaloka/Desktop/ros2_ichiro_task/install/my_interfaces:/opt/ros/iron LD_LIBRARY_PATH=/home/mbsaloka/Desktop/ros2_ichiro_task/install/my_interfaces/lib:${LD_LIBRARY_PATH} PYTHONPATH=/home/mbsaloka/Desktop/ros2_ichiro_task/install/my_interfaces/lib/python3.10/site-packages:${PYTHONPATH} /usr/bin/cmake --build /home/mbsaloka/Desktop/ros2_ichiro_task/build/robot_localization -- -j16 -l16
[20.697s] DEBUG:colcon.colcon_core.event_handler.log_command:Invoked command in '/home/mbsaloka/Desktop/ros2_ichiro_task/build/robot_localization' returned '2': AMENT_PREFIX_PATH=/home/mbsaloka/Desktop/ros2_ichiro_task/install/my_interfaces:${AMENT_PREFIX_PATH} CMAKE_PREFIX_PATH=/home/mbsaloka/Desktop/ros2_ichiro_task/install/my_interfaces:/opt/ros/iron LD_LIBRARY_PATH=/home/mbsaloka/Desktop/ros2_ichiro_task/install/my_interfaces/lib:${LD_LIBRARY_PATH} PYTHONPATH=/home/mbsaloka/Desktop/ros2_ichiro_task/install/my_interfaces/lib/python3.10/site-packages:${PYTHONPATH} /usr/bin/cmake --build /home/mbsaloka/Desktop/ros2_ichiro_task/build/robot_localization -- -j16 -l16
[20.766s] Level 1:colcon.colcon_core.environment:create_environment_scripts_only(robot_localization)
[20.789s] Level 1:colcon.colcon_core.environment:checking '/home/mbsaloka/Desktop/ros2_ichiro_task/install/robot_localization' for CMake module files
[20.790s] Level 1:colcon.colcon_core.environment:checking '/home/mbsaloka/Desktop/ros2_ichiro_task/install/robot_localization' for CMake config files
[20.790s] Level 1:colcon.colcon_core.shell:create_environment_hook('robot_localization', 'cmake_prefix_path')
[20.806s] INFO:colcon.colcon_core.shell:Creating environment hook '/home/mbsaloka/Desktop/ros2_ichiro_task/install/robot_localization/share/robot_localization/hook/cmake_prefix_path.ps1'
[20.807s] INFO:colcon.colcon_core.shell:Creating environment descriptor '/home/mbsaloka/Desktop/ros2_ichiro_task/install/robot_localization/share/robot_localization/hook/cmake_prefix_path.dsv'
[20.808s] INFO:colcon.colcon_core.shell:Creating environment hook '/home/mbsaloka/Desktop/ros2_ichiro_task/install/robot_localization/share/robot_localization/hook/cmake_prefix_path.sh'
[20.809s] Level 1:colcon.colcon_core.environment:checking '/home/mbsaloka/Desktop/ros2_ichiro_task/install/robot_localization/lib'
[20.809s] Level 1:colcon.colcon_core.shell:create_environment_hook('robot_localization', 'ld_library_path_lib')
[20.828s] INFO:colcon.colcon_core.shell:Creating environment hook '/home/mbsaloka/Desktop/ros2_ichiro_task/install/robot_localization/share/robot_localization/hook/ld_library_path_lib.ps1'
[20.829s] INFO:colcon.colcon_core.shell:Creating environment descriptor '/home/mbsaloka/Desktop/ros2_ichiro_task/install/robot_localization/share/robot_localization/hook/ld_library_path_lib.dsv'
[20.829s] INFO:colcon.colcon_core.shell:Creating environment hook '/home/mbsaloka/Desktop/ros2_ichiro_task/install/robot_localization/share/robot_localization/hook/ld_library_path_lib.sh'
[20.829s] Level 1:colcon.colcon_core.environment:checking '/home/mbsaloka/Desktop/ros2_ichiro_task/install/robot_localization/bin'
[20.830s] Level 1:colcon.colcon_core.environment:checking '/home/mbsaloka/Desktop/ros2_ichiro_task/install/robot_localization/lib/pkgconfig/robot_localization.pc'
[20.830s] Level 1:colcon.colcon_core.environment:checking '/home/mbsaloka/Desktop/ros2_ichiro_task/install/robot_localization/lib/python3.10/site-packages'
[20.830s] Level 1:colcon.colcon_core.environment:checking '/home/mbsaloka/Desktop/ros2_ichiro_task/install/robot_localization/bin'
[20.850s] INFO:colcon.colcon_core.shell:Creating package script '/home/mbsaloka/Desktop/ros2_ichiro_task/install/robot_localization/share/robot_localization/package.ps1'
[20.852s] INFO:colcon.colcon_core.shell:Creating package descriptor '/home/mbsaloka/Desktop/ros2_ichiro_task/install/robot_localization/share/robot_localization/package.dsv'
[20.853s] INFO:colcon.colcon_core.shell:Creating package script '/home/mbsaloka/Desktop/ros2_ichiro_task/install/robot_localization/share/robot_localization/package.sh'
[20.854s] INFO:colcon.colcon_core.shell:Creating package script '/home/mbsaloka/Desktop/ros2_ichiro_task/install/robot_localization/share/robot_localization/package.bash'
[20.855s] INFO:colcon.colcon_core.shell:Creating package script '/home/mbsaloka/Desktop/ros2_ichiro_task/install/robot_localization/share/robot_localization/package.zsh'
[20.857s] Level 1:colcon.colcon_core.environment:create_file_with_runtime_dependencies(/home/mbsaloka/Desktop/ros2_ichiro_task/install/robot_localization/share/colcon-core/packages/robot_localization)
[20.867s] DEBUG:colcon.colcon_parallel_executor.executor.parallel:closing loop
[20.868s] DEBUG:colcon.colcon_parallel_executor.executor.parallel:loop closed
[20.868s] DEBUG:colcon.colcon_parallel_executor.executor.parallel:run_until_complete finished with '2'
[20.868s] DEBUG:colcon.colcon_core.event_reactor:joining thread
[20.899s] INFO:colcon.colcon_core.plugin_system:Skipping extension 'colcon_notification.desktop_notification.terminal_notifier': Not used on non-Darwin systems
[20.899s] INFO:colcon.colcon_core.plugin_system:Skipping extension 'colcon_notification.desktop_notification.win32': Not used on non-Windows systems
[20.899s] INFO:colcon.colcon_notification.desktop_notification:Sending desktop notification using 'notify2'
[20.959s] DEBUG:colcon.colcon_core.event_reactor:joined thread
[20.985s] INFO:colcon.colcon_core.shell:Creating prefix script '/home/mbsaloka/Desktop/ros2_ichiro_task/install/local_setup.ps1'
[20.987s] INFO:colcon.colcon_core.shell:Creating prefix util module '/home/mbsaloka/Desktop/ros2_ichiro_task/install/_local_setup_util_ps1.py'
[20.989s] INFO:colcon.colcon_core.shell:Creating prefix chain script '/home/mbsaloka/Desktop/ros2_ichiro_task/install/setup.ps1'
[21.020s] INFO:colcon.colcon_core.shell:Creating prefix script '/home/mbsaloka/Desktop/ros2_ichiro_task/install/local_setup.sh'
[21.023s] INFO:colcon.colcon_core.shell:Creating prefix util module '/home/mbsaloka/Desktop/ros2_ichiro_task/install/_local_setup_util_sh.py'
[21.025s] INFO:colcon.colcon_core.shell:Creating prefix chain script '/home/mbsaloka/Desktop/ros2_ichiro_task/install/setup.sh'
[21.062s] INFO:colcon.colcon_core.shell:Creating prefix script '/home/mbsaloka/Desktop/ros2_ichiro_task/install/local_setup.bash'
[21.064s] INFO:colcon.colcon_core.shell:Creating prefix chain script '/home/mbsaloka/Desktop/ros2_ichiro_task/install/setup.bash'
[21.105s] INFO:colcon.colcon_core.shell:Creating prefix script '/home/mbsaloka/Desktop/ros2_ichiro_task/install/local_setup.zsh'
[21.107s] INFO:colcon.colcon_core.shell:Creating prefix chain script '/home/mbsaloka/Desktop/ros2_ichiro_task/install/setup.zsh'
