[0.105s] Invoking command in '/home/mbsaloka/Desktop/ros2_ichiro_task/build/my_package': CMAKE_PREFIX_PATH=/opt/ros/iron /usr/bin/cmake --build /home/mbsaloka/Desktop/ros2_ichiro_task/build/my_package -- -j16 -l16
[0.221s] [35m[1mConsolidate compiler generated dependencies of target my_package[0m
[0.252s] [100%] Built target my_package
[0.269s] Invoked command in '/home/mbsaloka/Desktop/ros2_ichiro_task/build/my_package' returned '0': CMAKE_PREFIX_PATH=/opt/ros/iron /usr/bin/cmake --build /home/mbsaloka/Desktop/ros2_ichiro_task/build/my_package -- -j16 -l16
[0.321s] Invoking command in '/home/mbsaloka/Desktop/ros2_ichiro_task/build/my_package': CMAKE_PREFIX_PATH=/opt/ros/iron /usr/bin/cmake --install /home/mbsaloka/Desktop/ros2_ichiro_task/build/my_package
[0.334s] -- Install configuration: ""
[0.334s] -- Installing: /home/mbsaloka/Desktop/ros2_ichiro_task/install/my_package/share/my_package/my_robot_driver.xml
[0.334s] -- Installing: /home/mbsaloka/Desktop/ros2_ichiro_task/install/my_package/lib/libmy_package.so
[0.342s] -- Set runtime path of "/home/mbsaloka/Desktop/ros2_ichiro_task/install/my_package/lib/libmy_package.so" to ""
[0.342s] -- Installing: /home/mbsaloka/Desktop/ros2_ichiro_task/install/my_package/share/my_package//launch
[0.342s] -- Installing: /home/mbsaloka/Desktop/ros2_ichiro_task/install/my_package/share/my_package//launch/robot_launch.py
[0.343s] -- Installing: /home/mbsaloka/Desktop/ros2_ichiro_task/install/my_package/share/my_package//resource
[0.343s] -- Installing: /home/mbsaloka/Desktop/ros2_ichiro_task/install/my_package/share/my_package//resource/my_robot.urdf
[0.343s] -- Installing: /home/mbsaloka/Desktop/ros2_ichiro_task/install/my_package/share/my_package//worlds
[0.343s] -- Installing: /home/mbsaloka/Desktop/ros2_ichiro_task/install/my_package/share/my_package//worlds/my_world.wbt
[0.344s] -- Installing: /home/mbsaloka/Desktop/ros2_ichiro_task/install/my_package/share/my_package/environment/library_path.sh
[0.344s] -- Installing: /home/mbsaloka/Desktop/ros2_ichiro_task/install/my_package/share/my_package/environment/library_path.dsv
[0.344s] -- Installing: /home/mbsaloka/Desktop/ros2_ichiro_task/install/my_package/share/ament_index/resource_index/package_run_dependencies/my_package
[0.345s] -- Installing: /home/mbsaloka/Desktop/ros2_ichiro_task/install/my_package/share/ament_index/resource_index/parent_prefix_path/my_package
[0.345s] -- Installing: /home/mbsaloka/Desktop/ros2_ichiro_task/install/my_package/share/my_package/environment/ament_prefix_path.sh
[0.345s] -- Installing: /home/mbsaloka/Desktop/ros2_ichiro_task/install/my_package/share/my_package/environment/ament_prefix_path.dsv
[0.345s] -- Installing: /home/mbsaloka/Desktop/ros2_ichiro_task/install/my_package/share/my_package/environment/path.sh
[0.346s] -- Installing: /home/mbsaloka/Desktop/ros2_ichiro_task/install/my_package/share/my_package/environment/path.dsv
[0.346s] -- Installing: /home/mbsaloka/Desktop/ros2_ichiro_task/install/my_package/share/my_package/local_setup.bash
[0.346s] -- Installing: /home/mbsaloka/Desktop/ros2_ichiro_task/install/my_package/share/my_package/local_setup.sh
[0.346s] -- Installing: /home/mbsaloka/Desktop/ros2_ichiro_task/install/my_package/share/my_package/local_setup.zsh
[0.346s] -- Installing: /home/mbsaloka/Desktop/ros2_ichiro_task/install/my_package/share/my_package/local_setup.dsv
[0.347s] -- Installing: /home/mbsaloka/Desktop/ros2_ichiro_task/install/my_package/share/my_package/package.dsv
[0.347s] -- Installing: /home/mbsaloka/Desktop/ros2_ichiro_task/install/my_package/share/ament_index/resource_index/packages/my_package
[0.347s] -- Installing: /home/mbsaloka/Desktop/ros2_ichiro_task/install/my_package/share/ament_index/resource_index/webots_ros2_driver__pluginlib__plugin/my_package
[0.347s] -- Installing: /home/mbsaloka/Desktop/ros2_ichiro_task/install/my_package/share/my_package/cmake/ament_cmake_export_include_directories-extras.cmake
[0.348s] -- Installing: /home/mbsaloka/Desktop/ros2_ichiro_task/install/my_package/share/my_package/cmake/ament_cmake_export_libraries-extras.cmake
[0.348s] -- Installing: /home/mbsaloka/Desktop/ros2_ichiro_task/install/my_package/share/my_package/cmake/my_packageConfig.cmake
[0.348s] -- Installing: /home/mbsaloka/Desktop/ros2_ichiro_task/install/my_package/share/my_package/cmake/my_packageConfig-version.cmake
[0.348s] -- Installing: /home/mbsaloka/Desktop/ros2_ichiro_task/install/my_package/share/my_package/package.xml
[0.351s] Invoked command in '/home/mbsaloka/Desktop/ros2_ichiro_task/build/my_package' returned '0': CMAKE_PREFIX_PATH=/opt/ros/iron /usr/bin/cmake --install /home/mbsaloka/Desktop/ros2_ichiro_task/build/my_package
