-- Found ament_cmake: 2.0.4 (/opt/ros/iron/share/ament_cmake/cmake)
-- Found rclcpp: 21.0.5 (/opt/ros/iron/share/rclcpp/cmake)
-- Found rosidl_generator_c: 4.0.1 (/opt/ros/iron/share/rosidl_generator_c/cmake)
-- Found rosidl_generator_cpp: 4.0.1 (/opt/ros/iron/share/rosidl_generator_cpp/cmake)
-- Using all available rosidl_typesupport_c: rosidl_typesupport_fastrtps_c;rosidl_typesupport_introspection_c
-- Using all available rosidl_typesupport_cpp: rosidl_typesupport_fastrtps_cpp;rosidl_typesupport_introspection_cpp
-- Found rmw_implementation_cmake: 7.1.0 (/opt/ros/iron/share/rmw_implementation_cmake/cmake)
-- Found rmw_fastrtps_cpp: 7.1.3 (/opt/ros/iron/share/rmw_fastrtps_cpp/cmake)
-- Using RMW implementation 'rmw_fastrtps_cpp' as default
-- Found ament_lint_auto: 0.14.3 (/opt/ros/iron/share/ament_lint_auto/cmake)
-- Added test 'cppcheck' to perform static code analysis on C / C++ code
-- Configured cppcheck include dirs: 
-- Configured cppcheck exclude dirs and/or files: 
-- Added test 'flake8' to check Python code syntax and style conventions
-- Configured 'flake8' exclude dirs and/or files: 
-- Added test 'lint_cmake' to check CMake code style
-- Added test 'pep257' to check Python code against some of the docstring style conventions in PEP 257
-- Added test 'uncrustify' to check C / C++ code style
-- Configured uncrustify additional arguments: 
-- Added test 'xmllint' to check XML markup files
-- Configuring done
-- Generating done
-- Build files have been written to: /home/mbsaloka/Desktop/ros2_ichiro_task/build/cpp_parameters
[35m[1mConsolidate compiler generated dependencies of target minimal_param_node[0m
[100%] Built target minimal_param_node
-- Install configuration: ""
-- Installing: /home/mbsaloka/Desktop/ros2_ichiro_task/install/cpp_parameters/share/cpp_parameters/launch
-- Installing: /home/mbsaloka/Desktop/ros2_ichiro_task/install/cpp_parameters/share/cpp_parameters/launch/cpp_parameters_launch.py
-- Up-to-date: /home/mbsaloka/Desktop/ros2_ichiro_task/install/cpp_parameters/lib/cpp_parameters/minimal_param_node
-- Up-to-date: /home/mbsaloka/Desktop/ros2_ichiro_task/install/cpp_parameters/share/ament_index/resource_index/package_run_dependencies/cpp_parameters
-- Installing: /home/mbsaloka/Desktop/ros2_ichiro_task/install/cpp_parameters/share/ament_index/resource_index/parent_prefix_path/cpp_parameters
-- Up-to-date: /home/mbsaloka/Desktop/ros2_ichiro_task/install/cpp_parameters/share/cpp_parameters/environment/ament_prefix_path.sh
-- Up-to-date: /home/mbsaloka/Desktop/ros2_ichiro_task/install/cpp_parameters/share/cpp_parameters/environment/ament_prefix_path.dsv
-- Up-to-date: /home/mbsaloka/Desktop/ros2_ichiro_task/install/cpp_parameters/share/cpp_parameters/environment/path.sh
-- Up-to-date: /home/mbsaloka/Desktop/ros2_ichiro_task/install/cpp_parameters/share/cpp_parameters/environment/path.dsv
-- Up-to-date: /home/mbsaloka/Desktop/ros2_ichiro_task/install/cpp_parameters/share/cpp_parameters/local_setup.bash
-- Up-to-date: /home/mbsaloka/Desktop/ros2_ichiro_task/install/cpp_parameters/share/cpp_parameters/local_setup.sh
-- Up-to-date: /home/mbsaloka/Desktop/ros2_ichiro_task/install/cpp_parameters/share/cpp_parameters/local_setup.zsh
-- Up-to-date: /home/mbsaloka/Desktop/ros2_ichiro_task/install/cpp_parameters/share/cpp_parameters/local_setup.dsv
-- Installing: /home/mbsaloka/Desktop/ros2_ichiro_task/install/cpp_parameters/share/cpp_parameters/package.dsv
-- Up-to-date: /home/mbsaloka/Desktop/ros2_ichiro_task/install/cpp_parameters/share/ament_index/resource_index/packages/cpp_parameters
-- Up-to-date: /home/mbsaloka/Desktop/ros2_ichiro_task/install/cpp_parameters/share/cpp_parameters/cmake/cpp_parametersConfig.cmake
-- Up-to-date: /home/mbsaloka/Desktop/ros2_ichiro_task/install/cpp_parameters/share/cpp_parameters/cmake/cpp_parametersConfig-version.cmake
-- Up-to-date: /home/mbsaloka/Desktop/ros2_ichiro_task/install/cpp_parameters/share/cpp_parameters/package.xml
